{"log":"[INFO] Scanning for projects...\n","stream":"stdout","time":"2023-03-13T05:23:38.722377495Z"}
{"log":"Downloading from central: https://repo.maven.apache.org/maven2/org/apache/maven/plugins/maven-deploy-plugin/3.0.0/maven-deploy-plugin-3.0.0.pom\n","stream":"stdout","time":"2023-03-13T05:23:39.188013558Z"}
{"log":"Progress (1): 1.4/8.5 kB\rProgress (1): 2.7/8.5 kB\rProgress (1): 4.1/8.5 kB\rProgress (1): 5.5/8.5 kB\rProgress (1): 6.9/8.5 kB\rProgress (1): 8.2/8.5 kB\rProgress (1): 8.5 kB    \r                    \rDownloaded from central: https://repo.maven.apache.org/maven2/org/apache/maven/plugins/maven-deploy-plugin/3.0.0/maven-deploy-plugin-3.0.0.pom (8.5 kB at 16 kB/s)\n","stream":"stdout","time":"2023-03-13T05:23:39.707946594Z"}
{"log":"Downloading from central: https://repo.maven.apache.org/maven2/org/apache/maven/plugins/maven-deploy-plugin/3.0.0/maven-deploy-plugin-3.0.0.jar\n","stream":"stdout","time":"2023-03-13T05:23:39.73290303Z"}
{"log":"Progress (1): 1.4/37 kB\rProgress (1): 2.7/37 kB\rProgress (1): 4.1/37 kB\rProgress (1): 5.5/37 kB\rProgress (1): 6.9/37 kB\rProgress (1): 8.2/37 kB\rProgress (1): 9.6/37 kB\rProgress (1): 11/37 kB \rProgress (1): 12/37 kB\rProgress (1): 14/37 kB\rProgress (1): 15/37 kB\rProgress (1): 16/37 kB\rProgress (1): 18/37 kB\rProgress (1): 19/37 kB\rProgress (1): 21/37 kB\rProgress (1): 22/37 kB\rProgress (1): 23/37 kB\rProgress (1): 25/37 kB\rProgress (1): 26/37 kB\rProgress (1): 27/37 kB\rProgress (1): 29/37 kB\rProgress (1): 30/37 kB\rProgress (1): 32/37 kB\rProgress (1): 33/37 kB\rProgress (1): 34/37 kB\rProgress (1): 36/37 kB\rProgress (1): 37/37 kB\rProgress (1): 37 kB   \r                   \rDownloaded from central: https://repo.maven.apache.org/maven2/org/apache/maven/plugins/maven-deploy-plugin/3.0.0/maven-deploy-plugin-3.0.0.jar (37 kB at 353 kB/s)\n","stream":"stdout","time":"2023-03-13T05:23:39.838185648Z"}
{"log":"Downloading from central: https://repo.maven.apache.org/maven2/org/apache/maven/plugins/maven-site-plugin/3.12.1/maven-site-plugin-3.12.1.pom\n","stream":"stdout","time":"2023-03-13T05:23:39.844083997Z"}
{"log":"Progress (1): 16/20 kB\rProgress (1): 20 kB   \r                   \rDownloaded from central: https://repo.maven.apache.org/maven2/org/apache/maven/plugins/maven-site-plugin/3.12.1/maven-site-plugin-3.12.1.pom (20 kB at 265 kB/s)\n","stream":"stdout","time":"2023-03-13T05:23:39.919028176Z"}
{"log":"Downloading from central: https://repo.maven.apache.org/maven2/org/apache/maven/plugins/maven-site-plugin/3.12.1/maven-site-plugin-3.12.1.jar\n","stream":"stdout","time":"2023-03-13T05:23:39.932050381Z"}
{"log":"Progress (1): 16/119 kB\rProgress (1): 32/119 kB\rProgress (1): 49/119 kB\rProgress (1): 65/119 kB\rProgress (1): 81/119 kB\rProgress (1): 98/119 kB\rProgress (1): 114/119 kB\rProgress (1): 119 kB    \r                    \rDownloaded from central: https://repo.maven.apache.org/maven2/org/apache/maven/plugins/maven-site-plugin/3.12.1/maven-site-plugin-3.12.1.jar (119 kB at 849 kB/s)\n","stream":"stdout","time":"2023-03-13T05:23:40.07126704Z"}
{"log":"Downloading from central: https://repo.maven.apache.org/maven2/org/apache/maven/plugins/maven-antrun-plugin/1.3/maven-antrun-plugin-1.3.pom\n","stream":"stdout","time":"2023-03-13T05:23:40.081094264Z"}
{"log":"Progress (1): 4.7 kB\r                    \rDownloaded from central: https://repo.maven.apache.org/maven2/org/apache/maven/plugins/maven-antrun-plugin/1.3/maven-antrun-plugin-1.3.pom (4.7 kB at 69 kB/s)\n","stream":"stdout","time":"2023-03-13T05:23:40.149419137Z"}
{"log":"Downloading from central: https://repo.maven.apache.org/maven2/org/apache/maven/plugins/maven-plugins/12/maven-plugins-12.pom\n","stream":"stdout","time":"2023-03-13T05:23:40.153168215Z"}
{"log":"Progress (1): 12 kB\r                   \rDownloaded from central: https://repo.maven.apache.org/maven2/org/apache/maven/plugins/maven-plugins/12/maven-plugins-12.pom (12 kB at 175 kB/s)\n","stream":"stdout","time":"2023-03-13T05:23:40.219991842Z"}
{"log":"Downloading from central: https://repo.maven.apache.org/maven2/org/apache/maven/maven-parent/9/maven-parent-9.pom\n","stream":"stdout","time":"2023-03-13T05:23:40.223172976Z"}
{"log":"Progress (1): 16/33 kB\rProgress (1): 32/33 kB\rProgress (1): 33 kB   \r                   \rDownloaded from central: https://repo.maven.apache.org/maven2/org/apache/maven/maven-parent/9/maven-parent-9.pom (33 kB at 476 kB/s)\n","stream":"stdout","time":"2023-03-13T05:23:40.291435524Z"}
{"log":"Downloading from central: https://repo.maven.apache.org/maven2/org/apache/maven/plugins/maven-antrun-plugin/1.3/maven-antrun-plugin-1.3.jar\n","stream":"stdout","time":"2023-03-13T05:23:40.298056387Z"}
{"log":"Progress (1): 16/24 kB\rProgress (1): 24 kB   \r                   \rDownloaded from central: https://repo.maven.apache.org/maven2/org/apache/maven/plugins/maven-antrun-plugin/1.3/maven-antrun-plugin-1.3.jar (24 kB at 347 kB/s)\n","stream":"stdout","time":"2023-03-13T05:23:40.370991984Z"}
{"log":"Downloading from central: https://repo.maven.apache.org/maven2/org/apache/maven/plugins/maven-assembly-plugin/2.2-beta-5/maven-assembly-plugin-2.2-beta-5.pom\n","stream":"stdout","time":"2023-03-13T05:23:40.371018026Z"}
{"log":"Progress (1): 15 kB\r                   \rDownloaded from central: https://repo.maven.apache.org/maven2/org/apache/maven/plugins/maven-assembly-plugin/2.2-beta-5/maven-assembly-plugin-2.2-beta-5.pom (15 kB at 230 kB/s)\n","stream":"stdout","time":"2023-03-13T05:23:40.435259453Z"}
{"log":"Downloading from central: https://repo.maven.apache.org/maven2/org/apache/maven/plugins/maven-plugins/16/maven-plugins-16.pom\n","stream":"stdout","time":"2023-03-13T05:23:40.439573103Z"}
{"log":"Progress (1): 13 kB\r                   \rDownloaded from central: https://repo.maven.apache.org/maven2/org/apache/maven/plugins/maven-plugins/16/maven-plugins-16.pom (13 kB at 196 kB/s)\n","stream":"stdout","time":"2023-03-13T05:23:40.505115278Z"}
{"log":"Downloading from central: https://repo.maven.apache.org/maven2/org/apache/maven/plugins/maven-assembly-plugin/2.2-beta-5/maven-assembly-plugin-2.2-beta-5.jar\n","stream":"stdout","time":"2023-03-13T05:23:40.513783053Z"}
{"log":"Progress (1): 16/209 kB\rProgress (1): 32/209 kB\rProgress (1): 49/209 kB\rProgress (1): 65/209 kB\rProgress (1): 81/209 kB\rProgress (1): 98/209 kB\rProgress (1): 114/209 kB\rProgress (1): 131/209 kB\rProgress (1): 147/209 kB\rProgress (1): 163/209 kB\rProgress (1): 180/209 kB\rProgress (1): 196/209 kB\rProgress (1): 209 kB    \r                    \rDownloaded from central: https://repo.maven.apache.org/maven2/org/apache/maven/plugins/maven-assembly-plugin/2.2-beta-5/maven-assembly-plugin-2.2-beta-5.jar (209 kB at 1.6 MB/s)\n","stream":"stdout","time":"2023-03-13T05:23:40.641796263Z"}
{"log":"Downloading from central: https://repo.maven.apache.org/maven2/org/apache/maven/plugins/maven-dependency-plugin/2.8/maven-dependency-plugin-2.8.pom\n","stream":"stdout","time":"2023-03-13T05:23:40.649560905Z"}
{"log":"Progress (1): 11 kB\r                   \rDownloaded from central: https://repo.maven.apache.org/maven2/org/apache/maven/plugins/maven-dependency-plugin/2.8/maven-dependency-plugin-2.8.pom (11 kB at 176 kB/s)\n","stream":"stdout","time":"2023-03-13T05:23:40.714473235Z"}
{"log":"Downloading from central: https://repo.maven.apache.org/maven2/org/apache/maven/plugins/maven-dependency-plugin/2.8/maven-dependency-plugin-2.8.jar\n","stream":"stdout","time":"2023-03-13T05:23:40.724158607Z"}
{"log":"Progress (1): 16/153 kB\rProgress (1): 32/153 kB\rProgress (1): 49/153 kB\rProgress (1): 65/153 kB\rProgress (1): 81/153 kB\rProgress (1): 98/153 kB\rProgress (1): 114/153 kB\rProgress (1): 131/153 kB\rProgress (1): 147/153 kB\rProgress (1): 153 kB    \r                    \rDownloaded from central: https://repo.maven.apache.org/maven2/org/apache/maven/plugins/maven-dependency-plugin/2.8/maven-dependency-plugin-2.8.jar (153 kB at 2.0 MB/s)\n","stream":"stdout","time":"2023-03-13T05:23:40.799555246Z"}
{"log":"Downloading from central: https://repo.maven.apache.org/maven2/org/apache/maven/plugins/maven-release-plugin/2.5.3/maven-release-plugin-2.5.3.pom\n","stream":"stdout","time":"2023-03-13T05:23:40.812548361Z"}
{"log":"Progress (1): 11 kB\r                   \rDownloaded from central: https://repo.maven.apache.org/maven2/org/apache/maven/plugins/maven-release-plugin/2.5.3/maven-release-plugin-2.5.3.pom (11 kB at 168 kB/s)\n","stream":"stdout","time":"2023-03-13T05:23:40.878736063Z"}
{"log":"Downloading from central: https://repo.maven.apache.org/maven2/org/apache/maven/release/maven-release/2.5.3/maven-release-2.5.3.pom\n","stream":"stdout","time":"2023-03-13T05:23:40.882023612Z"}
{"log":"Progress (1): 5.0 kB\r                    \rDownloaded from central: https://repo.maven.apache.org/maven2/org/apache/maven/release/maven-release/2.5.3/maven-release-2.5.3.pom (5.0 kB at 77 kB/s)\n","stream":"stdout","time":"2023-03-13T05:23:40.9461198Z"}
{"log":"Downloading from central: https://repo.maven.apache.org/maven2/org/apache/maven/maven-parent/27/maven-parent-27.pom\n","stream":"stdout","time":"2023-03-13T05:23:40.951327936Z"}
{"log":"Progress (1): 16/41 kB\rProgress (1): 33/41 kB\rProgress (1): 41 kB   \r                   \rDownloaded from central: https://repo.maven.apache.org/maven2/org/apache/maven/maven-parent/27/maven-parent-27.pom (41 kB at 626 kB/s)\n","stream":"stdout","time":"2023-03-13T05:23:41.017083241Z"}
{"log":"Downloading from central: https://repo.maven.apache.org/maven2/org/apache/maven/plugins/maven-release-plugin/2.5.3/maven-release-plugin-2.5.3.jar\n","stream":"stdout","time":"2023-03-13T05:23:41.024963694Z"}
{"log":"Progress (1): 16/53 kB\rProgress (1): 33/53 kB\rProgress (1): 49/53 kB\rProgress (1): 53 kB   \r                   \rDownloaded from central: https://repo.maven.apache.org/maven2/org/apache/maven/plugins/maven-release-plugin/2.5.3/maven-release-plugin-2.5.3.jar (53 kB at 768 kB/s)\n","stream":"stdout","time":"2023-03-13T05:23:41.09319247Z"}
{"log":"Downloading from central: https://repo.maven.apache.org/maven2/org/apache/maven/plugins/maven-metadata.xml\n","stream":"stdout","time":"2023-03-13T05:23:41.106126416Z"}
{"log":"Downloading from central: https://repo.maven.apache.org/maven2/org/codehaus/mojo/maven-metadata.xml\n","stream":"stdout","time":"2023-03-13T05:23:41.106173781Z"}
{"log":"Progress (1): 14 kB\r                   \rDownloaded from central: https://repo.maven.apache.org/maven2/org/apache/maven/plugins/maven-metadata.xml (14 kB at 219 kB/s)\n","stream":"stdout","time":"2023-03-13T05:23:41.170387741Z"}
{"log":"Progress (1): 1.4/21 kB\rProgress (1): 2.7/21 kB\rProgress (1): 4.1/21 kB\rProgress (1): 5.5/21 kB\rProgress (1): 6.9/21 kB\rProgress (1): 8.2/21 kB\rProgress (1): 9.6/21 kB\rProgress (1): 11/21 kB \rProgress (1): 12/21 kB\rProgress (1): 14/21 kB\rProgress (1): 15/21 kB\rProgress (1): 16/21 kB\rProgress (1): 18/21 kB\rProgress (1): 19/21 kB\rProgress (1): 21/21 kB\rProgress (1): 21 kB   \r                   \rDownloaded from central: https://repo.maven.apache.org/maven2/org/codehaus/mojo/maven-metadata.xml (21 kB at 104 kB/s)\n","stream":"stdout","time":"2023-03-13T05:23:41.304871466Z"}
{"log":"Downloading from central: https://repo.maven.apache.org/maven2/org/codehaus/mojo/exec-maven-plugin/maven-metadata.xml\n","stream":"stdout","time":"2023-03-13T05:23:41.313461403Z"}
{"log":"Progress (1): 803 B\r                   \rDownloaded from central: https://repo.maven.apache.org/maven2/org/codehaus/mojo/exec-maven-plugin/maven-metadata.xml (803 B at 13 kB/s)\n","stream":"stdout","time":"2023-03-13T05:23:41.376279199Z"}
{"log":"Downloading from central: https://repo.maven.apache.org/maven2/org/codehaus/mojo/exec-maven-plugin/3.1.0/exec-maven-plugin-3.1.0.pom\n","stream":"stdout","time":"2023-03-13T05:23:41.380313017Z"}
{"log":"Progress (1): 1.4/14 kB\rProgress (1): 2.7/14 kB\rProgress (1): 4.1/14 kB\rProgress (1): 5.5/14 kB\rProgress (1): 6.9/14 kB\rProgress (1): 8.2/14 kB\rProgress (1): 9.6/14 kB\rProgress (1): 11/14 kB \rProgress (1): 12/14 kB\rProgress (1): 14 kB   \r                   \rDownloaded from central: https://repo.maven.apache.org/maven2/org/codehaus/mojo/exec-maven-plugin/3.1.0/exec-maven-plugin-3.1.0.pom (14 kB at 192 kB/s)\n","stream":"stdout","time":"2023-03-13T05:23:41.450951102Z"}
{"log":"Downloading from central: https://repo.maven.apache.org/maven2/org/codehaus/mojo/mojo-parent/69/mojo-parent-69.pom\n","stream":"stdout","time":"2023-03-13T05:23:41.455363083Z"}
{"log":"Progress (1): 16/35 kB\rProgress (1): 33/35 kB\rProgress (1): 35 kB   \r                   \rDownloaded from central: https://repo.maven.apache.org/maven2/org/codehaus/mojo/mojo-parent/69/mojo-parent-69.pom (35 kB at 428 kB/s)\n","stream":"stdout","time":"2023-03-13T05:23:41.536824476Z"}
{"log":"Downloading from central: https://repo.maven.apache.org/maven2/org/codehaus/mojo/exec-maven-plugin/3.1.0/exec-maven-plugin-3.1.0.jar\n","stream":"stdout","time":"2023-03-13T05:23:41.547003613Z"}
{"log":"Progress (1): 16/73 kB\rProgress (1): 33/73 kB\rProgress (1): 49/73 kB\rProgress (1): 66/73 kB\rProgress (1): 73 kB   \r                   \rDownloaded from central: https://repo.maven.apache.org/maven2/org/codehaus/mojo/exec-maven-plugin/3.1.0/exec-maven-plugin-3.1.0.jar (73 kB at 817 kB/s)\n","stream":"stdout","time":"2023-03-13T05:23:41.636068939Z"}
{"log":"[INFO] \n","stream":"stdout","time":"2023-03-13T05:23:41.650874643Z"}
{"log":"[INFO] ----------------------\u003c org.manager:Coordinator \u003e-----------------------\n","stream":"stdout","time":"2023-03-13T05:23:41.650972518Z"}
{"log":"[INFO] Building Coordinator 1.0-SNAPSHOT\n","stream":"stdout","time":"2023-03-13T05:23:41.651027003Z"}
{"log":"[INFO]   from pom.xml\n","stream":"stdout","time":"2023-03-13T05:23:41.651147468Z"}
{"log":"[INFO] --------------------------------[ jar ]---------------------------------\n","stream":"stdout","time":"2023-03-13T05:23:41.651175743Z"}
{"log":"[INFO] \n","stream":"stdout","time":"2023-03-13T05:23:42.56712413Z"}
{"log":"[INFO] --- exec:3.1.0:java (default-cli) @ Coordinator ---\n","stream":"stdout","time":"2023-03-13T05:23:42.567319171Z"}
{"log":"Downloading from central: https://repo.maven.apache.org/maven2/org/apache/commons/commons-exec/1.3/commons-exec-1.3.pom\n","stream":"stdout","time":"2023-03-13T05:23:42.585406036Z"}
{"log":"Progress (1): 11 kB\r                   \rDownloaded from central: https://repo.maven.apache.org/maven2/org/apache/commons/commons-exec/1.3/commons-exec-1.3.pom (11 kB at 167 kB/s)\n","stream":"stdout","time":"2023-03-13T05:23:42.651183077Z"}
{"log":"Downloading from central: https://repo.maven.apache.org/maven2/org/apache/commons/commons-parent/35/commons-parent-35.pom\n","stream":"stdout","time":"2023-03-13T05:23:42.654807613Z"}
{"log":"Progress (1): 16/58 kB\rProgress (1): 33/58 kB\rProgress (1): 49/58 kB\rProgress (1): 58 kB   \r                   \rDownloaded from central: https://repo.maven.apache.org/maven2/org/apache/commons/commons-parent/35/commons-parent-35.pom (58 kB at 791 kB/s)\n","stream":"stdout","time":"2023-03-13T05:23:42.727360207Z"}
{"log":"Downloading from central: https://repo.maven.apache.org/maven2/org/codehaus/plexus/plexus-component-annotations/2.1.1/plexus-component-annotations-2.1.1.jar\n","stream":"stdout","time":"2023-03-13T05:23:42.735709794Z"}
{"log":"Downloading from central: https://repo.maven.apache.org/maven2/org/apache/commons/commons-exec/1.3/commons-exec-1.3.jar\n","stream":"stdout","time":"2023-03-13T05:23:42.736026763Z"}
{"log":"Progress (1): 4.1 kB\rProgress (2): 4.1 kB | 16/54 kB\r                               \rDownloaded from central: https://repo.maven.apache.org/maven2/org/codehaus/plexus/plexus-component-annotations/2.1.1/plexus-component-annotations-2.1.1.jar (4.1 kB at 62 kB/s)\n","stream":"stdout","time":"2023-03-13T05:23:42.800439547Z"}
{"log":"Progress (1): 33/54 kB\rProgress (1): 49/54 kB\rProgress (1): 54 kB   \r                   \rDownloaded from central: https://repo.maven.apache.org/maven2/org/apache/commons/commons-exec/1.3/commons-exec-1.3.jar (54 kB at 756 kB/s)\n","stream":"stdout","time":"2023-03-13T05:23:42.807928816Z"}
{"log":"----------------------------\n","stream":"stdout","time":"2023-03-13T05:23:43.004336097Z"}
{"log":"ArcaDB is open for Business!\n","stream":"stdout","time":"2023-03-13T05:23:43.004501334Z"}
{"log":"----------------------------\n","stream":"stdout","time":"2023-03-13T05:23:43.004669917Z"}
{"log":"log4j:WARN No appenders could be found for logger (spark.route.Routes).\n","stream":"stderr","time":"2023-03-13T05:23:43.009787797Z"}
{"log":"log4j:WARN Please initialize the log4j system properly.\n","stream":"stderr","time":"2023-03-13T05:23:43.009961081Z"}
{"log":"log4j:WARN See http://logging.apache.org/log4j/1.2/faq.html#noconfig for more info.\n","stream":"stderr","time":"2023-03-13T05:23:43.010104782Z"}
{"log":"Opened database successfully\n","stream":"stdout","time":"2023-03-13T05:24:13.630992153Z"}
{"log":"\n","stream":"stdout","time":"2023-03-13T05:24:13.641394041Z"}
{"log":"  {\n","stream":"stdout","time":"2023-03-13T05:24:13.641417516Z"}
{"log":"    \"Plan\": {\n","stream":"stdout","time":"2023-03-13T05:24:13.641422925Z"}
{"log":"      \"Node Type\": \"Hash Join\",\n","stream":"stdout","time":"2023-03-13T05:24:13.641427498Z"}
{"log":"      \"Parallel Aware\": false,\n","stream":"stdout","time":"2023-03-13T05:24:13.641432155Z"}
{"log":"      \"Async Capable\": false,\n","stream":"stdout","time":"2023-03-13T05:24:13.641436789Z"}
{"log":"      \"Join Type\": \"Inner\",\n","stream":"stdout","time":"2023-03-13T05:24:13.641441238Z"}
{"log":"      \"Inner Unique\": true,\n","stream":"stdout","time":"2023-03-13T05:24:13.641445753Z"}
{"log":"      \"Hash Cond\": \"(b.\\\"00\\\" = a.id)\",\n","stream":"stdout","time":"2023-03-13T05:24:13.641450139Z"}
{"log":"      \"Plans\": [\n","stream":"stdout","time":"2023-03-13T05:24:13.6414547Z"}
{"log":"        {\n","stream":"stdout","time":"2023-03-13T05:24:13.641459057Z"}
{"log":"          \"Node Type\": \"Seq Scan\",\n","stream":"stdout","time":"2023-03-13T05:24:13.64146317Z"}
{"log":"          \"Parent Relationship\": \"Outer\",\n","stream":"stdout","time":"2023-03-13T05:24:13.641467895Z"}
{"log":"          \"Parallel Aware\": false,\n","stream":"stdout","time":"2023-03-13T05:24:13.64148175Z"}
{"log":"          \"Async Capable\": false,\n","stream":"stdout","time":"2023-03-13T05:24:13.641486599Z"}
{"log":"          \"Relation Name\": \"customer\",\n","stream":"stdout","time":"2023-03-13T05:24:13.641490986Z"}
{"log":"          \"Alias\": \"b\",\n","stream":"stdout","time":"2023-03-13T05:24:13.641495367Z"}
{"log":"          \"Filter\": \"(\\\"03\\\" \u003e 20)\"\n","stream":"stdout","time":"2023-03-13T05:24:13.641499692Z"}
{"log":"        },\n","stream":"stdout","time":"2023-03-13T05:24:13.641504581Z"}
{"log":"        {\n","stream":"stdout","time":"2023-03-13T05:24:13.641508751Z"}
{"log":"          \"Node Type\": \"Hash\",\n","stream":"stdout","time":"2023-03-13T05:24:13.641513097Z"}
{"log":"          \"Parent Relationship\": \"Inner\",\n","stream":"stdout","time":"2023-03-13T05:24:13.641517831Z"}
{"log":"          \"Parallel Aware\": false,\n","stream":"stdout","time":"2023-03-13T05:24:13.641522633Z"}
{"log":"          \"Async Capable\": false,\n","stream":"stdout","time":"2023-03-13T05:24:13.641527127Z"}
{"log":"          \"Plans\": [\n","stream":"stdout","time":"2023-03-13T05:24:13.641531534Z"}
{"log":"            {\n","stream":"stdout","time":"2023-03-13T05:24:13.641535801Z"}
{"log":"              \"Node Type\": \"Seq Scan\",\n","stream":"stdout","time":"2023-03-13T05:24:13.641540076Z"}
{"log":"              \"Parent Relationship\": \"Outer\",\n","stream":"stdout","time":"2023-03-13T05:24:13.641544602Z"}
{"log":"              \"Parallel Aware\": false,\n","stream":"stdout","time":"2023-03-13T05:24:13.641549177Z"}
{"log":"              \"Async Capable\": false,\n","stream":"stdout","time":"2023-03-13T05:24:13.64155396Z"}
{"log":"              \"Relation Name\": \"image\",\n","stream":"stdout","time":"2023-03-13T05:24:13.641558608Z"}
{"log":"              \"Alias\": \"a\",\n","stream":"stdout","time":"2023-03-13T05:24:13.641565695Z"}
{"log":"              \"Filter\": \"(gender = 0)\"\n","stream":"stdout","time":"2023-03-13T05:24:13.641570252Z"}
{"log":"            }\n","stream":"stdout","time":"2023-03-13T05:24:13.641574394Z"}
{"log":"          ]\n","stream":"stdout","time":"2023-03-13T05:24:13.6415788Z"}
{"log":"        }\n","stream":"stdout","time":"2023-03-13T05:24:13.641606821Z"}
{"log":"      ]\n","stream":"stdout","time":"2023-03-13T05:24:13.641611312Z"}
{"log":"    }\n","stream":"stdout","time":"2023-03-13T05:24:13.641615389Z"}
{"log":"  }\n","stream":"stdout","time":"2023-03-13T05:24:13.641619289Z"}
{"log":"\n","stream":"stdout","time":"2023-03-13T05:24:13.641623048Z"}
{"log":"test 1\n","stream":"stdout","time":"2023-03-13T05:24:13.643097303Z"}
{"log":"test 2\n","stream":"stdout","time":"2023-03-13T05:24:14.866305735Z"}
{"log":"10.0.38.39\n","stream":"stdout","time":"2023-03-13T05:24:38.343920954Z"}
{"log":"Successful: {\"filter\":\"(\\\"03\\\"\u003e20)\",\"joinColumn\":\"\\\"00\\\"\",\"planType\":\"joinPartition\",\"buckets\":60,\"files\":[\"customer21.orc\"],\"relation\":\"customer\"}\n","stream":"stdout","time":"2023-03-13T05:24:38.343955957Z"}
{"log":"10.0.38.34\n","stream":"stdout","time":"2023-03-13T05:24:38.496543116Z"}
{"log":"Successful: {\"filter\":\"(\\\"03\\\"\u003e20)\",\"joinColumn\":\"\\\"00\\\"\",\"planType\":\"joinPartition\",\"buckets\":60,\"files\":[\"customer20.orc\"],\"relation\":\"customer\"}\n","stream":"stdout","time":"2023-03-13T05:24:38.496574616Z"}
{"log":"10.0.38.31\n","stream":"stdout","time":"2023-03-13T05:24:41.571794726Z"}
{"log":"Successful: {\"filter\":\"(\\\"03\\\"\u003e20)\",\"joinColumn\":\"\\\"00\\\"\",\"planType\":\"joinPartition\",\"buckets\":60,\"files\":[\"customer22.orc\"],\"relation\":\"customer\"}\n","stream":"stdout","time":"2023-03-13T05:24:41.571828328Z"}
{"log":"10.0.38.16\n","stream":"stdout","time":"2023-03-13T05:24:42.058173053Z"}
{"log":"Successful: {\"filter\":\"(\\\"03\\\"\u003e20)\",\"joinColumn\":\"\\\"00\\\"\",\"planType\":\"joinPartition\",\"buckets\":60,\"files\":[\"customer19.orc\"],\"relation\":\"customer\"}\n","stream":"stdout","time":"2023-03-13T05:24:42.058203055Z"}
{"log":"10.0.38.25\n","stream":"stdout","time":"2023-03-13T05:24:43.01628209Z"}
{"log":"Successful: {\"filter\":\"(\\\"03\\\"\u003e20)\",\"joinColumn\":\"\\\"00\\\"\",\"planType\":\"joinPartition\",\"buckets\":60,\"files\":[\"customer2.orc\"],\"relation\":\"customer\"}\n","stream":"stdout","time":"2023-03-13T05:24:43.016314637Z"}
{"log":"10.0.38.19\n","stream":"stdout","time":"2023-03-13T05:24:43.212955033Z"}
{"log":"Successful: {\"filter\":\"(\\\"03\\\"\u003e20)\",\"joinColumn\":\"\\\"00\\\"\",\"planType\":\"joinPartition\",\"buckets\":60,\"files\":[\"customer6.orc\"],\"relation\":\"customer\"}\n","stream":"stdout","time":"2023-03-13T05:24:43.212981262Z"}
{"log":"10.0.38.14\n","stream":"stdout","time":"2023-03-13T05:24:43.251787574Z"}
{"log":"Successful: {\"filter\":\"(\\\"03\\\"\u003e20)\",\"joinColumn\":\"\\\"00\\\"\",\"planType\":\"joinPartition\",\"buckets\":60,\"files\":[\"customer23.orc\"],\"relation\":\"customer\"}\n","stream":"stdout","time":"2023-03-13T05:24:43.251817786Z"}
{"log":"10.0.38.35\n","stream":"stdout","time":"2023-03-13T05:24:43.311024521Z"}
{"log":"Successful: {\"filter\":\"(\\\"03\\\"\u003e20)\",\"joinColumn\":\"\\\"00\\\"\",\"planType\":\"joinPartition\",\"buckets\":60,\"files\":[\"customer0.orc\"],\"relation\":\"customer\"}\n","stream":"stdout","time":"2023-03-13T05:24:43.311048638Z"}
{"log":"10.0.38.22\n","stream":"stdout","time":"2023-03-13T05:24:43.417465538Z"}
{"log":"Successful: {\"filter\":\"(\\\"03\\\"\u003e20)\",\"joinColumn\":\"\\\"00\\\"\",\"planType\":\"joinPartition\",\"buckets\":60,\"files\":[\"customer9.orc\"],\"relation\":\"customer\"}\n","stream":"stdout","time":"2023-03-13T05:24:43.417496622Z"}
{"log":"10.0.38.12\n","stream":"stdout","time":"2023-03-13T05:24:43.667091267Z"}
{"log":"Successful: {\"filter\":\"(\\\"03\\\"\u003e20)\",\"joinColumn\":\"\\\"00\\\"\",\"planType\":\"joinPartition\",\"buckets\":60,\"files\":[\"customer15.orc\"],\"relation\":\"customer\"}\n","stream":"stdout","time":"2023-03-13T05:24:43.667123293Z"}
{"log":"10.0.38.37\n","stream":"stdout","time":"2023-03-13T05:24:43.788146375Z"}
{"log":"Successful: {\"filter\":\"(\\\"03\\\"\u003e20)\",\"joinColumn\":\"\\\"00\\\"\",\"planType\":\"joinPartition\",\"buckets\":60,\"files\":[\"customer1.orc\"],\"relation\":\"customer\"}\n","stream":"stdout","time":"2023-03-13T05:24:43.788175444Z"}
{"log":"10.0.38.11\n","stream":"stdout","time":"2023-03-13T05:24:43.96969516Z"}
{"log":"Successful: {\"filter\":\"(\\\"03\\\"\u003e20)\",\"joinColumn\":\"\\\"00\\\"\",\"planType\":\"joinPartition\",\"buckets\":60,\"files\":[\"customer11.orc\"],\"relation\":\"customer\"}\n","stream":"stdout","time":"2023-03-13T05:24:43.969720858Z"}
{"log":"10.0.38.13\n","stream":"stdout","time":"2023-03-13T05:24:43.994835601Z"}
{"log":"Successful: {\"filter\":\"(\\\"03\\\"\u003e20)\",\"joinColumn\":\"\\\"00\\\"\",\"planType\":\"joinPartition\",\"buckets\":60,\"files\":[\"customer8.orc\"],\"relation\":\"customer\"}\n","stream":"stdout","time":"2023-03-13T05:24:43.994867485Z"}
{"log":"10.0.38.18\n","stream":"stdout","time":"2023-03-13T05:24:44.322893393Z"}
{"log":"Successful: {\"filter\":\"(\\\"03\\\"\u003e20)\",\"joinColumn\":\"\\\"00\\\"\",\"planType\":\"joinPartition\",\"buckets\":60,\"files\":[\"customer5.orc\"],\"relation\":\"customer\"}\n","stream":"stdout","time":"2023-03-13T05:24:44.322920722Z"}
{"log":"10.0.38.23\n","stream":"stdout","time":"2023-03-13T05:24:44.446025645Z"}
{"log":"Successful: {\"filter\":\"(\\\"03\\\"\u003e20)\",\"joinColumn\":\"\\\"00\\\"\",\"planType\":\"joinPartition\",\"buckets\":60,\"files\":[\"customer7.orc\"],\"relation\":\"customer\"}\n","stream":"stdout","time":"2023-03-13T05:24:44.446058543Z"}
{"log":"10.0.38.26\n","stream":"stdout","time":"2023-03-13T05:24:44.644118906Z"}
{"log":"Successful: {\"filter\":\"(\\\"03\\\"\u003e20)\",\"joinColumn\":\"\\\"00\\\"\",\"planType\":\"joinPartition\",\"buckets\":60,\"files\":[\"customer18.orc\"],\"relation\":\"customer\"}\n","stream":"stdout","time":"2023-03-13T05:24:44.644149468Z"}
{"log":"10.0.38.20\n","stream":"stdout","time":"2023-03-13T05:24:44.74105017Z"}
{"log":"Successful: {\"filter\":\"(\\\"03\\\"\u003e20)\",\"joinColumn\":\"\\\"00\\\"\",\"planType\":\"joinPartition\",\"buckets\":60,\"files\":[\"customer12.orc\"],\"relation\":\"customer\"}\n","stream":"stdout","time":"2023-03-13T05:24:44.741081335Z"}
{"log":"10.0.38.15\n","stream":"stdout","time":"2023-03-13T05:24:44.843657691Z"}
{"log":"Successful: {\"filter\":\"(\\\"03\\\"\u003e20)\",\"joinColumn\":\"\\\"00\\\"\",\"planType\":\"joinPartition\",\"buckets\":60,\"files\":[\"customer16.orc\"],\"relation\":\"customer\"}\n","stream":"stdout","time":"2023-03-13T05:24:44.84368035Z"}
{"log":"10.0.38.30\n","stream":"stdout","time":"2023-03-13T05:24:44.936940974Z"}
{"log":"Successful: {\"filter\":\"(\\\"03\\\"\u003e20)\",\"joinColumn\":\"\\\"00\\\"\",\"planType\":\"joinPartition\",\"buckets\":60,\"files\":[\"customer17.orc\"],\"relation\":\"customer\"}\n","stream":"stdout","time":"2023-03-13T05:24:44.936983442Z"}
{"log":"10.0.38.27\n","stream":"stdout","time":"2023-03-13T05:24:44.97187022Z"}
{"log":"Successful: {\"filter\":\"(\\\"03\\\"\u003e20)\",\"joinColumn\":\"\\\"00\\\"\",\"planType\":\"joinPartition\",\"buckets\":60,\"files\":[\"customer14.orc\"],\"relation\":\"customer\"}\n","stream":"stdout","time":"2023-03-13T05:24:44.971917991Z"}
{"log":"10.0.38.33\n","stream":"stdout","time":"2023-03-13T05:24:45.006015175Z"}
{"log":"Successful: {\"filter\":\"(\\\"03\\\"\u003e20)\",\"joinColumn\":\"\\\"00\\\"\",\"planType\":\"joinPartition\",\"buckets\":60,\"files\":[\"customer3.orc\"],\"relation\":\"customer\"}\n","stream":"stdout","time":"2023-03-13T05:24:45.006045691Z"}
{"log":"10.0.38.21\n","stream":"stdout","time":"2023-03-13T05:24:46.070754235Z"}
{"log":"Successful: {\"filter\":\"(\\\"03\\\"\u003e20)\",\"joinColumn\":\"\\\"00\\\"\",\"planType\":\"joinPartition\",\"buckets\":60,\"files\":[\"customer13.orc\"],\"relation\":\"customer\"}\n","stream":"stdout","time":"2023-03-13T05:24:46.070778354Z"}
{"log":"10.0.38.29\n","stream":"stdout","time":"2023-03-13T05:24:46.199544642Z"}
{"log":"Successful: {\"filter\":\"(\\\"03\\\"\u003e20)\",\"joinColumn\":\"\\\"00\\\"\",\"planType\":\"joinPartition\",\"buckets\":60,\"files\":[\"customer4.orc\"],\"relation\":\"customer\"}\n","stream":"stdout","time":"2023-03-13T05:24:46.199560948Z"}
{"log":"10.0.38.17\n","stream":"stdout","time":"2023-03-13T05:24:46.640123309Z"}
{"log":"Successful: {\"filter\":\"(\\\"03\\\"\u003e20)\",\"joinColumn\":\"\\\"00\\\"\",\"planType\":\"joinPartition\",\"buckets\":60,\"files\":[\"customer10.orc\"],\"relation\":\"customer\"}\n","stream":"stdout","time":"2023-03-13T05:24:46.640142044Z"}
