{"log":"[INFO] Scanning for projects...\n","stream":"stdout","time":"2023-03-07T02:31:13.520066192Z"}
{"log":"Downloading from central: https://repo.maven.apache.org/maven2/org/apache/maven/plugins/maven-deploy-plugin/3.0.0/maven-deploy-plugin-3.0.0.pom\n","stream":"stdout","time":"2023-03-07T02:31:13.919161351Z"}
{"log":"Progress (1): 1.4/8.5 kB\rProgress (1): 2.7/8.5 kB\rProgress (1): 4.1/8.5 kB\rProgress (1): 5.5/8.5 kB\rProgress (1): 6.9/8.5 kB\rProgress (1): 8.2/8.5 kB\rProgress (1): 8.5 kB    \r                    \rDownloaded from central: https://repo.maven.apache.org/maven2/org/apache/maven/plugins/maven-deploy-plugin/3.0.0/maven-deploy-plugin-3.0.0.pom (8.5 kB at 16 kB/s)\n","stream":"stdout","time":"2023-03-07T02:31:14.450579168Z"}
{"log":"Downloading from central: https://repo.maven.apache.org/maven2/org/apache/maven/plugins/maven-deploy-plugin/3.0.0/maven-deploy-plugin-3.0.0.jar\n","stream":"stdout","time":"2023-03-07T02:31:14.468356044Z"}
{"log":"Progress (1): 1.4/37 kB\rProgress (1): 2.7/37 kB\rProgress (1): 4.1/37 kB\rProgress (1): 5.5/37 kB\rProgress (1): 6.9/37 kB\rProgress (1): 8.2/37 kB\rProgress (1): 9.6/37 kB\rProgress (1): 11/37 kB \rProgress (1): 12/37 kB\rProgress (1): 14/37 kB\rProgress (1): 15/37 kB\rProgress (1): 16/37 kB\rProgress (1): 18/37 kB\rProgress (1): 19/37 kB\rProgress (1): 21/37 kB\rProgress (1): 22/37 kB\rProgress (1): 23/37 kB\rProgress (1): 25/37 kB\rProgress (1): 26/37 kB\rProgress (1): 27/37 kB\rProgress (1): 29/37 kB\rProgress (1): 30/37 kB\rProgress (1): 32/37 kB\rProgress (1): 33/37 kB\rProgress (1): 34/37 kB\rProgress (1): 36/37 kB\rProgress (1): 37/37 kB\rProgress (1): 37 kB   \r                   \rDownloaded from central: https://repo.maven.apache.org/maven2/org/apache/maven/plugins/maven-deploy-plugin/3.0.0/maven-deploy-plugin-3.0.0.jar (37 kB at 350 kB/s)\n","stream":"stdout","time":"2023-03-07T02:31:14.576042926Z"}
{"log":"Downloading from central: https://repo.maven.apache.org/maven2/org/apache/maven/plugins/maven-site-plugin/3.12.1/maven-site-plugin-3.12.1.pom\n","stream":"stdout","time":"2023-03-07T02:31:14.581638146Z"}
{"log":"Progress (1): 1.4/20 kB\rProgress (1): 2.7/20 kB\rProgress (1): 4.1/20 kB\rProgress (1): 5.5/20 kB\rProgress (1): 6.9/20 kB\rProgress (1): 8.2/20 kB\rProgress (1): 9.6/20 kB\rProgress (1): 11/20 kB \rProgress (1): 12/20 kB\rProgress (1): 14/20 kB\rProgress (1): 15/20 kB\rProgress (1): 16/20 kB\rProgress (1): 20 kB   \r                   \rDownloaded from central: https://repo.maven.apache.org/maven2/org/apache/maven/plugins/maven-site-plugin/3.12.1/maven-site-plugin-3.12.1.pom (20 kB at 280 kB/s)\n","stream":"stdout","time":"2023-03-07T02:31:14.652956003Z"}
{"log":"Downloading from central: https://repo.maven.apache.org/maven2/org/apache/maven/plugins/maven-site-plugin/3.12.1/maven-site-plugin-3.12.1.jar\n","stream":"stdout","time":"2023-03-07T02:31:14.662681152Z"}
{"log":"Progress (1): 16/119 kB\rProgress (1): 32/119 kB\rProgress (1): 49/119 kB\rProgress (1): 65/119 kB\rProgress (1): 81/119 kB\rProgress (1): 98/119 kB\rProgress (1): 114/119 kB\rProgress (1): 119 kB    \r                    \rDownloaded from central: https://repo.maven.apache.org/maven2/org/apache/maven/plugins/maven-site-plugin/3.12.1/maven-site-plugin-3.12.1.jar (119 kB at 867 kB/s)\n","stream":"stdout","time":"2023-03-07T02:31:14.799968943Z"}
{"log":"Downloading from central: https://repo.maven.apache.org/maven2/org/apache/maven/plugins/maven-antrun-plugin/1.3/maven-antrun-plugin-1.3.pom\n","stream":"stdout","time":"2023-03-07T02:31:14.808840184Z"}
{"log":"Progress (1): 4.7 kB\r                    \rDownloaded from central: https://repo.maven.apache.org/maven2/org/apache/maven/plugins/maven-antrun-plugin/1.3/maven-antrun-plugin-1.3.pom (4.7 kB at 72 kB/s)\n","stream":"stdout","time":"2023-03-07T02:31:14.874714915Z"}
{"log":"Downloading from central: https://repo.maven.apache.org/maven2/org/apache/maven/plugins/maven-plugins/12/maven-plugins-12.pom\n","stream":"stdout","time":"2023-03-07T02:31:14.879073835Z"}
{"log":"Progress (1): 12 kB\r                   \rDownloaded from central: https://repo.maven.apache.org/maven2/org/apache/maven/plugins/maven-plugins/12/maven-plugins-12.pom (12 kB at 178 kB/s)\n","stream":"stdout","time":"2023-03-07T02:31:14.944699356Z"}
{"log":"Downloading from central: https://repo.maven.apache.org/maven2/org/apache/maven/maven-parent/9/maven-parent-9.pom\n","stream":"stdout","time":"2023-03-07T02:31:14.947622918Z"}
{"log":"Progress (1): 16/33 kB\rProgress (1): 33/33 kB\rProgress (1): 33 kB   \r                   \rDownloaded from central: https://repo.maven.apache.org/maven2/org/apache/maven/maven-parent/9/maven-parent-9.pom (33 kB at 469 kB/s)\n","stream":"stdout","time":"2023-03-07T02:31:15.018084509Z"}
{"log":"Downloading from central: https://repo.maven.apache.org/maven2/org/apache/maven/plugins/maven-antrun-plugin/1.3/maven-antrun-plugin-1.3.jar\n","stream":"stdout","time":"2023-03-07T02:31:15.025387165Z"}
{"log":"Progress (1): 16/24 kB\rProgress (1): 24 kB   \r                   \rDownloaded from central: https://repo.maven.apache.org/maven2/org/apache/maven/plugins/maven-antrun-plugin/1.3/maven-antrun-plugin-1.3.jar (24 kB at 352 kB/s)\n","stream":"stdout","time":"2023-03-07T02:31:15.092277147Z"}
{"log":"Downloading from central: https://repo.maven.apache.org/maven2/org/apache/maven/plugins/maven-assembly-plugin/2.2-beta-5/maven-assembly-plugin-2.2-beta-5.pom\n","stream":"stdout","time":"2023-03-07T02:31:15.095899639Z"}
{"log":"Progress (1): 15 kB\r                   \rDownloaded from central: https://repo.maven.apache.org/maven2/org/apache/maven/plugins/maven-assembly-plugin/2.2-beta-5/maven-assembly-plugin-2.2-beta-5.pom (15 kB at 226 kB/s)\n","stream":"stdout","time":"2023-03-07T02:31:15.162310967Z"}
{"log":"Downloading from central: https://repo.maven.apache.org/maven2/org/apache/maven/plugins/maven-plugins/16/maven-plugins-16.pom\n","stream":"stdout","time":"2023-03-07T02:31:15.166500313Z"}
{"log":"Progress (1): 13 kB\r                   \rDownloaded from central: https://repo.maven.apache.org/maven2/org/apache/maven/plugins/maven-plugins/16/maven-plugins-16.pom (13 kB at 199 kB/s)\n","stream":"stdout","time":"2023-03-07T02:31:15.2318063Z"}
{"log":"Downloading from central: https://repo.maven.apache.org/maven2/org/apache/maven/plugins/maven-assembly-plugin/2.2-beta-5/maven-assembly-plugin-2.2-beta-5.jar\n","stream":"stdout","time":"2023-03-07T02:31:15.241865273Z"}
{"log":"Progress (1): 16/209 kB\rProgress (1): 33/209 kB\rProgress (1): 49/209 kB\rProgress (1): 66/209 kB\rProgress (1): 82/209 kB\rProgress (1): 98/209 kB\rProgress (1): 115/209 kB\rProgress (1): 131/209 kB\rProgress (1): 147/209 kB\rProgress (1): 164/209 kB\rProgress (1): 180/209 kB\rProgress (1): 197/209 kB\rProgress (1): 209 kB    \r                    \rDownloaded from central: https://repo.maven.apache.org/maven2/org/apache/maven/plugins/maven-assembly-plugin/2.2-beta-5/maven-assembly-plugin-2.2-beta-5.jar (209 kB at 1.6 MB/s)\n","stream":"stdout","time":"2023-03-07T02:31:15.372300319Z"}
{"log":"Downloading from central: https://repo.maven.apache.org/maven2/org/apache/maven/plugins/maven-dependency-plugin/2.8/maven-dependency-plugin-2.8.pom\n","stream":"stdout","time":"2023-03-07T02:31:15.379028962Z"}
{"log":"Progress (1): 11 kB\r                   \rDownloaded from central: https://repo.maven.apache.org/maven2/org/apache/maven/plugins/maven-dependency-plugin/2.8/maven-dependency-plugin-2.8.pom (11 kB at 182 kB/s)\n","stream":"stdout","time":"2023-03-07T02:31:15.444093245Z"}
{"log":"Downloading from central: https://repo.maven.apache.org/maven2/org/apache/maven/plugins/maven-dependency-plugin/2.8/maven-dependency-plugin-2.8.jar\n","stream":"stdout","time":"2023-03-07T02:31:15.450747487Z"}
{"log":"Progress (1): 16/153 kB\rProgress (1): 32/153 kB\rProgress (1): 49/153 kB\rProgress (1): 65/153 kB\rProgress (1): 81/153 kB\rProgress (1): 98/153 kB\rProgress (1): 114/153 kB\rProgress (1): 131/153 kB\rProgress (1): 147/153 kB\rProgress (1): 153 kB    \r                    \rDownloaded from central: https://repo.maven.apache.org/maven2/org/apache/maven/plugins/maven-dependency-plugin/2.8/maven-dependency-plugin-2.8.jar (153 kB at 2.0 MB/s)\n","stream":"stdout","time":"2023-03-07T02:31:15.526789411Z"}
{"log":"Downloading from central: https://repo.maven.apache.org/maven2/org/apache/maven/plugins/maven-release-plugin/2.5.3/maven-release-plugin-2.5.3.pom\n","stream":"stdout","time":"2023-03-07T02:31:15.53731435Z"}
{"log":"Progress (1): 11 kB\r                   \rDownloaded from central: https://repo.maven.apache.org/maven2/org/apache/maven/plugins/maven-release-plugin/2.5.3/maven-release-plugin-2.5.3.pom (11 kB at 176 kB/s)\n","stream":"stdout","time":"2023-03-07T02:31:15.600226603Z"}
{"log":"Downloading from central: https://repo.maven.apache.org/maven2/org/apache/maven/release/maven-release/2.5.3/maven-release-2.5.3.pom\n","stream":"stdout","time":"2023-03-07T02:31:15.60318524Z"}
{"log":"Progress (1): 5.0 kB\r                    \rDownloaded from central: https://repo.maven.apache.org/maven2/org/apache/maven/release/maven-release/2.5.3/maven-release-2.5.3.pom (5.0 kB at 78 kB/s)\n","stream":"stdout","time":"2023-03-07T02:31:15.667200891Z"}
{"log":"Downloading from central: https://repo.maven.apache.org/maven2/org/apache/maven/maven-parent/27/maven-parent-27.pom\n","stream":"stdout","time":"2023-03-07T02:31:15.669935051Z"}
{"log":"Progress (1): 16/41 kB\rProgress (1): 33/41 kB\rProgress (1): 41 kB   \r                   \rDownloaded from central: https://repo.maven.apache.org/maven2/org/apache/maven/maven-parent/27/maven-parent-27.pom (41 kB at 626 kB/s)\n","stream":"stdout","time":"2023-03-07T02:31:15.73419013Z"}
{"log":"Downloading from central: https://repo.maven.apache.org/maven2/org/apache/maven/plugins/maven-release-plugin/2.5.3/maven-release-plugin-2.5.3.jar\n","stream":"stdout","time":"2023-03-07T02:31:15.740686226Z"}
{"log":"Progress (1): 16/53 kB\rProgress (1): 33/53 kB\rProgress (1): 49/53 kB\rProgress (1): 53 kB   \r                   \rDownloaded from central: https://repo.maven.apache.org/maven2/org/apache/maven/plugins/maven-release-plugin/2.5.3/maven-release-plugin-2.5.3.jar (53 kB at 803 kB/s)\n","stream":"stdout","time":"2023-03-07T02:31:15.806315842Z"}
{"log":"Downloading from central: https://repo.maven.apache.org/maven2/org/codehaus/mojo/maven-metadata.xml\n","stream":"stdout","time":"2023-03-07T02:31:15.817256849Z"}
{"log":"Downloading from central: https://repo.maven.apache.org/maven2/org/apache/maven/plugins/maven-metadata.xml\n","stream":"stdout","time":"2023-03-07T02:31:15.817278998Z"}
{"log":"Progress (1): 14 kB\r                   \rDownloaded from central: https://repo.maven.apache.org/maven2/org/apache/maven/plugins/maven-metadata.xml (14 kB at 223 kB/s)\n","stream":"stdout","time":"2023-03-07T02:31:15.880452433Z"}
{"log":"Progress (1): 1.4/21 kB\rProgress (1): 2.7/21 kB\rProgress (1): 4.1/21 kB\rProgress (1): 5.5/21 kB\rProgress (1): 6.9/21 kB\rProgress (1): 8.2/21 kB\rProgress (1): 9.6/21 kB\rProgress (1): 11/21 kB \rProgress (1): 12/21 kB\rProgress (1): 14/21 kB\rProgress (1): 15/21 kB\rProgress (1): 16/21 kB\rProgress (1): 18/21 kB\rProgress (1): 19/21 kB\rProgress (1): 21/21 kB\rProgress (1): 21 kB   \r                   \rDownloaded from central: https://repo.maven.apache.org/maven2/org/codehaus/mojo/maven-metadata.xml (21 kB at 104 kB/s)\n","stream":"stdout","time":"2023-03-07T02:31:16.014510762Z"}
{"log":"Downloading from central: https://repo.maven.apache.org/maven2/org/codehaus/mojo/exec-maven-plugin/maven-metadata.xml\n","stream":"stdout","time":"2023-03-07T02:31:16.021698185Z"}
{"log":"Progress (1): 803 B\r                   \rDownloaded from central: https://repo.maven.apache.org/maven2/org/codehaus/mojo/exec-maven-plugin/maven-metadata.xml (803 B at 13 kB/s)\n","stream":"stdout","time":"2023-03-07T02:31:16.085554612Z"}
{"log":"Downloading from central: https://repo.maven.apache.org/maven2/org/codehaus/mojo/exec-maven-plugin/3.1.0/exec-maven-plugin-3.1.0.pom\n","stream":"stdout","time":"2023-03-07T02:31:16.087862247Z"}
{"log":"Progress (1): 1.4/14 kB\rProgress (1): 2.7/14 kB\rProgress (1): 4.1/14 kB\rProgress (1): 5.5/14 kB\rProgress (1): 6.9/14 kB\rProgress (1): 8.2/14 kB\rProgress (1): 9.6/14 kB\rProgress (1): 11/14 kB \rProgress (1): 12/14 kB\rProgress (1): 14 kB   \r                   \rDownloaded from central: https://repo.maven.apache.org/maven2/org/codehaus/mojo/exec-maven-plugin/3.1.0/exec-maven-plugin-3.1.0.pom (14 kB at 192 kB/s)\n","stream":"stdout","time":"2023-03-07T02:31:16.158651848Z"}
{"log":"Downloading from central: https://repo.maven.apache.org/maven2/org/codehaus/mojo/mojo-parent/69/mojo-parent-69.pom\n","stream":"stdout","time":"2023-03-07T02:31:16.161659392Z"}
{"log":"Progress (1): 16/35 kB\rProgress (1): 33/35 kB\rProgress (1): 35 kB   \r                   \rDownloaded from central: https://repo.maven.apache.org/maven2/org/codehaus/mojo/mojo-parent/69/mojo-parent-69.pom (35 kB at 413 kB/s)\n","stream":"stdout","time":"2023-03-07T02:31:16.245982718Z"}
{"log":"Downloading from central: https://repo.maven.apache.org/maven2/org/codehaus/mojo/exec-maven-plugin/3.1.0/exec-maven-plugin-3.1.0.jar\n","stream":"stdout","time":"2023-03-07T02:31:16.252621772Z"}
{"log":"Progress (1): 16/73 kB\rProgress (1): 32/73 kB\rProgress (1): 49/73 kB\rProgress (1): 65/73 kB\rProgress (1): 73 kB   \r                   \rDownloaded from central: https://repo.maven.apache.org/maven2/org/codehaus/mojo/exec-maven-plugin/3.1.0/exec-maven-plugin-3.1.0.jar (73 kB at 808 kB/s)\n","stream":"stdout","time":"2023-03-07T02:31:16.343039813Z"}
{"log":"[INFO] \n","stream":"stdout","time":"2023-03-07T02:31:16.353838156Z"}
{"log":"[INFO] ----------------------\u003c org.manager:Coordinator \u003e-----------------------\n","stream":"stdout","time":"2023-03-07T02:31:16.353857345Z"}
{"log":"[INFO] Building Coordinator 1.0-SNAPSHOT\n","stream":"stdout","time":"2023-03-07T02:31:16.353889796Z"}
{"log":"[INFO]   from pom.xml\n","stream":"stdout","time":"2023-03-07T02:31:16.353974294Z"}
{"log":"[INFO] --------------------------------[ jar ]---------------------------------\n","stream":"stdout","time":"2023-03-07T02:31:16.354016725Z"}
{"log":"[INFO] \n","stream":"stdout","time":"2023-03-07T02:31:17.112325572Z"}
{"log":"[INFO] --- exec:3.1.0:java (default-cli) @ Coordinator ---\n","stream":"stdout","time":"2023-03-07T02:31:17.112396188Z"}
{"log":"Downloading from central: https://repo.maven.apache.org/maven2/org/apache/commons/commons-exec/1.3/commons-exec-1.3.pom\n","stream":"stdout","time":"2023-03-07T02:31:17.122454499Z"}
{"log":"Progress (1): 11 kB\r                   \rDownloaded from central: https://repo.maven.apache.org/maven2/org/apache/commons/commons-exec/1.3/commons-exec-1.3.pom (11 kB at 172 kB/s)\n","stream":"stdout","time":"2023-03-07T02:31:17.187029486Z"}
{"log":"Downloading from central: https://repo.maven.apache.org/maven2/org/apache/commons/commons-parent/35/commons-parent-35.pom\n","stream":"stdout","time":"2023-03-07T02:31:17.189783778Z"}
{"log":"Progress (1): 16/58 kB\rProgress (1): 33/58 kB\rProgress (1): 49/58 kB\rProgress (1): 58 kB   \r                   \rDownloaded from central: https://repo.maven.apache.org/maven2/org/apache/commons/commons-parent/35/commons-parent-35.pom (58 kB at 781 kB/s)\n","stream":"stdout","time":"2023-03-07T02:31:17.263150455Z"}
{"log":"Downloading from central: https://repo.maven.apache.org/maven2/org/codehaus/plexus/plexus-component-annotations/2.1.1/plexus-component-annotations-2.1.1.jar\n","stream":"stdout","time":"2023-03-07T02:31:17.269695543Z"}
{"log":"Downloading from central: https://repo.maven.apache.org/maven2/org/apache/commons/commons-exec/1.3/commons-exec-1.3.jar\n","stream":"stdout","time":"2023-03-07T02:31:17.269979666Z"}
{"log":"Progress (1): 4.1 kB\rProgress (2): 4.1 kB | 16/54 kB\r                               \rDownloaded from central: https://repo.maven.apache.org/maven2/org/codehaus/plexus/plexus-component-annotations/2.1.1/plexus-component-annotations-2.1.1.jar (4.1 kB at 64 kB/s)\n","stream":"stdout","time":"2023-03-07T02:31:17.333366558Z"}
{"log":"Progress (1): 32/54 kB\rProgress (1): 49/54 kB\rProgress (1): 54 kB   \r                   \rDownloaded from central: https://repo.maven.apache.org/maven2/org/apache/commons/commons-exec/1.3/commons-exec-1.3.jar (54 kB at 825 kB/s)\n","stream":"stdout","time":"2023-03-07T02:31:17.335917796Z"}
{"log":"REST-API Opened for business!\n","stream":"stdout","time":"2023-03-07T02:31:17.527640276Z"}
{"log":"log4j:WARN No appenders could be found for logger (spark.route.Routes).\n","stream":"stderr","time":"2023-03-07T02:31:17.531838179Z"}
{"log":"log4j:WARN Please initialize the log4j system properly.\n","stream":"stderr","time":"2023-03-07T02:31:17.531858208Z"}
{"log":"log4j:WARN See http://logging.apache.org/log4j/1.2/faq.html#noconfig for more info.\n","stream":"stderr","time":"2023-03-07T02:31:17.531861456Z"}
{"log":"org.apache.calcite.sql.dialect.PostgresqlSqlDialect\n","stream":"stdout","time":"2023-03-07T02:33:49.941202881Z"}
{"log":"SELECT IMAGECLASSIFIER(`images`.`gender`)\n","stream":"stdout","time":"2023-03-07T02:33:50.274395664Z"}
{"log":"FROM `SCHEMA`.`SCHEMA`.`images` AS `images`\n","stream":"stdout","time":"2023-03-07T02:33:50.274448935Z"}
{"log":"WHERE `images`.`gender` = 0\n","stream":"stdout","time":"2023-03-07T02:33:50.274456133Z"}
{"log":"LogicalProject(EXPR$0=[imageClassifier($3)])\n","stream":"stdout","time":"2023-03-07T02:33:50.788456174Z"}
{"log":"  LogicalFilter(condition=[=($3, 0)])\n","stream":"stdout","time":"2023-03-07T02:33:50.788481358Z"}
{"log":"    JdbcTableScan(table=[[SCHEMA, SCHEMA, images]])\n","stream":"stdout","time":"2023-03-07T02:33:50.788484939Z"}
{"log":"\n","stream":"stdout","time":"2023-03-07T02:33:50.788704657Z"}
{"log":"EnumerableProject(EXPR$0=[imageClassifier($3)])\n","stream":"stdout","time":"2023-03-07T02:33:50.922988379Z"}
{"log":"  JdbcToEnumerableConverter\n","stream":"stdout","time":"2023-03-07T02:33:50.923027048Z"}
{"log":"    JdbcFilter(condition=[=($3, 0)])\n","stream":"stdout","time":"2023-03-07T02:33:50.923033813Z"}
{"log":"      JdbcTableScan(table=[[SCHEMA, SCHEMA, images]])\n","stream":"stdout","time":"2023-03-07T02:33:50.923038404Z"}
{"log":"\n","stream":"stdout","time":"2023-03-07T02:33:50.923042728Z"}
{"log":"test 1\n","stream":"stdout","time":"2023-03-07T02:33:50.923046981Z"}
{"log":"/image/\n","stream":"stdout","time":"2023-03-07T02:33:51.168658673Z"}
{"log":"alluxio://136.145.77.107:19998/image/metadata.json\n","stream":"stdout","time":"2023-03-07T02:33:51.168699511Z"}
{"log":"{'file': '/results/results_1c25e485-a509-4594-88c3-76050d96c183.json', 'status': 'Completed'} - \"/results/results_1c25e485-a509-4594-88c3-76050d96c183.json\"\n","stream":"stdout","time":"2023-03-07T02:34:33.096080112Z"}
{"log":"{'file': '/results/results_0b90c9cf-f6a7-461d-99cd-dd658aff657c.json', 'status': 'Completed'} - \"/results/results_0b90c9cf-f6a7-461d-99cd-dd658aff657c.json\"\n","stream":"stdout","time":"2023-03-07T02:35:09.15270911Z"}
{"log":"{'file': '/results/results_c6d63bbe-ef69-4dc7-b609-e510465685ae.json', 'status': 'Completed'} - \"/results/results_c6d63bbe-ef69-4dc7-b609-e510465685ae.json\"\n","stream":"stdout","time":"2023-03-07T02:35:48.425344015Z"}
{"log":"{'file': '/results/results_be877f67-7a1b-4ac9-824d-6b9951863025.json', 'status': 'Completed'} - \"/results/results_be877f67-7a1b-4ac9-824d-6b9951863025.json\"\n","stream":"stdout","time":"2023-03-07T02:36:25.067632994Z"}
{"log":"{'file': '/results/results_80233d83-fa0f-4e3f-9292-b29bf8820b9e.json', 'status': 'Completed'} - \"/results/results_80233d83-fa0f-4e3f-9292-b29bf8820b9e.json\"\n","stream":"stdout","time":"2023-03-07T02:37:00.440974709Z"}
{"log":"{'file': '/results/results_19669487-4c46-4fe8-b61a-a0e7a239d941.json', 'status': 'Completed'} - \"/results/results_19669487-4c46-4fe8-b61a-a0e7a239d941.json\"\n","stream":"stdout","time":"2023-03-07T02:37:35.353252275Z"}
{"log":"{'file': '/results/results_d35b6417-01a5-45cb-9719-574e9bf73f61.json', 'status': 'Completed'} - \"/results/results_d35b6417-01a5-45cb-9719-574e9bf73f61.json\"\n","stream":"stdout","time":"2023-03-07T02:38:09.844192533Z"}
{"log":"{'file': '/results/results_81fab179-6c91-4475-a675-bc439b749a9d.json', 'status': 'Completed'} - \"/results/results_81fab179-6c91-4475-a675-bc439b749a9d.json\"\n","stream":"stdout","time":"2023-03-07T02:38:44.106021962Z"}
{"log":"{'file': '/results/results_244f9739-03c8-43c5-9605-c20f8096f435.json', 'status': 'Completed'} - \"/results/results_244f9739-03c8-43c5-9605-c20f8096f435.json\"\n","stream":"stdout","time":"2023-03-07T02:39:18.623951055Z"}
{"log":"{'file': '/results/results_01578262-5ac1-4a8b-93f5-a658411691d0.json', 'status': 'Completed'} - \"/results/results_01578262-5ac1-4a8b-93f5-a658411691d0.json\"\n","stream":"stdout","time":"2023-03-07T02:39:52.944874071Z"}
{"log":"{'file': '/results/results_673c6f61-a8fd-487d-ad7a-a2748bdd87fc.json', 'status': 'Completed'} - \"/results/results_673c6f61-a8fd-487d-ad7a-a2748bdd87fc.json\"\n","stream":"stdout","time":"2023-03-07T02:40:28.380321804Z"}
{"log":"{'file': '/results/results_0400c68d-b068-45a1-89c6-caabb6c5cedb.json', 'status': 'Completed'} - \"/results/results_0400c68d-b068-45a1-89c6-caabb6c5cedb.json\"\n","stream":"stdout","time":"2023-03-07T02:41:02.73025249Z"}
{"log":"{'file': '/results/results_1d54a8f4-9a3a-4332-8cd2-f9f752923f56.json', 'status': 'Completed'} - \"/results/results_1d54a8f4-9a3a-4332-8cd2-f9f752923f56.json\"\n","stream":"stdout","time":"2023-03-07T02:41:37.405767811Z"}
{"log":"{'file': '/results/results_335248eb-aba5-4474-9347-7963bb572cd2.json', 'status': 'Completed'} - \"/results/results_335248eb-aba5-4474-9347-7963bb572cd2.json\"\n","stream":"stdout","time":"2023-03-07T02:42:12.003171106Z"}
{"log":"{'file': '/results/results_14954b68-5e21-451b-ba21-824a56ba5833.json', 'status': 'Completed'} - \"/results/results_14954b68-5e21-451b-ba21-824a56ba5833.json\"\n","stream":"stdout","time":"2023-03-07T02:42:46.728795382Z"}
{"log":"{'file': '/results/results_2d7b927f-2fb9-4ac9-8d07-ff22e49cea12.json', 'status': 'Completed'} - \"/results/results_2d7b927f-2fb9-4ac9-8d07-ff22e49cea12.json\"\n","stream":"stdout","time":"2023-03-07T02:43:22.074291486Z"}
{"log":"{'file': '/results/results_fa827ed5-e1c1-46d9-b186-3a328d64307b.json', 'status': 'Completed'} - \"/results/results_fa827ed5-e1c1-46d9-b186-3a328d64307b.json\"\n","stream":"stdout","time":"2023-03-07T02:43:58.209052249Z"}
{"log":"{'file': '/results/results_50080ffc-6278-49c9-be38-5e0b2dc714d1.json', 'status': 'Completed'} - \"/results/results_50080ffc-6278-49c9-be38-5e0b2dc714d1.json\"\n","stream":"stdout","time":"2023-03-07T02:44:34.453383336Z"}
{"log":"{'file': '/results/results_50f1a813-b76f-4a1e-89bb-45fd0aae8a05.json', 'status': 'Completed'} - \"/results/results_50f1a813-b76f-4a1e-89bb-45fd0aae8a05.json\"\n","stream":"stdout","time":"2023-03-07T02:45:08.795803471Z"}
{"log":"{'file': '/results/results_42cf407b-77e9-4376-8e4d-f854d32a6334.json', 'status': 'Completed'} - \"/results/results_42cf407b-77e9-4376-8e4d-f854d32a6334.json\"\n","stream":"stdout","time":"2023-03-07T02:45:44.107213272Z"}
{"log":"{'file': '/results/results_a90c1eae-7b06-45d0-bff8-330898d71c7f.json', 'status': 'Completed'} - \"/results/results_a90c1eae-7b06-45d0-bff8-330898d71c7f.json\"\n","stream":"stdout","time":"2023-03-07T02:46:19.268759579Z"}
{"log":"{'file': '/results/results_7611f521-db95-49f9-809c-88cdb44ada02.json', 'status': 'Completed'} - \"/results/results_7611f521-db95-49f9-809c-88cdb44ada02.json\"\n","stream":"stdout","time":"2023-03-07T02:46:53.82335761Z"}
{"log":"{'file': '/results/results_95fe7838-3a85-4edb-9e04-b6e94e94768c.json', 'status': 'Completed'} - \"/results/results_95fe7838-3a85-4edb-9e04-b6e94e94768c.json\"\n","stream":"stdout","time":"2023-03-07T02:47:28.092293491Z"}
{"log":"{'file': '/results/results_c28e5c15-6e7b-4c0d-9506-390e989492c1.json', 'status': 'Completed'} - \"/results/results_c28e5c15-6e7b-4c0d-9506-390e989492c1.json\"\n","stream":"stdout","time":"2023-03-07T02:48:04.321588186Z"}
{"log":"{'file': '/results/results_aa1168c8-ea2e-4669-8138-b665327de1ae.json', 'status': 'Completed'} - \"/results/results_aa1168c8-ea2e-4669-8138-b665327de1ae.json\"\n","stream":"stdout","time":"2023-03-07T02:48:40.18117068Z"}
{"log":"{'file': '/results/results_566db3f1-4740-4d9b-8287-8edeb0ec0f8e.json', 'status': 'Completed'} - \"/results/results_566db3f1-4740-4d9b-8287-8edeb0ec0f8e.json\"\n","stream":"stdout","time":"2023-03-07T02:49:14.430824229Z"}
{"log":"{'file': '/results/results_9d9e34b7-c178-4a59-bc3b-617207216ba9.json', 'status': 'Completed'} - \"/results/results_9d9e34b7-c178-4a59-bc3b-617207216ba9.json\"\n","stream":"stdout","time":"2023-03-07T02:49:48.936698038Z"}
{"log":"{'file': '/results/results_260fbf6b-7dac-450d-aabe-080c7eb2e875.json', 'status': 'Completed'} - \"/results/results_260fbf6b-7dac-450d-aabe-080c7eb2e875.json\"\n","stream":"stdout","time":"2023-03-07T02:50:23.447042311Z"}
{"log":"{'file': '/results/results_063d4314-5a61-40cc-9a02-e3ab83c2337d.json', 'status': 'Completed'} - \"/results/results_063d4314-5a61-40cc-9a02-e3ab83c2337d.json\"\n","stream":"stdout","time":"2023-03-07T02:50:57.725800606Z"}
{"log":"{'file': '/results/results_5a09911b-f925-4f8e-bd8f-a7262dc04f91.json', 'status': 'Completed'} - \"/results/results_5a09911b-f925-4f8e-bd8f-a7262dc04f91.json\"\n","stream":"stdout","time":"2023-03-07T02:51:33.170694759Z"}
{"log":"{'file': '/results/results_878fb310-4055-4a5f-8212-9a338af2a589.json', 'status': 'Completed'} - \"/results/results_878fb310-4055-4a5f-8212-9a338af2a589.json\"\n","stream":"stdout","time":"2023-03-07T02:52:07.96409912Z"}
{"log":"{'file': '/results/results_eb267d57-7b9d-4b63-936f-19922e3e3095.json', 'status': 'Completed'} - \"/results/results_eb267d57-7b9d-4b63-936f-19922e3e3095.json\"\n","stream":"stdout","time":"2023-03-07T02:52:45.95508561Z"}
{"log":"{'file': '/results/results_f2d9c263-d53d-4322-95c7-2e25cd539979.json', 'status': 'Completed'} - \"/results/results_f2d9c263-d53d-4322-95c7-2e25cd539979.json\"\n","stream":"stdout","time":"2023-03-07T02:53:20.464073213Z"}
{"log":"{'file': '/results/results_a3652d6a-1b21-49a5-aeaf-d38620803beb.json', 'status': 'Completed'} - \"/results/results_a3652d6a-1b21-49a5-aeaf-d38620803beb.json\"\n","stream":"stdout","time":"2023-03-07T02:53:54.994987Z"}
{"log":"{'file': '/results/results_43dea8e5-60bd-4d60-b558-fca5953b2491.json', 'status': 'Completed'} - \"/results/results_43dea8e5-60bd-4d60-b558-fca5953b2491.json\"\n","stream":"stdout","time":"2023-03-07T02:54:30.737766096Z"}
{"log":"{'file': '/results/results_974962bf-9808-45cb-86f2-bca1451adf33.json', 'status': 'Completed'} - \"/results/results_974962bf-9808-45cb-86f2-bca1451adf33.json\"\n","stream":"stdout","time":"2023-03-07T02:55:06.009200251Z"}
{"log":"{'file': '/results/results_0f7b364c-1ac5-4647-aaca-5a9c6cfd3163.json', 'status': 'Completed'} - \"/results/results_0f7b364c-1ac5-4647-aaca-5a9c6cfd3163.json\"\n","stream":"stdout","time":"2023-03-07T02:55:40.5849045Z"}
{"log":"{'file': '/results/results_0ce903b8-fc39-488c-9c02-7d3a471e81a4.json', 'status': 'Completed'} - \"/results/results_0ce903b8-fc39-488c-9c02-7d3a471e81a4.json\"\n","stream":"stdout","time":"2023-03-07T02:56:14.773637595Z"}
{"log":"{'file': '/results/results_ed6d07a9-4f65-4b13-a3d8-7c9f689a03a4.json', 'status': 'Completed'} - \"/results/results_ed6d07a9-4f65-4b13-a3d8-7c9f689a03a4.json\"\n","stream":"stdout","time":"2023-03-07T02:56:49.32855651Z"}
{"log":"{'file': '/results/results_7cce1827-7bc0-42ef-8922-ca37bcb78ec5.json', 'status': 'Completed'} - \"/results/results_7cce1827-7bc0-42ef-8922-ca37bcb78ec5.json\"\n","stream":"stdout","time":"2023-03-07T02:57:23.872626082Z"}
{"log":"{'file': '/results/results_2094f5e8-8981-4b8f-b256-68528beb5085.json', 'status': 'Completed'} - \"/results/results_2094f5e8-8981-4b8f-b256-68528beb5085.json\"\n","stream":"stdout","time":"2023-03-07T02:57:58.990807764Z"}
{"log":"{'file': '/results/results_aaa5bf53-cb36-4b38-8510-acb74619aee3.json', 'status': 'Completed'} - \"/results/results_aaa5bf53-cb36-4b38-8510-acb74619aee3.json\"\n","stream":"stdout","time":"2023-03-07T02:58:35.194863854Z"}
{"log":"{'file': '/results/results_98d45389-6fd8-4076-9310-4414e218ca34.json', 'status': 'Completed'} - \"/results/results_98d45389-6fd8-4076-9310-4414e218ca34.json\"\n","stream":"stdout","time":"2023-03-07T02:59:13.080038942Z"}
{"log":"{'file': '/results/results_23fe7882-6bd1-446e-924e-3330ecfcb05a.json', 'status': 'Completed'} - \"/results/results_23fe7882-6bd1-446e-924e-3330ecfcb05a.json\"\n","stream":"stdout","time":"2023-03-07T02:59:48.770686481Z"}
{"log":"{'file': '/results/results_b2783a99-4bc0-43e8-b084-b3deda8ee7b3.json', 'status': 'Completed'} - \"/results/results_b2783a99-4bc0-43e8-b084-b3deda8ee7b3.json\"\n","stream":"stdout","time":"2023-03-07T03:00:23.931128763Z"}
{"log":"{'file': '/results/results_54896f6d-9d8c-4886-9ad1-b30a562ecda6.json', 'status': 'Completed'} - \"/results/results_54896f6d-9d8c-4886-9ad1-b30a562ecda6.json\"\n","stream":"stdout","time":"2023-03-07T03:00:59.219440074Z"}
{"log":"{'file': '/results/results_d9e985f4-b56f-456d-b83d-77bba3bf93e8.json', 'status': 'Completed'} - \"/results/results_d9e985f4-b56f-456d-b83d-77bba3bf93e8.json\"\n","stream":"stdout","time":"2023-03-07T03:01:34.446649158Z"}
{"log":"{'file': '/results/results_14f0fad6-d7ce-454f-ad59-8f24881879dd.json', 'status': 'Completed'} - \"/results/results_14f0fad6-d7ce-454f-ad59-8f24881879dd.json\"\n","stream":"stdout","time":"2023-03-07T03:02:09.487945279Z"}
{"log":"{'file': '/results/results_592bcb84-570b-436f-99f1-5688a2116e98.json', 'status': 'Completed'} - \"/results/results_592bcb84-570b-436f-99f1-5688a2116e98.json\"\n","stream":"stdout","time":"2023-03-07T03:02:43.816394657Z"}
{"log":"{'file': '/results/results_d48144ef-6f29-469e-9832-24cc6e065089.json', 'status': 'Completed'} - \"/results/results_d48144ef-6f29-469e-9832-24cc6e065089.json\"\n","stream":"stdout","time":"2023-03-07T03:03:19.345633455Z"}
{"log":"{'file': '/results/results_486d484c-5639-4eee-809a-c2de59ba2241.json', 'status': 'Completed'} - \"/results/results_486d484c-5639-4eee-809a-c2de59ba2241.json\"\n","stream":"stdout","time":"2023-03-07T03:03:55.016728633Z"}
{"log":"{'file': '/results/results_cb785d8b-8e64-462a-ba7a-3523172b637b.json', 'status': 'Completed'} - \"/results/results_cb785d8b-8e64-462a-ba7a-3523172b637b.json\"\n","stream":"stdout","time":"2023-03-07T03:04:31.654922131Z"}
{"log":"{'file': '/results/results_5553bae5-9398-45f3-a04f-b96ff27855d2.json', 'status': 'Completed'} - \"/results/results_5553bae5-9398-45f3-a04f-b96ff27855d2.json\"\n","stream":"stdout","time":"2023-03-07T03:05:06.85905501Z"}
{"log":"{'file': '/results/results_739033b8-cbf3-4258-bd7f-939ab0d31fd3.json', 'status': 'Completed'} - \"/results/results_739033b8-cbf3-4258-bd7f-939ab0d31fd3.json\"\n","stream":"stdout","time":"2023-03-07T03:05:41.422221354Z"}
{"log":"{'file': '/results/results_7cb79712-7df0-47b1-a524-fa93e9201050.json', 'status': 'Completed'} - \"/results/results_7cb79712-7df0-47b1-a524-fa93e9201050.json\"\n","stream":"stdout","time":"2023-03-07T03:06:17.254433457Z"}
{"log":"{'file': '/results/results_1655d006-0516-493e-8b48-16e62b66bfff.json', 'status': 'Completed'} - \"/results/results_1655d006-0516-493e-8b48-16e62b66bfff.json\"\n","stream":"stdout","time":"2023-03-07T03:06:52.615035647Z"}
{"log":"{'file': '/results/results_e01c088d-5412-43e6-8817-646a2cde3077.json', 'status': 'Completed'} - \"/results/results_e01c088d-5412-43e6-8817-646a2cde3077.json\"\n","stream":"stdout","time":"2023-03-07T03:07:28.126104918Z"}
{"log":"{'file': '/results/results_2fb11ada-865e-49dc-badc-7938f7b57a24.json', 'status': 'Completed'} - \"/results/results_2fb11ada-865e-49dc-badc-7938f7b57a24.json\"\n","stream":"stdout","time":"2023-03-07T03:08:04.112746797Z"}
{"log":"{'file': '/results/results_74b80d07-eaed-4dab-8eae-30a098f45006.json', 'status': 'Completed'} - \"/results/results_74b80d07-eaed-4dab-8eae-30a098f45006.json\"\n","stream":"stdout","time":"2023-03-07T03:08:41.426197891Z"}
{"log":"{'file': '/results/results_834e38c0-e9c1-4100-b693-440478d8a6a1.json', 'status': 'Completed'} - \"/results/results_834e38c0-e9c1-4100-b693-440478d8a6a1.json\"\n","stream":"stdout","time":"2023-03-07T03:09:17.697916551Z"}
{"log":"{'file': '/results/results_6126e404-8f99-4628-8283-82a6da29ade3.json', 'status': 'Completed'} - \"/results/results_6126e404-8f99-4628-8283-82a6da29ade3.json\"\n","stream":"stdout","time":"2023-03-07T03:09:55.064866185Z"}
{"log":"{'file': '/results/results_221ae5b1-6929-469b-a2eb-7505b244eadc.json', 'status': 'Completed'} - \"/results/results_221ae5b1-6929-469b-a2eb-7505b244eadc.json\"\n","stream":"stdout","time":"2023-03-07T03:10:32.295225375Z"}
{"log":"{'file': '/results/results_d4d4c077-089d-429b-8746-7a3e49b422d1.json', 'status': 'Completed'} - \"/results/results_d4d4c077-089d-429b-8746-7a3e49b422d1.json\"\n","stream":"stdout","time":"2023-03-07T03:11:07.991202403Z"}
{"log":"{'file': '/results/results_85af42b6-3f8f-42be-985e-4cb345f9d9b3.json', 'status': 'Completed'} - \"/results/results_85af42b6-3f8f-42be-985e-4cb345f9d9b3.json\"\n","stream":"stdout","time":"2023-03-07T03:11:47.53682595Z"}
{"log":"{'file': '/results/results_a1e6a87c-672e-4181-ad1d-042d8989feb3.json', 'status': 'Completed'} - \"/results/results_a1e6a87c-672e-4181-ad1d-042d8989feb3.json\"\n","stream":"stdout","time":"2023-03-07T03:12:23.249390635Z"}
{"log":"{'file': '/results/results_972605d7-a9bc-4c92-b590-5a72bac50b32.json', 'status': 'Completed'} - \"/results/results_972605d7-a9bc-4c92-b590-5a72bac50b32.json\"\n","stream":"stdout","time":"2023-03-07T03:12:58.403977702Z"}
{"log":"{'file': '/results/results_b3c63afc-4d3d-45c0-8f2a-0147610dbd0d.json', 'status': 'Completed'} - \"/results/results_b3c63afc-4d3d-45c0-8f2a-0147610dbd0d.json\"\n","stream":"stdout","time":"2023-03-07T03:13:34.483771747Z"}
{"log":"{'file': '/results/results_252c1781-4514-41c9-96dd-1673b71e00aa.json', 'status': 'Completed'} - \"/results/results_252c1781-4514-41c9-96dd-1673b71e00aa.json\"\n","stream":"stdout","time":"2023-03-07T03:14:10.07929236Z"}
{"log":"{'file': '/results/results_fd91f66c-2c87-451f-a430-6ecd2ff03d72.json', 'status': 'Completed'} - \"/results/results_fd91f66c-2c87-451f-a430-6ecd2ff03d72.json\"\n","stream":"stdout","time":"2023-03-07T03:14:45.623060533Z"}
{"log":"{'file': '/results/results_c398522c-e638-4b0b-8d46-4d6b3758aec0.json', 'status': 'Completed'} - \"/results/results_c398522c-e638-4b0b-8d46-4d6b3758aec0.json\"\n","stream":"stdout","time":"2023-03-07T03:15:20.783313625Z"}
{"log":"{'file': '/results/results_ded2ae22-df36-4170-824a-7d3ff834d52f.json', 'status': 'Completed'} - \"/results/results_ded2ae22-df36-4170-824a-7d3ff834d52f.json\"\n","stream":"stdout","time":"2023-03-07T03:15:55.587885615Z"}
{"log":"{'file': '/results/results_9137009a-cd43-4d93-b9d0-af462ca371dc.json', 'status': 'Completed'} - \"/results/results_9137009a-cd43-4d93-b9d0-af462ca371dc.json\"\n","stream":"stdout","time":"2023-03-07T03:16:30.669077657Z"}
{"log":"{'file': '/results/results_5b7291a5-ed17-4e61-a6bf-f3da3f2774dd.json', 'status': 'Completed'} - \"/results/results_5b7291a5-ed17-4e61-a6bf-f3da3f2774dd.json\"\n","stream":"stdout","time":"2023-03-07T03:17:05.881406369Z"}
{"log":"{'file': '/results/results_068c0e32-5846-4154-a6aa-8f2347fe36c7.json', 'status': 'Completed'} - \"/results/results_068c0e32-5846-4154-a6aa-8f2347fe36c7.json\"\n","stream":"stdout","time":"2023-03-07T03:17:42.380951774Z"}
{"log":"{'file': '/results/results_e9580754-f767-4ba3-ab9b-65c7d00ad42c.json', 'status': 'Completed'} - \"/results/results_e9580754-f767-4ba3-ab9b-65c7d00ad42c.json\"\n","stream":"stdout","time":"2023-03-07T03:18:18.226662698Z"}
{"log":"{'file': '/results/results_2605a86c-4bad-4bef-b208-8b9d6fcb42cd.json', 'status': 'Completed'} - \"/results/results_2605a86c-4bad-4bef-b208-8b9d6fcb42cd.json\"\n","stream":"stdout","time":"2023-03-07T03:18:52.833292946Z"}
{"log":"{'file': '/results/results_e2e16e84-0765-41aa-90fd-09ea56f068d9.json', 'status': 'Completed'} - \"/results/results_e2e16e84-0765-41aa-90fd-09ea56f068d9.json\"\n","stream":"stdout","time":"2023-03-07T03:19:28.071297252Z"}
{"log":"{'file': '/results/results_85820655-2af7-4aea-919f-7f87854ec9c3.json', 'status': 'Completed'} - \"/results/results_85820655-2af7-4aea-919f-7f87854ec9c3.json\"\n","stream":"stdout","time":"2023-03-07T03:20:04.191337784Z"}
{"log":"{'file': '/results/results_5451a8c6-6c57-4b2a-8754-cfe73b01a9c7.json', 'status': 'Completed'} - \"/results/results_5451a8c6-6c57-4b2a-8754-cfe73b01a9c7.json\"\n","stream":"stdout","time":"2023-03-07T03:20:38.555446306Z"}
{"log":"{'file': '/results/results_2df4964c-a892-48c2-9eb6-cc07b344b267.json', 'status': 'Completed'} - \"/results/results_2df4964c-a892-48c2-9eb6-cc07b344b267.json\"\n","stream":"stdout","time":"2023-03-07T03:21:15.773831299Z"}
{"log":"{'file': '/results/results_4a931e32-bea3-4361-9aad-9f18a48032f9.json', 'status': 'Completed'} - \"/results/results_4a931e32-bea3-4361-9aad-9f18a48032f9.json\"\n","stream":"stdout","time":"2023-03-07T03:21:51.627405277Z"}
{"log":"{'file': '/results/results_88e9e0af-b738-4ebe-bf9d-dff6c449e930.json', 'status': 'Completed'} - \"/results/results_88e9e0af-b738-4ebe-bf9d-dff6c449e930.json\"\n","stream":"stdout","time":"2023-03-07T03:22:26.814944323Z"}
{"log":"{'file': '/results/results_a62fe989-72ab-4766-9edd-c50fbdac6c3c.json', 'status': 'Completed'} - \"/results/results_a62fe989-72ab-4766-9edd-c50fbdac6c3c.json\"\n","stream":"stdout","time":"2023-03-07T03:23:02.581248218Z"}
{"log":"{'file': '/results/results_e577cd28-c84f-4d47-af1e-16fe5a4563e6.json', 'status': 'Completed'} - \"/results/results_e577cd28-c84f-4d47-af1e-16fe5a4563e6.json\"\n","stream":"stdout","time":"2023-03-07T03:23:39.48121233Z"}
{"log":"{'file': '/results/results_5ea27df7-bced-4e9b-94da-1045f1137271.json', 'status': 'Completed'} - \"/results/results_5ea27df7-bced-4e9b-94da-1045f1137271.json\"\n","stream":"stdout","time":"2023-03-07T03:24:16.191493497Z"}
{"log":"{'file': '/results/results_194468e1-f31e-405d-9622-bc9464ff9ee3.json', 'status': 'Completed'} - \"/results/results_194468e1-f31e-405d-9622-bc9464ff9ee3.json\"\n","stream":"stdout","time":"2023-03-07T03:24:53.035756891Z"}
{"log":"{'file': '/results/results_00888339-3b56-400d-9e8a-3bdd1369da70.json', 'status': 'Completed'} - \"/results/results_00888339-3b56-400d-9e8a-3bdd1369da70.json\"\n","stream":"stdout","time":"2023-03-07T03:25:28.503134277Z"}
{"log":"{'file': '/results/results_80a5206c-54da-4b64-a7bb-89a92cff96bd.json', 'status': 'Completed'} - \"/results/results_80a5206c-54da-4b64-a7bb-89a92cff96bd.json\"\n","stream":"stdout","time":"2023-03-07T03:26:03.390789039Z"}
{"log":"{'file': '/results/results_90012512-1824-4106-a284-6338be797711.json', 'status': 'Completed'} - \"/results/results_90012512-1824-4106-a284-6338be797711.json\"\n","stream":"stdout","time":"2023-03-07T03:26:38.831123541Z"}
{"log":"{'file': '/results/results_2746fce2-9c24-44b7-a901-cc41e521bd1f.json', 'status': 'Completed'} - \"/results/results_2746fce2-9c24-44b7-a901-cc41e521bd1f.json\"\n","stream":"stdout","time":"2023-03-07T03:27:13.574771397Z"}
{"log":"{'file': '/results/results_5751278a-2e91-42a0-99a3-869581e58292.json', 'status': 'Completed'} - \"/results/results_5751278a-2e91-42a0-99a3-869581e58292.json\"\n","stream":"stdout","time":"2023-03-07T03:27:49.230531198Z"}
{"log":"{'file': '/results/results_167d6364-edc8-4fdb-a86c-71baac046f36.json', 'status': 'Completed'} - \"/results/results_167d6364-edc8-4fdb-a86c-71baac046f36.json\"\n","stream":"stdout","time":"2023-03-07T03:28:24.884074382Z"}
{"log":"{'file': '/results/results_18db24f7-3791-4d6d-a581-74d65dea8ed0.json', 'status': 'Completed'} - \"/results/results_18db24f7-3791-4d6d-a581-74d65dea8ed0.json\"\n","stream":"stdout","time":"2023-03-07T03:29:00.708204395Z"}
{"log":"{'file': '/results/results_fbb91069-261e-4ba9-bd49-126bf164af0d.json', 'status': 'Completed'} - \"/results/results_fbb91069-261e-4ba9-bd49-126bf164af0d.json\"\n","stream":"stdout","time":"2023-03-07T03:29:38.693894227Z"}
{"log":"{'file': '/results/results_8be24b64-984c-4ec1-90b9-242048934545.json', 'status': 'Completed'} - \"/results/results_8be24b64-984c-4ec1-90b9-242048934545.json\"\n","stream":"stdout","time":"2023-03-07T03:30:15.54568965Z"}
{"log":"{'file': '/results/results_ae97fb3c-48e8-40be-a2a2-0649cd817064.json', 'status': 'Completed'} - \"/results/results_ae97fb3c-48e8-40be-a2a2-0649cd817064.json\"\n","stream":"stdout","time":"2023-03-07T03:30:51.910058273Z"}
{"log":"{'file': '/results/results_9e9107b0-712b-4416-8000-aa6850b46b97.json', 'status': 'Completed'} - \"/results/results_9e9107b0-712b-4416-8000-aa6850b46b97.json\"\n","stream":"stdout","time":"2023-03-07T03:31:27.717391354Z"}
{"log":"{'file': '/results/results_beefc926-4bbf-4ab7-85cc-8846011290bf.json', 'status': 'Completed'} - \"/results/results_beefc926-4bbf-4ab7-85cc-8846011290bf.json\"\n","stream":"stdout","time":"2023-03-07T03:32:03.116626957Z"}
{"log":"{'file': '/results/results_1ab57f7a-e847-4988-aa20-b9e20f2d719d.json', 'status': 'Completed'} - \"/results/results_1ab57f7a-e847-4988-aa20-b9e20f2d719d.json\"\n","stream":"stdout","time":"2023-03-07T03:32:39.351232282Z"}
{"log":"{'file': '/results/results_e377966e-d709-4168-b068-e34491d34b98.json', 'status': 'Completed'} - \"/results/results_e377966e-d709-4168-b068-e34491d34b98.json\"\n","stream":"stdout","time":"2023-03-07T03:33:15.261194761Z"}
{"log":"{'file': '/results/results_d287a665-c70b-4c19-9393-46638cb5dcfc.json', 'status': 'Completed'} - \"/results/results_d287a665-c70b-4c19-9393-46638cb5dcfc.json\"\n","stream":"stdout","time":"2023-03-07T03:33:52.08006958Z"}
{"log":"{'file': '/results/results_d58e54bb-e876-4048-843f-30c2df8f8bc1.json', 'status': 'Completed'} - \"/results/results_d58e54bb-e876-4048-843f-30c2df8f8bc1.json\"\n","stream":"stdout","time":"2023-03-07T03:34:04.317364738Z"}
{"log":"TIME_LOG: RESPONSE TIME 1678156429407 1678160044312 3614905\n","stream":"stdout","time":"2023-03-07T03:34:04.317494736Z"}
