{"log":"[INFO] Scanning for projects...\n","stream":"stdout","time":"2023-03-07T05:29:39.295092903Z"}
{"log":"Downloading from central: https://repo.maven.apache.org/maven2/org/apache/maven/plugins/maven-deploy-plugin/3.0.0/maven-deploy-plugin-3.0.0.pom\n","stream":"stdout","time":"2023-03-07T05:29:39.713797001Z"}
{"log":"Progress (1): 1.4/8.5 kB\rProgress (1): 2.7/8.5 kB\rProgress (1): 4.1/8.5 kB\rProgress (1): 5.5/8.5 kB\rProgress (1): 6.9/8.5 kB\rProgress (1): 8.2/8.5 kB\rProgress (1): 8.5 kB    \r                    \rDownloaded from central: https://repo.maven.apache.org/maven2/org/apache/maven/plugins/maven-deploy-plugin/3.0.0/maven-deploy-plugin-3.0.0.pom (8.5 kB at 17 kB/s)\n","stream":"stdout","time":"2023-03-07T05:29:40.203967507Z"}
{"log":"Downloading from central: https://repo.maven.apache.org/maven2/org/apache/maven/plugins/maven-deploy-plugin/3.0.0/maven-deploy-plugin-3.0.0.jar\n","stream":"stdout","time":"2023-03-07T05:29:40.220227393Z"}
{"log":"Progress (1): 1.4/37 kB\rProgress (1): 2.7/37 kB\rProgress (1): 4.1/37 kB\rProgress (1): 5.5/37 kB\rProgress (1): 6.9/37 kB\rProgress (1): 8.2/37 kB\rProgress (1): 9.6/37 kB\rProgress (1): 11/37 kB \rProgress (1): 12/37 kB\rProgress (1): 14/37 kB\rProgress (1): 15/37 kB\rProgress (1): 16/37 kB\rProgress (1): 18/37 kB\rProgress (1): 19/37 kB\rProgress (1): 21/37 kB\rProgress (1): 22/37 kB\rProgress (1): 23/37 kB\rProgress (1): 25/37 kB\rProgress (1): 26/37 kB\rProgress (1): 27/37 kB\rProgress (1): 29/37 kB\rProgress (1): 30/37 kB\rProgress (1): 32/37 kB\rProgress (1): 33/37 kB\rProgress (1): 34/37 kB\rProgress (1): 36/37 kB\rProgress (1): 37/37 kB\rProgress (1): 37 kB   \r                   \rDownloaded from central: https://repo.maven.apache.org/maven2/org/apache/maven/plugins/maven-deploy-plugin/3.0.0/maven-deploy-plugin-3.0.0.jar (37 kB at 382 kB/s)\n","stream":"stdout","time":"2023-03-07T05:29:40.317224782Z"}
{"log":"Downloading from central: https://repo.maven.apache.org/maven2/org/apache/maven/plugins/maven-site-plugin/3.12.1/maven-site-plugin-3.12.1.pom\n","stream":"stdout","time":"2023-03-07T05:29:40.321377728Z"}
{"log":"Progress (1): 16/20 kB\rProgress (1): 20 kB   \r                   \rDownloaded from central: https://repo.maven.apache.org/maven2/org/apache/maven/plugins/maven-site-plugin/3.12.1/maven-site-plugin-3.12.1.pom (20 kB at 292 kB/s)\n","stream":"stdout","time":"2023-03-07T05:29:40.389996891Z"}
{"log":"Downloading from central: https://repo.maven.apache.org/maven2/org/apache/maven/plugins/maven-site-plugin/3.12.1/maven-site-plugin-3.12.1.jar\n","stream":"stdout","time":"2023-03-07T05:29:40.397020722Z"}
{"log":"Progress (1): 16/119 kB\rProgress (1): 32/119 kB\rProgress (1): 49/119 kB\rProgress (1): 65/119 kB\rProgress (1): 81/119 kB\rProgress (1): 98/119 kB\rProgress (1): 114/119 kB\rProgress (1): 119 kB    \r                    \rDownloaded from central: https://repo.maven.apache.org/maven2/org/apache/maven/plugins/maven-site-plugin/3.12.1/maven-site-plugin-3.12.1.jar (119 kB at 907 kB/s)\n","stream":"stdout","time":"2023-03-07T05:29:40.527301852Z"}
{"log":"Downloading from central: https://repo.maven.apache.org/maven2/org/apache/maven/plugins/maven-antrun-plugin/1.3/maven-antrun-plugin-1.3.pom\n","stream":"stdout","time":"2023-03-07T05:29:40.53428399Z"}
{"log":"Progress (1): 4.7 kB\r                    \rDownloaded from central: https://repo.maven.apache.org/maven2/org/apache/maven/plugins/maven-antrun-plugin/1.3/maven-antrun-plugin-1.3.pom (4.7 kB at 78 kB/s)\n","stream":"stdout","time":"2023-03-07T05:29:40.595731244Z"}
{"log":"Downloading from central: https://repo.maven.apache.org/maven2/org/apache/maven/plugins/maven-plugins/12/maven-plugins-12.pom\n","stream":"stdout","time":"2023-03-07T05:29:40.598814133Z"}
{"log":"Progress (1): 12 kB\r                   \rDownloaded from central: https://repo.maven.apache.org/maven2/org/apache/maven/plugins/maven-plugins/12/maven-plugins-12.pom (12 kB at 186 kB/s)\n","stream":"stdout","time":"2023-03-07T05:29:40.661609256Z"}
{"log":"Downloading from central: https://repo.maven.apache.org/maven2/org/apache/maven/maven-parent/9/maven-parent-9.pom\n","stream":"stdout","time":"2023-03-07T05:29:40.664566637Z"}
{"log":"Progress (1): 16/33 kB\rProgress (1): 32/33 kB\rProgress (1): 33 kB   \r                   \rDownloaded from central: https://repo.maven.apache.org/maven2/org/apache/maven/maven-parent/9/maven-parent-9.pom (33 kB at 505 kB/s)\n","stream":"stdout","time":"2023-03-07T05:29:40.729586362Z"}
{"log":"Downloading from central: https://repo.maven.apache.org/maven2/org/apache/maven/plugins/maven-antrun-plugin/1.3/maven-antrun-plugin-1.3.jar\n","stream":"stdout","time":"2023-03-07T05:29:40.735506501Z"}
{"log":"Progress (1): 16/24 kB\rProgress (1): 24 kB   \r                   \rDownloaded from central: https://repo.maven.apache.org/maven2/org/apache/maven/plugins/maven-antrun-plugin/1.3/maven-antrun-plugin-1.3.jar (24 kB at 368 kB/s)\n","stream":"stdout","time":"2023-03-07T05:29:40.799238164Z"}
{"log":"Downloading from central: https://repo.maven.apache.org/maven2/org/apache/maven/plugins/maven-assembly-plugin/2.2-beta-5/maven-assembly-plugin-2.2-beta-5.pom\n","stream":"stdout","time":"2023-03-07T05:29:40.802452589Z"}
{"log":"Progress (1): 15 kB\r                   \rDownloaded from central: https://repo.maven.apache.org/maven2/org/apache/maven/plugins/maven-assembly-plugin/2.2-beta-5/maven-assembly-plugin-2.2-beta-5.pom (15 kB at 244 kB/s)\n","stream":"stdout","time":"2023-03-07T05:29:40.864919447Z"}
{"log":"Downloading from central: https://repo.maven.apache.org/maven2/org/apache/maven/plugins/maven-plugins/16/maven-plugins-16.pom\n","stream":"stdout","time":"2023-03-07T05:29:40.868621868Z"}
{"log":"Progress (1): 13 kB\r                   \rDownloaded from central: https://repo.maven.apache.org/maven2/org/apache/maven/plugins/maven-plugins/16/maven-plugins-16.pom (13 kB at 209 kB/s)\n","stream":"stdout","time":"2023-03-07T05:29:40.930616952Z"}
{"log":"Downloading from central: https://repo.maven.apache.org/maven2/org/apache/maven/plugins/maven-assembly-plugin/2.2-beta-5/maven-assembly-plugin-2.2-beta-5.jar\n","stream":"stdout","time":"2023-03-07T05:29:40.938123273Z"}
{"log":"Progress (1): 16/209 kB\rProgress (1): 32/209 kB\rProgress (1): 49/209 kB\rProgress (1): 65/209 kB\rProgress (1): 81/209 kB\rProgress (1): 98/209 kB\rProgress (1): 114/209 kB\rProgress (1): 131/209 kB\rProgress (1): 147/209 kB\rProgress (1): 163/209 kB\rProgress (1): 180/209 kB\rProgress (1): 196/209 kB\rProgress (1): 209 kB    \r                    \rDownloaded from central: https://repo.maven.apache.org/maven2/org/apache/maven/plugins/maven-assembly-plugin/2.2-beta-5/maven-assembly-plugin-2.2-beta-5.jar (209 kB at 1.7 MB/s)\n","stream":"stdout","time":"2023-03-07T05:29:41.061606528Z"}
{"log":"Downloading from central: https://repo.maven.apache.org/maven2/org/apache/maven/plugins/maven-dependency-plugin/2.8/maven-dependency-plugin-2.8.pom\n","stream":"stdout","time":"2023-03-07T05:29:41.068618418Z"}
{"log":"Progress (1): 11 kB\r                   \rDownloaded from central: https://repo.maven.apache.org/maven2/org/apache/maven/plugins/maven-dependency-plugin/2.8/maven-dependency-plugin-2.8.pom (11 kB at 185 kB/s)\n","stream":"stdout","time":"2023-03-07T05:29:41.130191866Z"}
{"log":"Downloading from central: https://repo.maven.apache.org/maven2/org/apache/maven/plugins/maven-dependency-plugin/2.8/maven-dependency-plugin-2.8.jar\n","stream":"stdout","time":"2023-03-07T05:29:41.139413782Z"}
{"log":"Progress (1): 16/153 kB\rProgress (1): 32/153 kB\rProgress (1): 49/153 kB\rProgress (1): 65/153 kB\rProgress (1): 81/153 kB\rProgress (1): 98/153 kB\rProgress (1): 114/153 kB\rProgress (1): 131/153 kB\rProgress (1): 147/153 kB\rProgress (1): 153 kB    \r                    \rDownloaded from central: https://repo.maven.apache.org/maven2/org/apache/maven/plugins/maven-dependency-plugin/2.8/maven-dependency-plugin-2.8.jar (153 kB at 2.1 MB/s)\n","stream":"stdout","time":"2023-03-07T05:29:41.212240611Z"}
{"log":"Downloading from central: https://repo.maven.apache.org/maven2/org/apache/maven/plugins/maven-release-plugin/2.5.3/maven-release-plugin-2.5.3.pom\n","stream":"stdout","time":"2023-03-07T05:29:41.222488602Z"}
{"log":"Progress (1): 11 kB\r                   \rDownloaded from central: https://repo.maven.apache.org/maven2/org/apache/maven/plugins/maven-release-plugin/2.5.3/maven-release-plugin-2.5.3.pom (11 kB at 182 kB/s)\n","stream":"stdout","time":"2023-03-07T05:29:41.283517316Z"}
{"log":"Downloading from central: https://repo.maven.apache.org/maven2/org/apache/maven/release/maven-release/2.5.3/maven-release-2.5.3.pom\n","stream":"stdout","time":"2023-03-07T05:29:41.286433375Z"}
{"log":"Progress (1): 5.0 kB\r                    \rDownloaded from central: https://repo.maven.apache.org/maven2/org/apache/maven/release/maven-release/2.5.3/maven-release-2.5.3.pom (5.0 kB at 82 kB/s)\n","stream":"stdout","time":"2023-03-07T05:29:41.347286633Z"}
{"log":"Downloading from central: https://repo.maven.apache.org/maven2/org/apache/maven/maven-parent/27/maven-parent-27.pom\n","stream":"stdout","time":"2023-03-07T05:29:41.349915696Z"}
{"log":"Progress (1): 16/41 kB\rProgress (1): 33/41 kB\rProgress (1): 41 kB   \r                   \rDownloaded from central: https://repo.maven.apache.org/maven2/org/apache/maven/maven-parent/27/maven-parent-27.pom (41 kB at 646 kB/s)\n","stream":"stdout","time":"2023-03-07T05:29:41.412799369Z"}
{"log":"Downloading from central: https://repo.maven.apache.org/maven2/org/apache/maven/plugins/maven-release-plugin/2.5.3/maven-release-plugin-2.5.3.jar\n","stream":"stdout","time":"2023-03-07T05:29:41.41987814Z"}
{"log":"Progress (1): 16/53 kB\rProgress (1): 33/53 kB\rProgress (1): 49/53 kB\rProgress (1): 53 kB   \r                   \rDownloaded from central: https://repo.maven.apache.org/maven2/org/apache/maven/plugins/maven-release-plugin/2.5.3/maven-release-plugin-2.5.3.jar (53 kB at 828 kB/s)\n","stream":"stdout","time":"2023-03-07T05:29:41.483641686Z"}
{"log":"Downloading from central: https://repo.maven.apache.org/maven2/org/apache/maven/plugins/maven-metadata.xml\n","stream":"stdout","time":"2023-03-07T05:29:41.495590388Z"}
{"log":"Downloading from central: https://repo.maven.apache.org/maven2/org/codehaus/mojo/maven-metadata.xml\n","stream":"stdout","time":"2023-03-07T05:29:41.495619994Z"}
{"log":"Progress (1): 16/21 kB\rProgress (1): 21 kB   \r                   \rDownloaded from central: https://repo.maven.apache.org/maven2/org/codehaus/mojo/maven-metadata.xml (21 kB at 287 kB/s)\n","stream":"stdout","time":"2023-03-07T05:29:41.567348167Z"}
{"log":"Progress (1): 1.4/14 kB\rProgress (1): 2.7/14 kB\rProgress (1): 4.1/14 kB\rProgress (1): 5.5/14 kB\rProgress (1): 6.9/14 kB\rProgress (1): 8.2/14 kB\rProgress (1): 9.6/14 kB\rProgress (1): 11/14 kB \rProgress (1): 12/14 kB\rProgress (1): 14/14 kB\rProgress (1): 14 kB   \r                   \rDownloaded from central: https://repo.maven.apache.org/maven2/org/apache/maven/plugins/maven-metadata.xml (14 kB at 77 kB/s)\n","stream":"stdout","time":"2023-03-07T05:29:41.679428018Z"}
{"log":"Downloading from central: https://repo.maven.apache.org/maven2/org/codehaus/mojo/exec-maven-plugin/maven-metadata.xml\n","stream":"stdout","time":"2023-03-07T05:29:41.686745599Z"}
{"log":"Progress (1): 803 B\r                   \rDownloaded from central: https://repo.maven.apache.org/maven2/org/codehaus/mojo/exec-maven-plugin/maven-metadata.xml (803 B at 14 kB/s)\n","stream":"stdout","time":"2023-03-07T05:29:41.74588431Z"}
{"log":"Downloading from central: https://repo.maven.apache.org/maven2/org/codehaus/mojo/exec-maven-plugin/3.1.0/exec-maven-plugin-3.1.0.pom\n","stream":"stdout","time":"2023-03-07T05:29:41.748094939Z"}
{"log":"Progress (1): 1.4/14 kB\rProgress (1): 2.7/14 kB\rProgress (1): 4.1/14 kB\rProgress (1): 5.5/14 kB\rProgress (1): 6.9/14 kB\rProgress (1): 8.2/14 kB\rProgress (1): 9.6/14 kB\rProgress (1): 11/14 kB \rProgress (1): 12/14 kB\rProgress (1): 14 kB   \r                   \rDownloaded from central: https://repo.maven.apache.org/maven2/org/codehaus/mojo/exec-maven-plugin/3.1.0/exec-maven-plugin-3.1.0.pom (14 kB at 197 kB/s)\n","stream":"stdout","time":"2023-03-07T05:29:41.816446271Z"}
{"log":"Downloading from central: https://repo.maven.apache.org/maven2/org/codehaus/mojo/mojo-parent/69/mojo-parent-69.pom\n","stream":"stdout","time":"2023-03-07T05:29:41.819729726Z"}
{"log":"Progress (1): 1.4/35 kB\rProgress (1): 2.7/35 kB\rProgress (1): 4.1/35 kB\rProgress (1): 5.5/35 kB\rProgress (1): 6.9/35 kB\rProgress (1): 8.2/35 kB\rProgress (1): 9.6/35 kB\rProgress (1): 11/35 kB \rProgress (1): 12/35 kB\rProgress (1): 14/35 kB\rProgress (1): 15/35 kB\rProgress (1): 16/35 kB\rProgress (1): 18/35 kB\rProgress (1): 19/35 kB\rProgress (1): 21/35 kB\rProgress (1): 22/35 kB\rProgress (1): 23/35 kB\rProgress (1): 25/35 kB\rProgress (1): 26/35 kB\rProgress (1): 27/35 kB\rProgress (1): 29/35 kB\rProgress (1): 30/35 kB\rProgress (1): 32/35 kB\rProgress (1): 33/35 kB\rProgress (1): 34/35 kB\rProgress (1): 35 kB   \r                   \rDownloaded from central: https://repo.maven.apache.org/maven2/org/codehaus/mojo/mojo-parent/69/mojo-parent-69.pom (35 kB at 413 kB/s)\n","stream":"stdout","time":"2023-03-07T05:29:41.90347396Z"}
{"log":"Downloading from central: https://repo.maven.apache.org/maven2/org/codehaus/mojo/exec-maven-plugin/3.1.0/exec-maven-plugin-3.1.0.jar\n","stream":"stdout","time":"2023-03-07T05:29:41.910420764Z"}
{"log":"Progress (1): 16/73 kB\rProgress (1): 33/73 kB\rProgress (1): 49/73 kB\rProgress (1): 66/73 kB\rProgress (1): 73 kB   \r                   \rDownloaded from central: https://repo.maven.apache.org/maven2/org/codehaus/mojo/exec-maven-plugin/3.1.0/exec-maven-plugin-3.1.0.jar (73 kB at 616 kB/s)\n","stream":"stdout","time":"2023-03-07T05:29:42.028369675Z"}
{"log":"[INFO] \n","stream":"stdout","time":"2023-03-07T05:29:42.039603232Z"}
{"log":"[INFO] ----------------------\u003c org.manager:Coordinator \u003e-----------------------\n","stream":"stdout","time":"2023-03-07T05:29:42.039622057Z"}
{"log":"[INFO] Building Coordinator 1.0-SNAPSHOT\n","stream":"stdout","time":"2023-03-07T05:29:42.039635675Z"}
{"log":"[INFO]   from pom.xml\n","stream":"stdout","time":"2023-03-07T05:29:42.039734465Z"}
{"log":"[INFO] --------------------------------[ jar ]---------------------------------\n","stream":"stdout","time":"2023-03-07T05:29:42.039749981Z"}
{"log":"[INFO] \n","stream":"stdout","time":"2023-03-07T05:29:42.919202149Z"}
{"log":"[INFO] --- exec:3.1.0:java (default-cli) @ Coordinator ---\n","stream":"stdout","time":"2023-03-07T05:29:42.919361288Z"}
{"log":"Downloading from central: https://repo.maven.apache.org/maven2/org/apache/commons/commons-exec/1.3/commons-exec-1.3.pom\n","stream":"stdout","time":"2023-03-07T05:29:42.933706594Z"}
{"log":"Progress (1): 11 kB\r                   \rDownloaded from central: https://repo.maven.apache.org/maven2/org/apache/commons/commons-exec/1.3/commons-exec-1.3.pom (11 kB at 177 kB/s)\n","stream":"stdout","time":"2023-03-07T05:29:42.996038122Z"}
{"log":"Downloading from central: https://repo.maven.apache.org/maven2/org/apache/commons/commons-parent/35/commons-parent-35.pom\n","stream":"stdout","time":"2023-03-07T05:29:42.999499809Z"}
{"log":"Progress (1): 16/58 kB\rProgress (1): 33/58 kB\rProgress (1): 49/58 kB\rProgress (1): 58 kB   \r                   \rDownloaded from central: https://repo.maven.apache.org/maven2/org/apache/commons/commons-parent/35/commons-parent-35.pom (58 kB at 814 kB/s)\n","stream":"stdout","time":"2023-03-07T05:29:43.070465891Z"}
{"log":"Downloading from central: https://repo.maven.apache.org/maven2/org/codehaus/plexus/plexus-component-annotations/2.1.1/plexus-component-annotations-2.1.1.jar\n","stream":"stdout","time":"2023-03-07T05:29:43.078896347Z"}
{"log":"Downloading from central: https://repo.maven.apache.org/maven2/org/apache/commons/commons-exec/1.3/commons-exec-1.3.jar\n","stream":"stdout","time":"2023-03-07T05:29:43.079107642Z"}
{"log":"Progress (1): 16/54 kB\rProgress (2): 16/54 kB | 4.1 kB\r                               \rDownloaded from central: https://repo.maven.apache.org/maven2/org/codehaus/plexus/plexus-component-annotations/2.1.1/plexus-component-annotations-2.1.1.jar (4.1 kB at 65 kB/s)\n","stream":"stdout","time":"2023-03-07T05:29:43.141724046Z"}
{"log":"Progress (1): 33/54 kB\rProgress (1): 49/54 kB\rProgress (1): 54 kB   \r                   \rDownloaded from central: https://repo.maven.apache.org/maven2/org/apache/commons/commons-exec/1.3/commons-exec-1.3.jar (54 kB at 767 kB/s)\n","stream":"stdout","time":"2023-03-07T05:29:43.149338108Z"}
{"log":"REST-API Opened for business!\n","stream":"stdout","time":"2023-03-07T05:29:43.335939167Z"}
{"log":"log4j:WARN No appenders could be found for logger (spark.route.Routes).\n","stream":"stderr","time":"2023-03-07T05:29:43.341493271Z"}
{"log":"log4j:WARN Please initialize the log4j system properly.\n","stream":"stderr","time":"2023-03-07T05:29:43.341514487Z"}
{"log":"log4j:WARN See http://logging.apache.org/log4j/1.2/faq.html#noconfig for more info.\n","stream":"stderr","time":"2023-03-07T05:29:43.34151784Z"}
{"log":"org.apache.calcite.sql.dialect.PostgresqlSqlDialect\n","stream":"stdout","time":"2023-03-07T05:37:04.813453117Z"}
{"log":"SELECT IMAGECLASSIFIER(`images`.`gender`)\n","stream":"stdout","time":"2023-03-07T05:37:05.17572768Z"}
{"log":"FROM `SCHEMA`.`SCHEMA`.`images` AS `images`\n","stream":"stdout","time":"2023-03-07T05:37:05.175761394Z"}
{"log":"WHERE `images`.`gender` = 0\n","stream":"stdout","time":"2023-03-07T05:37:05.175976431Z"}
{"log":"LogicalProject(EXPR$0=[imageClassifier($3)])\n","stream":"stdout","time":"2023-03-07T05:37:05.792965505Z"}
{"log":"  LogicalFilter(condition=[=($3, 0)])\n","stream":"stdout","time":"2023-03-07T05:37:05.792994046Z"}
{"log":"    JdbcTableScan(table=[[SCHEMA, SCHEMA, images]])\n","stream":"stdout","time":"2023-03-07T05:37:05.792997814Z"}
{"log":"\n","stream":"stdout","time":"2023-03-07T05:37:05.793000653Z"}
{"log":"EnumerableProject(EXPR$0=[imageClassifier($3)])\n","stream":"stdout","time":"2023-03-07T05:37:05.951108872Z"}
{"log":"  JdbcToEnumerableConverter\n","stream":"stdout","time":"2023-03-07T05:37:05.951144688Z"}
{"log":"    JdbcFilter(condition=[=($3, 0)])\n","stream":"stdout","time":"2023-03-07T05:37:05.95114893Z"}
{"log":"      JdbcTableScan(table=[[SCHEMA, SCHEMA, images]])\n","stream":"stdout","time":"2023-03-07T05:37:05.951152292Z"}
{"log":"\n","stream":"stdout","time":"2023-03-07T05:37:05.951155202Z"}
{"log":"test 1\n","stream":"stdout","time":"2023-03-07T05:37:05.951424125Z"}
{"log":"/image/\n","stream":"stdout","time":"2023-03-07T05:37:06.240063571Z"}
{"log":"alluxio://136.145.77.107:19998/image/metadata.json\n","stream":"stdout","time":"2023-03-07T05:37:06.24010532Z"}
{"log":"{'file': '/results/results_c6780132-37a1-4086-8ed4-2de671c0f96f.json', 'status': 'Completed'} - \"/results/results_c6780132-37a1-4086-8ed4-2de671c0f96f.json\"\n","stream":"stdout","time":"2023-03-07T05:38:36.953278238Z"}
{"log":"{'file': '/results/results_2b9fa41c-4293-450d-b17b-7f1d24b7f9eb.json', 'status': 'Completed'} - \"/results/results_2b9fa41c-4293-450d-b17b-7f1d24b7f9eb.json\"\n","stream":"stdout","time":"2023-03-07T05:40:05.428745121Z"}
{"log":"{'file': '/results/results_467e56aa-e9ff-4442-8348-741660bb705e.json', 'status': 'Completed'} - \"/results/results_467e56aa-e9ff-4442-8348-741660bb705e.json\"\n","stream":"stdout","time":"2023-03-07T05:41:34.432844043Z"}
{"log":"{'file': '/results/results_b4ae9a73-3aaa-4a70-88dc-dbe23b3ab09b.json', 'status': 'Completed'} - \"/results/results_b4ae9a73-3aaa-4a70-88dc-dbe23b3ab09b.json\"\n","stream":"stdout","time":"2023-03-07T05:43:03.26365714Z"}
{"log":"{'file': '/results/results_155b51ce-54ff-4ab3-a2f9-5e33ce737878.json', 'status': 'Completed'} - \"/results/results_155b51ce-54ff-4ab3-a2f9-5e33ce737878.json\"\n","stream":"stdout","time":"2023-03-07T05:44:32.006398802Z"}
{"log":"{'file': '/results/results_a88dc9da-cb70-4f91-a2a9-fca26e83d39a.json', 'status': 'Completed'} - \"/results/results_a88dc9da-cb70-4f91-a2a9-fca26e83d39a.json\"\n","stream":"stdout","time":"2023-03-07T05:46:00.869271867Z"}
{"log":"{'file': '/results/results_aa6d2a25-4bbd-45e8-8cba-513f2a9e224f.json', 'status': 'Completed'} - \"/results/results_aa6d2a25-4bbd-45e8-8cba-513f2a9e224f.json\"\n","stream":"stdout","time":"2023-03-07T05:47:30.144728224Z"}
{"log":"{'file': '/results/results_ad225ff7-d61c-473e-a5ac-56b449be07ef.json', 'status': 'Completed'} - \"/results/results_ad225ff7-d61c-473e-a5ac-56b449be07ef.json\"\n","stream":"stdout","time":"2023-03-07T05:48:59.044553744Z"}
{"log":"{'file': '/results/results_934c234a-561b-42e6-8791-ac01f2069850.json', 'status': 'Completed'} - \"/results/results_934c234a-561b-42e6-8791-ac01f2069850.json\"\n","stream":"stdout","time":"2023-03-07T05:50:28.142207126Z"}
{"log":"{'file': '/results/results_6d4575f8-a516-47a7-a903-c81e5078e706.json', 'status': 'Completed'} - \"/results/results_6d4575f8-a516-47a7-a903-c81e5078e706.json\"\n","stream":"stdout","time":"2023-03-07T05:51:57.077160122Z"}
{"log":"{'file': '/results/results_b7ad98a7-2d6d-4e1b-a323-ed5e38aa84f2.json', 'status': 'Completed'} - \"/results/results_b7ad98a7-2d6d-4e1b-a323-ed5e38aa84f2.json\"\n","stream":"stdout","time":"2023-03-07T05:53:26.077290902Z"}
{"log":"{'file': '/results/results_bce88eba-8eb5-4253-b981-f1bbea125469.json', 'status': 'Completed'} - \"/results/results_bce88eba-8eb5-4253-b981-f1bbea125469.json\"\n","stream":"stdout","time":"2023-03-07T05:54:55.303351337Z"}
{"log":"{'file': '/results/results_20c45f38-f489-4321-9492-6a0b082acd3d.json', 'status': 'Completed'} - \"/results/results_20c45f38-f489-4321-9492-6a0b082acd3d.json\"\n","stream":"stdout","time":"2023-03-07T05:56:24.738969588Z"}
{"log":"{'file': '/results/results_e7e92255-22d4-4d1f-9c82-8e97b4671914.json', 'status': 'Completed'} - \"/results/results_e7e92255-22d4-4d1f-9c82-8e97b4671914.json\"\n","stream":"stdout","time":"2023-03-07T05:57:53.951455427Z"}
{"log":"{'file': '/results/results_1a67ecd9-164c-4469-b02d-e675b00c11e8.json', 'status': 'Completed'} - \"/results/results_1a67ecd9-164c-4469-b02d-e675b00c11e8.json\"\n","stream":"stdout","time":"2023-03-07T05:59:23.176857936Z"}
{"log":"{'file': '/results/results_7c7ee2a7-919f-4aaa-b9ee-a1f2e60c6332.json', 'status': 'Completed'} - \"/results/results_7c7ee2a7-919f-4aaa-b9ee-a1f2e60c6332.json\"\n","stream":"stdout","time":"2023-03-07T06:00:52.119472469Z"}
{"log":"{'file': '/results/results_0b0f0b09-5cf8-42ad-b6ce-4d34c8680172.json', 'status': 'Completed'} - \"/results/results_0b0f0b09-5cf8-42ad-b6ce-4d34c8680172.json\"\n","stream":"stdout","time":"2023-03-07T06:02:21.118079001Z"}
{"log":"{'file': '/results/results_3664fb6c-43a6-4c4b-97ed-612326413c13.json', 'status': 'Completed'} - \"/results/results_3664fb6c-43a6-4c4b-97ed-612326413c13.json\"\n","stream":"stdout","time":"2023-03-07T06:04:06.470417336Z"}
{"log":"{'file': '/results/results_b2510651-476a-4413-848e-5a245823695d.json', 'status': 'Completed'} - \"/results/results_b2510651-476a-4413-848e-5a245823695d.json\"\n","stream":"stdout","time":"2023-03-07T06:05:35.654522525Z"}
{"log":"{'file': '/results/results_7cbe94e1-896e-4064-873a-feb9c8e8abd2.json', 'status': 'Completed'} - \"/results/results_7cbe94e1-896e-4064-873a-feb9c8e8abd2.json\"\n","stream":"stdout","time":"2023-03-07T06:07:08.595193979Z"}
{"log":"{'file': '/results/results_9d16be88-974c-4c09-81e1-f60f5723de95.json', 'status': 'Completed'} - \"/results/results_9d16be88-974c-4c09-81e1-f60f5723de95.json\"\n","stream":"stdout","time":"2023-03-07T06:08:38.034107759Z"}
{"log":"{'file': '/results/results_d58a2792-861d-49e5-ae2e-c684eb802223.json', 'status': 'Completed'} - \"/results/results_d58a2792-861d-49e5-ae2e-c684eb802223.json\"\n","stream":"stdout","time":"2023-03-07T06:10:07.306718348Z"}
{"log":"{'file': '/results/results_104fb260-df03-4696-ac9f-1ba62e135578.json', 'status': 'Completed'} - \"/results/results_104fb260-df03-4696-ac9f-1ba62e135578.json\"\n","stream":"stdout","time":"2023-03-07T06:11:36.861064078Z"}
{"log":"{'file': '/results/results_3ea6c1e0-44e0-41f5-b857-d473b8f3b66d.json', 'status': 'Completed'} - \"/results/results_3ea6c1e0-44e0-41f5-b857-d473b8f3b66d.json\"\n","stream":"stdout","time":"2023-03-07T06:13:05.960940471Z"}
{"log":"{'file': '/results/results_1cf32990-ccb5-4827-81e2-d10d8939d39e.json', 'status': 'Completed'} - \"/results/results_1cf32990-ccb5-4827-81e2-d10d8939d39e.json\"\n","stream":"stdout","time":"2023-03-07T06:14:35.710098703Z"}
{"log":"{'file': '/results/results_4e4290d1-66ac-4ae4-93e4-7040eaec2079.json', 'status': 'Completed'} - \"/results/results_4e4290d1-66ac-4ae4-93e4-7040eaec2079.json\"\n","stream":"stdout","time":"2023-03-07T06:16:04.675477039Z"}
{"log":"{'file': '/results/results_3c3dab38-306b-4e9a-bdff-70083e66dee6.json', 'status': 'Completed'} - \"/results/results_3c3dab38-306b-4e9a-bdff-70083e66dee6.json\"\n","stream":"stdout","time":"2023-03-07T06:17:34.040348959Z"}
{"log":"{'file': '/results/results_6c0c35a6-2104-43de-9030-11e354eaba17.json', 'status': 'Completed'} - \"/results/results_6c0c35a6-2104-43de-9030-11e354eaba17.json\"\n","stream":"stdout","time":"2023-03-07T06:19:03.096732606Z"}
{"log":"{'file': '/results/results_24794f28-7293-4af1-844e-e528bf182c4e.json', 'status': 'Completed'} - \"/results/results_24794f28-7293-4af1-844e-e528bf182c4e.json\"\n","stream":"stdout","time":"2023-03-07T06:20:32.253648397Z"}
{"log":"{'file': '/results/results_67e69f66-4518-4995-b96b-9dbbcdcd2cd3.json', 'status': 'Completed'} - \"/results/results_67e69f66-4518-4995-b96b-9dbbcdcd2cd3.json\"\n","stream":"stdout","time":"2023-03-07T06:22:01.660188464Z"}
{"log":"{'file': '/results/results_0d6dfda7-9625-4b79-9d92-bb107dbf872d.json', 'status': 'Completed'} - \"/results/results_0d6dfda7-9625-4b79-9d92-bb107dbf872d.json\"\n","stream":"stdout","time":"2023-03-07T06:23:30.772420359Z"}
{"log":"{'file': '/results/results_40e9a128-d0f0-46ad-bcaf-41eb8dd54f15.json', 'status': 'Completed'} - \"/results/results_40e9a128-d0f0-46ad-bcaf-41eb8dd54f15.json\"\n","stream":"stdout","time":"2023-03-07T06:25:02.104230336Z"}
{"log":"{'file': '/results/results_2aa54496-77bb-4752-b83a-c681513edc16.json', 'status': 'Completed'} - \"/results/results_2aa54496-77bb-4752-b83a-c681513edc16.json\"\n","stream":"stdout","time":"2023-03-07T06:26:33.59558715Z"}
{"log":"{'file': '/results/results_97cdd833-71ed-4cb2-9066-87782bf8738f.json', 'status': 'Completed'} - \"/results/results_97cdd833-71ed-4cb2-9066-87782bf8738f.json\"\n","stream":"stdout","time":"2023-03-07T06:28:04.580192991Z"}
{"log":"{'file': '/results/results_170a3bd1-fd87-496a-a8dc-8564d8306494.json', 'status': 'Completed'} - \"/results/results_170a3bd1-fd87-496a-a8dc-8564d8306494.json\"\n","stream":"stdout","time":"2023-03-07T06:29:36.106318852Z"}
{"log":"{'file': '/results/results_e4d95f55-bb16-45d1-b009-1a7d1ee45d43.json', 'status': 'Completed'} - \"/results/results_e4d95f55-bb16-45d1-b009-1a7d1ee45d43.json\"\n","stream":"stdout","time":"2023-03-07T06:31:05.577197988Z"}
{"log":"{'file': '/results/results_352a9f3d-9194-4053-96da-b890497eaeb0.json', 'status': 'Completed'} - \"/results/results_352a9f3d-9194-4053-96da-b890497eaeb0.json\"\n","stream":"stdout","time":"2023-03-07T06:32:35.162408388Z"}
{"log":"{'file': '/results/results_e87b6149-ea82-49c9-9c56-a8e35f186f1f.json', 'status': 'Completed'} - \"/results/results_e87b6149-ea82-49c9-9c56-a8e35f186f1f.json\"\n","stream":"stdout","time":"2023-03-07T06:34:05.098505966Z"}
{"log":"{'file': '/results/results_2a1811d0-79f3-42cb-b4bf-a65968e7758f.json', 'status': 'Completed'} - \"/results/results_2a1811d0-79f3-42cb-b4bf-a65968e7758f.json\"\n","stream":"stdout","time":"2023-03-07T06:35:36.080702704Z"}
{"log":"{'file': '/results/results_b28c4957-c01a-429f-b917-0857b5e23695.json', 'status': 'Completed'} - \"/results/results_b28c4957-c01a-429f-b917-0857b5e23695.json\"\n","stream":"stdout","time":"2023-03-07T06:37:05.538203665Z"}
{"log":"{'file': '/results/results_fe1d41e5-5bcf-4c55-b216-ea44ec037464.json', 'status': 'Completed'} - \"/results/results_fe1d41e5-5bcf-4c55-b216-ea44ec037464.json\"\n","stream":"stdout","time":"2023-03-07T06:38:35.198730158Z"}
{"log":"{'file': '/results/results_99aee0c9-71c3-4cb7-9a4a-c9e96cda400f.json', 'status': 'Completed'} - \"/results/results_99aee0c9-71c3-4cb7-9a4a-c9e96cda400f.json\"\n","stream":"stdout","time":"2023-03-07T06:40:04.721096498Z"}
{"log":"{'file': '/results/results_9ab3af60-c885-450c-b62b-7d9f7308d096.json', 'status': 'Completed'} - \"/results/results_9ab3af60-c885-450c-b62b-7d9f7308d096.json\"\n","stream":"stdout","time":"2023-03-07T06:41:34.708089315Z"}
{"log":"{'file': '/results/results_47f01a12-0048-4bed-8e4b-ba5dfaa51b69.json', 'status': 'Completed'} - \"/results/results_47f01a12-0048-4bed-8e4b-ba5dfaa51b69.json\"\n","stream":"stdout","time":"2023-03-07T06:43:04.438821944Z"}
{"log":"{'file': '/results/results_a760b39a-41b6-4150-9b71-cf354574dded.json', 'status': 'Completed'} - \"/results/results_a760b39a-41b6-4150-9b71-cf354574dded.json\"\n","stream":"stdout","time":"2023-03-07T06:44:33.72676156Z"}
{"log":"{'file': '/results/results_5fc1d6e1-962f-4593-9134-9365b08062a7.json', 'status': 'Completed'} - \"/results/results_5fc1d6e1-962f-4593-9134-9365b08062a7.json\"\n","stream":"stdout","time":"2023-03-07T06:46:03.080109993Z"}
{"log":"{'file': '/results/results_9c22e38e-d54a-4439-8ae9-16bee3491c93.json', 'status': 'Completed'} - \"/results/results_9c22e38e-d54a-4439-8ae9-16bee3491c93.json\"\n","stream":"stdout","time":"2023-03-07T06:47:32.579400559Z"}
{"log":"{'file': '/results/results_8dfbb660-f5f7-4abf-98ff-b32a4581a6ec.json', 'status': 'Completed'} - \"/results/results_8dfbb660-f5f7-4abf-98ff-b32a4581a6ec.json\"\n","stream":"stdout","time":"2023-03-07T06:49:01.771119063Z"}
{"log":"{'file': '/results/results_97aef5b6-0e5b-4f6d-a09d-4f68ef6b1cd9.json', 'status': 'Completed'} - \"/results/results_97aef5b6-0e5b-4f6d-a09d-4f68ef6b1cd9.json\"\n","stream":"stdout","time":"2023-03-07T06:50:30.923781768Z"}
{"log":"{'file': '/results/results_779645a1-7e5b-4f6b-92e4-1898286d3ed0.json', 'status': 'Completed'} - \"/results/results_779645a1-7e5b-4f6b-92e4-1898286d3ed0.json\"\n","stream":"stdout","time":"2023-03-07T06:52:00.091022924Z"}
{"log":"{'file': '/results/results_f93544e5-cfe8-4861-b9a3-35b7cf6ea051.json', 'status': 'Completed'} - \"/results/results_f93544e5-cfe8-4861-b9a3-35b7cf6ea051.json\"\n","stream":"stdout","time":"2023-03-07T06:53:29.736826435Z"}
{"log":"{'file': '/results/results_687676d4-f67e-4e7a-b1bb-2c9f364cae62.json', 'status': 'Completed'} - \"/results/results_687676d4-f67e-4e7a-b1bb-2c9f364cae62.json\"\n","stream":"stdout","time":"2023-03-07T06:54:59.32748856Z"}
{"log":"{'file': '/results/results_ac0736a8-de29-4282-b3ee-67be7a3b3df8.json', 'status': 'Completed'} - \"/results/results_ac0736a8-de29-4282-b3ee-67be7a3b3df8.json\"\n","stream":"stdout","time":"2023-03-07T06:56:28.602791655Z"}
{"log":"{'file': '/results/results_12c7db92-9e2d-4a82-b88c-2dd52255ff6f.json', 'status': 'Completed'} - \"/results/results_12c7db92-9e2d-4a82-b88c-2dd52255ff6f.json\"\n","stream":"stdout","time":"2023-03-07T06:57:58.11835793Z"}
{"log":"{'file': '/results/results_db3e7459-642b-481a-a955-77aa3e9a9d9c.json', 'status': 'Completed'} - \"/results/results_db3e7459-642b-481a-a955-77aa3e9a9d9c.json\"\n","stream":"stdout","time":"2023-03-07T06:59:26.795597386Z"}
{"log":"{'file': '/results/results_a414288f-96cf-4e39-983a-df1bebbd90e9.json', 'status': 'Completed'} - \"/results/results_a414288f-96cf-4e39-983a-df1bebbd90e9.json\"\n","stream":"stdout","time":"2023-03-07T07:00:55.82361994Z"}
{"log":"{'file': '/results/results_2e7c39c0-2815-418b-9af6-b99d389052a0.json', 'status': 'Completed'} - \"/results/results_2e7c39c0-2815-418b-9af6-b99d389052a0.json\"\n","stream":"stdout","time":"2023-03-07T07:02:25.364239566Z"}
{"log":"{'file': '/results/results_06656e36-99fa-4cc9-b886-85a86755765f.json', 'status': 'Completed'} - \"/results/results_06656e36-99fa-4cc9-b886-85a86755765f.json\"\n","stream":"stdout","time":"2023-03-07T07:03:54.485244718Z"}
{"log":"{'file': '/results/results_c4a819d5-7882-4899-adc3-e0a248b99d6e.json', 'status': 'Completed'} - \"/results/results_c4a819d5-7882-4899-adc3-e0a248b99d6e.json\"\n","stream":"stdout","time":"2023-03-07T07:05:23.857393151Z"}
{"log":"{'file': '/results/results_6dcf78cd-ab5a-4dc5-9d0c-c66720fbdc5d.json', 'status': 'Completed'} - \"/results/results_6dcf78cd-ab5a-4dc5-9d0c-c66720fbdc5d.json\"\n","stream":"stdout","time":"2023-03-07T07:06:52.724322487Z"}
{"log":"{'file': '/results/results_1477fb66-e4a1-409a-8ac6-55f0c4bc45ae.json', 'status': 'Completed'} - \"/results/results_1477fb66-e4a1-409a-8ac6-55f0c4bc45ae.json\"\n","stream":"stdout","time":"2023-03-07T07:08:21.889458442Z"}
{"log":"{'file': '/results/results_799f4cf9-fc01-44de-9c27-a510d8236242.json', 'status': 'Completed'} - \"/results/results_799f4cf9-fc01-44de-9c27-a510d8236242.json\"\n","stream":"stdout","time":"2023-03-07T07:09:50.824009798Z"}
{"log":"{'file': '/results/results_e8dab3a3-a04a-4dbd-b929-5a1d356786f6.json', 'status': 'Completed'} - \"/results/results_e8dab3a3-a04a-4dbd-b929-5a1d356786f6.json\"\n","stream":"stdout","time":"2023-03-07T07:11:20.476182279Z"}
{"log":"{'file': '/results/results_685e273c-cc3a-4007-b9bb-73a71dc1c690.json', 'status': 'Completed'} - \"/results/results_685e273c-cc3a-4007-b9bb-73a71dc1c690.json\"\n","stream":"stdout","time":"2023-03-07T07:12:49.357821128Z"}
{"log":"{'file': '/results/results_7a14deb0-e336-41cf-bfaf-e8ce07a6ea5c.json', 'status': 'Completed'} - \"/results/results_7a14deb0-e336-41cf-bfaf-e8ce07a6ea5c.json\"\n","stream":"stdout","time":"2023-03-07T07:14:18.091300484Z"}
{"log":"{'file': '/results/results_8d1fdc85-d3ce-44b7-8d86-c12552e7320a.json', 'status': 'Completed'} - \"/results/results_8d1fdc85-d3ce-44b7-8d86-c12552e7320a.json\"\n","stream":"stdout","time":"2023-03-07T07:15:46.848125872Z"}
{"log":"{'file': '/results/results_97824878-f0a5-4514-8302-4d826593556b.json', 'status': 'Completed'} - \"/results/results_97824878-f0a5-4514-8302-4d826593556b.json\"\n","stream":"stdout","time":"2023-03-07T07:17:15.67274274Z"}
{"log":"{'file': '/results/results_4bab5a26-08b3-4cf3-a5c5-e81cf293385b.json', 'status': 'Completed'} - \"/results/results_4bab5a26-08b3-4cf3-a5c5-e81cf293385b.json\"\n","stream":"stdout","time":"2023-03-07T07:18:44.773191213Z"}
{"log":"{'file': '/results/results_c294f4bc-d258-4776-9fe9-feecbd7a5bb0.json', 'status': 'Completed'} - \"/results/results_c294f4bc-d258-4776-9fe9-feecbd7a5bb0.json\"\n","stream":"stdout","time":"2023-03-07T07:20:13.705343972Z"}
{"log":"{'file': '/results/results_6e6aa779-d4fa-4221-96de-49ad1024904b.json', 'status': 'Completed'} - \"/results/results_6e6aa779-d4fa-4221-96de-49ad1024904b.json\"\n","stream":"stdout","time":"2023-03-07T07:21:42.835011483Z"}
{"log":"{'file': '/results/results_1f65656e-7901-4be9-bb96-0262f3db74dd.json', 'status': 'Completed'} - \"/results/results_1f65656e-7901-4be9-bb96-0262f3db74dd.json\"\n","stream":"stdout","time":"2023-03-07T07:23:11.690697787Z"}
{"log":"{'file': '/results/results_2b32d30b-0c7a-41a9-9cd9-4cb6c90fbdeb.json', 'status': 'Completed'} - \"/results/results_2b32d30b-0c7a-41a9-9cd9-4cb6c90fbdeb.json\"\n","stream":"stdout","time":"2023-03-07T07:24:40.403163741Z"}
{"log":"{'file': '/results/results_08b55d4e-05c7-4c9d-becf-e7020b729c72.json', 'status': 'Completed'} - \"/results/results_08b55d4e-05c7-4c9d-becf-e7020b729c72.json\"\n","stream":"stdout","time":"2023-03-07T07:26:09.318930873Z"}
{"log":"{'file': '/results/results_6be3de41-1e8e-4e41-a451-48aa4bfeb1ba.json', 'status': 'Completed'} - \"/results/results_6be3de41-1e8e-4e41-a451-48aa4bfeb1ba.json\"\n","stream":"stdout","time":"2023-03-07T07:27:38.363733692Z"}
{"log":"{'file': '/results/results_ee0d6209-b2f4-488d-adca-3bc3858fb1ea.json', 'status': 'Completed'} - \"/results/results_ee0d6209-b2f4-488d-adca-3bc3858fb1ea.json\"\n","stream":"stdout","time":"2023-03-07T07:29:07.123248606Z"}
{"log":"{'file': '/results/results_3a1e0898-d76f-4772-9a6d-60284f76c9f3.json', 'status': 'Completed'} - \"/results/results_3a1e0898-d76f-4772-9a6d-60284f76c9f3.json\"\n","stream":"stdout","time":"2023-03-07T07:30:36.022346914Z"}
{"log":"{'file': '/results/results_ec280a53-ef33-4052-b401-1e50bcbc0a67.json', 'status': 'Completed'} - \"/results/results_ec280a53-ef33-4052-b401-1e50bcbc0a67.json\"\n","stream":"stdout","time":"2023-03-07T07:32:04.824477844Z"}
{"log":"{'file': '/results/results_bc564065-ddf4-4e87-8c4b-187861f3845a.json', 'status': 'Completed'} - \"/results/results_bc564065-ddf4-4e87-8c4b-187861f3845a.json\"\n","stream":"stdout","time":"2023-03-07T07:33:33.623234078Z"}
{"log":"{'file': '/results/results_a60730bb-f157-45ca-95da-f4b3eaef1016.json', 'status': 'Completed'} - \"/results/results_a60730bb-f157-45ca-95da-f4b3eaef1016.json\"\n","stream":"stdout","time":"2023-03-07T07:35:02.355598317Z"}
{"log":"{'file': '/results/results_b9cc2b66-f493-48a9-91d2-b25e98d8fc13.json', 'status': 'Completed'} - \"/results/results_b9cc2b66-f493-48a9-91d2-b25e98d8fc13.json\"\n","stream":"stdout","time":"2023-03-07T07:36:31.202364552Z"}
{"log":"{'file': '/results/results_0e53a6d0-8a60-4122-b022-ee1545e8d0bf.json', 'status': 'Completed'} - \"/results/results_0e53a6d0-8a60-4122-b022-ee1545e8d0bf.json\"\n","stream":"stdout","time":"2023-03-07T07:38:00.248047078Z"}
{"log":"{'file': '/results/results_48be0db5-2a55-42dd-9724-45737e89f2d8.json', 'status': 'Completed'} - \"/results/results_48be0db5-2a55-42dd-9724-45737e89f2d8.json\"\n","stream":"stdout","time":"2023-03-07T07:39:29.292725312Z"}
{"log":"{'file': '/results/results_4fa01263-181a-441a-a2ca-7f1535209a56.json', 'status': 'Completed'} - \"/results/results_4fa01263-181a-441a-a2ca-7f1535209a56.json\"\n","stream":"stdout","time":"2023-03-07T07:40:58.378170982Z"}
{"log":"{'file': '/results/results_c5bd4b83-5f82-48d4-aef3-2509463abfc1.json', 'status': 'Completed'} - \"/results/results_c5bd4b83-5f82-48d4-aef3-2509463abfc1.json\"\n","stream":"stdout","time":"2023-03-07T07:42:27.281454146Z"}
{"log":"{'file': '/results/results_85711b9c-92ad-4502-91be-f82555424bb1.json', 'status': 'Completed'} - \"/results/results_85711b9c-92ad-4502-91be-f82555424bb1.json\"\n","stream":"stdout","time":"2023-03-07T07:43:56.058080281Z"}
{"log":"{'file': '/results/results_974c61b4-075a-45a5-b560-0cc00177d64a.json', 'status': 'Completed'} - \"/results/results_974c61b4-075a-45a5-b560-0cc00177d64a.json\"\n","stream":"stdout","time":"2023-03-07T07:45:24.895214355Z"}
{"log":"{'file': '/results/results_ee53b7d7-ea74-4baf-9af1-eaaf498e69fe.json', 'status': 'Completed'} - \"/results/results_ee53b7d7-ea74-4baf-9af1-eaaf498e69fe.json\"\n","stream":"stdout","time":"2023-03-07T07:46:53.675134916Z"}
{"log":"{'file': '/results/results_ae0532b3-bc0d-4f37-8786-4b3ccef57a2f.json', 'status': 'Completed'} - \"/results/results_ae0532b3-bc0d-4f37-8786-4b3ccef57a2f.json\"\n","stream":"stdout","time":"2023-03-07T07:48:22.26226779Z"}
{"log":"{'file': '/results/results_44ec3d06-1d16-41db-bf11-6da23a7d99bf.json', 'status': 'Completed'} - \"/results/results_44ec3d06-1d16-41db-bf11-6da23a7d99bf.json\"\n","stream":"stdout","time":"2023-03-07T07:49:51.286436065Z"}
{"log":"{'file': '/results/results_4cc7f24e-9eb7-4b91-a4bb-9743e9ef7ecb.json', 'status': 'Completed'} - \"/results/results_4cc7f24e-9eb7-4b91-a4bb-9743e9ef7ecb.json\"\n","stream":"stdout","time":"2023-03-07T07:51:20.265668604Z"}
{"log":"{'file': '/results/results_616bc538-f4d9-4721-bf5a-d3f62188187a.json', 'status': 'Completed'} - \"/results/results_616bc538-f4d9-4721-bf5a-d3f62188187a.json\"\n","stream":"stdout","time":"2023-03-07T07:52:49.129349939Z"}
{"log":"{'file': '/results/results_7b8ac99f-75d1-4228-9c9c-ec22ff71b6e1.json', 'status': 'Completed'} - \"/results/results_7b8ac99f-75d1-4228-9c9c-ec22ff71b6e1.json\"\n","stream":"stdout","time":"2023-03-07T07:54:18.185525103Z"}
{"log":"{'file': '/results/results_702226d7-5400-4032-8ac0-c7fd70bb5d7e.json', 'status': 'Completed'} - \"/results/results_702226d7-5400-4032-8ac0-c7fd70bb5d7e.json\"\n","stream":"stdout","time":"2023-03-07T07:55:46.919995925Z"}
{"log":"{'file': '/results/results_f52f6b45-d741-4f4a-bcfe-7433fa7e3905.json', 'status': 'Completed'} - \"/results/results_f52f6b45-d741-4f4a-bcfe-7433fa7e3905.json\"\n","stream":"stdout","time":"2023-03-07T07:57:16.205645799Z"}
{"log":"{'file': '/results/results_e339fe66-4633-4369-8ffb-9b15a775e800.json', 'status': 'Completed'} - \"/results/results_e339fe66-4633-4369-8ffb-9b15a775e800.json\"\n","stream":"stdout","time":"2023-03-07T07:58:45.103076082Z"}
{"log":"{'file': '/results/results_020ac016-fda2-4285-bb8a-15b18f2669a3.json', 'status': 'Completed'} - \"/results/results_020ac016-fda2-4285-bb8a-15b18f2669a3.json\"\n","stream":"stdout","time":"2023-03-07T08:00:13.78382704Z"}
{"log":"{'file': '/results/results_fb8b9da9-5ede-47b3-8706-1f79883099c8.json', 'status': 'Completed'} - \"/results/results_fb8b9da9-5ede-47b3-8706-1f79883099c8.json\"\n","stream":"stdout","time":"2023-03-07T08:01:42.791647501Z"}
{"log":"{'file': '/results/results_54556a44-2301-463e-bc29-304108ce6a69.json', 'status': 'Completed'} - \"/results/results_54556a44-2301-463e-bc29-304108ce6a69.json\"\n","stream":"stdout","time":"2023-03-07T08:03:11.498232075Z"}
{"log":"{'file': '/results/results_1eccf21c-77ca-41f1-84b6-c6dea3331897.json', 'status': 'Completed'} - \"/results/results_1eccf21c-77ca-41f1-84b6-c6dea3331897.json\"\n","stream":"stdout","time":"2023-03-07T08:04:40.205653583Z"}
{"log":"{'file': '/results/results_a81cc51b-1a1f-4342-ac52-b6a30abde126.json', 'status': 'Completed'} - \"/results/results_a81cc51b-1a1f-4342-ac52-b6a30abde126.json\"\n","stream":"stdout","time":"2023-03-07T08:06:08.689633983Z"}
{"log":"{'file': '/results/results_792035a3-3c67-427a-a741-57fa0e3741f9.json', 'status': 'Completed'} - \"/results/results_792035a3-3c67-427a-a741-57fa0e3741f9.json\"\n","stream":"stdout","time":"2023-03-07T08:07:37.234994726Z"}
{"log":"{'file': '/results/results_f4e6f05b-5383-4b5c-8371-b727ba1614f3.json', 'status': 'Completed'} - \"/results/results_f4e6f05b-5383-4b5c-8371-b727ba1614f3.json\"\n","stream":"stdout","time":"2023-03-07T08:08:03.799049486Z"}
{"log":"TIME_LOG: RESPONSE TIME 1678167424291 1678176483798 9059507\n","stream":"stdout","time":"2023-03-07T08:08:03.806054841Z"}
