{"log":"[INFO] Scanning for projects...\n","stream":"stdout","time":"2023-03-06T04:10:53.751594358Z"}
{"log":"Downloading from central: https://repo.maven.apache.org/maven2/org/apache/maven/plugins/maven-deploy-plugin/3.0.0/maven-deploy-plugin-3.0.0.pom\n","stream":"stdout","time":"2023-03-06T04:10:54.126027943Z"}
{"log":"Progress (1): 1.4/8.5 kB\rProgress (1): 2.7/8.5 kB\rProgress (1): 4.1/8.5 kB\rProgress (1): 5.5/8.5 kB\rProgress (1): 6.9/8.5 kB\rProgress (1): 8.2/8.5 kB\rProgress (1): 8.5 kB    \r                    \rDownloaded from central: https://repo.maven.apache.org/maven2/org/apache/maven/plugins/maven-deploy-plugin/3.0.0/maven-deploy-plugin-3.0.0.pom (8.5 kB at 16 kB/s)\n","stream":"stdout","time":"2023-03-06T04:10:54.639980459Z"}
{"log":"Downloading from central: https://repo.maven.apache.org/maven2/org/apache/maven/plugins/maven-deploy-plugin/3.0.0/maven-deploy-plugin-3.0.0.jar\n","stream":"stdout","time":"2023-03-06T04:10:54.659449472Z"}
{"log":"Progress (1): 1.4/37 kB\rProgress (1): 2.7/37 kB\rProgress (1): 4.1/37 kB\rProgress (1): 5.5/37 kB\rProgress (1): 6.9/37 kB\rProgress (1): 8.2/37 kB\rProgress (1): 9.6/37 kB\rProgress (1): 11/37 kB \rProgress (1): 12/37 kB\rProgress (1): 14/37 kB\rProgress (1): 15/37 kB\rProgress (1): 16/37 kB\rProgress (1): 17/37 kB\rProgress (1): 19/37 kB\rProgress (1): 20/37 kB\rProgress (1): 21/37 kB\rProgress (1): 23/37 kB\rProgress (1): 24/37 kB\rProgress (1): 25/37 kB\rProgress (1): 27/37 kB\rProgress (1): 28/37 kB\rProgress (1): 30/37 kB\rProgress (1): 31/37 kB\rProgress (1): 32/37 kB\rProgress (1): 34/37 kB\rProgress (1): 35/37 kB\rProgress (1): 36/37 kB\rProgress (1): 37 kB   \r                   \rDownloaded from central: https://repo.maven.apache.org/maven2/org/apache/maven/plugins/maven-deploy-plugin/3.0.0/maven-deploy-plugin-3.0.0.jar (37 kB at 317 kB/s)\n","stream":"stdout","time":"2023-03-06T04:10:54.777721347Z"}
{"log":"Downloading from central: https://repo.maven.apache.org/maven2/org/apache/maven/plugins/maven-site-plugin/3.12.1/maven-site-plugin-3.12.1.pom\n","stream":"stdout","time":"2023-03-06T04:10:54.783539408Z"}
{"log":"Progress (1): 16/20 kB\rProgress (1): 20 kB   \r                   \rDownloaded from central: https://repo.maven.apache.org/maven2/org/apache/maven/plugins/maven-site-plugin/3.12.1/maven-site-plugin-3.12.1.pom (20 kB at 284 kB/s)\n","stream":"stdout","time":"2023-03-06T04:10:54.853356777Z"}
{"log":"Downloading from central: https://repo.maven.apache.org/maven2/org/apache/maven/plugins/maven-site-plugin/3.12.1/maven-site-plugin-3.12.1.jar\n","stream":"stdout","time":"2023-03-06T04:10:54.863679435Z"}
{"log":"Progress (1): 16/119 kB\rProgress (1): 32/119 kB\rProgress (1): 49/119 kB\rProgress (1): 65/119 kB\rProgress (1): 81/119 kB\rProgress (1): 98/119 kB\rProgress (1): 114/119 kB\rProgress (1): 119 kB    \r                    \rDownloaded from central: https://repo.maven.apache.org/maven2/org/apache/maven/plugins/maven-site-plugin/3.12.1/maven-site-plugin-3.12.1.jar (119 kB at 887 kB/s)\n","stream":"stdout","time":"2023-03-06T04:10:54.997615607Z"}
{"log":"Downloading from central: https://repo.maven.apache.org/maven2/org/apache/maven/plugins/maven-antrun-plugin/1.3/maven-antrun-plugin-1.3.pom\n","stream":"stdout","time":"2023-03-06T04:10:55.007152451Z"}
{"log":"Progress (1): 4.7 kB\r                    \rDownloaded from central: https://repo.maven.apache.org/maven2/org/apache/maven/plugins/maven-antrun-plugin/1.3/maven-antrun-plugin-1.3.pom (4.7 kB at 75 kB/s)\n","stream":"stdout","time":"2023-03-06T04:10:55.069955467Z"}
{"log":"Downloading from central: https://repo.maven.apache.org/maven2/org/apache/maven/plugins/maven-plugins/12/maven-plugins-12.pom\n","stream":"stdout","time":"2023-03-06T04:10:55.073361719Z"}
{"log":"Progress (1): 12 kB\r                   \rDownloaded from central: https://repo.maven.apache.org/maven2/org/apache/maven/plugins/maven-plugins/12/maven-plugins-12.pom (12 kB at 186 kB/s)\n","stream":"stdout","time":"2023-03-06T04:10:55.136674332Z"}
{"log":"Downloading from central: https://repo.maven.apache.org/maven2/org/apache/maven/maven-parent/9/maven-parent-9.pom\n","stream":"stdout","time":"2023-03-06T04:10:55.14002338Z"}
{"log":"Progress (1): 16/33 kB\rProgress (1): 33/33 kB\rProgress (1): 33 kB   \r                   \rDownloaded from central: https://repo.maven.apache.org/maven2/org/apache/maven/maven-parent/9/maven-parent-9.pom (33 kB at 490 kB/s)\n","stream":"stdout","time":"2023-03-06T04:10:55.207098181Z"}
{"log":"Downloading from central: https://repo.maven.apache.org/maven2/org/apache/maven/plugins/maven-antrun-plugin/1.3/maven-antrun-plugin-1.3.jar\n","stream":"stdout","time":"2023-03-06T04:10:55.213814064Z"}
{"log":"Progress (1): 16/24 kB\rProgress (1): 24 kB   \r                   \rDownloaded from central: https://repo.maven.apache.org/maven2/org/apache/maven/plugins/maven-antrun-plugin/1.3/maven-antrun-plugin-1.3.jar (24 kB at 368 kB/s)\n","stream":"stdout","time":"2023-03-06T04:10:55.277983574Z"}
{"log":"Downloading from central: https://repo.maven.apache.org/maven2/org/apache/maven/plugins/maven-assembly-plugin/2.2-beta-5/maven-assembly-plugin-2.2-beta-5.pom\n","stream":"stdout","time":"2023-03-06T04:10:55.281943217Z"}
{"log":"Progress (1): 15 kB\r                   \rDownloaded from central: https://repo.maven.apache.org/maven2/org/apache/maven/plugins/maven-assembly-plugin/2.2-beta-5/maven-assembly-plugin-2.2-beta-5.pom (15 kB at 237 kB/s)\n","stream":"stdout","time":"2023-03-06T04:10:55.345304468Z"}
{"log":"Downloading from central: https://repo.maven.apache.org/maven2/org/apache/maven/plugins/maven-plugins/16/maven-plugins-16.pom\n","stream":"stdout","time":"2023-03-06T04:10:55.34899372Z"}
{"log":"Progress (1): 13 kB\r                   \rDownloaded from central: https://repo.maven.apache.org/maven2/org/apache/maven/plugins/maven-plugins/16/maven-plugins-16.pom (13 kB at 202 kB/s)\n","stream":"stdout","time":"2023-03-06T04:10:55.412178191Z"}
{"log":"Downloading from central: https://repo.maven.apache.org/maven2/org/apache/maven/plugins/maven-assembly-plugin/2.2-beta-5/maven-assembly-plugin-2.2-beta-5.jar\n","stream":"stdout","time":"2023-03-06T04:10:55.421461276Z"}
{"log":"Progress (1): 16/209 kB\rProgress (1): 32/209 kB\rProgress (1): 49/209 kB\rProgress (1): 65/209 kB\rProgress (1): 81/209 kB\rProgress (1): 98/209 kB\rProgress (1): 114/209 kB\rProgress (1): 131/209 kB\rProgress (1): 147/209 kB\rProgress (1): 163/209 kB\rProgress (1): 180/209 kB\rProgress (1): 196/209 kB\rProgress (1): 209 kB    \r                    \rDownloaded from central: https://repo.maven.apache.org/maven2/org/apache/maven/plugins/maven-assembly-plugin/2.2-beta-5/maven-assembly-plugin-2.2-beta-5.jar (209 kB at 1.7 MB/s)\n","stream":"stdout","time":"2023-03-06T04:10:55.545760977Z"}
{"log":"Downloading from central: https://repo.maven.apache.org/maven2/org/apache/maven/plugins/maven-dependency-plugin/2.8/maven-dependency-plugin-2.8.pom\n","stream":"stdout","time":"2023-03-06T04:10:55.553926928Z"}
{"log":"Progress (1): 11 kB\r                   \rDownloaded from central: https://repo.maven.apache.org/maven2/org/apache/maven/plugins/maven-dependency-plugin/2.8/maven-dependency-plugin-2.8.pom (11 kB at 176 kB/s)\n","stream":"stdout","time":"2023-03-06T04:10:55.618215356Z"}
{"log":"Downloading from central: https://repo.maven.apache.org/maven2/org/apache/maven/plugins/maven-dependency-plugin/2.8/maven-dependency-plugin-2.8.jar\n","stream":"stdout","time":"2023-03-06T04:10:55.629008607Z"}
{"log":"Progress (1): 16/153 kB\rProgress (1): 33/153 kB\rProgress (1): 49/153 kB\rProgress (1): 66/153 kB\rProgress (1): 82/153 kB\rProgress (1): 98/153 kB\rProgress (1): 115/153 kB\rProgress (1): 131/153 kB\rProgress (1): 147/153 kB\rProgress (1): 153 kB    \r                    \rDownloaded from central: https://repo.maven.apache.org/maven2/org/apache/maven/plugins/maven-dependency-plugin/2.8/maven-dependency-plugin-2.8.jar (153 kB at 2.1 MB/s)\n","stream":"stdout","time":"2023-03-06T04:10:55.702937018Z"}
{"log":"Downloading from central: https://repo.maven.apache.org/maven2/org/apache/maven/plugins/maven-release-plugin/2.5.3/maven-release-plugin-2.5.3.pom\n","stream":"stdout","time":"2023-03-06T04:10:55.714555692Z"}
{"log":"Progress (1): 11 kB\r                   \rDownloaded from central: https://repo.maven.apache.org/maven2/org/apache/maven/plugins/maven-release-plugin/2.5.3/maven-release-plugin-2.5.3.pom (11 kB at 152 kB/s)\n","stream":"stdout","time":"2023-03-06T04:10:55.787179126Z"}
{"log":"Downloading from central: https://repo.maven.apache.org/maven2/org/apache/maven/release/maven-release/2.5.3/maven-release-2.5.3.pom\n","stream":"stdout","time":"2023-03-06T04:10:55.79054476Z"}
{"log":"Progress (1): 5.0 kB\r                    \rDownloaded from central: https://repo.maven.apache.org/maven2/org/apache/maven/release/maven-release/2.5.3/maven-release-2.5.3.pom (5.0 kB at 70 kB/s)\n","stream":"stdout","time":"2023-03-06T04:10:55.862876645Z"}
{"log":"Downloading from central: https://repo.maven.apache.org/maven2/org/apache/maven/maven-parent/27/maven-parent-27.pom\n","stream":"stdout","time":"2023-03-06T04:10:55.865868399Z"}
{"log":"Progress (1): 16/41 kB\rProgress (1): 32/41 kB\rProgress (1): 41 kB   \r                   \rDownloaded from central: https://repo.maven.apache.org/maven2/org/apache/maven/maven-parent/27/maven-parent-27.pom (41 kB at 608 kB/s)\n","stream":"stdout","time":"2023-03-06T04:10:55.932907488Z"}
{"log":"Downloading from central: https://repo.maven.apache.org/maven2/org/apache/maven/plugins/maven-release-plugin/2.5.3/maven-release-plugin-2.5.3.jar\n","stream":"stdout","time":"2023-03-06T04:10:55.941949059Z"}
{"log":"Progress (1): 16/53 kB\rProgress (1): 33/53 kB\rProgress (1): 49/53 kB\rProgress (1): 53 kB   \r                   \rDownloaded from central: https://repo.maven.apache.org/maven2/org/apache/maven/plugins/maven-release-plugin/2.5.3/maven-release-plugin-2.5.3.jar (53 kB at 791 kB/s)\n","stream":"stdout","time":"2023-03-06T04:10:56.008861005Z"}
{"log":"Downloading from central: https://repo.maven.apache.org/maven2/org/apache/maven/plugins/maven-metadata.xml\n","stream":"stdout","time":"2023-03-06T04:10:56.022062677Z"}
{"log":"Downloading from central: https://repo.maven.apache.org/maven2/org/codehaus/mojo/maven-metadata.xml\n","stream":"stdout","time":"2023-03-06T04:10:56.023645119Z"}
{"log":"Progress (1): 14 kB\r                   \rDownloaded from central: https://repo.maven.apache.org/maven2/org/apache/maven/plugins/maven-metadata.xml (14 kB at 219 kB/s)\n","stream":"stdout","time":"2023-03-06T04:10:56.086511197Z"}
{"log":"Progress (1): 1.4/21 kB\rProgress (1): 2.7/21 kB\rProgress (1): 4.1/21 kB\rProgress (1): 5.5/21 kB\rProgress (1): 6.9/21 kB\rProgress (1): 8.2/21 kB\rProgress (1): 9.6/21 kB\rProgress (1): 11/21 kB \rProgress (1): 12/21 kB\rProgress (1): 14/21 kB\rProgress (1): 15/21 kB\rProgress (1): 16/21 kB\rProgress (1): 18/21 kB\rProgress (1): 19/21 kB\rProgress (1): 21/21 kB\rProgress (1): 21 kB   \r                   \rDownloaded from central: https://repo.maven.apache.org/maven2/org/codehaus/mojo/maven-metadata.xml (21 kB at 104 kB/s)\n","stream":"stdout","time":"2023-03-06T04:10:56.220721071Z"}
{"log":"Downloading from central: https://repo.maven.apache.org/maven2/org/codehaus/mojo/exec-maven-plugin/maven-metadata.xml\n","stream":"stdout","time":"2023-03-06T04:10:56.229279455Z"}
{"log":"Progress (1): 803 B\r                   \rDownloaded from central: https://repo.maven.apache.org/maven2/org/codehaus/mojo/exec-maven-plugin/maven-metadata.xml (803 B at 13 kB/s)\n","stream":"stdout","time":"2023-03-06T04:10:56.291663366Z"}
{"log":"Downloading from central: https://repo.maven.apache.org/maven2/org/codehaus/mojo/exec-maven-plugin/3.1.0/exec-maven-plugin-3.1.0.pom\n","stream":"stdout","time":"2023-03-06T04:10:56.294423556Z"}
{"log":"Progress (1): 1.4/14 kB\rProgress (1): 2.7/14 kB\rProgress (1): 4.1/14 kB\rProgress (1): 5.5/14 kB\rProgress (1): 6.9/14 kB\rProgress (1): 8.2/14 kB\rProgress (1): 9.6/14 kB\rProgress (1): 11/14 kB \rProgress (1): 12/14 kB\rProgress (1): 14 kB   \r                   \rDownloaded from central: https://repo.maven.apache.org/maven2/org/codehaus/mojo/exec-maven-plugin/3.1.0/exec-maven-plugin-3.1.0.pom (14 kB at 194 kB/s)\n","stream":"stdout","time":"2023-03-06T04:10:56.364384138Z"}
{"log":"Downloading from central: https://repo.maven.apache.org/maven2/org/codehaus/mojo/mojo-parent/69/mojo-parent-69.pom\n","stream":"stdout","time":"2023-03-06T04:10:56.367939825Z"}
{"log":"Progress (1): 16/35 kB\rProgress (1): 33/35 kB\rProgress (1): 35 kB   \r                   \rDownloaded from central: https://repo.maven.apache.org/maven2/org/codehaus/mojo/mojo-parent/69/mojo-parent-69.pom (35 kB at 423 kB/s)\n","stream":"stdout","time":"2023-03-06T04:10:56.449778839Z"}
{"log":"Downloading from central: https://repo.maven.apache.org/maven2/org/codehaus/mojo/exec-maven-plugin/3.1.0/exec-maven-plugin-3.1.0.jar\n","stream":"stdout","time":"2023-03-06T04:10:56.458333662Z"}
{"log":"Progress (1): 16/73 kB\rProgress (1): 33/73 kB\rProgress (1): 49/73 kB\rProgress (1): 66/73 kB\rProgress (1): 73 kB   \r                   \rDownloaded from central: https://repo.maven.apache.org/maven2/org/codehaus/mojo/exec-maven-plugin/3.1.0/exec-maven-plugin-3.1.0.jar (73 kB at 808 kB/s)\n","stream":"stdout","time":"2023-03-06T04:10:56.548141441Z"}
{"log":"[INFO] \n","stream":"stdout","time":"2023-03-06T04:10:56.562037085Z"}
{"log":"[INFO] ----------------------\u003c org.manager:Coordinator \u003e-----------------------\n","stream":"stdout","time":"2023-03-06T04:10:56.562064303Z"}
{"log":"[INFO] Building Coordinator 1.0-SNAPSHOT\n","stream":"stdout","time":"2023-03-06T04:10:56.562123772Z"}
{"log":"[INFO]   from pom.xml\n","stream":"stdout","time":"2023-03-06T04:10:56.562263066Z"}
{"log":"[INFO] --------------------------------[ jar ]---------------------------------\n","stream":"stdout","time":"2023-03-06T04:10:56.562386175Z"}
{"log":"[INFO] \n","stream":"stdout","time":"2023-03-06T04:10:57.448193937Z"}
{"log":"[INFO] --- exec:3.1.0:java (default-cli) @ Coordinator ---\n","stream":"stdout","time":"2023-03-06T04:10:57.448224096Z"}
{"log":"Downloading from central: https://repo.maven.apache.org/maven2/org/apache/commons/commons-exec/1.3/commons-exec-1.3.pom\n","stream":"stdout","time":"2023-03-06T04:10:57.464527979Z"}
{"log":"Progress (1): 11 kB\r                   \rDownloaded from central: https://repo.maven.apache.org/maven2/org/apache/commons/commons-exec/1.3/commons-exec-1.3.pom (11 kB at 169 kB/s)\n","stream":"stdout","time":"2023-03-06T04:10:57.529535995Z"}
{"log":"Downloading from central: https://repo.maven.apache.org/maven2/org/apache/commons/commons-parent/35/commons-parent-35.pom\n","stream":"stdout","time":"2023-03-06T04:10:57.533967696Z"}
{"log":"Progress (1): 16/58 kB\rProgress (1): 33/58 kB\rProgress (1): 49/58 kB\rProgress (1): 58 kB   \r                   \rDownloaded from central: https://repo.maven.apache.org/maven2/org/apache/commons/commons-parent/35/commons-parent-35.pom (58 kB at 781 kB/s)\n","stream":"stdout","time":"2023-03-06T04:10:57.607245675Z"}
{"log":"Downloading from central: https://repo.maven.apache.org/maven2/org/codehaus/plexus/plexus-component-annotations/2.1.1/plexus-component-annotations-2.1.1.jar\n","stream":"stdout","time":"2023-03-06T04:10:57.617532785Z"}
{"log":"Downloading from central: https://repo.maven.apache.org/maven2/org/apache/commons/commons-exec/1.3/commons-exec-1.3.jar\n","stream":"stdout","time":"2023-03-06T04:10:57.61789816Z"}
{"log":"Progress (1): 16/54 kB\rProgress (1): 33/54 kB\rProgress (1): 49/54 kB\rProgress (2): 49/54 kB | 4.1 kB\rProgress (2): 54 kB | 4.1 kB   \r                            \rDownloaded from central: https://repo.maven.apache.org/maven2/org/codehaus/plexus/plexus-component-annotations/2.1.1/plexus-component-annotations-2.1.1.jar (4.1 kB at 60 kB/s)\n","stream":"stdout","time":"2023-03-06T04:10:57.684843086Z"}
{"log":"Downloaded from central: https://repo.maven.apache.org/maven2/org/apache/commons/commons-exec/1.3/commons-exec-1.3.jar (54 kB at 800 kB/s)\n","stream":"stdout","time":"2023-03-06T04:10:57.685244689Z"}
{"log":"REST-API Opened for business!\n","stream":"stdout","time":"2023-03-06T04:10:57.904717548Z"}
{"log":"log4j:WARN No appenders could be found for logger (spark.route.Routes).\n","stream":"stderr","time":"2023-03-06T04:10:57.910373384Z"}
{"log":"log4j:WARN Please initialize the log4j system properly.\n","stream":"stderr","time":"2023-03-06T04:10:57.910423825Z"}
{"log":"log4j:WARN See http://logging.apache.org/log4j/1.2/faq.html#noconfig for more info.\n","stream":"stderr","time":"2023-03-06T04:10:57.910429118Z"}
{"log":"org.apache.calcite.sql.dialect.PostgresqlSqlDialect\n","stream":"stdout","time":"2023-03-06T04:14:48.973427625Z"}
{"log":"SELECT IMAGECLASSIFIER(`images`.`gender`)\n","stream":"stdout","time":"2023-03-06T04:14:49.314651045Z"}
{"log":"FROM `SCHEMA`.`SCHEMA`.`images` AS `images`\n","stream":"stdout","time":"2023-03-06T04:14:49.314686083Z"}
{"log":"WHERE `images`.`gender` = 0\n","stream":"stdout","time":"2023-03-06T04:14:49.314691539Z"}
{"log":"LogicalProject(EXPR$0=[imageClassifier($3)])\n","stream":"stdout","time":"2023-03-06T04:14:49.835573754Z"}
{"log":"  LogicalFilter(condition=[=($3, 0)])\n","stream":"stdout","time":"2023-03-06T04:14:49.835611139Z"}
{"log":"    JdbcTableScan(table=[[SCHEMA, SCHEMA, images]])\n","stream":"stdout","time":"2023-03-06T04:14:49.835616947Z"}
{"log":"\n","stream":"stdout","time":"2023-03-06T04:14:49.835621339Z"}
{"log":"EnumerableProject(EXPR$0=[imageClassifier($3)])\n","stream":"stdout","time":"2023-03-06T04:14:49.996227879Z"}
{"log":"  JdbcToEnumerableConverter\n","stream":"stdout","time":"2023-03-06T04:14:49.996261021Z"}
{"log":"    JdbcFilter(condition=[=($3, 0)])\n","stream":"stdout","time":"2023-03-06T04:14:49.99626496Z"}
{"log":"      JdbcTableScan(table=[[SCHEMA, SCHEMA, images]])\n","stream":"stdout","time":"2023-03-06T04:14:49.996268136Z"}
{"log":"\n","stream":"stdout","time":"2023-03-06T04:14:49.996270883Z"}
{"log":"test 1\n","stream":"stdout","time":"2023-03-06T04:14:49.9962782Z"}
{"log":"/image/\n","stream":"stdout","time":"2023-03-06T04:14:50.272578513Z"}
{"log":"alluxio://136.145.77.107:19998/image/metadata.json\n","stream":"stdout","time":"2023-03-06T04:14:50.272611236Z"}
{"log":"{'file': '/results/results_ed1a8d08-c408-40cf-8bd4-00f773c8d6e6.json', 'status': 'Completed'} - \"/results/results_ed1a8d08-c408-40cf-8bd4-00f773c8d6e6.json\"\n","stream":"stdout","time":"2023-03-06T04:15:30.086522936Z"}
{"log":"{'file': '/results/results_7dda9aed-11e9-464a-925a-638251226cf4.json', 'status': 'Completed'} - \"/results/results_7dda9aed-11e9-464a-925a-638251226cf4.json\"\n","stream":"stdout","time":"2023-03-06T04:15:31.694389463Z"}
{"log":"{'file': '/results/results_da971903-c673-4c51-a4ad-c0a4fe0d17cd.json', 'status': 'Completed'} - \"/results/results_da971903-c673-4c51-a4ad-c0a4fe0d17cd.json\"\n","stream":"stdout","time":"2023-03-06T04:16:07.949820995Z"}
{"log":"{'file': '/results/results_bb91835c-d201-4245-a48a-43f4f94fb08f.json', 'status': 'Completed'} - \"/results/results_bb91835c-d201-4245-a48a-43f4f94fb08f.json\"\n","stream":"stdout","time":"2023-03-06T04:16:08.953513323Z"}
{"log":"{'file': '/results/results_557616ee-899a-445f-b7ac-cdf8a5d472b6.json', 'status': 'Completed'} - \"/results/results_557616ee-899a-445f-b7ac-cdf8a5d472b6.json\"\n","stream":"stdout","time":"2023-03-06T04:16:43.944769195Z"}
{"log":"{'file': '/results/results_0e06e607-5bc6-4d68-a8ac-4484c717a1cb.json', 'status': 'Completed'} - \"/results/results_0e06e607-5bc6-4d68-a8ac-4484c717a1cb.json\"\n","stream":"stdout","time":"2023-03-06T04:16:44.062711121Z"}
{"log":"{'file': '/results/results_69afb27b-bcc5-451d-9bdf-3620eb28c185.json', 'status': 'Completed'} - \"/results/results_69afb27b-bcc5-451d-9bdf-3620eb28c185.json\"\n","stream":"stdout","time":"2023-03-06T04:17:17.560622303Z"}
{"log":"{'file': '/results/results_5daac309-e53d-46d3-a85c-c16fbef78424.json', 'status': 'Completed'} - \"/results/results_5daac309-e53d-46d3-a85c-c16fbef78424.json\"\n","stream":"stdout","time":"2023-03-06T04:17:17.856535672Z"}
{"log":"{'file': '/results/results_80e34848-185a-451d-9858-8601b3f72709.json', 'status': 'Completed'} - \"/results/results_80e34848-185a-451d-9858-8601b3f72709.json\"\n","stream":"stdout","time":"2023-03-06T04:17:53.357312338Z"}
{"log":"{'file': '/results/results_5f72ae12-a94d-4caf-abca-6c083ed1be13.json', 'status': 'Completed'} - \"/results/results_5f72ae12-a94d-4caf-abca-6c083ed1be13.json\"\n","stream":"stdout","time":"2023-03-06T04:17:54.702308252Z"}
{"log":"{'file': '/results/results_940907c3-144a-4149-a548-5dd2a757ea86.json', 'status': 'Completed'} - \"/results/results_940907c3-144a-4149-a548-5dd2a757ea86.json\"\n","stream":"stdout","time":"2023-03-06T04:18:29.425599041Z"}
{"log":"{'file': '/results/results_15ebb1c0-a252-4721-8d75-9c94c5705749.json', 'status': 'Completed'} - \"/results/results_15ebb1c0-a252-4721-8d75-9c94c5705749.json\"\n","stream":"stdout","time":"2023-03-06T04:18:30.744207386Z"}
{"log":"{'file': '/results/results_4e2243a8-09b9-4589-a5e2-ebb8f216f07d.json', 'status': 'Completed'} - \"/results/results_4e2243a8-09b9-4589-a5e2-ebb8f216f07d.json\"\n","stream":"stdout","time":"2023-03-06T04:19:03.699710437Z"}
{"log":"{'file': '/results/results_98a790a4-16ea-49c3-a6b6-7fa8b5956101.json', 'status': 'Completed'} - \"/results/results_98a790a4-16ea-49c3-a6b6-7fa8b5956101.json\"\n","stream":"stdout","time":"2023-03-06T04:19:05.483365682Z"}
{"log":"{'file': '/results/results_1b345696-ef59-42fb-a37d-f8e88f06d30b.json', 'status': 'Completed'} - \"/results/results_1b345696-ef59-42fb-a37d-f8e88f06d30b.json\"\n","stream":"stdout","time":"2023-03-06T04:19:39.679505072Z"}
{"log":"{'file': '/results/results_cd2194c2-640a-40e9-a30c-78bd1a8182d2.json', 'status': 'Completed'} - \"/results/results_cd2194c2-640a-40e9-a30c-78bd1a8182d2.json\"\n","stream":"stdout","time":"2023-03-06T04:19:39.791608439Z"}
{"log":"{'file': '/results/results_082ae826-444c-4cb6-bfb2-3050782b1268.json', 'status': 'Completed'} - \"/results/results_082ae826-444c-4cb6-bfb2-3050782b1268.json\"\n","stream":"stdout","time":"2023-03-06T04:20:14.902666344Z"}
{"log":"{'file': '/results/results_3e31322b-49d4-495f-9e11-b8fa69867409.json', 'status': 'Completed'} - \"/results/results_3e31322b-49d4-495f-9e11-b8fa69867409.json\"\n","stream":"stdout","time":"2023-03-06T04:20:19.518301512Z"}
{"log":"{'file': '/results/results_102e90ae-3786-4718-b1de-4a9c0ccee1b6.json', 'status': 'Completed'} - \"/results/results_102e90ae-3786-4718-b1de-4a9c0ccee1b6.json\"\n","stream":"stdout","time":"2023-03-06T04:20:49.97480579Z"}
{"log":"{'file': '/results/results_875d88b0-7363-4203-a09c-e2096c764e6d.json', 'status': 'Completed'} - \"/results/results_875d88b0-7363-4203-a09c-e2096c764e6d.json\"\n","stream":"stdout","time":"2023-03-06T04:20:57.029255492Z"}
{"log":"{'file': '/results/results_979ae935-720d-42a3-8268-3d333221d97c.json', 'status': 'Completed'} - \"/results/results_979ae935-720d-42a3-8268-3d333221d97c.json\"\n","stream":"stdout","time":"2023-03-06T04:21:25.704888435Z"}
{"log":"{'file': '/results/results_81e05cb2-b318-47c2-84c9-7a480f630b6b.json', 'status': 'Completed'} - \"/results/results_81e05cb2-b318-47c2-84c9-7a480f630b6b.json\"\n","stream":"stdout","time":"2023-03-06T04:21:34.633720639Z"}
{"log":"{'file': '/results/results_63c7b7db-2841-455a-a59a-1a680b885e1c.json', 'status': 'Completed'} - \"/results/results_63c7b7db-2841-455a-a59a-1a680b885e1c.json\"\n","stream":"stdout","time":"2023-03-06T04:22:00.577346204Z"}
{"log":"{'file': '/results/results_d23ba5ea-9ca6-4e4f-b285-c799d465f9c9.json', 'status': 'Completed'} - \"/results/results_d23ba5ea-9ca6-4e4f-b285-c799d465f9c9.json\"\n","stream":"stdout","time":"2023-03-06T04:22:11.443528356Z"}
{"log":"{'file': '/results/results_10b47a52-5c1c-4ee7-9dbb-02684c66c101.json', 'status': 'Completed'} - \"/results/results_10b47a52-5c1c-4ee7-9dbb-02684c66c101.json\"\n","stream":"stdout","time":"2023-03-06T04:22:36.301470448Z"}
{"log":"{'file': '/results/results_644bff01-e46c-49f7-9e6e-82fb9ddcb8b3.json', 'status': 'Completed'} - \"/results/results_644bff01-e46c-49f7-9e6e-82fb9ddcb8b3.json\"\n","stream":"stdout","time":"2023-03-06T04:22:51.647076276Z"}
{"log":"{'file': '/results/results_355429fa-2926-4df6-8c33-5819c605eb07.json', 'status': 'Completed'} - \"/results/results_355429fa-2926-4df6-8c33-5819c605eb07.json\"\n","stream":"stdout","time":"2023-03-06T04:23:11.662433454Z"}
{"log":"{'file': '/results/results_aefee245-b927-449e-a51d-2d43a3533a1e.json', 'status': 'Completed'} - \"/results/results_aefee245-b927-449e-a51d-2d43a3533a1e.json\"\n","stream":"stdout","time":"2023-03-06T04:23:29.042339704Z"}
{"log":"{'file': '/results/results_1173e2eb-3806-48eb-842c-d98a65e54751.json', 'status': 'Completed'} - \"/results/results_1173e2eb-3806-48eb-842c-d98a65e54751.json\"\n","stream":"stdout","time":"2023-03-06T04:23:45.705080302Z"}
{"log":"{'file': '/results/results_3a370611-bf4f-44de-83f3-9aa543dc38e3.json', 'status': 'Completed'} - \"/results/results_3a370611-bf4f-44de-83f3-9aa543dc38e3.json\"\n","stream":"stdout","time":"2023-03-06T04:24:04.513643521Z"}
{"log":"{'file': '/results/results_938b6ca9-e28c-45e3-b02d-f2838ef7107b.json', 'status': 'Completed'} - \"/results/results_938b6ca9-e28c-45e3-b02d-f2838ef7107b.json\"\n","stream":"stdout","time":"2023-03-06T04:24:19.88200452Z"}
{"log":"{'file': '/results/results_aeee0ff2-976f-4798-9853-ccdf8c91cf34.json', 'status': 'Completed'} - \"/results/results_aeee0ff2-976f-4798-9853-ccdf8c91cf34.json\"\n","stream":"stdout","time":"2023-03-06T04:24:38.685461652Z"}
{"log":"{'file': '/results/results_89feb775-b80e-482e-a663-a8cb2d6d8862.json', 'status': 'Completed'} - \"/results/results_89feb775-b80e-482e-a663-a8cb2d6d8862.json\"\n","stream":"stdout","time":"2023-03-06T04:24:54.538891341Z"}
{"log":"{'file': '/results/results_f40c44d4-0fdc-4a95-b684-f9000c7449c2.json', 'status': 'Completed'} - \"/results/results_f40c44d4-0fdc-4a95-b684-f9000c7449c2.json\"\n","stream":"stdout","time":"2023-03-06T04:25:13.788370001Z"}
{"log":"{'file': '/results/results_4b7d3db2-bf56-4295-94fd-4202fa4cd33c.json', 'status': 'Completed'} - \"/results/results_4b7d3db2-bf56-4295-94fd-4202fa4cd33c.json\"\n","stream":"stdout","time":"2023-03-06T04:25:29.079171489Z"}
{"log":"{'file': '/results/results_3253a574-a25d-42e0-95db-dcf2a41a9334.json', 'status': 'Completed'} - \"/results/results_3253a574-a25d-42e0-95db-dcf2a41a9334.json\"\n","stream":"stdout","time":"2023-03-06T04:25:49.095480751Z"}
{"log":"{'file': '/results/results_622ca146-5fb9-430f-980b-a8d0afc54bf2.json', 'status': 'Completed'} - \"/results/results_622ca146-5fb9-430f-980b-a8d0afc54bf2.json\"\n","stream":"stdout","time":"2023-03-06T04:26:03.803225429Z"}
{"log":"{'file': '/results/results_42855a65-4b46-4a55-8a71-81a1611631cf.json', 'status': 'Completed'} - \"/results/results_42855a65-4b46-4a55-8a71-81a1611631cf.json\"\n","stream":"stdout","time":"2023-03-06T04:26:23.228657119Z"}
{"log":"{'file': '/results/results_5edfcc8f-b32c-4dc1-9f5d-73593cbd055b.json', 'status': 'Completed'} - \"/results/results_5edfcc8f-b32c-4dc1-9f5d-73593cbd055b.json\"\n","stream":"stdout","time":"2023-03-06T04:26:37.714181358Z"}
{"log":"{'file': '/results/results_b2bf6e8c-4049-4285-bdfc-2d7eceb0eb1b.json', 'status': 'Completed'} - \"/results/results_b2bf6e8c-4049-4285-bdfc-2d7eceb0eb1b.json\"\n","stream":"stdout","time":"2023-03-06T04:26:57.795432165Z"}
{"log":"{'file': '/results/results_f023992d-3d19-424f-a07f-7d81ee22935a.json', 'status': 'Completed'} - \"/results/results_f023992d-3d19-424f-a07f-7d81ee22935a.json\"\n","stream":"stdout","time":"2023-03-06T04:27:11.440928335Z"}
{"log":"{'file': '/results/results_52690736-dab0-4a29-9f67-def4e683d641.json', 'status': 'Completed'} - \"/results/results_52690736-dab0-4a29-9f67-def4e683d641.json\"\n","stream":"stdout","time":"2023-03-06T04:27:33.921664512Z"}
{"log":"{'file': '/results/results_4395b101-36fa-4158-8e53-fee1ce261160.json', 'status': 'Completed'} - \"/results/results_4395b101-36fa-4158-8e53-fee1ce261160.json\"\n","stream":"stdout","time":"2023-03-06T04:27:46.604333129Z"}
{"log":"{'file': '/results/results_abd5b274-db24-46e4-a798-80a383583571.json', 'status': 'Completed'} - \"/results/results_abd5b274-db24-46e4-a798-80a383583571.json\"\n","stream":"stdout","time":"2023-03-06T04:28:08.812155269Z"}
{"log":"{'file': '/results/results_e7435f4f-98be-4ea4-9a49-42e4f475086e.json', 'status': 'Completed'} - \"/results/results_e7435f4f-98be-4ea4-9a49-42e4f475086e.json\"\n","stream":"stdout","time":"2023-03-06T04:28:21.755973746Z"}
{"log":"{'file': '/results/results_47125a84-36b2-4437-834f-835dbcb265f4.json', 'status': 'Completed'} - \"/results/results_47125a84-36b2-4437-834f-835dbcb265f4.json\"\n","stream":"stdout","time":"2023-03-06T04:28:43.454335638Z"}
{"log":"{'file': '/results/results_71a002ac-0726-4f6f-9120-112e9b5b1c64.json', 'status': 'Completed'} - \"/results/results_71a002ac-0726-4f6f-9120-112e9b5b1c64.json\"\n","stream":"stdout","time":"2023-03-06T04:28:56.083135401Z"}
{"log":"{'file': '/results/results_512876a7-f014-4d26-aa9e-f977a6120811.json', 'status': 'Completed'} - \"/results/results_512876a7-f014-4d26-aa9e-f977a6120811.json\"\n","stream":"stdout","time":"2023-03-06T04:29:19.206782273Z"}
{"log":"{'file': '/results/results_54314d11-8af2-4886-8cca-34a07d71542b.json', 'status': 'Completed'} - \"/results/results_54314d11-8af2-4886-8cca-34a07d71542b.json\"\n","stream":"stdout","time":"2023-03-06T04:29:32.881650137Z"}
{"log":"{'file': '/results/results_ad4e83a7-e953-46e1-a036-d9355dd1cd89.json', 'status': 'Completed'} - \"/results/results_ad4e83a7-e953-46e1-a036-d9355dd1cd89.json\"\n","stream":"stdout","time":"2023-03-06T04:29:54.248068476Z"}
{"log":"{'file': '/results/results_bf0289b9-4022-429f-8001-f016ae05fafd.json', 'status': 'Completed'} - \"/results/results_bf0289b9-4022-429f-8001-f016ae05fafd.json\"\n","stream":"stdout","time":"2023-03-06T04:30:07.466807122Z"}
{"log":"{'file': '/results/results_c2e9b4b9-1c93-4331-8c57-7dbd302a0496.json', 'status': 'Completed'} - \"/results/results_c2e9b4b9-1c93-4331-8c57-7dbd302a0496.json\"\n","stream":"stdout","time":"2023-03-06T04:30:30.315302899Z"}
{"log":"{'file': '/results/results_3b6fcdd3-fea7-4af1-a340-d6fec971bc1e.json', 'status': 'Completed'} - \"/results/results_3b6fcdd3-fea7-4af1-a340-d6fec971bc1e.json\"\n","stream":"stdout","time":"2023-03-06T04:30:42.0904156Z"}
{"log":"{'file': '/results/results_3ddc3451-3f5a-4404-b6ca-6cbdfc6f0f77.json', 'status': 'Completed'} - \"/results/results_3ddc3451-3f5a-4404-b6ca-6cbdfc6f0f77.json\"\n","stream":"stdout","time":"2023-03-06T04:31:04.97774285Z"}
{"log":"{'file': '/results/results_319553ea-5228-4c7e-a63a-c554ebc07fae.json', 'status': 'Completed'} - \"/results/results_319553ea-5228-4c7e-a63a-c554ebc07fae.json\"\n","stream":"stdout","time":"2023-03-06T04:31:17.052230897Z"}
{"log":"{'file': '/results/results_35a41600-73ca-4c88-b34e-adca1db24216.json', 'status': 'Completed'} - \"/results/results_35a41600-73ca-4c88-b34e-adca1db24216.json\"\n","stream":"stdout","time":"2023-03-06T04:31:40.317697713Z"}
{"log":"{'file': '/results/results_3ad4640f-b6a8-421d-b740-3e4209a4f6cd.json', 'status': 'Completed'} - \"/results/results_3ad4640f-b6a8-421d-b740-3e4209a4f6cd.json\"\n","stream":"stdout","time":"2023-03-06T04:31:51.51527946Z"}
{"log":"{'file': '/results/results_6b8fbdf2-2697-4fa0-bec6-4e0fda6dea18.json', 'status': 'Completed'} - \"/results/results_6b8fbdf2-2697-4fa0-bec6-4e0fda6dea18.json\"\n","stream":"stdout","time":"2023-03-06T04:32:16.422884291Z"}
{"log":"{'file': '/results/results_281deb43-5aa2-4f86-a373-aecd4733709e.json', 'status': 'Completed'} - \"/results/results_281deb43-5aa2-4f86-a373-aecd4733709e.json\"\n","stream":"stdout","time":"2023-03-06T04:32:26.696476992Z"}
{"log":"{'file': '/results/results_fbcaa9fd-30a4-4b3e-b155-1e69f74f60ec.json', 'status': 'Completed'} - \"/results/results_fbcaa9fd-30a4-4b3e-b155-1e69f74f60ec.json\"\n","stream":"stdout","time":"2023-03-06T04:32:52.859099364Z"}
{"log":"{'file': '/results/results_cd10d3c8-6919-4d5f-99fd-58e45bdb8018.json', 'status': 'Completed'} - \"/results/results_cd10d3c8-6919-4d5f-99fd-58e45bdb8018.json\"\n","stream":"stdout","time":"2023-03-06T04:33:01.999042395Z"}
{"log":"{'file': '/results/results_cb631ede-41d5-468f-b1dd-f9c0fa5b45b0.json', 'status': 'Completed'} - \"/results/results_cb631ede-41d5-468f-b1dd-f9c0fa5b45b0.json\"\n","stream":"stdout","time":"2023-03-06T04:33:28.143199439Z"}
{"log":"{'file': '/results/results_a92147ed-1a7d-4d87-b35f-8b74394770ff.json', 'status': 'Completed'} - \"/results/results_a92147ed-1a7d-4d87-b35f-8b74394770ff.json\"\n","stream":"stdout","time":"2023-03-06T04:33:37.813989469Z"}
{"log":"{'file': '/results/results_c0273f9a-3ed9-48c1-a3ca-abf7421381d3.json', 'status': 'Completed'} - \"/results/results_c0273f9a-3ed9-48c1-a3ca-abf7421381d3.json\"\n","stream":"stdout","time":"2023-03-06T04:34:02.376004665Z"}
{"log":"{'file': '/results/results_a0181589-066a-4973-81ec-30966d0582d7.json', 'status': 'Completed'} - \"/results/results_a0181589-066a-4973-81ec-30966d0582d7.json\"\n","stream":"stdout","time":"2023-03-06T04:34:12.21705973Z"}
{"log":"{'file': '/results/results_7987713b-fbdd-45f0-80f7-6df5c0c27975.json', 'status': 'Completed'} - \"/results/results_7987713b-fbdd-45f0-80f7-6df5c0c27975.json\"\n","stream":"stdout","time":"2023-03-06T04:34:37.767590471Z"}
{"log":"{'file': '/results/results_095d5098-d48a-4b0e-becc-caaedd161f89.json', 'status': 'Completed'} - \"/results/results_095d5098-d48a-4b0e-becc-caaedd161f89.json\"\n","stream":"stdout","time":"2023-03-06T04:34:47.693758358Z"}
{"log":"{'file': '/results/results_6e334c29-e338-4252-8ab8-049f2b9f2789.json', 'status': 'Completed'} - \"/results/results_6e334c29-e338-4252-8ab8-049f2b9f2789.json\"\n","stream":"stdout","time":"2023-03-06T04:35:14.429624002Z"}
{"log":"{'file': '/results/results_3aa4c3b9-cdd0-4a69-8bbe-86591c31e885.json', 'status': 'Completed'} - \"/results/results_3aa4c3b9-cdd0-4a69-8bbe-86591c31e885.json\"\n","stream":"stdout","time":"2023-03-06T04:35:21.866145041Z"}
{"log":"{'file': '/results/results_678c5b2b-1d59-4469-a707-246f6dc5d051.json', 'status': 'Completed'} - \"/results/results_678c5b2b-1d59-4469-a707-246f6dc5d051.json\"\n","stream":"stdout","time":"2023-03-06T04:35:49.35912665Z"}
{"log":"{'file': '/results/results_6f09be66-c8d4-473a-a654-263c9040d49e.json', 'status': 'Completed'} - \"/results/results_6f09be66-c8d4-473a-a654-263c9040d49e.json\"\n","stream":"stdout","time":"2023-03-06T04:35:56.055091862Z"}
{"log":"{'file': '/results/results_2457b262-d5e9-48af-abee-f3d6331aeebf.json', 'status': 'Completed'} - \"/results/results_2457b262-d5e9-48af-abee-f3d6331aeebf.json\"\n","stream":"stdout","time":"2023-03-06T04:36:24.795832481Z"}
{"log":"{'file': '/results/results_07fe9c20-c16f-4101-bdf7-418846a922f8.json', 'status': 'Completed'} - \"/results/results_07fe9c20-c16f-4101-bdf7-418846a922f8.json\"\n","stream":"stdout","time":"2023-03-06T04:36:31.409068212Z"}
{"log":"{'file': '/results/results_8cb43e5d-e912-433a-aa51-70f95d9c41c4.json', 'status': 'Completed'} - \"/results/results_8cb43e5d-e912-433a-aa51-70f95d9c41c4.json\"\n","stream":"stdout","time":"2023-03-06T04:37:00.488168782Z"}
{"log":"{'file': '/results/results_e36d4e4e-a8f6-44e1-9a08-6b59a15d0be7.json', 'status': 'Completed'} - \"/results/results_e36d4e4e-a8f6-44e1-9a08-6b59a15d0be7.json\"\n","stream":"stdout","time":"2023-03-06T04:37:05.495007887Z"}
{"log":"{'file': '/results/results_73afb72e-3b3e-456c-9044-8d815bf4ff1b.json', 'status': 'Completed'} - \"/results/results_73afb72e-3b3e-456c-9044-8d815bf4ff1b.json\"\n","stream":"stdout","time":"2023-03-06T04:37:34.506093431Z"}
{"log":"{'file': '/results/results_30ddacc7-36ec-484a-8ed0-14439986da5c.json', 'status': 'Completed'} - \"/results/results_30ddacc7-36ec-484a-8ed0-14439986da5c.json\"\n","stream":"stdout","time":"2023-03-06T04:37:41.837338114Z"}
{"log":"{'file': '/results/results_e4cde495-cf7d-4e59-a3b5-fc8592219652.json', 'status': 'Completed'} - \"/results/results_e4cde495-cf7d-4e59-a3b5-fc8592219652.json\"\n","stream":"stdout","time":"2023-03-06T04:38:10.578223102Z"}
{"log":"{'file': '/results/results_fa28a5cb-afe3-42bd-ab12-e08844778fac.json', 'status': 'Completed'} - \"/results/results_fa28a5cb-afe3-42bd-ab12-e08844778fac.json\"\n","stream":"stdout","time":"2023-03-06T04:38:16.885497432Z"}
{"log":"{'file': '/results/results_89269cff-df8e-4bcd-ae34-b253af094909.json', 'status': 'Completed'} - \"/results/results_89269cff-df8e-4bcd-ae34-b253af094909.json\"\n","stream":"stdout","time":"2023-03-06T04:38:47.125451819Z"}
{"log":"{'file': '/results/results_f5172dd8-3dcd-4be8-bd6f-7daa68795f03.json', 'status': 'Completed'} - \"/results/results_f5172dd8-3dcd-4be8-bd6f-7daa68795f03.json\"\n","stream":"stdout","time":"2023-03-06T04:38:51.230569562Z"}
{"log":"{'file': '/results/results_c2d865a2-b428-4b3c-bd2b-d9eb616684f0.json', 'status': 'Completed'} - \"/results/results_c2d865a2-b428-4b3c-bd2b-d9eb616684f0.json\"\n","stream":"stdout","time":"2023-03-06T04:39:22.168651624Z"}
{"log":"{'file': '/results/results_374c157e-26e5-4059-96df-d12df710af99.json', 'status': 'Completed'} - \"/results/results_374c157e-26e5-4059-96df-d12df710af99.json\"\n","stream":"stdout","time":"2023-03-06T04:39:26.75006089Z"}
{"log":"{'file': '/results/results_f8a7b275-d194-46e1-a8ef-2a674a8e5150.json', 'status': 'Completed'} - \"/results/results_f8a7b275-d194-46e1-a8ef-2a674a8e5150.json\"\n","stream":"stdout","time":"2023-03-06T04:39:56.562634702Z"}
{"log":"{'file': '/results/results_a9d2a51d-c07d-4baa-9ec9-3d96b239203c.json', 'status': 'Completed'} - \"/results/results_a9d2a51d-c07d-4baa-9ec9-3d96b239203c.json\"\n","stream":"stdout","time":"2023-03-06T04:40:00.883010617Z"}
{"log":"{'file': '/results/results_5f47c9de-7c9e-45ac-8ce0-0be62e240a04.json', 'status': 'Completed'} - \"/results/results_5f47c9de-7c9e-45ac-8ce0-0be62e240a04.json\"\n","stream":"stdout","time":"2023-03-06T04:40:32.738118396Z"}
{"log":"{'file': '/results/results_0765265f-2c8d-427e-8050-f74520d7c8e4.json', 'status': 'Completed'} - \"/results/results_0765265f-2c8d-427e-8050-f74520d7c8e4.json\"\n","stream":"stdout","time":"2023-03-06T04:40:35.558348807Z"}
{"log":"{'file': '/results/results_057631b6-74bb-43b5-9475-f188214d8d48.json', 'status': 'Completed'} - \"/results/results_057631b6-74bb-43b5-9475-f188214d8d48.json\"\n","stream":"stdout","time":"2023-03-06T04:41:10.247681886Z"}
{"log":"{'file': '/results/results_6a2e3465-1765-4987-8675-828ac55bd4c7.json', 'status': 'Completed'} - \"/results/results_6a2e3465-1765-4987-8675-828ac55bd4c7.json\"\n","stream":"stdout","time":"2023-03-06T04:41:10.273790407Z"}
{"log":"{'file': '/results/results_ca2ab936-0ba8-44b2-a29b-5f235fbdbe12.json', 'status': 'Completed'} - \"/results/results_ca2ab936-0ba8-44b2-a29b-5f235fbdbe12.json\"\n","stream":"stdout","time":"2023-03-06T04:41:45.224433875Z"}
{"log":"{'file': '/results/results_dddfbedf-8f83-4129-8366-ab5069ecb00b.json', 'status': 'Completed'} - \"/results/results_dddfbedf-8f83-4129-8366-ab5069ecb00b.json\"\n","stream":"stdout","time":"2023-03-06T04:41:46.011958635Z"}
{"log":"{'file': '/results/results_35d418b4-eb98-4275-acc7-0133aa534993.json', 'status': 'Completed'} - \"/results/results_35d418b4-eb98-4275-acc7-0133aa534993.json\"\n","stream":"stdout","time":"2023-03-06T04:42:21.601440579Z"}
{"log":"{'file': '/results/results_8da8d55c-794c-4ca0-89dc-4311cc8c277c.json', 'status': 'Completed'} - \"/results/results_8da8d55c-794c-4ca0-89dc-4311cc8c277c.json\"\n","stream":"stdout","time":"2023-03-06T04:42:23.127453884Z"}
{"log":"{'file': '/results/results_7a18246a-3c0c-4cfd-87b2-34479f7bedc9.json', 'status': 'Completed'} - \"/results/results_7a18246a-3c0c-4cfd-87b2-34479f7bedc9.json\"\n","stream":"stdout","time":"2023-03-06T04:42:57.755131651Z"}
{"log":"{'file': '/results/results_6d0765db-a174-44d3-80b9-4296b3945cfe.json', 'status': 'Completed'} - \"/results/results_6d0765db-a174-44d3-80b9-4296b3945cfe.json\"\n","stream":"stdout","time":"2023-03-06T04:42:59.215120394Z"}
{"log":"{'file': '/results/results_0fae1d02-769f-4980-8a85-46c6ee007319.json', 'status': 'Completed'} - \"/results/results_0fae1d02-769f-4980-8a85-46c6ee007319.json\"\n","stream":"stdout","time":"2023-03-06T04:43:33.740948525Z"}
{"log":"{'file': '/results/results_b417f2e4-8bb9-479e-b206-29e50428bb98.json', 'status': 'Completed'} - \"/results/results_b417f2e4-8bb9-479e-b206-29e50428bb98.json\"\n","stream":"stdout","time":"2023-03-06T04:43:35.08789892Z"}
{"log":"{'file': '/results/results_e5ca0af1-017b-4b2b-9f2a-dab5a4d9d2eb.json', 'status': 'Completed'} - \"/results/results_e5ca0af1-017b-4b2b-9f2a-dab5a4d9d2eb.json\"\n","stream":"stdout","time":"2023-03-06T04:44:09.66722848Z"}
{"log":"{'file': '/results/results_c6c5ca22-f0d2-40b6-8d12-6c8e906bbab3.json', 'status': 'Completed'} - \"/results/results_c6c5ca22-f0d2-40b6-8d12-6c8e906bbab3.json\"\n","stream":"stdout","time":"2023-03-06T04:44:10.080998361Z"}
{"log":"{'file': '/results/results_be2ce2f6-87d3-47ec-b382-0128cb3a396b.json', 'status': 'Completed'} - \"/results/results_be2ce2f6-87d3-47ec-b382-0128cb3a396b.json\"\n","stream":"stdout","time":"2023-03-06T04:44:47.182258675Z"}
{"log":"{'file': '/results/results_c336dd5d-b5eb-4845-8669-0ef26461c335.json', 'status': 'Completed'} - \"/results/results_c336dd5d-b5eb-4845-8669-0ef26461c335.json\"\n","stream":"stdout","time":"2023-03-06T04:44:47.190566193Z"}
{"log":"{'file': '/results/results_a882f8a6-f104-45ee-83b5-df46090d5904.json', 'status': 'Completed'} - \"/results/results_a882f8a6-f104-45ee-83b5-df46090d5904.json\"\n","stream":"stdout","time":"2023-03-06T04:44:59.236436539Z"}
{"log":"TIME_LOG: RESPONSE TIME 1678076088397 1678077899233 1810836\n","stream":"stdout","time":"2023-03-06T04:44:59.23973311Z"}
{"log":"org.apache.calcite.sql.dialect.PostgresqlSqlDialect\n","stream":"stdout","time":"2023-03-06T04:48:23.604951013Z"}
{"log":"SELECT IMAGECLASSIFIER(`images`.`gender`)\n","stream":"stdout","time":"2023-03-06T04:48:23.619600496Z"}
{"log":"FROM `SCHEMA`.`SCHEMA`.`images` AS `images`\n","stream":"stdout","time":"2023-03-06T04:48:23.619618477Z"}
{"log":"WHERE `images`.`gender` = 0\n","stream":"stdout","time":"2023-03-06T04:48:23.619621965Z"}
{"log":"LogicalProject(EXPR$0=[imageClassifier($3)])\n","stream":"stdout","time":"2023-03-06T04:48:23.621464644Z"}
{"log":"  LogicalFilter(condition=[=($3, 0)])\n","stream":"stdout","time":"2023-03-06T04:48:23.621482331Z"}
{"log":"    JdbcTableScan(table=[[SCHEMA, SCHEMA, images]])\n","stream":"stdout","time":"2023-03-06T04:48:23.621486144Z"}
{"log":"\n","stream":"stdout","time":"2023-03-06T04:48:23.621489093Z"}
{"log":"EnumerableProject(EXPR$0=[imageClassifier($3)])\n","stream":"stdout","time":"2023-03-06T04:48:23.62643989Z"}
{"log":"  JdbcToEnumerableConverter\n","stream":"stdout","time":"2023-03-06T04:48:23.626458016Z"}
{"log":"    JdbcFilter(condition=[=($3, 0)])\n","stream":"stdout","time":"2023-03-06T04:48:23.62646161Z"}
{"log":"      JdbcTableScan(table=[[SCHEMA, SCHEMA, images]])\n","stream":"stdout","time":"2023-03-06T04:48:23.626464331Z"}
{"log":"\n","stream":"stdout","time":"2023-03-06T04:48:23.626467236Z"}
{"log":"test 1\n","stream":"stdout","time":"2023-03-06T04:48:23.626470081Z"}
{"log":"/image/\n","stream":"stdout","time":"2023-03-06T04:48:23.628734152Z"}
{"log":"alluxio://136.145.77.107:19998/image/metadata.json\n","stream":"stdout","time":"2023-03-06T04:48:23.628751688Z"}
{"log":"{'file': '/results/results_b21ee030-7c70-482b-a2cb-29aa31b4d4e3.json', 'status': 'Completed'} - \"/results/results_b21ee030-7c70-482b-a2cb-29aa31b4d4e3.json\"\n","stream":"stdout","time":"2023-03-06T04:48:58.99607995Z"}
{"log":"{'file': '/results/results_bdfa3f24-5927-4242-8c3c-fbb085902063.json', 'status': 'Completed'} - \"/results/results_bdfa3f24-5927-4242-8c3c-fbb085902063.json\"\n","stream":"stdout","time":"2023-03-06T04:49:01.39333966Z"}
{"log":"{'file': '/results/results_8a25ef69-a626-4e3b-9d6b-d3aa9d17f9ca.json', 'status': 'Completed'} - \"/results/results_8a25ef69-a626-4e3b-9d6b-d3aa9d17f9ca.json\"\n","stream":"stdout","time":"2023-03-06T04:49:35.566842818Z"}
{"log":"{'file': '/results/results_76eabd93-9249-4f57-b213-5bd87d12e3ce.json', 'status': 'Completed'} - \"/results/results_76eabd93-9249-4f57-b213-5bd87d12e3ce.json\"\n","stream":"stdout","time":"2023-03-06T04:49:37.440650628Z"}
{"log":"{'file': '/results/results_b76476e6-c223-4383-9be6-c0b3c0493b3b.json', 'status': 'Completed'} - \"/results/results_b76476e6-c223-4383-9be6-c0b3c0493b3b.json\"\n","stream":"stdout","time":"2023-03-06T04:50:10.133945482Z"}
{"log":"{'file': '/results/results_a2e8c929-8be9-44cb-8af1-86fd74f246b2.json', 'status': 'Completed'} - \"/results/results_a2e8c929-8be9-44cb-8af1-86fd74f246b2.json\"\n","stream":"stdout","time":"2023-03-06T04:50:11.552350637Z"}
{"log":"{'file': '/results/results_07c21060-150a-41fb-98e0-3a98139d3d3b.json', 'status': 'Completed'} - \"/results/results_07c21060-150a-41fb-98e0-3a98139d3d3b.json\"\n","stream":"stdout","time":"2023-03-06T04:50:47.280620861Z"}
{"log":"{'file': '/results/results_13da9805-4964-4ad3-8371-a6a532aa4cc2.json', 'status': 'Completed'} - \"/results/results_13da9805-4964-4ad3-8371-a6a532aa4cc2.json\"\n","stream":"stdout","time":"2023-03-06T04:50:48.089046088Z"}
{"log":"{'file': '/results/results_e97b9047-0de1-4505-8d6a-8aa46a0c6f18.json', 'status': 'Completed'} - \"/results/results_e97b9047-0de1-4505-8d6a-8aa46a0c6f18.json\"\n","stream":"stdout","time":"2023-03-06T04:51:21.87487005Z"}
{"log":"{'file': '/results/results_b2e26220-e6a1-42a0-ba65-1b0377b7e287.json', 'status': 'Completed'} - \"/results/results_b2e26220-e6a1-42a0-ba65-1b0377b7e287.json\"\n","stream":"stdout","time":"2023-03-06T04:51:22.859099645Z"}
{"log":"{'file': '/results/results_420b6e18-05f0-41b3-bd17-d45837198c53.json', 'status': 'Completed'} - \"/results/results_420b6e18-05f0-41b3-bd17-d45837198c53.json\"\n","stream":"stdout","time":"2023-03-06T04:51:57.848431426Z"}
{"log":"{'file': '/results/results_3e242f2c-afb8-40c9-b22d-34f3f581834c.json', 'status': 'Completed'} - \"/results/results_3e242f2c-afb8-40c9-b22d-34f3f581834c.json\"\n","stream":"stdout","time":"2023-03-06T04:51:58.87420676Z"}
{"log":"{'file': '/results/results_8b534209-5b3e-4972-a065-e3d57237ca0a.json', 'status': 'Completed'} - \"/results/results_8b534209-5b3e-4972-a065-e3d57237ca0a.json\"\n","stream":"stdout","time":"2023-03-06T04:52:32.172229291Z"}
{"log":"{'file': '/results/results_8c9d27b7-a841-4e82-a2a5-66412ffac8b7.json', 'status': 'Completed'} - \"/results/results_8c9d27b7-a841-4e82-a2a5-66412ffac8b7.json\"\n","stream":"stdout","time":"2023-03-06T04:52:35.480862664Z"}
{"log":"{'file': '/results/results_f9b4fcf2-f162-4bc6-949c-444daa73cb29.json', 'status': 'Completed'} - \"/results/results_f9b4fcf2-f162-4bc6-949c-444daa73cb29.json\"\n","stream":"stdout","time":"2023-03-06T04:53:08.109513748Z"}
{"log":"{'file': '/results/results_48e576eb-f1c8-4c3b-89c5-909e8e3666ff.json', 'status': 'Completed'} - \"/results/results_48e576eb-f1c8-4c3b-89c5-909e8e3666ff.json\"\n","stream":"stdout","time":"2023-03-06T04:53:14.068278217Z"}
{"log":"{'file': '/results/results_3a85db57-d44c-48e1-b86e-f541d38e4392.json', 'status': 'Completed'} - \"/results/results_3a85db57-d44c-48e1-b86e-f541d38e4392.json\"\n","stream":"stdout","time":"2023-03-06T04:53:43.328876232Z"}
{"log":"{'file': '/results/results_ec8eec0c-2a2d-4ed4-822b-4d87c1ae62ed.json', 'status': 'Completed'} - \"/results/results_ec8eec0c-2a2d-4ed4-822b-4d87c1ae62ed.json\"\n","stream":"stdout","time":"2023-03-06T04:53:49.413302255Z"}
{"log":"{'file': '/results/results_a30e7d83-daef-47ef-8f41-ee7137f39dcd.json', 'status': 'Completed'} - \"/results/results_a30e7d83-daef-47ef-8f41-ee7137f39dcd.json\"\n","stream":"stdout","time":"2023-03-06T04:54:18.941260488Z"}
{"log":"{'file': '/results/results_886505c1-a0ed-4621-bcdb-a97a56223622.json', 'status': 'Completed'} - \"/results/results_886505c1-a0ed-4621-bcdb-a97a56223622.json\"\n","stream":"stdout","time":"2023-03-06T04:54:25.466526381Z"}
{"log":"{'file': '/results/results_5502a063-d14a-43c9-8fb0-2a4611daed74.json', 'status': 'Completed'} - \"/results/results_5502a063-d14a-43c9-8fb0-2a4611daed74.json\"\n","stream":"stdout","time":"2023-03-06T04:54:54.045842779Z"}
{"log":"{'file': '/results/results_5c930a11-f396-4922-9f47-04e21746c302.json', 'status': 'Completed'} - \"/results/results_5c930a11-f396-4922-9f47-04e21746c302.json\"\n","stream":"stdout","time":"2023-03-06T04:55:00.174343916Z"}
{"log":"{'file': '/results/results_4ba98b25-dbc8-46df-9115-5f4e3ea72220.json', 'status': 'Completed'} - \"/results/results_4ba98b25-dbc8-46df-9115-5f4e3ea72220.json\"\n","stream":"stdout","time":"2023-03-06T04:55:30.735675143Z"}
{"log":"{'file': '/results/results_35d560ba-f241-49ec-9c97-e63837eee9fd.json', 'status': 'Completed'} - \"/results/results_35d560ba-f241-49ec-9c97-e63837eee9fd.json\"\n","stream":"stdout","time":"2023-03-06T04:55:35.313158004Z"}
{"log":"{'file': '/results/results_a854ff13-7fdb-4481-afa0-158d5d56353f.json', 'status': 'Completed'} - \"/results/results_a854ff13-7fdb-4481-afa0-158d5d56353f.json\"\n","stream":"stdout","time":"2023-03-06T04:56:04.670696302Z"}
{"log":"{'file': '/results/results_ec17009b-d011-479a-a51b-42ec9c5a7d99.json', 'status': 'Completed'} - \"/results/results_ec17009b-d011-479a-a51b-42ec9c5a7d99.json\"\n","stream":"stdout","time":"2023-03-06T04:56:10.358696193Z"}
{"log":"{'file': '/results/results_6f6e272f-29e7-4885-9902-a15170661708.json', 'status': 'Completed'} - \"/results/results_6f6e272f-29e7-4885-9902-a15170661708.json\"\n","stream":"stdout","time":"2023-03-06T04:56:41.663568629Z"}
{"log":"{'file': '/results/results_c8498d32-0339-4811-944c-ecef8510f2c8.json', 'status': 'Completed'} - \"/results/results_c8498d32-0339-4811-944c-ecef8510f2c8.json\"\n","stream":"stdout","time":"2023-03-06T04:56:47.834706539Z"}
{"log":"{'file': '/results/results_b47c1c96-62bc-4dbe-8248-38cc7a723af4.json', 'status': 'Completed'} - \"/results/results_b47c1c96-62bc-4dbe-8248-38cc7a723af4.json\"\n","stream":"stdout","time":"2023-03-06T04:57:16.27348668Z"}
{"log":"{'file': '/results/results_c6595ec6-a0d8-43fc-91d0-044a600d6986.json', 'status': 'Completed'} - \"/results/results_c6595ec6-a0d8-43fc-91d0-044a600d6986.json\"\n","stream":"stdout","time":"2023-03-06T04:57:23.803374203Z"}
{"log":"{'file': '/results/results_7465ba8b-2193-4ca8-9ca0-38efb2b6f527.json', 'status': 'Completed'} - \"/results/results_7465ba8b-2193-4ca8-9ca0-38efb2b6f527.json\"\n","stream":"stdout","time":"2023-03-06T04:57:52.394265884Z"}
{"log":"{'file': '/results/results_f626b554-0b3e-494e-83d4-9b074a925ca0.json', 'status': 'Completed'} - \"/results/results_f626b554-0b3e-494e-83d4-9b074a925ca0.json\"\n","stream":"stdout","time":"2023-03-06T04:58:00.324304702Z"}
{"log":"{'file': '/results/results_e0ee420a-0831-4e56-a307-e8419a60fd7a.json', 'status': 'Completed'} - \"/results/results_e0ee420a-0831-4e56-a307-e8419a60fd7a.json\"\n","stream":"stdout","time":"2023-03-06T04:58:26.81665074Z"}
{"log":"{'file': '/results/results_3d8e3975-8b25-4e6a-8fec-5fbe4e0d97d2.json', 'status': 'Completed'} - \"/results/results_3d8e3975-8b25-4e6a-8fec-5fbe4e0d97d2.json\"\n","stream":"stdout","time":"2023-03-06T04:58:36.42823195Z"}
{"log":"{'file': '/results/results_4e9e96a4-27d5-45f3-a3d5-53dd3d013db0.json', 'status': 'Completed'} - \"/results/results_4e9e96a4-27d5-45f3-a3d5-53dd3d013db0.json\"\n","stream":"stdout","time":"2023-03-06T04:59:02.914772944Z"}
{"log":"{'file': '/results/results_0d24a5b7-1e9c-4742-b2c1-d4c19381a6a7.json', 'status': 'Completed'} - \"/results/results_0d24a5b7-1e9c-4742-b2c1-d4c19381a6a7.json\"\n","stream":"stdout","time":"2023-03-06T04:59:10.954253251Z"}
{"log":"{'file': '/results/results_cfe08dc2-8d23-4609-a65f-8f88d9e2d8f4.json', 'status': 'Completed'} - \"/results/results_cfe08dc2-8d23-4609-a65f-8f88d9e2d8f4.json\"\n","stream":"stdout","time":"2023-03-06T04:59:39.682881789Z"}
{"log":"{'file': '/results/results_86603b38-35ce-4f7c-acea-79a59bac5e85.json', 'status': 'Completed'} - \"/results/results_86603b38-35ce-4f7c-acea-79a59bac5e85.json\"\n","stream":"stdout","time":"2023-03-06T04:59:45.7667675Z"}
{"log":"{'file': '/results/results_b6c53656-ff4b-4e9c-9d1c-59864e1d88be.json', 'status': 'Completed'} - \"/results/results_b6c53656-ff4b-4e9c-9d1c-59864e1d88be.json\"\n","stream":"stdout","time":"2023-03-06T05:00:16.235644748Z"}
{"log":"{'file': '/results/results_a496e759-4c33-41c7-a783-00db442b7ad4.json', 'status': 'Completed'} - \"/results/results_a496e759-4c33-41c7-a783-00db442b7ad4.json\"\n","stream":"stdout","time":"2023-03-06T05:00:22.636417119Z"}
{"log":"{'file': '/results/results_acf85557-2e02-44a1-98db-e2d1eeeeacd7.json', 'status': 'Completed'} - \"/results/results_acf85557-2e02-44a1-98db-e2d1eeeeacd7.json\"\n","stream":"stdout","time":"2023-03-06T05:00:52.549127412Z"}
{"log":"{'file': '/results/results_d08c46a2-39cd-4362-a45a-425d362b3525.json', 'status': 'Completed'} - \"/results/results_d08c46a2-39cd-4362-a45a-425d362b3525.json\"\n","stream":"stdout","time":"2023-03-06T05:00:57.215124305Z"}
{"log":"{'file': '/results/results_23da5264-7600-4c66-bbcb-0ed43a89ac0f.json', 'status': 'Completed'} - \"/results/results_23da5264-7600-4c66-bbcb-0ed43a89ac0f.json\"\n","stream":"stdout","time":"2023-03-06T05:01:27.478377071Z"}
{"log":"{'file': '/results/results_17ca709c-2b57-42fd-9758-371c69c15327.json', 'status': 'Completed'} - \"/results/results_17ca709c-2b57-42fd-9758-371c69c15327.json\"\n","stream":"stdout","time":"2023-03-06T05:01:32.039691669Z"}
{"log":"{'file': '/results/results_34e2a163-83fe-44f3-a506-2c18ab3124d6.json', 'status': 'Completed'} - \"/results/results_34e2a163-83fe-44f3-a506-2c18ab3124d6.json\"\n","stream":"stdout","time":"2023-03-06T05:02:04.795438408Z"}
{"log":"{'file': '/results/results_b2210413-1956-4590-9239-cec4a8645088.json', 'status': 'Completed'} - \"/results/results_b2210413-1956-4590-9239-cec4a8645088.json\"\n","stream":"stdout","time":"2023-03-06T05:02:08.331962141Z"}
{"log":"{'file': '/results/results_9cbe63af-04f8-4f9a-80ec-cba822b3dfad.json', 'status': 'Completed'} - \"/results/results_9cbe63af-04f8-4f9a-80ec-cba822b3dfad.json\"\n","stream":"stdout","time":"2023-03-06T05:02:40.045620564Z"}
{"log":"{'file': '/results/results_453f2dc8-e50b-43a7-9243-d3ef7b891b31.json', 'status': 'Completed'} - \"/results/results_453f2dc8-e50b-43a7-9243-d3ef7b891b31.json\"\n","stream":"stdout","time":"2023-03-06T05:02:44.043494891Z"}
{"log":"{'file': '/results/results_5a1f7efd-a885-4834-969c-c71e68424c34.json', 'status': 'Completed'} - \"/results/results_5a1f7efd-a885-4834-969c-c71e68424c34.json\"\n","stream":"stdout","time":"2023-03-06T05:03:14.509686881Z"}
{"log":"{'file': '/results/results_94eb38b5-ae87-4748-adfe-04c7641b027f.json', 'status': 'Completed'} - \"/results/results_94eb38b5-ae87-4748-adfe-04c7641b027f.json\"\n","stream":"stdout","time":"2023-03-06T05:03:18.429751924Z"}
{"log":"{'file': '/results/results_c67c2283-fda6-4a2f-b61d-0cc38a35f352.json', 'status': 'Completed'} - \"/results/results_c67c2283-fda6-4a2f-b61d-0cc38a35f352.json\"\n","stream":"stdout","time":"2023-03-06T05:03:50.129468184Z"}
{"log":"{'file': '/results/results_d2ed21fd-058c-4b18-a3f4-30da37b62192.json', 'status': 'Completed'} - \"/results/results_d2ed21fd-058c-4b18-a3f4-30da37b62192.json\"\n","stream":"stdout","time":"2023-03-06T05:03:53.850839459Z"}
{"log":"{'file': '/results/results_4dbadfb6-fe9d-4c71-833e-7531d6cf4fec.json', 'status': 'Completed'} - \"/results/results_4dbadfb6-fe9d-4c71-833e-7531d6cf4fec.json\"\n","stream":"stdout","time":"2023-03-06T05:04:25.638760375Z"}
{"log":"{'file': '/results/results_c489aa78-655d-4531-a4a2-ee3af58e1a00.json', 'status': 'Completed'} - \"/results/results_c489aa78-655d-4531-a4a2-ee3af58e1a00.json\"\n","stream":"stdout","time":"2023-03-06T05:04:29.755082382Z"}
{"log":"{'file': '/results/results_ab91e99c-bbee-4a61-bedd-2620b0cbaaaf.json', 'status': 'Completed'} - \"/results/results_ab91e99c-bbee-4a61-bedd-2620b0cbaaaf.json\"\n","stream":"stdout","time":"2023-03-06T05:05:01.576922508Z"}
{"log":"{'file': '/results/results_6ccdf026-97d5-4d63-bd6e-08cb52802863.json', 'status': 'Completed'} - \"/results/results_6ccdf026-97d5-4d63-bd6e-08cb52802863.json\"\n","stream":"stdout","time":"2023-03-06T05:05:04.338307183Z"}
{"log":"{'file': '/results/results_c5a910dd-6e42-4bc6-9f14-6bbc74dc8a98.json', 'status': 'Completed'} - \"/results/results_c5a910dd-6e42-4bc6-9f14-6bbc74dc8a98.json\"\n","stream":"stdout","time":"2023-03-06T05:05:37.796757849Z"}
{"log":"{'file': '/results/results_61728efa-8b83-4c21-b23f-054ad3e9b1fc.json', 'status': 'Completed'} - \"/results/results_61728efa-8b83-4c21-b23f-054ad3e9b1fc.json\"\n","stream":"stdout","time":"2023-03-06T05:05:39.871664825Z"}
{"log":"{'file': '/results/results_7db18b7f-af2d-42e6-8c9e-fc5b1f33f281.json', 'status': 'Completed'} - \"/results/results_7db18b7f-af2d-42e6-8c9e-fc5b1f33f281.json\"\n","stream":"stdout","time":"2023-03-06T05:06:11.507976889Z"}
{"log":"{'file': '/results/results_d24361a6-52e8-4ad4-83a9-c1d455b841b5.json', 'status': 'Completed'} - \"/results/results_d24361a6-52e8-4ad4-83a9-c1d455b841b5.json\"\n","stream":"stdout","time":"2023-03-06T05:06:13.549174837Z"}
{"log":"{'file': '/results/results_ce48e739-9fcb-4ad5-a33f-18ce809b28ff.json', 'status': 'Completed'} - \"/results/results_ce48e739-9fcb-4ad5-a33f-18ce809b28ff.json\"\n","stream":"stdout","time":"2023-03-06T05:06:46.940723913Z"}
{"log":"{'file': '/results/results_3c0f356f-b3e5-425e-bba5-05946978ef52.json', 'status': 'Completed'} - \"/results/results_3c0f356f-b3e5-425e-bba5-05946978ef52.json\"\n","stream":"stdout","time":"2023-03-06T05:06:47.885331846Z"}
{"log":"{'file': '/results/results_0ecf3475-aeb4-4ded-88b2-7ed1c21016cc.json', 'status': 'Completed'} - \"/results/results_0ecf3475-aeb4-4ded-88b2-7ed1c21016cc.json\"\n","stream":"stdout","time":"2023-03-06T05:07:23.571272023Z"}
{"log":"{'file': '/results/results_3dd7b777-2f12-4a53-b5db-9d4b207307ad.json', 'status': 'Completed'} - \"/results/results_3dd7b777-2f12-4a53-b5db-9d4b207307ad.json\"\n","stream":"stdout","time":"2023-03-06T05:07:23.677689068Z"}
{"log":"{'file': '/results/results_8b6ecc26-5632-48a4-9f67-e9e0757f76b3.json', 'status': 'Completed'} - \"/results/results_8b6ecc26-5632-48a4-9f67-e9e0757f76b3.json\"\n","stream":"stdout","time":"2023-03-06T05:07:59.121138765Z"}
{"log":"{'file': '/results/results_1d819e35-7269-43bf-bb44-60704701e170.json', 'status': 'Completed'} - \"/results/results_1d819e35-7269-43bf-bb44-60704701e170.json\"\n","stream":"stdout","time":"2023-03-06T05:07:59.81044411Z"}
{"log":"{'file': '/results/results_cd031856-e974-411b-8277-ca04980a32bf.json', 'status': 'Completed'} - \"/results/results_cd031856-e974-411b-8277-ca04980a32bf.json\"\n","stream":"stdout","time":"2023-03-06T05:08:33.570203097Z"}
{"log":"{'file': '/results/results_43832ec8-f18e-4f21-bb8a-1ed595f5bebf.json', 'status': 'Completed'} - \"/results/results_43832ec8-f18e-4f21-bb8a-1ed595f5bebf.json\"\n","stream":"stdout","time":"2023-03-06T05:08:35.379683324Z"}
{"log":"{'file': '/results/results_53c2bb1c-d802-4974-b6b4-b571ce9c35a9.json', 'status': 'Completed'} - \"/results/results_53c2bb1c-d802-4974-b6b4-b571ce9c35a9.json\"\n","stream":"stdout","time":"2023-03-06T05:09:09.789958036Z"}
{"log":"{'file': '/results/results_2af87daa-e10e-4e6d-b6a6-bc68efd38fc7.json', 'status': 'Completed'} - \"/results/results_2af87daa-e10e-4e6d-b6a6-bc68efd38fc7.json\"\n","stream":"stdout","time":"2023-03-06T05:09:11.672171214Z"}
{"log":"{'file': '/results/results_0198df80-19e4-4c03-b9ef-d842bad80fc0.json', 'status': 'Completed'} - \"/results/results_0198df80-19e4-4c03-b9ef-d842bad80fc0.json\"\n","stream":"stdout","time":"2023-03-06T05:09:44.88146692Z"}
{"log":"{'file': '/results/results_e222be95-d3b4-42c1-a106-913bd3dddecd.json', 'status': 'Completed'} - \"/results/results_e222be95-d3b4-42c1-a106-913bd3dddecd.json\"\n","stream":"stdout","time":"2023-03-06T05:09:46.450892242Z"}
{"log":"{'file': '/results/results_a0437744-974c-4063-b5f6-36b7e8ab6f3d.json', 'status': 'Completed'} - \"/results/results_a0437744-974c-4063-b5f6-36b7e8ab6f3d.json\"\n","stream":"stdout","time":"2023-03-06T05:10:19.413376425Z"}
{"log":"{'file': '/results/results_17897e91-9939-4772-9052-1779237751b5.json', 'status': 'Completed'} - \"/results/results_17897e91-9939-4772-9052-1779237751b5.json\"\n","stream":"stdout","time":"2023-03-06T05:10:21.820287419Z"}
{"log":"{'file': '/results/results_5b082f33-392e-40fe-8c94-4855ae8bb538.json', 'status': 'Completed'} - \"/results/results_5b082f33-392e-40fe-8c94-4855ae8bb538.json\"\n","stream":"stdout","time":"2023-03-06T05:10:55.917738992Z"}
{"log":"{'file': '/results/results_de895a97-de6e-4918-a37e-a2ae8f712606.json', 'status': 'Completed'} - \"/results/results_de895a97-de6e-4918-a37e-a2ae8f712606.json\"\n","stream":"stdout","time":"2023-03-06T05:10:56.068137345Z"}
{"log":"{'file': '/results/results_4bd68abd-14bd-4883-9a23-e5cd3d7b157d.json', 'status': 'Completed'} - \"/results/results_4bd68abd-14bd-4883-9a23-e5cd3d7b157d.json\"\n","stream":"stdout","time":"2023-03-06T05:11:31.805522323Z"}
{"log":"{'file': '/results/results_4ad3da73-bc34-4f68-bd17-b40906605178.json', 'status': 'Completed'} - \"/results/results_4ad3da73-bc34-4f68-bd17-b40906605178.json\"\n","stream":"stdout","time":"2023-03-06T05:11:31.809366493Z"}
{"log":"{'file': '/results/results_fba59947-9f5e-4f54-bee3-69df9c367909.json', 'status': 'Completed'} - \"/results/results_fba59947-9f5e-4f54-bee3-69df9c367909.json\"\n","stream":"stdout","time":"2023-03-06T05:12:06.131011949Z"}
{"log":"{'file': '/results/results_a1855a11-377b-4347-aca8-a8028dcf166d.json', 'status': 'Completed'} - \"/results/results_a1855a11-377b-4347-aca8-a8028dcf166d.json\"\n","stream":"stdout","time":"2023-03-06T05:12:06.560058436Z"}
{"log":"{'file': '/results/results_5268b344-ff7a-4980-b850-0856afc0ea95.json', 'status': 'Completed'} - \"/results/results_5268b344-ff7a-4980-b850-0856afc0ea95.json\"\n","stream":"stdout","time":"2023-03-06T05:12:41.288840223Z"}
{"log":"{'file': '/results/results_6e0c0598-2124-4954-a3ee-0b4c3488429a.json', 'status': 'Completed'} - \"/results/results_6e0c0598-2124-4954-a3ee-0b4c3488429a.json\"\n","stream":"stdout","time":"2023-03-06T05:12:41.327094895Z"}
{"log":"{'file': '/results/results_b17f204b-c6b8-4226-8d00-fad7bf80077e.json', 'status': 'Completed'} - \"/results/results_b17f204b-c6b8-4226-8d00-fad7bf80077e.json\"\n","stream":"stdout","time":"2023-03-06T05:13:17.155753029Z"}
{"log":"{'file': '/results/results_7b50414c-a6bb-473a-b0e1-b356b477db41.json', 'status': 'Completed'} - \"/results/results_7b50414c-a6bb-473a-b0e1-b356b477db41.json\"\n","stream":"stdout","time":"2023-03-06T05:13:17.423856097Z"}
{"log":"{'file': '/results/results_e786fe95-436d-43dd-abe2-e797aad87ac2.json', 'status': 'Completed'} - \"/results/results_e786fe95-436d-43dd-abe2-e797aad87ac2.json\"\n","stream":"stdout","time":"2023-03-06T05:13:52.208735842Z"}
{"log":"{'file': '/results/results_7314d9b8-3a26-451f-aeaf-bda8577fef7f.json', 'status': 'Completed'} - \"/results/results_7314d9b8-3a26-451f-aeaf-bda8577fef7f.json\"\n","stream":"stdout","time":"2023-03-06T05:13:53.005079318Z"}
{"log":"{'file': '/results/results_0856d7f6-7345-4d23-a2ca-7d11d9603ee5.json', 'status': 'Completed'} - \"/results/results_0856d7f6-7345-4d23-a2ca-7d11d9603ee5.json\"\n","stream":"stdout","time":"2023-03-06T05:14:26.581455958Z"}
{"log":"{'file': '/results/results_3586624e-9ac3-454c-9176-ec7d16828d24.json', 'status': 'Completed'} - \"/results/results_3586624e-9ac3-454c-9176-ec7d16828d24.json\"\n","stream":"stdout","time":"2023-03-06T05:14:27.267856443Z"}
{"log":"{'file': '/results/results_3f66c598-1ed4-4cd0-b0e5-de11f8988531.json', 'status': 'Completed'} - \"/results/results_3f66c598-1ed4-4cd0-b0e5-de11f8988531.json\"\n","stream":"stdout","time":"2023-03-06T05:15:00.921965069Z"}
{"log":"{'file': '/results/results_740345e9-80df-4e90-9f01-5dfbd8c73b83.json', 'status': 'Completed'} - \"/results/results_740345e9-80df-4e90-9f01-5dfbd8c73b83.json\"\n","stream":"stdout","time":"2023-03-06T05:15:01.055835656Z"}
{"log":"{'file': '/results/results_6c0a6dcf-dd61-4fa1-a9ab-3511ff33bf3a.json', 'status': 'Completed'} - \"/results/results_6c0a6dcf-dd61-4fa1-a9ab-3511ff33bf3a.json\"\n","stream":"stdout","time":"2023-03-06T05:15:35.72025645Z"}
{"log":"{'file': '/results/results_7a26f5e4-7401-4624-899d-6199d803a9bc.json', 'status': 'Completed'} - \"/results/results_7a26f5e4-7401-4624-899d-6199d803a9bc.json\"\n","stream":"stdout","time":"2023-03-06T05:15:36.388435422Z"}
{"log":"{'file': '/results/results_3b3ab0f7-e38e-4274-962b-8e47516fef20.json', 'status': 'Completed'} - \"/results/results_3b3ab0f7-e38e-4274-962b-8e47516fef20.json\"\n","stream":"stdout","time":"2023-03-06T05:16:10.779250484Z"}
{"log":"{'file': '/results/results_4d51d65a-b5f0-4809-908c-a91706cd8fbf.json', 'status': 'Completed'} - \"/results/results_4d51d65a-b5f0-4809-908c-a91706cd8fbf.json\"\n","stream":"stdout","time":"2023-03-06T05:16:11.119241165Z"}
{"log":"{'file': '/results/results_52ff9356-d5f7-43f6-bc10-a0792b82653b.json', 'status': 'Completed'} - \"/results/results_52ff9356-d5f7-43f6-bc10-a0792b82653b.json\"\n","stream":"stdout","time":"2023-03-06T05:16:46.661941442Z"}
{"log":"{'file': '/results/results_7c63685b-352e-4197-b1d1-a6c74a1ca901.json', 'status': 'Completed'} - \"/results/results_7c63685b-352e-4197-b1d1-a6c74a1ca901.json\"\n","stream":"stdout","time":"2023-03-06T05:16:46.743283942Z"}
{"log":"{'file': '/results/results_cb48b47b-ba55-4c94-88ed-f311f66c3fd0.json', 'status': 'Completed'} - \"/results/results_cb48b47b-ba55-4c94-88ed-f311f66c3fd0.json\"\n","stream":"stdout","time":"2023-03-06T05:17:21.294836431Z"}
{"log":"{'file': '/results/results_8f7f15f1-6b81-48f7-90a1-c1107775df1e.json', 'status': 'Completed'} - \"/results/results_8f7f15f1-6b81-48f7-90a1-c1107775df1e.json\"\n","stream":"stdout","time":"2023-03-06T05:17:21.32426522Z"}
{"log":"{'file': '/results/results_29229502-9d8a-4bdb-91d7-ca63804be1dd.json', 'status': 'Completed'} - \"/results/results_29229502-9d8a-4bdb-91d7-ca63804be1dd.json\"\n","stream":"stdout","time":"2023-03-06T05:17:55.231711181Z"}
{"log":"{'file': '/results/results_0f4fa575-4fce-4641-8a7f-8cac94481575.json', 'status': 'Completed'} - \"/results/results_0f4fa575-4fce-4641-8a7f-8cac94481575.json\"\n","stream":"stdout","time":"2023-03-06T05:17:56.781152479Z"}
{"log":"{'file': '/results/results_25f2c775-10e6-45df-a4ea-211ec6e9cace.json', 'status': 'Completed'} - \"/results/results_25f2c775-10e6-45df-a4ea-211ec6e9cace.json\"\n","stream":"stdout","time":"2023-03-06T05:18:07.722010127Z"}
{"log":"{'file': '/results/results_9ee47e77-4d17-42c9-bb46-7190dd4b3a91.json', 'status': 'Completed'} - \"/results/results_9ee47e77-4d17-42c9-bb46-7190dd4b3a91.json\"\n","stream":"stdout","time":"2023-03-06T05:18:34.095014602Z"}
{"log":"TIME_LOG: RESPONSE TIME 1678078103603 1678079914094 1810491\n","stream":"stdout","time":"2023-03-06T05:18:34.095044744Z"}
{"log":"org.apache.calcite.sql.dialect.PostgresqlSqlDialect\n","stream":"stdout","time":"2023-03-06T05:19:17.544623976Z"}
{"log":"SELECT IMAGECLASSIFIER(`images`.`gender`)\n","stream":"stdout","time":"2023-03-06T05:19:17.558452426Z"}
{"log":"FROM `SCHEMA`.`SCHEMA`.`images` AS `images`\n","stream":"stdout","time":"2023-03-06T05:19:17.558479968Z"}
{"log":"WHERE `images`.`gender` = 0\n","stream":"stdout","time":"2023-03-06T05:19:17.558485205Z"}
{"log":"LogicalProject(EXPR$0=[imageClassifier($3)])\n","stream":"stdout","time":"2023-03-06T05:19:17.561117459Z"}
{"log":"  LogicalFilter(condition=[=($3, 0)])\n","stream":"stdout","time":"2023-03-06T05:19:17.561133232Z"}
{"log":"    JdbcTableScan(table=[[SCHEMA, SCHEMA, images]])\n","stream":"stdout","time":"2023-03-06T05:19:17.561136611Z"}
{"log":"\n","stream":"stdout","time":"2023-03-06T05:19:17.561139417Z"}
{"log":"EnumerableProject(EXPR$0=[imageClassifier($3)])\n","stream":"stdout","time":"2023-03-06T05:19:17.567400918Z"}
{"log":"  JdbcToEnumerableConverter\n","stream":"stdout","time":"2023-03-06T05:19:17.567422115Z"}
{"log":"    JdbcFilter(condition=[=($3, 0)])\n","stream":"stdout","time":"2023-03-06T05:19:17.567426082Z"}
{"log":"      JdbcTableScan(table=[[SCHEMA, SCHEMA, images]])\n","stream":"stdout","time":"2023-03-06T05:19:17.56742892Z"}
{"log":"\n","stream":"stdout","time":"2023-03-06T05:19:17.567431771Z"}
{"log":"test 1\n","stream":"stdout","time":"2023-03-06T05:19:17.567434385Z"}
{"log":"/image/\n","stream":"stdout","time":"2023-03-06T05:19:17.569949342Z"}
{"log":"alluxio://136.145.77.107:19998/image/metadata.json\n","stream":"stdout","time":"2023-03-06T05:19:17.569961299Z"}
{"log":"{'file': '/results/results_2ebfedc3-4657-4e9a-aeaa-625ba875b089.json', 'status': 'Completed'} - \"/results/results_2ebfedc3-4657-4e9a-aeaa-625ba875b089.json\"\n","stream":"stdout","time":"2023-03-06T05:19:53.185509664Z"}
{"log":"{'file': '/results/results_e9c52fa4-a528-46f1-a21e-392e06225a05.json', 'status': 'Completed'} - \"/results/results_e9c52fa4-a528-46f1-a21e-392e06225a05.json\"\n","stream":"stdout","time":"2023-03-06T05:19:53.754976922Z"}
{"log":"{'file': '/results/results_87735b60-f974-4437-b433-da6c612a237d.json', 'status': 'Completed'} - \"/results/results_87735b60-f974-4437-b433-da6c612a237d.json\"\n","stream":"stdout","time":"2023-03-06T05:20:29.742520206Z"}
{"log":"{'file': '/results/results_27eadb6d-1cef-414c-bf51-2bc020b5d6da.json', 'status': 'Completed'} - \"/results/results_27eadb6d-1cef-414c-bf51-2bc020b5d6da.json\"\n","stream":"stdout","time":"2023-03-06T05:20:30.31175947Z"}
{"log":"{'file': '/results/results_346a16b0-537c-4eb5-96ee-35f31adf1e7e.json', 'status': 'Completed'} - \"/results/results_346a16b0-537c-4eb5-96ee-35f31adf1e7e.json\"\n","stream":"stdout","time":"2023-03-06T05:21:07.46339276Z"}
{"log":"{'file': '/results/results_3f7091e6-79fe-4941-9b83-908807821c37.json', 'status': 'Completed'} - \"/results/results_3f7091e6-79fe-4941-9b83-908807821c37.json\"\n","stream":"stdout","time":"2023-03-06T05:21:07.520338103Z"}
{"log":"{'file': '/results/results_c5a5f300-786c-4836-8977-fbcd70533845.json', 'status': 'Completed'} - \"/results/results_c5a5f300-786c-4836-8977-fbcd70533845.json\"\n","stream":"stdout","time":"2023-03-06T05:21:42.613546342Z"}
{"log":"{'file': '/results/results_05404080-6630-4241-be60-edc6b8f2b87a.json', 'status': 'Completed'} - \"/results/results_05404080-6630-4241-be60-edc6b8f2b87a.json\"\n","stream":"stdout","time":"2023-03-06T05:21:43.594947563Z"}
{"log":"{'file': '/results/results_1badc184-16c9-470b-a1a3-73344413650d.json', 'status': 'Completed'} - \"/results/results_1badc184-16c9-470b-a1a3-73344413650d.json\"\n","stream":"stdout","time":"2023-03-06T05:22:18.27946409Z"}
{"log":"{'file': '/results/results_64656b6c-4ad2-459b-af74-59d2e42f3892.json', 'status': 'Completed'} - \"/results/results_64656b6c-4ad2-459b-af74-59d2e42f3892.json\"\n","stream":"stdout","time":"2023-03-06T05:22:19.369481988Z"}
{"log":"{'file': '/results/results_8015c7c5-3a84-4b95-b065-4ffc89ec03bc.json', 'status': 'Completed'} - \"/results/results_8015c7c5-3a84-4b95-b065-4ffc89ec03bc.json\"\n","stream":"stdout","time":"2023-03-06T05:22:53.366304631Z"}
{"log":"{'file': '/results/results_b49204a3-5e9a-4b27-8570-8fa2edccadbd.json', 'status': 'Completed'} - \"/results/results_b49204a3-5e9a-4b27-8570-8fa2edccadbd.json\"\n","stream":"stdout","time":"2023-03-06T05:22:55.671473156Z"}
{"log":"{'file': '/results/results_c09551d2-e32b-449c-bf63-d22c913b3a3d.json', 'status': 'Completed'} - \"/results/results_c09551d2-e32b-449c-bf63-d22c913b3a3d.json\"\n","stream":"stdout","time":"2023-03-06T05:23:30.194263494Z"}
{"log":"{'file': '/results/results_9169f25c-9967-4e30-a9da-a3f737861477.json', 'status': 'Completed'} - \"/results/results_9169f25c-9967-4e30-a9da-a3f737861477.json\"\n","stream":"stdout","time":"2023-03-06T05:23:30.24291998Z"}
{"log":"{'file': '/results/results_94f99f81-d7fb-4bf8-8041-6479b25a91a1.json', 'status': 'Completed'} - \"/results/results_94f99f81-d7fb-4bf8-8041-6479b25a91a1.json\"\n","stream":"stdout","time":"2023-03-06T05:24:05.247075069Z"}
{"log":"{'file': '/results/results_11d1694c-47e8-4d7f-b2f7-1ffda578c200.json', 'status': 'Completed'} - \"/results/results_11d1694c-47e8-4d7f-b2f7-1ffda578c200.json\"\n","stream":"stdout","time":"2023-03-06T05:24:06.090768781Z"}
{"log":"{'file': '/results/results_1a8a78c0-4924-41ce-81d8-8eb38dc3a6b1.json', 'status': 'Completed'} - \"/results/results_1a8a78c0-4924-41ce-81d8-8eb38dc3a6b1.json\"\n","stream":"stdout","time":"2023-03-06T05:24:43.642946589Z"}
{"log":"{'file': '/results/results_4a57e03e-7ff9-4e26-aed3-efd58c814e15.json', 'status': 'Completed'} - \"/results/results_4a57e03e-7ff9-4e26-aed3-efd58c814e15.json\"\n","stream":"stdout","time":"2023-03-06T05:24:43.890059229Z"}
{"log":"{'file': '/results/results_79c1ab70-66ff-475b-887b-b10e27999db8.json', 'status': 'Completed'} - \"/results/results_79c1ab70-66ff-475b-887b-b10e27999db8.json\"\n","stream":"stdout","time":"2023-03-06T05:25:19.055743564Z"}
{"log":"{'file': '/results/results_207376f0-9483-40a1-869f-6e0ef8e1c69d.json', 'status': 'Completed'} - \"/results/results_207376f0-9483-40a1-869f-6e0ef8e1c69d.json\"\n","stream":"stdout","time":"2023-03-06T05:25:21.822458593Z"}
{"log":"{'file': '/results/results_06653ae6-2469-41cf-ba7d-d4133135d411.json', 'status': 'Completed'} - \"/results/results_06653ae6-2469-41cf-ba7d-d4133135d411.json\"\n","stream":"stdout","time":"2023-03-06T05:25:55.455479144Z"}
{"log":"{'file': '/results/results_a17ceb11-70ac-41d5-8db3-068b72fec61e.json', 'status': 'Completed'} - \"/results/results_a17ceb11-70ac-41d5-8db3-068b72fec61e.json\"\n","stream":"stdout","time":"2023-03-06T05:25:57.456927123Z"}
{"log":"{'file': '/results/results_000691e8-14bf-46ff-bca8-0c85503c742d.json', 'status': 'Completed'} - \"/results/results_000691e8-14bf-46ff-bca8-0c85503c742d.json\"\n","stream":"stdout","time":"2023-03-06T05:26:30.93407019Z"}
{"log":"{'file': '/results/results_5020cad1-81df-44eb-8456-77d624ba6f3c.json', 'status': 'Completed'} - \"/results/results_5020cad1-81df-44eb-8456-77d624ba6f3c.json\"\n","stream":"stdout","time":"2023-03-06T05:26:32.447756291Z"}
{"log":"{'file': '/results/results_cfd72d93-d92f-41b7-a59d-1f1bcd5b4c3c.json', 'status': 'Completed'} - \"/results/results_cfd72d93-d92f-41b7-a59d-1f1bcd5b4c3c.json\"\n","stream":"stdout","time":"2023-03-06T05:27:07.096183305Z"}
{"log":"{'file': '/results/results_52429315-e1bd-46a7-9f2f-2d6094755d3d.json', 'status': 'Completed'} - \"/results/results_52429315-e1bd-46a7-9f2f-2d6094755d3d.json\"\n","stream":"stdout","time":"2023-03-06T05:27:08.090214268Z"}
{"log":"{'file': '/results/results_7d4bb13d-0d38-4799-a003-2bc99098c901.json', 'status': 'Completed'} - \"/results/results_7d4bb13d-0d38-4799-a003-2bc99098c901.json\"\n","stream":"stdout","time":"2023-03-06T05:27:42.342122086Z"}
{"log":"{'file': '/results/results_76d4207c-c362-4544-a366-7c45d8756871.json', 'status': 'Completed'} - \"/results/results_76d4207c-c362-4544-a366-7c45d8756871.json\"\n","stream":"stdout","time":"2023-03-06T05:27:42.603250491Z"}
{"log":"{'file': '/results/results_e2c3df1a-1240-40f3-9d24-ca8739752484.json', 'status': 'Completed'} - \"/results/results_e2c3df1a-1240-40f3-9d24-ca8739752484.json\"\n","stream":"stdout","time":"2023-03-06T05:28:17.495666238Z"}
{"log":"{'file': '/results/results_b79eb54f-c0d7-4530-a842-799a619d2110.json', 'status': 'Completed'} - \"/results/results_b79eb54f-c0d7-4530-a842-799a619d2110.json\"\n","stream":"stdout","time":"2023-03-06T05:28:18.602820198Z"}
{"log":"{'file': '/results/results_6cefbb16-1afd-41d2-ad5f-7c45f4e1dcf2.json', 'status': 'Completed'} - \"/results/results_6cefbb16-1afd-41d2-ad5f-7c45f4e1dcf2.json\"\n","stream":"stdout","time":"2023-03-06T05:28:53.727845029Z"}
{"log":"{'file': '/results/results_171c5ea3-5670-416d-a17c-c2a9277dfd2c.json', 'status': 'Completed'} - \"/results/results_171c5ea3-5670-416d-a17c-c2a9277dfd2c.json\"\n","stream":"stdout","time":"2023-03-06T05:28:54.394715078Z"}
{"log":"{'file': '/results/results_77ba889a-dfd3-4af1-a150-edbd4efb344b.json', 'status': 'Completed'} - \"/results/results_77ba889a-dfd3-4af1-a150-edbd4efb344b.json\"\n","stream":"stdout","time":"2023-03-06T05:29:30.446805713Z"}
{"log":"{'file': '/results/results_11a7abeb-d95b-4e8f-a109-72184ac49ed4.json', 'status': 'Completed'} - \"/results/results_11a7abeb-d95b-4e8f-a109-72184ac49ed4.json\"\n","stream":"stdout","time":"2023-03-06T05:29:30.940283871Z"}
{"log":"{'file': '/results/results_ef24070f-a9f7-4263-9b82-b89df750a539.json', 'status': 'Completed'} - \"/results/results_ef24070f-a9f7-4263-9b82-b89df750a539.json\"\n","stream":"stdout","time":"2023-03-06T05:30:06.554625973Z"}
{"log":"{'file': '/results/results_d9b3e866-68ba-4514-b892-c89e6cbd9523.json', 'status': 'Completed'} - \"/results/results_d9b3e866-68ba-4514-b892-c89e6cbd9523.json\"\n","stream":"stdout","time":"2023-03-06T05:30:07.579592478Z"}
{"log":"{'file': '/results/results_f468c440-a7eb-47c1-87db-9526546d5285.json', 'status': 'Completed'} - \"/results/results_f468c440-a7eb-47c1-87db-9526546d5285.json\"\n","stream":"stdout","time":"2023-03-06T05:30:43.072094946Z"}
{"log":"{'file': '/results/results_e74d9ed3-f241-48d9-b23c-2b1856dbba20.json', 'status': 'Completed'} - \"/results/results_e74d9ed3-f241-48d9-b23c-2b1856dbba20.json\"\n","stream":"stdout","time":"2023-03-06T05:30:43.949893243Z"}
{"log":"{'file': '/results/results_0c2e4213-d54a-450e-986e-d17772597aca.json', 'status': 'Completed'} - \"/results/results_0c2e4213-d54a-450e-986e-d17772597aca.json\"\n","stream":"stdout","time":"2023-03-06T05:31:18.187498514Z"}
{"log":"{'file': '/results/results_25031fde-dd0d-4b0a-963d-b0d3b2b7e5d9.json', 'status': 'Completed'} - \"/results/results_25031fde-dd0d-4b0a-963d-b0d3b2b7e5d9.json\"\n","stream":"stdout","time":"2023-03-06T05:31:19.259507537Z"}
{"log":"{'file': '/results/results_73bcd6ab-12f6-4acf-87bd-157a82cea53c.json', 'status': 'Completed'} - \"/results/results_73bcd6ab-12f6-4acf-87bd-157a82cea53c.json\"\n","stream":"stdout","time":"2023-03-06T05:31:54.847834075Z"}
{"log":"{'file': '/results/results_7cde1c1d-479d-467a-8ca2-f6238b18c24a.json', 'status': 'Completed'} - \"/results/results_7cde1c1d-479d-467a-8ca2-f6238b18c24a.json\"\n","stream":"stdout","time":"2023-03-06T05:31:55.297911851Z"}
{"log":"{'file': '/results/results_80e3b7fe-754d-4054-a3f4-ed38fb7aa3cb.json', 'status': 'Completed'} - \"/results/results_80e3b7fe-754d-4054-a3f4-ed38fb7aa3cb.json\"\n","stream":"stdout","time":"2023-03-06T05:32:30.800722739Z"}
{"log":"{'file': '/results/results_c41d6ae0-be87-4f74-ba48-4e28408ea8c0.json', 'status': 'Completed'} - \"/results/results_c41d6ae0-be87-4f74-ba48-4e28408ea8c0.json\"\n","stream":"stdout","time":"2023-03-06T05:32:31.785586905Z"}
{"log":"{'file': '/results/results_c1e94c61-206d-4870-8720-415cba13ffa8.json', 'status': 'Completed'} - \"/results/results_c1e94c61-206d-4870-8720-415cba13ffa8.json\"\n","stream":"stdout","time":"2023-03-06T05:33:05.778449954Z"}
{"log":"{'file': '/results/results_94f00e24-b018-427e-bd4c-6dc561c151e6.json', 'status': 'Completed'} - \"/results/results_94f00e24-b018-427e-bd4c-6dc561c151e6.json\"\n","stream":"stdout","time":"2023-03-06T05:33:07.857164295Z"}
{"log":"{'file': '/results/results_b51aa333-639a-4f15-bd4d-4f19c85d388d.json', 'status': 'Completed'} - \"/results/results_b51aa333-639a-4f15-bd4d-4f19c85d388d.json\"\n","stream":"stdout","time":"2023-03-06T05:33:40.513434352Z"}
{"log":"{'file': '/results/results_6196bb24-f67c-4531-a84a-cc1b89a1f318.json', 'status': 'Completed'} - \"/results/results_6196bb24-f67c-4531-a84a-cc1b89a1f318.json\"\n","stream":"stdout","time":"2023-03-06T05:33:43.808788809Z"}
{"log":"{'file': '/results/results_bf498dd3-5698-4730-ab8d-a5259f47e714.json', 'status': 'Completed'} - \"/results/results_bf498dd3-5698-4730-ab8d-a5259f47e714.json\"\n","stream":"stdout","time":"2023-03-06T05:34:16.446088851Z"}
{"log":"{'file': '/results/results_19937405-ac16-4f48-83a4-7d3c2d31c692.json', 'status': 'Completed'} - \"/results/results_19937405-ac16-4f48-83a4-7d3c2d31c692.json\"\n","stream":"stdout","time":"2023-03-06T05:34:22.132618429Z"}
{"log":"{'file': '/results/results_02561014-3cbf-4614-b23c-744d7aafbf28.json', 'status': 'Completed'} - \"/results/results_02561014-3cbf-4614-b23c-744d7aafbf28.json\"\n","stream":"stdout","time":"2023-03-06T05:34:50.916451453Z"}
{"log":"{'file': '/results/results_9888d88d-8f09-4add-971f-e4da6f128f6e.json', 'status': 'Completed'} - \"/results/results_9888d88d-8f09-4add-971f-e4da6f128f6e.json\"\n","stream":"stdout","time":"2023-03-06T05:34:58.828883225Z"}
{"log":"{'file': '/results/results_f512e548-deb3-461d-bdbe-fa4d1755bc3e.json', 'status': 'Completed'} - \"/results/results_f512e548-deb3-461d-bdbe-fa4d1755bc3e.json\"\n","stream":"stdout","time":"2023-03-06T05:35:26.242206207Z"}
{"log":"{'file': '/results/results_f2fd897d-aa42-41b4-960a-8b21f5a747c3.json', 'status': 'Completed'} - \"/results/results_f2fd897d-aa42-41b4-960a-8b21f5a747c3.json\"\n","stream":"stdout","time":"2023-03-06T05:35:36.153398489Z"}
{"log":"{'file': '/results/results_7a01e304-ce08-4b62-b7bf-709308b0207d.json', 'status': 'Completed'} - \"/results/results_7a01e304-ce08-4b62-b7bf-709308b0207d.json\"\n","stream":"stdout","time":"2023-03-06T05:36:00.325495215Z"}
{"log":"{'file': '/results/results_33d71bb5-cbf8-469c-8f75-252d97b7936d.json', 'status': 'Completed'} - \"/results/results_33d71bb5-cbf8-469c-8f75-252d97b7936d.json\"\n","stream":"stdout","time":"2023-03-06T05:36:11.991532989Z"}
{"log":"{'file': '/results/results_cd02e99e-460d-49fc-ae81-d32e4ea2cff4.json', 'status': 'Completed'} - \"/results/results_cd02e99e-460d-49fc-ae81-d32e4ea2cff4.json\"\n","stream":"stdout","time":"2023-03-06T05:36:34.467577797Z"}
{"log":"{'file': '/results/results_d3bec2d6-9228-44c7-b585-2271b53e5f33.json', 'status': 'Completed'} - \"/results/results_d3bec2d6-9228-44c7-b585-2271b53e5f33.json\"\n","stream":"stdout","time":"2023-03-06T05:36:47.536821581Z"}
{"log":"{'file': '/results/results_2213a929-5690-4e1a-8c0c-99cce5607651.json', 'status': 'Completed'} - \"/results/results_2213a929-5690-4e1a-8c0c-99cce5607651.json\"\n","stream":"stdout","time":"2023-03-06T05:37:08.460373181Z"}
{"log":"{'file': '/results/results_636e2526-234b-42ac-84b1-41671730bcc7.json', 'status': 'Completed'} - \"/results/results_636e2526-234b-42ac-84b1-41671730bcc7.json\"\n","stream":"stdout","time":"2023-03-06T05:37:23.32702401Z"}
{"log":"{'file': '/results/results_5c2c63e9-6939-409a-98c9-ee9dbcda3574.json', 'status': 'Completed'} - \"/results/results_5c2c63e9-6939-409a-98c9-ee9dbcda3574.json\"\n","stream":"stdout","time":"2023-03-06T05:37:43.357203386Z"}
{"log":"{'file': '/results/results_de1eed2d-5cb0-4d23-b93b-b251df93df92.json', 'status': 'Completed'} - \"/results/results_de1eed2d-5cb0-4d23-b93b-b251df93df92.json\"\n","stream":"stdout","time":"2023-03-06T05:37:57.27933355Z"}
{"log":"{'file': '/results/results_3b7cd060-0893-4fa4-a002-f351a06cb75e.json', 'status': 'Completed'} - \"/results/results_3b7cd060-0893-4fa4-a002-f351a06cb75e.json\"\n","stream":"stdout","time":"2023-03-06T05:38:18.066053906Z"}
{"log":"{'file': '/results/results_32d4bc84-32e8-4a51-9eb0-32805f04579e.json', 'status': 'Completed'} - \"/results/results_32d4bc84-32e8-4a51-9eb0-32805f04579e.json\"\n","stream":"stdout","time":"2023-03-06T05:38:32.829497157Z"}
{"log":"{'file': '/results/results_15e8fcfc-b0bd-4fb9-b298-129829fe4aa1.json', 'status': 'Completed'} - \"/results/results_15e8fcfc-b0bd-4fb9-b298-129829fe4aa1.json\"\n","stream":"stdout","time":"2023-03-06T05:38:53.330082319Z"}
{"log":"{'file': '/results/results_495a22bc-8f20-492f-b3a8-a57561a1e0f0.json', 'status': 'Completed'} - \"/results/results_495a22bc-8f20-492f-b3a8-a57561a1e0f0.json\"\n","stream":"stdout","time":"2023-03-06T05:39:07.726769828Z"}
{"log":"{'file': '/results/results_1b76ebb5-e004-40d6-b2f4-c136190004ac.json', 'status': 'Completed'} - \"/results/results_1b76ebb5-e004-40d6-b2f4-c136190004ac.json\"\n","stream":"stdout","time":"2023-03-06T05:39:29.727230528Z"}
{"log":"{'file': '/results/results_f58e516b-aae0-4a84-9de4-7225c277ccad.json', 'status': 'Completed'} - \"/results/results_f58e516b-aae0-4a84-9de4-7225c277ccad.json\"\n","stream":"stdout","time":"2023-03-06T05:39:44.522675131Z"}
{"log":"{'file': '/results/results_4d81fb65-1194-4b8d-9a5b-80dcd87a9438.json', 'status': 'Completed'} - \"/results/results_4d81fb65-1194-4b8d-9a5b-80dcd87a9438.json\"\n","stream":"stdout","time":"2023-03-06T05:40:06.369032207Z"}
{"log":"{'file': '/results/results_e0828fc2-e561-4af0-b7ba-709f0ba182a8.json', 'status': 'Completed'} - \"/results/results_e0828fc2-e561-4af0-b7ba-709f0ba182a8.json\"\n","stream":"stdout","time":"2023-03-06T05:40:19.292863783Z"}
{"log":"{'file': '/results/results_6ffd9735-f418-4936-8a7b-81a57efcf2b6.json', 'status': 'Completed'} - \"/results/results_6ffd9735-f418-4936-8a7b-81a57efcf2b6.json\"\n","stream":"stdout","time":"2023-03-06T05:40:41.54914223Z"}
{"log":"{'file': '/results/results_363e94c1-04cb-4680-8fee-f21080972023.json', 'status': 'Completed'} - \"/results/results_363e94c1-04cb-4680-8fee-f21080972023.json\"\n","stream":"stdout","time":"2023-03-06T05:40:54.827033028Z"}
{"log":"{'file': '/results/results_dd033eff-ca0a-4d5c-a2d4-e1c6cd4ecae3.json', 'status': 'Completed'} - \"/results/results_dd033eff-ca0a-4d5c-a2d4-e1c6cd4ecae3.json\"\n","stream":"stdout","time":"2023-03-06T05:41:16.309883641Z"}
{"log":"{'file': '/results/results_8151c6c4-586b-4c50-aa84-b3ec13ba981e.json', 'status': 'Completed'} - \"/results/results_8151c6c4-586b-4c50-aa84-b3ec13ba981e.json\"\n","stream":"stdout","time":"2023-03-06T05:41:29.779488999Z"}
{"log":"{'file': '/results/results_8da4b57d-5256-41df-8186-c6166944e960.json', 'status': 'Completed'} - \"/results/results_8da4b57d-5256-41df-8186-c6166944e960.json\"\n","stream":"stdout","time":"2023-03-06T05:41:51.484993038Z"}
{"log":"{'file': '/results/results_cd01ca6f-3569-4251-9d7b-130133e7cf37.json', 'status': 'Completed'} - \"/results/results_cd01ca6f-3569-4251-9d7b-130133e7cf37.json\"\n","stream":"stdout","time":"2023-03-06T05:42:05.813866537Z"}
{"log":"{'file': '/results/results_a4a97461-53ab-475e-aeac-955fa4249c0b.json', 'status': 'Completed'} - \"/results/results_a4a97461-53ab-475e-aeac-955fa4249c0b.json\"\n","stream":"stdout","time":"2023-03-06T05:42:27.313522228Z"}
{"log":"{'file': '/results/results_9e194253-69fe-438b-970c-fa5587321c5c.json', 'status': 'Completed'} - \"/results/results_9e194253-69fe-438b-970c-fa5587321c5c.json\"\n","stream":"stdout","time":"2023-03-06T05:42:43.284202493Z"}
{"log":"{'file': '/results/results_8024b6f9-a82b-462c-93e3-8d26a7ad8033.json', 'status': 'Completed'} - \"/results/results_8024b6f9-a82b-462c-93e3-8d26a7ad8033.json\"\n","stream":"stdout","time":"2023-03-06T05:43:04.451939149Z"}
{"log":"{'file': '/results/results_4909df4c-8ada-46b6-b265-703602a3b59e.json', 'status': 'Completed'} - \"/results/results_4909df4c-8ada-46b6-b265-703602a3b59e.json\"\n","stream":"stdout","time":"2023-03-06T05:43:20.587182706Z"}
{"log":"{'file': '/results/results_bb6e8e98-5292-4f97-8fca-cc8e8fa547bf.json', 'status': 'Completed'} - \"/results/results_bb6e8e98-5292-4f97-8fca-cc8e8fa547bf.json\"\n","stream":"stdout","time":"2023-03-06T05:43:39.637983604Z"}
{"log":"{'file': '/results/results_cc0d2028-6f33-4dd5-b591-fb01bb923b84.json', 'status': 'Completed'} - \"/results/results_cc0d2028-6f33-4dd5-b591-fb01bb923b84.json\"\n","stream":"stdout","time":"2023-03-06T05:43:55.844461437Z"}
{"log":"{'file': '/results/results_2382bdb0-a80f-48b9-b680-625a9e9ec264.json', 'status': 'Completed'} - \"/results/results_2382bdb0-a80f-48b9-b680-625a9e9ec264.json\"\n","stream":"stdout","time":"2023-03-06T05:44:16.214741211Z"}
{"log":"{'file': '/results/results_9023d229-acef-4122-aba6-4f7c6d30a158.json', 'status': 'Completed'} - \"/results/results_9023d229-acef-4122-aba6-4f7c6d30a158.json\"\n","stream":"stdout","time":"2023-03-06T05:44:31.852350287Z"}
{"log":"{'file': '/results/results_dfbabaee-c8df-4b7b-8332-4dc54b807807.json', 'status': 'Completed'} - \"/results/results_dfbabaee-c8df-4b7b-8332-4dc54b807807.json\"\n","stream":"stdout","time":"2023-03-06T05:44:52.062536589Z"}
{"log":"{'file': '/results/results_76b76e33-099b-4156-9bb1-12769d0b5939.json', 'status': 'Completed'} - \"/results/results_76b76e33-099b-4156-9bb1-12769d0b5939.json\"\n","stream":"stdout","time":"2023-03-06T05:45:07.344348572Z"}
{"log":"{'file': '/results/results_42d66fc7-a136-49cd-8cf1-c1b522ba2cef.json', 'status': 'Completed'} - \"/results/results_42d66fc7-a136-49cd-8cf1-c1b522ba2cef.json\"\n","stream":"stdout","time":"2023-03-06T05:45:26.844049598Z"}
{"log":"{'file': '/results/results_cfe8ea43-7cd0-4550-83d3-33f75a16e686.json', 'status': 'Completed'} - \"/results/results_cfe8ea43-7cd0-4550-83d3-33f75a16e686.json\"\n","stream":"stdout","time":"2023-03-06T05:45:41.49817682Z"}
{"log":"{'file': '/results/results_0d816216-f058-4454-8ceb-57d8e842dcc2.json', 'status': 'Completed'} - \"/results/results_0d816216-f058-4454-8ceb-57d8e842dcc2.json\"\n","stream":"stdout","time":"2023-03-06T05:46:02.63570109Z"}
{"log":"{'file': '/results/results_de0ce6a2-d8c2-42be-9f60-8f574fdc7ffc.json', 'status': 'Completed'} - \"/results/results_de0ce6a2-d8c2-42be-9f60-8f574fdc7ffc.json\"\n","stream":"stdout","time":"2023-03-06T05:46:15.924785242Z"}
{"log":"{'file': '/results/results_3c0a4fd1-bd04-433d-b5b5-9e1d61c923cf.json', 'status': 'Completed'} - \"/results/results_3c0a4fd1-bd04-433d-b5b5-9e1d61c923cf.json\"\n","stream":"stdout","time":"2023-03-06T05:46:40.380873878Z"}
{"log":"{'file': '/results/results_bf97e445-e7b5-4eff-a169-ff8adefe498e.json', 'status': 'Completed'} - \"/results/results_bf97e445-e7b5-4eff-a169-ff8adefe498e.json\"\n","stream":"stdout","time":"2023-03-06T05:46:52.361928794Z"}
{"log":"{'file': '/results/results_a1aa6045-9d39-4067-acf8-fb9e43dce52c.json', 'status': 'Completed'} - \"/results/results_a1aa6045-9d39-4067-acf8-fb9e43dce52c.json\"\n","stream":"stdout","time":"2023-03-06T05:47:16.196560709Z"}
{"log":"{'file': '/results/results_d564534b-1814-46e8-b9d4-d205a6d8a4d4.json', 'status': 'Completed'} - \"/results/results_d564534b-1814-46e8-b9d4-d205a6d8a4d4.json\"\n","stream":"stdout","time":"2023-03-06T05:47:26.678768157Z"}
{"log":"{'file': '/results/results_cf39732f-8295-4295-a805-5058d3b231a7.json', 'status': 'Completed'} - \"/results/results_cf39732f-8295-4295-a805-5058d3b231a7.json\"\n","stream":"stdout","time":"2023-03-06T05:47:53.187838704Z"}
{"log":"{'file': '/results/results_4a464bbb-5c42-4440-94c7-62e0b2a3192f.json', 'status': 'Completed'} - \"/results/results_4a464bbb-5c42-4440-94c7-62e0b2a3192f.json\"\n","stream":"stdout","time":"2023-03-06T05:48:01.322592808Z"}
{"log":"{'file': '/results/results_90280ba6-9323-4a40-b00f-344f4dc517a1.json', 'status': 'Completed'} - \"/results/results_90280ba6-9323-4a40-b00f-344f4dc517a1.json\"\n","stream":"stdout","time":"2023-03-06T05:48:28.841325462Z"}
{"log":"{'file': '/results/results_fb929e31-43fb-450a-a344-1e05e778f9b0.json', 'status': 'Completed'} - \"/results/results_fb929e31-43fb-450a-a344-1e05e778f9b0.json\"\n","stream":"stdout","time":"2023-03-06T05:48:36.658348556Z"}
{"log":"{'file': '/results/results_81c2b759-5723-474d-bd65-057761d9d8a3.json', 'status': 'Completed'} - \"/results/results_81c2b759-5723-474d-bd65-057761d9d8a3.json\"\n","stream":"stdout","time":"2023-03-06T05:49:05.118209082Z"}
{"log":"{'file': '/results/results_388fcc22-550a-40db-9681-236b6e39b239.json', 'status': 'Completed'} - \"/results/results_388fcc22-550a-40db-9681-236b6e39b239.json\"\n","stream":"stdout","time":"2023-03-06T05:49:10.815342947Z"}
{"log":"{'file': '/results/results_9c706c9f-3afd-4e2c-9b12-a487f9322f6c.json', 'status': 'Completed'} - \"/results/results_9c706c9f-3afd-4e2c-9b12-a487f9322f6c.json\"\n","stream":"stdout","time":"2023-03-06T05:49:20.948916881Z"}
{"log":"{'file': '/results/results_68707c30-6c5e-4ac9-a38b-7e55e798ce8c.json', 'status': 'Completed'} - \"/results/results_68707c30-6c5e-4ac9-a38b-7e55e798ce8c.json\"\n","stream":"stdout","time":"2023-03-06T05:49:40.85780823Z"}
{"log":"TIME_LOG: RESPONSE TIME 1678079957540 1678081780855 1823315\n","stream":"stdout","time":"2023-03-06T05:49:40.857841034Z"}
