{"log":"[INFO] Scanning for projects...\n","stream":"stdout","time":"2023-03-06T06:27:09.835902417Z"}
{"log":"Downloading from central: https://repo.maven.apache.org/maven2/org/apache/maven/plugins/maven-deploy-plugin/3.0.0/maven-deploy-plugin-3.0.0.pom\n","stream":"stdout","time":"2023-03-06T06:27:10.254590806Z"}
{"log":"Progress (1): 1.4/8.5 kB\rProgress (1): 2.7/8.5 kB\rProgress (1): 4.1/8.5 kB\rProgress (1): 5.5/8.5 kB\rProgress (1): 6.9/8.5 kB\rProgress (1): 8.2/8.5 kB\rProgress (1): 8.5 kB    \r                    \rDownloaded from central: https://repo.maven.apache.org/maven2/org/apache/maven/plugins/maven-deploy-plugin/3.0.0/maven-deploy-plugin-3.0.0.pom (8.5 kB at 16 kB/s)\n","stream":"stdout","time":"2023-03-06T06:27:10.783173437Z"}
{"log":"Downloading from central: https://repo.maven.apache.org/maven2/org/apache/maven/plugins/maven-deploy-plugin/3.0.0/maven-deploy-plugin-3.0.0.jar\n","stream":"stdout","time":"2023-03-06T06:27:10.807113931Z"}
{"log":"Progress (1): 1.4/37 kB\rProgress (1): 2.7/37 kB\rProgress (1): 4.1/37 kB\rProgress (1): 5.5/37 kB\rProgress (1): 6.9/37 kB\rProgress (1): 8.2/37 kB\rProgress (1): 9.6/37 kB\rProgress (1): 11/37 kB \rProgress (1): 12/37 kB\rProgress (1): 14/37 kB\rProgress (1): 15/37 kB\rProgress (1): 16/37 kB\rProgress (1): 18/37 kB\rProgress (1): 19/37 kB\rProgress (1): 21/37 kB\rProgress (1): 22/37 kB\rProgress (1): 23/37 kB\rProgress (1): 25/37 kB\rProgress (1): 26/37 kB\rProgress (1): 27/37 kB\rProgress (1): 29/37 kB\rProgress (1): 30/37 kB\rProgress (1): 32/37 kB\rProgress (1): 33/37 kB\rProgress (1): 34/37 kB\rProgress (1): 36/37 kB\rProgress (1): 37/37 kB\rProgress (1): 37 kB   \r                   \rDownloaded from central: https://repo.maven.apache.org/maven2/org/apache/maven/plugins/maven-deploy-plugin/3.0.0/maven-deploy-plugin-3.0.0.jar (37 kB at 353 kB/s)\n","stream":"stdout","time":"2023-03-06T06:27:10.913127553Z"}
{"log":"Downloading from central: https://repo.maven.apache.org/maven2/org/apache/maven/plugins/maven-site-plugin/3.12.1/maven-site-plugin-3.12.1.pom\n","stream":"stdout","time":"2023-03-06T06:27:10.919840697Z"}
{"log":"Progress (1): 16/20 kB\rProgress (1): 20 kB   \r                   \rDownloaded from central: https://repo.maven.apache.org/maven2/org/apache/maven/plugins/maven-site-plugin/3.12.1/maven-site-plugin-3.12.1.pom (20 kB at 272 kB/s)\n","stream":"stdout","time":"2023-03-06T06:27:10.992265547Z"}
{"log":"Downloading from central: https://repo.maven.apache.org/maven2/org/apache/maven/plugins/maven-site-plugin/3.12.1/maven-site-plugin-3.12.1.jar\n","stream":"stdout","time":"2023-03-06T06:27:11.003919011Z"}
{"log":"Progress (1): 16/119 kB\rProgress (1): 33/119 kB\rProgress (1): 49/119 kB\rProgress (1): 66/119 kB\rProgress (1): 82/119 kB\rProgress (1): 98/119 kB\rProgress (1): 115/119 kB\rProgress (1): 119 kB    \r                    \rDownloaded from central: https://repo.maven.apache.org/maven2/org/apache/maven/plugins/maven-site-plugin/3.12.1/maven-site-plugin-3.12.1.jar (119 kB at 874 kB/s)\n","stream":"stdout","time":"2023-03-06T06:27:11.139360217Z"}
{"log":"Downloading from central: https://repo.maven.apache.org/maven2/org/apache/maven/plugins/maven-antrun-plugin/1.3/maven-antrun-plugin-1.3.pom\n","stream":"stdout","time":"2023-03-06T06:27:11.15008783Z"}
{"log":"Progress (1): 4.7 kB\r                    \rDownloaded from central: https://repo.maven.apache.org/maven2/org/apache/maven/plugins/maven-antrun-plugin/1.3/maven-antrun-plugin-1.3.pom (4.7 kB at 71 kB/s)\n","stream":"stdout","time":"2023-03-06T06:27:11.216390235Z"}
{"log":"Downloading from central: https://repo.maven.apache.org/maven2/org/apache/maven/plugins/maven-plugins/12/maven-plugins-12.pom\n","stream":"stdout","time":"2023-03-06T06:27:11.222816192Z"}
{"log":"Progress (1): 12 kB\r                   \rDownloaded from central: https://repo.maven.apache.org/maven2/org/apache/maven/plugins/maven-plugins/12/maven-plugins-12.pom (12 kB at 175 kB/s)\n","stream":"stdout","time":"2023-03-06T06:27:11.289234116Z"}
{"log":"Downloading from central: https://repo.maven.apache.org/maven2/org/apache/maven/maven-parent/9/maven-parent-9.pom\n","stream":"stdout","time":"2023-03-06T06:27:11.293826623Z"}
{"log":"Progress (1): 16/33 kB\rProgress (1): 33/33 kB\rProgress (1): 33 kB   \r                   \rDownloaded from central: https://repo.maven.apache.org/maven2/org/apache/maven/maven-parent/9/maven-parent-9.pom (33 kB at 476 kB/s)\n","stream":"stdout","time":"2023-03-06T06:27:11.362911697Z"}
{"log":"Downloading from central: https://repo.maven.apache.org/maven2/org/apache/maven/plugins/maven-antrun-plugin/1.3/maven-antrun-plugin-1.3.jar\n","stream":"stdout","time":"2023-03-06T06:27:11.37179468Z"}
{"log":"Progress (1): 16/24 kB\rProgress (1): 24 kB   \r                   \rDownloaded from central: https://repo.maven.apache.org/maven2/org/apache/maven/plugins/maven-antrun-plugin/1.3/maven-antrun-plugin-1.3.jar (24 kB at 347 kB/s)\n","stream":"stdout","time":"2023-03-06T06:27:11.439186438Z"}
{"log":"Downloading from central: https://repo.maven.apache.org/maven2/org/apache/maven/plugins/maven-assembly-plugin/2.2-beta-5/maven-assembly-plugin-2.2-beta-5.pom\n","stream":"stdout","time":"2023-03-06T06:27:11.443322546Z"}
{"log":"Progress (1): 15 kB\r                   \rDownloaded from central: https://repo.maven.apache.org/maven2/org/apache/maven/plugins/maven-assembly-plugin/2.2-beta-5/maven-assembly-plugin-2.2-beta-5.pom (15 kB at 230 kB/s)\n","stream":"stdout","time":"2023-03-06T06:27:11.509318035Z"}
{"log":"Downloading from central: https://repo.maven.apache.org/maven2/org/apache/maven/plugins/maven-plugins/16/maven-plugins-16.pom\n","stream":"stdout","time":"2023-03-06T06:27:11.514508551Z"}
{"log":"Progress (1): 13 kB\r                   \rDownloaded from central: https://repo.maven.apache.org/maven2/org/apache/maven/plugins/maven-plugins/16/maven-plugins-16.pom (13 kB at 196 kB/s)\n","stream":"stdout","time":"2023-03-06T06:27:11.580306552Z"}
{"log":"Downloading from central: https://repo.maven.apache.org/maven2/org/apache/maven/plugins/maven-assembly-plugin/2.2-beta-5/maven-assembly-plugin-2.2-beta-5.jar\n","stream":"stdout","time":"2023-03-06T06:27:11.593109615Z"}
{"log":"Progress (1): 16/209 kB\rProgress (1): 32/209 kB\rProgress (1): 49/209 kB\rProgress (1): 65/209 kB\rProgress (1): 81/209 kB\rProgress (1): 98/209 kB\rProgress (1): 114/209 kB\rProgress (1): 131/209 kB\rProgress (1): 147/209 kB\rProgress (1): 163/209 kB\rProgress (1): 180/209 kB\rProgress (1): 196/209 kB\rProgress (1): 209 kB    \r                    \rDownloaded from central: https://repo.maven.apache.org/maven2/org/apache/maven/plugins/maven-assembly-plugin/2.2-beta-5/maven-assembly-plugin-2.2-beta-5.jar (209 kB at 1.6 MB/s)\n","stream":"stdout","time":"2023-03-06T06:27:11.721997702Z"}
{"log":"Downloading from central: https://repo.maven.apache.org/maven2/org/apache/maven/plugins/maven-dependency-plugin/2.8/maven-dependency-plugin-2.8.pom\n","stream":"stdout","time":"2023-03-06T06:27:11.729963683Z"}
{"log":"Progress (1): 11 kB\r                   \rDownloaded from central: https://repo.maven.apache.org/maven2/org/apache/maven/plugins/maven-dependency-plugin/2.8/maven-dependency-plugin-2.8.pom (11 kB at 176 kB/s)\n","stream":"stdout","time":"2023-03-06T06:27:11.794773605Z"}
{"log":"Downloading from central: https://repo.maven.apache.org/maven2/org/apache/maven/plugins/maven-dependency-plugin/2.8/maven-dependency-plugin-2.8.jar\n","stream":"stdout","time":"2023-03-06T06:27:11.806637477Z"}
{"log":"Progress (1): 16/153 kB\rProgress (1): 33/153 kB\rProgress (1): 49/153 kB\rProgress (1): 66/153 kB\rProgress (1): 82/153 kB\rProgress (1): 98/153 kB\rProgress (1): 115/153 kB\rProgress (1): 131/153 kB\rProgress (1): 147/153 kB\rProgress (1): 153 kB    \r                    \rDownloaded from central: https://repo.maven.apache.org/maven2/org/apache/maven/plugins/maven-dependency-plugin/2.8/maven-dependency-plugin-2.8.jar (153 kB at 2.0 MB/s)\n","stream":"stdout","time":"2023-03-06T06:27:11.88226165Z"}
{"log":"Downloading from central: https://repo.maven.apache.org/maven2/org/apache/maven/plugins/maven-release-plugin/2.5.3/maven-release-plugin-2.5.3.pom\n","stream":"stdout","time":"2023-03-06T06:27:11.893958021Z"}
{"log":"Progress (1): 11 kB\r                   \rDownloaded from central: https://repo.maven.apache.org/maven2/org/apache/maven/plugins/maven-release-plugin/2.5.3/maven-release-plugin-2.5.3.pom (11 kB at 158 kB/s)\n","stream":"stdout","time":"2023-03-06T06:27:11.963180297Z"}
{"log":"Downloading from central: https://repo.maven.apache.org/maven2/org/apache/maven/release/maven-release/2.5.3/maven-release-2.5.3.pom\n","stream":"stdout","time":"2023-03-06T06:27:11.966554505Z"}
{"log":"Progress (1): 5.0 kB\r                    \rDownloaded from central: https://repo.maven.apache.org/maven2/org/apache/maven/release/maven-release/2.5.3/maven-release-2.5.3.pom (5.0 kB at 77 kB/s)\n","stream":"stdout","time":"2023-03-06T06:27:12.031156052Z"}
{"log":"Downloading from central: https://repo.maven.apache.org/maven2/org/apache/maven/maven-parent/27/maven-parent-27.pom\n","stream":"stdout","time":"2023-03-06T06:27:12.034245498Z"}
{"log":"Progress (1): 16/41 kB\rProgress (1): 33/41 kB\rProgress (1): 41 kB   \r                   \rDownloaded from central: https://repo.maven.apache.org/maven2/org/apache/maven/maven-parent/27/maven-parent-27.pom (41 kB at 626 kB/s)\n","stream":"stdout","time":"2023-03-06T06:27:12.099912597Z"}
{"log":"Downloading from central: https://repo.maven.apache.org/maven2/org/apache/maven/plugins/maven-release-plugin/2.5.3/maven-release-plugin-2.5.3.jar\n","stream":"stdout","time":"2023-03-06T06:27:12.108197021Z"}
{"log":"Progress (1): 16/53 kB\rProgress (1): 33/53 kB\rProgress (1): 49/53 kB\rProgress (1): 53 kB   \r                   \rDownloaded from central: https://repo.maven.apache.org/maven2/org/apache/maven/plugins/maven-release-plugin/2.5.3/maven-release-plugin-2.5.3.jar (53 kB at 791 kB/s)\n","stream":"stdout","time":"2023-03-06T06:27:12.175003768Z"}
{"log":"Downloading from central: https://repo.maven.apache.org/maven2/org/codehaus/mojo/maven-metadata.xml\n","stream":"stdout","time":"2023-03-06T06:27:12.187930291Z"}
{"log":"Downloading from central: https://repo.maven.apache.org/maven2/org/apache/maven/plugins/maven-metadata.xml\n","stream":"stdout","time":"2023-03-06T06:27:12.187961948Z"}
{"log":"Progress (1): 14 kB\r                   \rDownloaded from central: https://repo.maven.apache.org/maven2/org/apache/maven/plugins/maven-metadata.xml (14 kB at 190 kB/s)\n","stream":"stdout","time":"2023-03-06T06:27:12.262829021Z"}
{"log":"Progress (1): 1.4/21 kB\rProgress (1): 2.7/21 kB\rProgress (1): 4.1/21 kB\rProgress (1): 5.5/21 kB\rProgress (1): 6.9/21 kB\rProgress (1): 8.2/21 kB\rProgress (1): 9.6/21 kB\rProgress (1): 11/21 kB \rProgress (1): 12/21 kB\rProgress (1): 14/21 kB\rProgress (1): 15/21 kB\rProgress (1): 16/21 kB\rProgress (1): 18/21 kB\rProgress (1): 19/21 kB\rProgress (1): 21/21 kB\rProgress (1): 21 kB   \r                   \rDownloaded from central: https://repo.maven.apache.org/maven2/org/codehaus/mojo/maven-metadata.xml (21 kB at 105 kB/s)\n","stream":"stdout","time":"2023-03-06T06:27:12.383680305Z"}
{"log":"Downloading from central: https://repo.maven.apache.org/maven2/org/codehaus/mojo/exec-maven-plugin/maven-metadata.xml\n","stream":"stdout","time":"2023-03-06T06:27:12.392860305Z"}
{"log":"Progress (1): 803 B\r                   \rDownloaded from central: https://repo.maven.apache.org/maven2/org/codehaus/mojo/exec-maven-plugin/maven-metadata.xml (803 B at 13 kB/s)\n","stream":"stdout","time":"2023-03-06T06:27:12.454914544Z"}
{"log":"Downloading from central: https://repo.maven.apache.org/maven2/org/codehaus/mojo/exec-maven-plugin/3.1.0/exec-maven-plugin-3.1.0.pom\n","stream":"stdout","time":"2023-03-06T06:27:12.457724114Z"}
{"log":"Progress (1): 1.4/14 kB\rProgress (1): 2.7/14 kB\rProgress (1): 4.1/14 kB\rProgress (1): 5.5/14 kB\rProgress (1): 6.9/14 kB\rProgress (1): 8.2/14 kB\rProgress (1): 9.6/14 kB\rProgress (1): 11/14 kB \rProgress (1): 12/14 kB\rProgress (1): 14 kB   \r                   \rDownloaded from central: https://repo.maven.apache.org/maven2/org/codehaus/mojo/exec-maven-plugin/3.1.0/exec-maven-plugin-3.1.0.pom (14 kB at 200 kB/s)\n","stream":"stdout","time":"2023-03-06T06:27:12.525989587Z"}
{"log":"Downloading from central: https://repo.maven.apache.org/maven2/org/codehaus/mojo/mojo-parent/69/mojo-parent-69.pom\n","stream":"stdout","time":"2023-03-06T06:27:12.529371751Z"}
{"log":"Progress (1): 16/35 kB\rProgress (1): 33/35 kB\rProgress (1): 35 kB   \r                   \rDownloaded from central: https://repo.maven.apache.org/maven2/org/codehaus/mojo/mojo-parent/69/mojo-parent-69.pom (35 kB at 423 kB/s)\n","stream":"stdout","time":"2023-03-06T06:27:12.61152207Z"}
{"log":"Downloading from central: https://repo.maven.apache.org/maven2/org/codehaus/mojo/exec-maven-plugin/3.1.0/exec-maven-plugin-3.1.0.jar\n","stream":"stdout","time":"2023-03-06T06:27:12.620156837Z"}
{"log":"Progress (1): 16/73 kB\rProgress (1): 33/73 kB\rProgress (1): 49/73 kB\rProgress (1): 66/73 kB\rProgress (1): 73 kB   \r                   \rDownloaded from central: https://repo.maven.apache.org/maven2/org/codehaus/mojo/exec-maven-plugin/3.1.0/exec-maven-plugin-3.1.0.jar (73 kB at 808 kB/s)\n","stream":"stdout","time":"2023-03-06T06:27:12.709980965Z"}
{"log":"[INFO] \n","stream":"stdout","time":"2023-03-06T06:27:12.722862816Z"}
{"log":"[INFO] ----------------------\u003c org.manager:Coordinator \u003e-----------------------\n","stream":"stdout","time":"2023-03-06T06:27:12.723044982Z"}
{"log":"[INFO] Building Coordinator 1.0-SNAPSHOT\n","stream":"stdout","time":"2023-03-06T06:27:12.723192494Z"}
{"log":"[INFO]   from pom.xml\n","stream":"stdout","time":"2023-03-06T06:27:12.72329707Z"}
{"log":"[INFO] --------------------------------[ jar ]---------------------------------\n","stream":"stdout","time":"2023-03-06T06:27:12.723421412Z"}
{"log":"[INFO] \n","stream":"stdout","time":"2023-03-06T06:27:13.52832057Z"}
{"log":"[INFO] --- exec:3.1.0:java (default-cli) @ Coordinator ---\n","stream":"stdout","time":"2023-03-06T06:27:13.528579646Z"}
{"log":"Downloading from central: https://repo.maven.apache.org/maven2/org/apache/commons/commons-exec/1.3/commons-exec-1.3.pom\n","stream":"stdout","time":"2023-03-06T06:27:13.541120915Z"}
{"log":"Progress (1): 11 kB\r                   \rDownloaded from central: https://repo.maven.apache.org/maven2/org/apache/commons/commons-exec/1.3/commons-exec-1.3.pom (11 kB at 172 kB/s)\n","stream":"stdout","time":"2023-03-06T06:27:13.604331312Z"}
{"log":"Downloading from central: https://repo.maven.apache.org/maven2/org/apache/commons/commons-parent/35/commons-parent-35.pom\n","stream":"stdout","time":"2023-03-06T06:27:13.607554011Z"}
{"log":"Progress (1): 16/58 kB\rProgress (1): 33/58 kB\rProgress (1): 49/58 kB\rProgress (1): 58 kB   \r                   \rDownloaded from central: https://repo.maven.apache.org/maven2/org/apache/commons/commons-parent/35/commons-parent-35.pom (58 kB at 802 kB/s)\n","stream":"stdout","time":"2023-03-06T06:27:13.679679492Z"}
{"log":"Downloading from central: https://repo.maven.apache.org/maven2/org/codehaus/plexus/plexus-component-annotations/2.1.1/plexus-component-annotations-2.1.1.jar\n","stream":"stdout","time":"2023-03-06T06:27:13.687924191Z"}
{"log":"Downloading from central: https://repo.maven.apache.org/maven2/org/apache/commons/commons-exec/1.3/commons-exec-1.3.jar\n","stream":"stdout","time":"2023-03-06T06:27:13.688185814Z"}
{"log":"Progress (1): 4.1 kB\r                    \rDownloaded from central: https://repo.maven.apache.org/maven2/org/codehaus/plexus/plexus-component-annotations/2.1.1/plexus-component-annotations-2.1.1.jar (4.1 kB at 65 kB/s)\n","stream":"stdout","time":"2023-03-06T06:27:13.750600549Z"}
{"log":"Progress (1): 16/54 kB\rProgress (1): 33/54 kB\rProgress (1): 49/54 kB\rProgress (1): 54 kB   \r                   \rDownloaded from central: https://repo.maven.apache.org/maven2/org/apache/commons/commons-exec/1.3/commons-exec-1.3.jar (54 kB at 812 kB/s)\n","stream":"stdout","time":"2023-03-06T06:27:13.754462954Z"}
{"log":"REST-API Opened for business!\n","stream":"stdout","time":"2023-03-06T06:27:14.00061131Z"}
{"log":"log4j:WARN No appenders could be found for logger (spark.route.Routes).\n","stream":"stderr","time":"2023-03-06T06:27:14.010915266Z"}
{"log":"log4j:WARN Please initialize the log4j system properly.\n","stream":"stderr","time":"2023-03-06T06:27:14.011138879Z"}
{"log":"log4j:WARN See http://logging.apache.org/log4j/1.2/faq.html#noconfig for more info.\n","stream":"stderr","time":"2023-03-06T06:27:14.011366349Z"}
{"log":"org.apache.calcite.sql.dialect.PostgresqlSqlDialect\n","stream":"stdout","time":"2023-03-06T06:28:03.572956616Z"}
{"log":"SELECT IMAGECLASSIFIER(`images`.`gender`)\n","stream":"stdout","time":"2023-03-06T06:28:03.912161414Z"}
{"log":"FROM `SCHEMA`.`SCHEMA`.`images` AS `images`\n","stream":"stdout","time":"2023-03-06T06:28:03.912219935Z"}
{"log":"WHERE `images`.`gender` = 0\n","stream":"stdout","time":"2023-03-06T06:28:03.912226214Z"}
{"log":"LogicalProject(EXPR$0=[imageClassifier($3)])\n","stream":"stdout","time":"2023-03-06T06:28:04.427232922Z"}
{"log":"  LogicalFilter(condition=[=($3, 0)])\n","stream":"stdout","time":"2023-03-06T06:28:04.427272253Z"}
{"log":"    JdbcTableScan(table=[[SCHEMA, SCHEMA, images]])\n","stream":"stdout","time":"2023-03-06T06:28:04.427293486Z"}
{"log":"\n","stream":"stdout","time":"2023-03-06T06:28:04.427306098Z"}
{"log":"EnumerableProject(EXPR$0=[imageClassifier($3)])\n","stream":"stdout","time":"2023-03-06T06:28:04.586931378Z"}
{"log":"  JdbcToEnumerableConverter\n","stream":"stdout","time":"2023-03-06T06:28:04.586965223Z"}
{"log":"    JdbcFilter(condition=[=($3, 0)])\n","stream":"stdout","time":"2023-03-06T06:28:04.58698611Z"}
{"log":"      JdbcTableScan(table=[[SCHEMA, SCHEMA, images]])\n","stream":"stdout","time":"2023-03-06T06:28:04.586991973Z"}
{"log":"\n","stream":"stdout","time":"2023-03-06T06:28:04.586996068Z"}
{"log":"test 1\n","stream":"stdout","time":"2023-03-06T06:28:04.586999937Z"}
{"log":"/image/\n","stream":"stdout","time":"2023-03-06T06:28:04.861307934Z"}
{"log":"alluxio://136.145.77.107:19998/image/metadata.json\n","stream":"stdout","time":"2023-03-06T06:28:04.861341428Z"}
{"log":"{'file': '/results/results_daa06771-a7d9-453a-b3dd-cbe2df93ae12.json', 'status': 'Completed'} - \"/results/results_daa06771-a7d9-453a-b3dd-cbe2df93ae12.json\"\n","stream":"stdout","time":"2023-03-06T06:28:44.446679856Z"}
{"log":"{'file': '/results/results_ff830383-6b5b-46e7-917e-6a3b8db1f906.json', 'status': 'Completed'} - \"/results/results_ff830383-6b5b-46e7-917e-6a3b8db1f906.json\"\n","stream":"stdout","time":"2023-03-06T06:29:19.397467958Z"}
{"log":"{'file': '/results/results_2a9b41cd-0b9a-4875-8161-6d780ddcbd08.json', 'status': 'Completed'} - \"/results/results_2a9b41cd-0b9a-4875-8161-6d780ddcbd08.json\"\n","stream":"stdout","time":"2023-03-06T06:29:54.886381096Z"}
{"log":"{'file': '/results/results_fb4f12db-9812-4dbd-a139-f0d5862c1ee8.json', 'status': 'Completed'} - \"/results/results_fb4f12db-9812-4dbd-a139-f0d5862c1ee8.json\"\n","stream":"stdout","time":"2023-03-06T06:30:32.428897258Z"}
{"log":"{'file': '/results/results_3b737ec5-c79a-4bac-aa5f-a1687705bb4f.json', 'status': 'Completed'} - \"/results/results_3b737ec5-c79a-4bac-aa5f-a1687705bb4f.json\"\n","stream":"stdout","time":"2023-03-06T06:31:07.751383987Z"}
{"log":"{'file': '/results/results_20adce8f-6255-42dc-84d9-aa38e1a04266.json', 'status': 'Completed'} - \"/results/results_20adce8f-6255-42dc-84d9-aa38e1a04266.json\"\n","stream":"stdout","time":"2023-03-06T06:31:44.179142338Z"}
{"log":"{'file': '/results/results_2adb4c9e-6ddb-4970-8802-b4e236591996.json', 'status': 'Completed'} - \"/results/results_2adb4c9e-6ddb-4970-8802-b4e236591996.json\"\n","stream":"stdout","time":"2023-03-06T06:32:19.851786366Z"}
{"log":"{'file': '/results/results_e8759461-14d1-4785-b17f-be304d7ee5c9.json', 'status': 'Completed'} - \"/results/results_e8759461-14d1-4785-b17f-be304d7ee5c9.json\"\n","stream":"stdout","time":"2023-03-06T06:33:00.092921008Z"}
{"log":"{'file': '/results/results_c9fea08f-3415-433f-b4ed-7c5a8bf0378f.json', 'status': 'Completed'} - \"/results/results_c9fea08f-3415-433f-b4ed-7c5a8bf0378f.json\"\n","stream":"stdout","time":"2023-03-06T06:33:37.697302679Z"}
{"log":"{'file': '/results/results_564fda65-8a18-4d14-963f-f547b8a39081.json', 'status': 'Completed'} - \"/results/results_564fda65-8a18-4d14-963f-f547b8a39081.json\"\n","stream":"stdout","time":"2023-03-06T06:34:14.789204072Z"}
{"log":"{'file': '/results/results_18b42dcd-e02a-427d-85e6-6dc6888e6f8c.json', 'status': 'Completed'} - \"/results/results_18b42dcd-e02a-427d-85e6-6dc6888e6f8c.json\"\n","stream":"stdout","time":"2023-03-06T06:34:51.238582841Z"}
{"log":"{'file': '/results/results_4c147851-f679-40ce-9547-5288221338e0.json', 'status': 'Completed'} - \"/results/results_4c147851-f679-40ce-9547-5288221338e0.json\"\n","stream":"stdout","time":"2023-03-06T06:35:25.835318595Z"}
{"log":"{'file': '/results/results_bdc1dddd-1ae0-44da-b8d6-d37db168e6b1.json', 'status': 'Completed'} - \"/results/results_bdc1dddd-1ae0-44da-b8d6-d37db168e6b1.json\"\n","stream":"stdout","time":"2023-03-06T06:36:01.480893717Z"}
{"log":"{'file': '/results/results_0d532fb7-fbc6-4ac9-9646-a602da71813f.json', 'status': 'Completed'} - \"/results/results_0d532fb7-fbc6-4ac9-9646-a602da71813f.json\"\n","stream":"stdout","time":"2023-03-06T06:36:36.28695149Z"}
{"log":"{'file': '/results/results_72607f0d-f12e-4709-88ed-58ad6f9c812e.json', 'status': 'Completed'} - \"/results/results_72607f0d-f12e-4709-88ed-58ad6f9c812e.json\"\n","stream":"stdout","time":"2023-03-06T06:37:11.18527785Z"}
{"log":"{'file': '/results/results_e2b8eb1a-ff39-46ca-8be9-83c9a80fc9ee.json', 'status': 'Completed'} - \"/results/results_e2b8eb1a-ff39-46ca-8be9-83c9a80fc9ee.json\"\n","stream":"stdout","time":"2023-03-06T06:37:46.197716809Z"}
{"log":"{'file': '/results/results_f381e37f-64b4-4208-8cd4-68e5b7f1673f.json', 'status': 'Completed'} - \"/results/results_f381e37f-64b4-4208-8cd4-68e5b7f1673f.json\"\n","stream":"stdout","time":"2023-03-06T06:38:21.141276728Z"}
{"log":"{'file': '/results/results_116fbb07-5fa8-4d2a-8b73-2bf12e064dbd.json', 'status': 'Completed'} - \"/results/results_116fbb07-5fa8-4d2a-8b73-2bf12e064dbd.json\"\n","stream":"stdout","time":"2023-03-06T06:38:56.223556353Z"}
{"log":"{'file': '/results/results_9109fcf4-b356-4082-af22-968aa623f759.json', 'status': 'Completed'} - \"/results/results_9109fcf4-b356-4082-af22-968aa623f759.json\"\n","stream":"stdout","time":"2023-03-06T06:39:34.08487553Z"}
{"log":"{'file': '/results/results_a67fa6c1-133e-4b5a-b1bd-b51a7debe921.json', 'status': 'Completed'} - \"/results/results_a67fa6c1-133e-4b5a-b1bd-b51a7debe921.json\"\n","stream":"stdout","time":"2023-03-06T06:40:09.197106626Z"}
{"log":"{'file': '/results/results_cffec5ed-8628-4b11-8bee-7dbbb24eeac7.json', 'status': 'Completed'} - \"/results/results_cffec5ed-8628-4b11-8bee-7dbbb24eeac7.json\"\n","stream":"stdout","time":"2023-03-06T06:40:45.382883649Z"}
{"log":"{'file': '/results/results_b5e31159-7ddd-48f2-bc71-7407a8725e7f.json', 'status': 'Completed'} - \"/results/results_b5e31159-7ddd-48f2-bc71-7407a8725e7f.json\"\n","stream":"stdout","time":"2023-03-06T06:41:20.10045074Z"}
{"log":"{'file': '/results/results_ff2cff58-1e03-43b8-9198-56dab64eca75.json', 'status': 'Completed'} - \"/results/results_ff2cff58-1e03-43b8-9198-56dab64eca75.json\"\n","stream":"stdout","time":"2023-03-06T06:41:55.83397243Z"}
{"log":"{'file': '/results/results_46da64b7-3493-46d6-b437-413c12510dcf.json', 'status': 'Completed'} - \"/results/results_46da64b7-3493-46d6-b437-413c12510dcf.json\"\n","stream":"stdout","time":"2023-03-06T06:42:31.275133469Z"}
{"log":"{'file': '/results/results_80bf7774-c3dc-4f23-8079-3927aaab73b3.json', 'status': 'Completed'} - \"/results/results_80bf7774-c3dc-4f23-8079-3927aaab73b3.json\"\n","stream":"stdout","time":"2023-03-06T06:43:06.52487537Z"}
{"log":"{'file': '/results/results_d53e3d67-7d12-4add-9d48-c9fda9b7dc2e.json', 'status': 'Completed'} - \"/results/results_d53e3d67-7d12-4add-9d48-c9fda9b7dc2e.json\"\n","stream":"stdout","time":"2023-03-06T06:43:44.062844018Z"}
{"log":"{'file': '/results/results_c3ec70fa-844f-47ed-b101-9f3e989cc8ff.json', 'status': 'Completed'} - \"/results/results_c3ec70fa-844f-47ed-b101-9f3e989cc8ff.json\"\n","stream":"stdout","time":"2023-03-06T06:44:19.774868903Z"}
{"log":"{'file': '/results/results_de41def4-0645-40cb-a0ba-e81a13e09b8c.json', 'status': 'Completed'} - \"/results/results_de41def4-0645-40cb-a0ba-e81a13e09b8c.json\"\n","stream":"stdout","time":"2023-03-06T06:44:54.641705586Z"}
{"log":"{'file': '/results/results_35e9db72-7a1d-4194-8a35-0a8939e36064.json', 'status': 'Completed'} - \"/results/results_35e9db72-7a1d-4194-8a35-0a8939e36064.json\"\n","stream":"stdout","time":"2023-03-06T06:45:31.294271656Z"}
{"log":"{'file': '/results/results_a39983a9-5c70-4db2-8c97-1519d669bb54.json', 'status': 'Completed'} - \"/results/results_a39983a9-5c70-4db2-8c97-1519d669bb54.json\"\n","stream":"stdout","time":"2023-03-06T06:46:05.867493967Z"}
{"log":"{'file': '/results/results_095b8a37-a27c-4e51-90d0-25569eeaa873.json', 'status': 'Completed'} - \"/results/results_095b8a37-a27c-4e51-90d0-25569eeaa873.json\"\n","stream":"stdout","time":"2023-03-06T06:46:40.600819266Z"}
{"log":"{'file': '/results/results_3da6689b-9c7c-46df-a1d1-4868d93464f7.json', 'status': 'Completed'} - \"/results/results_3da6689b-9c7c-46df-a1d1-4868d93464f7.json\"\n","stream":"stdout","time":"2023-03-06T06:47:16.582758027Z"}
{"log":"{'file': '/results/results_0f1426f5-7f60-4d8d-b8be-d7c13b2b57a4.json', 'status': 'Completed'} - \"/results/results_0f1426f5-7f60-4d8d-b8be-d7c13b2b57a4.json\"\n","stream":"stdout","time":"2023-03-06T06:47:52.482509854Z"}
{"log":"{'file': '/results/results_034414ae-a112-45c4-8282-09177152d89f.json', 'status': 'Completed'} - \"/results/results_034414ae-a112-45c4-8282-09177152d89f.json\"\n","stream":"stdout","time":"2023-03-06T06:48:28.858730602Z"}
{"log":"{'file': '/results/results_684ce7eb-93d6-4400-ad22-f2235f5496db.json', 'status': 'Completed'} - \"/results/results_684ce7eb-93d6-4400-ad22-f2235f5496db.json\"\n","stream":"stdout","time":"2023-03-06T06:49:03.651799388Z"}
{"log":"{'file': '/results/results_8203bce9-5180-4b99-a660-d3ba805fd833.json', 'status': 'Completed'} - \"/results/results_8203bce9-5180-4b99-a660-d3ba805fd833.json\"\n","stream":"stdout","time":"2023-03-06T06:49:40.43424363Z"}
{"log":"{'file': '/results/results_12310346-fe2a-4f9f-bb41-c2c8350f23f4.json', 'status': 'Completed'} - \"/results/results_12310346-fe2a-4f9f-bb41-c2c8350f23f4.json\"\n","stream":"stdout","time":"2023-03-06T06:50:14.919045213Z"}
{"log":"{'file': '/results/results_aaccba9f-4033-4c23-8b45-9420ef215d48.json', 'status': 'Completed'} - \"/results/results_aaccba9f-4033-4c23-8b45-9420ef215d48.json\"\n","stream":"stdout","time":"2023-03-06T06:50:51.371972132Z"}
{"log":"{'file': '/results/results_1ef332a3-34d2-4102-bb35-944dfb4acebc.json', 'status': 'Completed'} - \"/results/results_1ef332a3-34d2-4102-bb35-944dfb4acebc.json\"\n","stream":"stdout","time":"2023-03-06T06:51:25.789857793Z"}
{"log":"{'file': '/results/results_92edaf5f-e873-47cf-b902-1e97515f31ee.json', 'status': 'Completed'} - \"/results/results_92edaf5f-e873-47cf-b902-1e97515f31ee.json\"\n","stream":"stdout","time":"2023-03-06T06:52:00.898892144Z"}
{"log":"{'file': '/results/results_4df296f1-e9c1-44cd-a033-2df22283f4da.json', 'status': 'Completed'} - \"/results/results_4df296f1-e9c1-44cd-a033-2df22283f4da.json\"\n","stream":"stdout","time":"2023-03-06T06:52:35.590558339Z"}
{"log":"{'file': '/results/results_9380042b-1ff0-4f50-a85e-14adcef195d6.json', 'status': 'Completed'} - \"/results/results_9380042b-1ff0-4f50-a85e-14adcef195d6.json\"\n","stream":"stdout","time":"2023-03-06T06:53:09.989682882Z"}
{"log":"{'file': '/results/results_c348c0b1-03d5-42f6-9ee9-c84b5496a839.json', 'status': 'Completed'} - \"/results/results_c348c0b1-03d5-42f6-9ee9-c84b5496a839.json\"\n","stream":"stdout","time":"2023-03-06T06:53:44.920891198Z"}
{"log":"{'file': '/results/results_5fe80496-9950-4525-a440-1f35d3a78393.json', 'status': 'Completed'} - \"/results/results_5fe80496-9950-4525-a440-1f35d3a78393.json\"\n","stream":"stdout","time":"2023-03-06T06:54:21.670655499Z"}
{"log":"{'file': '/results/results_8f0ec06d-f503-4204-8463-a6a2c6caa37e.json', 'status': 'Completed'} - \"/results/results_8f0ec06d-f503-4204-8463-a6a2c6caa37e.json\"\n","stream":"stdout","time":"2023-03-06T06:54:56.49430086Z"}
{"log":"{'file': '/results/results_a2174231-b955-4392-98d4-b40ce3da0d18.json', 'status': 'Completed'} - \"/results/results_a2174231-b955-4392-98d4-b40ce3da0d18.json\"\n","stream":"stdout","time":"2023-03-06T06:55:30.910108435Z"}
{"log":"{'file': '/results/results_92a96639-2a2c-4403-b13b-8aead0de376e.json', 'status': 'Completed'} - \"/results/results_92a96639-2a2c-4403-b13b-8aead0de376e.json\"\n","stream":"stdout","time":"2023-03-06T06:56:05.290550494Z"}
{"log":"{'file': '/results/results_7749c61b-43bb-4b37-ae45-391d7c7ef205.json', 'status': 'Completed'} - \"/results/results_7749c61b-43bb-4b37-ae45-391d7c7ef205.json\"\n","stream":"stdout","time":"2023-03-06T06:56:40.949715885Z"}
{"log":"{'file': '/results/results_74ff9f68-689f-4199-b77b-44af0a443f63.json', 'status': 'Completed'} - \"/results/results_74ff9f68-689f-4199-b77b-44af0a443f63.json\"\n","stream":"stdout","time":"2023-03-06T06:57:18.995623838Z"}
{"log":"{'file': '/results/results_5f8e60e6-d3f8-49c0-83a8-c3164ddc9084.json', 'status': 'Completed'} - \"/results/results_5f8e60e6-d3f8-49c0-83a8-c3164ddc9084.json\"\n","stream":"stdout","time":"2023-03-06T06:57:53.776730988Z"}
{"log":"{'file': '/results/results_2caedef3-a0b0-40f9-af6c-09a9670fc07e.json', 'status': 'Completed'} - \"/results/results_2caedef3-a0b0-40f9-af6c-09a9670fc07e.json\"\n","stream":"stdout","time":"2023-03-06T06:58:29.894137532Z"}
{"log":"{'file': '/results/results_751bba7b-c7b9-4f01-97e4-844d3e5d7673.json', 'status': 'Completed'} - \"/results/results_751bba7b-c7b9-4f01-97e4-844d3e5d7673.json\"\n","stream":"stdout","time":"2023-03-06T06:59:04.70046011Z"}
{"log":"{'file': '/results/results_eb15e2c0-385a-4e58-aa4e-c9bd9d16fedd.json', 'status': 'Completed'} - \"/results/results_eb15e2c0-385a-4e58-aa4e-c9bd9d16fedd.json\"\n","stream":"stdout","time":"2023-03-06T06:59:40.197723709Z"}
{"log":"{'file': '/results/results_4bed8466-8d4a-49b5-b492-742f7683f4be.json', 'status': 'Completed'} - \"/results/results_4bed8466-8d4a-49b5-b492-742f7683f4be.json\"\n","stream":"stdout","time":"2023-03-06T07:00:15.772957085Z"}
{"log":"{'file': '/results/results_1829a282-b0bd-46a5-9918-c2494e427267.json', 'status': 'Completed'} - \"/results/results_1829a282-b0bd-46a5-9918-c2494e427267.json\"\n","stream":"stdout","time":"2023-03-06T07:00:52.909279414Z"}
{"log":"{'file': '/results/results_201696a2-b6e2-4b73-87b4-c558705ec059.json', 'status': 'Completed'} - \"/results/results_201696a2-b6e2-4b73-87b4-c558705ec059.json\"\n","stream":"stdout","time":"2023-03-06T07:01:29.000755059Z"}
{"log":"{'file': '/results/results_d2b17177-60d2-435b-8e17-c9e2660095b6.json', 'status': 'Completed'} - \"/results/results_d2b17177-60d2-435b-8e17-c9e2660095b6.json\"\n","stream":"stdout","time":"2023-03-06T07:02:05.179350486Z"}
{"log":"{'file': '/results/results_7d971225-85aa-4453-b359-dd376f832fec.json', 'status': 'Completed'} - \"/results/results_7d971225-85aa-4453-b359-dd376f832fec.json\"\n","stream":"stdout","time":"2023-03-06T07:02:40.357319613Z"}
{"log":"{'file': '/results/results_5c84f265-1245-474e-8b37-9a2cc988ad06.json', 'status': 'Completed'} - \"/results/results_5c84f265-1245-474e-8b37-9a2cc988ad06.json\"\n","stream":"stdout","time":"2023-03-06T07:03:14.621197519Z"}
{"log":"{'file': '/results/results_8d57ced3-ee3c-4f94-926a-644aab957e0e.json', 'status': 'Completed'} - \"/results/results_8d57ced3-ee3c-4f94-926a-644aab957e0e.json\"\n","stream":"stdout","time":"2023-03-06T07:03:49.49309339Z"}
{"log":"{'file': '/results/results_22d2b499-0279-4d9b-ba9f-44d51109f9d1.json', 'status': 'Completed'} - \"/results/results_22d2b499-0279-4d9b-ba9f-44d51109f9d1.json\"\n","stream":"stdout","time":"2023-03-06T07:04:26.381136373Z"}
{"log":"{'file': '/results/results_7e455837-bee7-4bec-8520-827b9a5dedfd.json', 'status': 'Completed'} - \"/results/results_7e455837-bee7-4bec-8520-827b9a5dedfd.json\"\n","stream":"stdout","time":"2023-03-06T07:05:02.46129806Z"}
{"log":"{'file': '/results/results_3f22248a-029f-46ad-95b4-003cdfae3053.json', 'status': 'Completed'} - \"/results/results_3f22248a-029f-46ad-95b4-003cdfae3053.json\"\n","stream":"stdout","time":"2023-03-06T07:05:38.357273274Z"}
{"log":"{'file': '/results/results_32190fdb-a87a-4a30-ac10-50e728cfa7d2.json', 'status': 'Completed'} - \"/results/results_32190fdb-a87a-4a30-ac10-50e728cfa7d2.json\"\n","stream":"stdout","time":"2023-03-06T07:06:16.68128036Z"}
{"log":"{'file': '/results/results_2654b266-88ef-457c-8ad2-816ff2a488b0.json', 'status': 'Completed'} - \"/results/results_2654b266-88ef-457c-8ad2-816ff2a488b0.json\"\n","stream":"stdout","time":"2023-03-06T07:06:51.676294687Z"}
{"log":"{'file': '/results/results_3c35f255-2310-4962-89ac-77f38df39520.json', 'status': 'Completed'} - \"/results/results_3c35f255-2310-4962-89ac-77f38df39520.json\"\n","stream":"stdout","time":"2023-03-06T07:07:29.771822586Z"}
{"log":"{'file': '/results/results_a527b7c7-4ec2-432a-8a6c-49621cae62b2.json', 'status': 'Completed'} - \"/results/results_a527b7c7-4ec2-432a-8a6c-49621cae62b2.json\"\n","stream":"stdout","time":"2023-03-06T07:08:04.354064833Z"}
{"log":"{'file': '/results/results_d554dc7a-be07-4d39-bf7e-6ba98015aecb.json', 'status': 'Completed'} - \"/results/results_d554dc7a-be07-4d39-bf7e-6ba98015aecb.json\"\n","stream":"stdout","time":"2023-03-06T07:08:42.821838066Z"}
{"log":"{'file': '/results/results_23428eb3-42ed-4701-9f19-5bb0744d66c1.json', 'status': 'Completed'} - \"/results/results_23428eb3-42ed-4701-9f19-5bb0744d66c1.json\"\n","stream":"stdout","time":"2023-03-06T07:09:20.703204006Z"}
{"log":"{'file': '/results/results_8341dfed-af8d-446f-b126-487db6c4088e.json', 'status': 'Completed'} - \"/results/results_8341dfed-af8d-446f-b126-487db6c4088e.json\"\n","stream":"stdout","time":"2023-03-06T07:09:55.224203548Z"}
{"log":"{'file': '/results/results_b28fe809-708f-40ea-9b3f-1727516f245d.json', 'status': 'Completed'} - \"/results/results_b28fe809-708f-40ea-9b3f-1727516f245d.json\"\n","stream":"stdout","time":"2023-03-06T07:10:30.689668817Z"}
{"log":"{'file': '/results/results_e2e73226-c18e-437b-a948-0944c715a788.json', 'status': 'Completed'} - \"/results/results_e2e73226-c18e-437b-a948-0944c715a788.json\"\n","stream":"stdout","time":"2023-03-06T07:11:07.350188583Z"}
{"log":"{'file': '/results/results_4227738d-d75f-445c-ba19-53d5c80f633d.json', 'status': 'Completed'} - \"/results/results_4227738d-d75f-445c-ba19-53d5c80f633d.json\"\n","stream":"stdout","time":"2023-03-06T07:11:41.98533385Z"}
{"log":"{'file': '/results/results_8ea20322-300d-4dfc-8fa8-6f281834f90a.json', 'status': 'Completed'} - \"/results/results_8ea20322-300d-4dfc-8fa8-6f281834f90a.json\"\n","stream":"stdout","time":"2023-03-06T07:12:17.918977516Z"}
{"log":"{'file': '/results/results_7452698d-010a-42c0-ab2d-f7afc76fa2db.json', 'status': 'Completed'} - \"/results/results_7452698d-010a-42c0-ab2d-f7afc76fa2db.json\"\n","stream":"stdout","time":"2023-03-06T07:12:53.599335987Z"}
{"log":"{'file': '/results/results_6e552e30-aa99-4826-bfb7-cc7387747e94.json', 'status': 'Completed'} - \"/results/results_6e552e30-aa99-4826-bfb7-cc7387747e94.json\"\n","stream":"stdout","time":"2023-03-06T07:13:28.858425364Z"}
{"log":"{'file': '/results/results_32d57cb4-9758-4f90-b83d-a57243ad9f15.json', 'status': 'Completed'} - \"/results/results_32d57cb4-9758-4f90-b83d-a57243ad9f15.json\"\n","stream":"stdout","time":"2023-03-06T07:14:05.558862736Z"}
{"log":"{'file': '/results/results_7bc47dd5-c3ab-48b8-a0dc-f216a3ab7dc0.json', 'status': 'Completed'} - \"/results/results_7bc47dd5-c3ab-48b8-a0dc-f216a3ab7dc0.json\"\n","stream":"stdout","time":"2023-03-06T07:14:43.646657199Z"}
{"log":"{'file': '/results/results_9b1939c5-ff65-4197-827c-8ec308363238.json', 'status': 'Completed'} - \"/results/results_9b1939c5-ff65-4197-827c-8ec308363238.json\"\n","stream":"stdout","time":"2023-03-06T07:15:20.005944105Z"}
{"log":"{'file': '/results/results_4b286913-3912-43a6-a92f-99b70463efb9.json', 'status': 'Completed'} - \"/results/results_4b286913-3912-43a6-a92f-99b70463efb9.json\"\n","stream":"stdout","time":"2023-03-06T07:15:54.775776397Z"}
{"log":"{'file': '/results/results_2c83611d-38c2-4db9-8962-7ba2ce1d2563.json', 'status': 'Completed'} - \"/results/results_2c83611d-38c2-4db9-8962-7ba2ce1d2563.json\"\n","stream":"stdout","time":"2023-03-06T07:16:30.343787068Z"}
{"log":"{'file': '/results/results_1a839391-2dc6-4376-aa7a-364615abf746.json', 'status': 'Completed'} - \"/results/results_1a839391-2dc6-4376-aa7a-364615abf746.json\"\n","stream":"stdout","time":"2023-03-06T07:17:06.941880479Z"}
{"log":"{'file': '/results/results_90d3b334-2372-450e-807a-7278e86ae182.json', 'status': 'Completed'} - \"/results/results_90d3b334-2372-450e-807a-7278e86ae182.json\"\n","stream":"stdout","time":"2023-03-06T07:17:43.297829774Z"}
{"log":"{'file': '/results/results_d91efbbf-dfe7-4ddf-93a4-38be98bc619e.json', 'status': 'Completed'} - \"/results/results_d91efbbf-dfe7-4ddf-93a4-38be98bc619e.json\"\n","stream":"stdout","time":"2023-03-06T07:18:17.782537027Z"}
{"log":"{'file': '/results/results_7fdf94a9-e681-4905-9b19-557fbd75d940.json', 'status': 'Completed'} - \"/results/results_7fdf94a9-e681-4905-9b19-557fbd75d940.json\"\n","stream":"stdout","time":"2023-03-06T07:18:53.169762089Z"}
{"log":"{'file': '/results/results_8722c067-456c-4324-858b-0057bec818b1.json', 'status': 'Completed'} - \"/results/results_8722c067-456c-4324-858b-0057bec818b1.json\"\n","stream":"stdout","time":"2023-03-06T07:19:29.715194058Z"}
{"log":"{'file': '/results/results_259030ad-2415-4dc1-884d-3d7871f004d0.json', 'status': 'Completed'} - \"/results/results_259030ad-2415-4dc1-884d-3d7871f004d0.json\"\n","stream":"stdout","time":"2023-03-06T07:20:04.601142578Z"}
{"log":"{'file': '/results/results_a7b16c0e-4451-41e5-adf4-9c17402d92aa.json', 'status': 'Completed'} - \"/results/results_a7b16c0e-4451-41e5-adf4-9c17402d92aa.json\"\n","stream":"stdout","time":"2023-03-06T07:20:39.393502664Z"}
{"log":"{'file': '/results/results_ab0fdb32-eaff-4a13-ba1d-01c93ead6cda.json', 'status': 'Completed'} - \"/results/results_ab0fdb32-eaff-4a13-ba1d-01c93ead6cda.json\"\n","stream":"stdout","time":"2023-03-06T07:21:15.204027487Z"}
{"log":"{'file': '/results/results_86a537f1-5b53-4c62-97cd-f5d025ab28b9.json', 'status': 'Completed'} - \"/results/results_86a537f1-5b53-4c62-97cd-f5d025ab28b9.json\"\n","stream":"stdout","time":"2023-03-06T07:21:51.950744615Z"}
{"log":"{'file': '/results/results_c051038a-a4a8-40c1-9259-763f9e217a6e.json', 'status': 'Completed'} - \"/results/results_c051038a-a4a8-40c1-9259-763f9e217a6e.json\"\n","stream":"stdout","time":"2023-03-06T07:22:28.464542171Z"}
{"log":"{'file': '/results/results_8ed13026-14e5-40c7-86f1-238044e693b9.json', 'status': 'Completed'} - \"/results/results_8ed13026-14e5-40c7-86f1-238044e693b9.json\"\n","stream":"stdout","time":"2023-03-06T07:23:03.679088851Z"}
{"log":"{'file': '/results/results_124df483-507a-49f5-b5f5-c7f6443a3f99.json', 'status': 'Completed'} - \"/results/results_124df483-507a-49f5-b5f5-c7f6443a3f99.json\"\n","stream":"stdout","time":"2023-03-06T07:23:39.459192087Z"}
{"log":"{'file': '/results/results_5ed9f5e8-66e0-44c7-bf6b-026dd33098ad.json', 'status': 'Completed'} - \"/results/results_5ed9f5e8-66e0-44c7-bf6b-026dd33098ad.json\"\n","stream":"stdout","time":"2023-03-06T07:24:17.219334428Z"}
{"log":"{'file': '/results/results_7f34a432-3cca-4206-977e-c54039129822.json', 'status': 'Completed'} - \"/results/results_7f34a432-3cca-4206-977e-c54039129822.json\"\n","stream":"stdout","time":"2023-03-06T07:24:55.007756515Z"}
{"log":"{'file': '/results/results_84ea28c8-ba1b-4c61-9313-26332d36207b.json', 'status': 'Completed'} - \"/results/results_84ea28c8-ba1b-4c61-9313-26332d36207b.json\"\n","stream":"stdout","time":"2023-03-06T07:25:30.035514787Z"}
{"log":"{'file': '/results/results_d1d05a1a-e335-4b79-bcf8-9928f2178133.json', 'status': 'Completed'} - \"/results/results_d1d05a1a-e335-4b79-bcf8-9928f2178133.json\"\n","stream":"stdout","time":"2023-03-06T07:26:06.295161147Z"}
{"log":"{'file': '/results/results_99b7ad5d-2203-4aeb-9f50-1e2e09485f68.json', 'status': 'Completed'} - \"/results/results_99b7ad5d-2203-4aeb-9f50-1e2e09485f68.json\"\n","stream":"stdout","time":"2023-03-06T07:26:42.348044679Z"}
{"log":"{'file': '/results/results_9f3af83f-cf71-47ea-a5a8-1fbeb46aaa39.json', 'status': 'Completed'} - \"/results/results_9f3af83f-cf71-47ea-a5a8-1fbeb46aaa39.json\"\n","stream":"stdout","time":"2023-03-06T07:27:18.265944713Z"}
{"log":"{'file': '/results/results_3763f422-35e2-4473-a560-3cff8ef496ee.json', 'status': 'Completed'} - \"/results/results_3763f422-35e2-4473-a560-3cff8ef496ee.json\"\n","stream":"stdout","time":"2023-03-06T07:27:55.725031098Z"}
{"log":"{'file': '/results/results_3129ce91-7a2d-42bc-aba0-315c11233db7.json', 'status': 'Completed'} - \"/results/results_3129ce91-7a2d-42bc-aba0-315c11233db7.json\"\n","stream":"stdout","time":"2023-03-06T07:28:32.120508857Z"}
{"log":"{'file': '/results/results_4d20ca3e-ce15-4a19-afa6-41cd54557824.json', 'status': 'Completed'} - \"/results/results_4d20ca3e-ce15-4a19-afa6-41cd54557824.json\"\n","stream":"stdout","time":"2023-03-06T07:28:43.334188832Z"}
{"log":"TIME_LOG: RESPONSE TIME 1678084083065 1678087723334 3640269\n","stream":"stdout","time":"2023-03-06T07:28:43.341723298Z"}
{"log":"org.apache.calcite.sql.dialect.PostgresqlSqlDialect\n","stream":"stdout","time":"2023-03-06T07:35:50.350918545Z"}
{"log":"SELECT IMAGECLASSIFIER(`images`.`gender`)\n","stream":"stdout","time":"2023-03-06T07:35:50.369225881Z"}
{"log":"FROM `SCHEMA`.`SCHEMA`.`images` AS `images`\n","stream":"stdout","time":"2023-03-06T07:35:50.369250155Z"}
{"log":"WHERE `images`.`gender` = 0\n","stream":"stdout","time":"2023-03-06T07:35:50.369253963Z"}
{"log":"LogicalProject(EXPR$0=[imageClassifier($3)])\n","stream":"stdout","time":"2023-03-06T07:35:50.371493755Z"}
{"log":"  LogicalFilter(condition=[=($3, 0)])\n","stream":"stdout","time":"2023-03-06T07:35:50.371517689Z"}
{"log":"    JdbcTableScan(table=[[SCHEMA, SCHEMA, images]])\n","stream":"stdout","time":"2023-03-06T07:35:50.371523472Z"}
{"log":"\n","stream":"stdout","time":"2023-03-06T07:35:50.371527506Z"}
{"log":"EnumerableProject(EXPR$0=[imageClassifier($3)])\n","stream":"stdout","time":"2023-03-06T07:35:50.377245991Z"}
{"log":"  JdbcToEnumerableConverter\n","stream":"stdout","time":"2023-03-06T07:35:50.377273063Z"}
{"log":"    JdbcFilter(condition=[=($3, 0)])\n","stream":"stdout","time":"2023-03-06T07:35:50.377278923Z"}
{"log":"      JdbcTableScan(table=[[SCHEMA, SCHEMA, images]])\n","stream":"stdout","time":"2023-03-06T07:35:50.37728358Z"}
{"log":"\n","stream":"stdout","time":"2023-03-06T07:35:50.377287904Z"}
{"log":"test 1\n","stream":"stdout","time":"2023-03-06T07:35:50.377292277Z"}
{"log":"/image/\n","stream":"stdout","time":"2023-03-06T07:35:50.37975772Z"}
{"log":"alluxio://136.145.77.107:19998/image/metadata.json\n","stream":"stdout","time":"2023-03-06T07:35:50.379784489Z"}
{"log":"{'file': '/results/results_5c6d3796-4dbf-432d-86aa-fdc490083ccc.json', 'status': 'Completed'} - \"/results/results_5c6d3796-4dbf-432d-86aa-fdc490083ccc.json\"\n","stream":"stdout","time":"2023-03-06T07:36:26.845840907Z"}
{"log":"{'file': '/results/results_8eeb7c3c-e530-4f3e-9a4d-b4f39030a10b.json', 'status': 'Completed'} - \"/results/results_8eeb7c3c-e530-4f3e-9a4d-b4f39030a10b.json\"\n","stream":"stdout","time":"2023-03-06T07:37:02.008365187Z"}
{"log":"{'file': '/results/results_e89a5903-9eee-4667-b755-c4ba571675fe.json', 'status': 'Completed'} - \"/results/results_e89a5903-9eee-4667-b755-c4ba571675fe.json\"\n","stream":"stdout","time":"2023-03-06T07:37:37.739019869Z"}
{"log":"{'file': '/results/results_ed68ac59-06bd-42a9-9d01-4d14fe19fdd9.json', 'status': 'Completed'} - \"/results/results_ed68ac59-06bd-42a9-9d01-4d14fe19fdd9.json\"\n","stream":"stdout","time":"2023-03-06T07:38:13.242464973Z"}
{"log":"{'file': '/results/results_20eb8bc2-ff42-4ad4-b27f-4a42a8db0384.json', 'status': 'Completed'} - \"/results/results_20eb8bc2-ff42-4ad4-b27f-4a42a8db0384.json\"\n","stream":"stdout","time":"2023-03-06T07:38:48.190353019Z"}
{"log":"{'file': '/results/results_f1b97300-bc36-4c98-8c38-e255d667cba0.json', 'status': 'Completed'} - \"/results/results_f1b97300-bc36-4c98-8c38-e255d667cba0.json\"\n","stream":"stdout","time":"2023-03-06T07:39:23.065816896Z"}
{"log":"{'file': '/results/results_621b39be-404b-4df1-b38f-f11e90c2b051.json', 'status': 'Completed'} - \"/results/results_621b39be-404b-4df1-b38f-f11e90c2b051.json\"\n","stream":"stdout","time":"2023-03-06T07:39:57.481372299Z"}
{"log":"{'file': '/results/results_36095c5b-f2a0-4164-a5ff-16deeaa911c9.json', 'status': 'Completed'} - \"/results/results_36095c5b-f2a0-4164-a5ff-16deeaa911c9.json\"\n","stream":"stdout","time":"2023-03-06T07:40:32.098453328Z"}
{"log":"{'file': '/results/results_321601cd-8536-4e0f-a7a2-aea32b3abbce.json', 'status': 'Completed'} - \"/results/results_321601cd-8536-4e0f-a7a2-aea32b3abbce.json\"\n","stream":"stdout","time":"2023-03-06T07:41:06.271312711Z"}
{"log":"{'file': '/results/results_4881fb5d-fde1-45aa-812b-d41f3f1b5d79.json', 'status': 'Completed'} - \"/results/results_4881fb5d-fde1-45aa-812b-d41f3f1b5d79.json\"\n","stream":"stdout","time":"2023-03-06T07:41:40.61723811Z"}
{"log":"{'file': '/results/results_1a5e1ee1-4505-4cd4-aaa0-2cb2ce58585c.json', 'status': 'Completed'} - \"/results/results_1a5e1ee1-4505-4cd4-aaa0-2cb2ce58585c.json\"\n","stream":"stdout","time":"2023-03-06T07:42:16.256640702Z"}
{"log":"{'file': '/results/results_0943f3a4-7524-48a8-8970-a6a2c3a7c016.json', 'status': 'Completed'} - \"/results/results_0943f3a4-7524-48a8-8970-a6a2c3a7c016.json\"\n","stream":"stdout","time":"2023-03-06T07:42:51.753162416Z"}
{"log":"{'file': '/results/results_bf503947-3f4d-4dec-82b3-7690acdc72e7.json', 'status': 'Completed'} - \"/results/results_bf503947-3f4d-4dec-82b3-7690acdc72e7.json\"\n","stream":"stdout","time":"2023-03-06T07:43:26.908927114Z"}
{"log":"{'file': '/results/results_21e8168a-7f85-4d2a-96a1-d3585f17129a.json', 'status': 'Completed'} - \"/results/results_21e8168a-7f85-4d2a-96a1-d3585f17129a.json\"\n","stream":"stdout","time":"2023-03-06T07:44:03.131245165Z"}
{"log":"{'file': '/results/results_31440e49-dc10-4f57-9de3-97e0f2f31778.json', 'status': 'Completed'} - \"/results/results_31440e49-dc10-4f57-9de3-97e0f2f31778.json\"\n","stream":"stdout","time":"2023-03-06T07:44:39.575287986Z"}
{"log":"{'file': '/results/results_96f6b8d1-90a4-4d81-b34a-c32c702e5bb2.json', 'status': 'Completed'} - \"/results/results_96f6b8d1-90a4-4d81-b34a-c32c702e5bb2.json\"\n","stream":"stdout","time":"2023-03-06T07:45:13.785659094Z"}
{"log":"{'file': '/results/results_99483c35-a036-42d9-a93d-dce5372b1038.json', 'status': 'Completed'} - \"/results/results_99483c35-a036-42d9-a93d-dce5372b1038.json\"\n","stream":"stdout","time":"2023-03-06T07:45:49.274091786Z"}
{"log":"{'file': '/results/results_a6bd98f4-f3e0-4863-927a-8ffbb9a504fa.json', 'status': 'Completed'} - \"/results/results_a6bd98f4-f3e0-4863-927a-8ffbb9a504fa.json\"\n","stream":"stdout","time":"2023-03-06T07:46:25.629198703Z"}
{"log":"{'file': '/results/results_3b060210-92aa-448f-a07a-b61c13a13e35.json', 'status': 'Completed'} - \"/results/results_3b060210-92aa-448f-a07a-b61c13a13e35.json\"\n","stream":"stdout","time":"2023-03-06T07:47:00.897832161Z"}
{"log":"{'file': '/results/results_0ec03e80-6e0c-4159-b11a-20a081735abc.json', 'status': 'Completed'} - \"/results/results_0ec03e80-6e0c-4159-b11a-20a081735abc.json\"\n","stream":"stdout","time":"2023-03-06T07:47:37.509478149Z"}
{"log":"{'file': '/results/results_87530a5b-b420-4f0a-9819-16fe2d7c89b6.json', 'status': 'Completed'} - \"/results/results_87530a5b-b420-4f0a-9819-16fe2d7c89b6.json\"\n","stream":"stdout","time":"2023-03-06T07:48:14.478827539Z"}
{"log":"{'file': '/results/results_ee961753-bb2b-4069-bc5e-ed815fe36dc6.json', 'status': 'Completed'} - \"/results/results_ee961753-bb2b-4069-bc5e-ed815fe36dc6.json\"\n","stream":"stdout","time":"2023-03-06T07:48:50.76301863Z"}
{"log":"{'file': '/results/results_65c7ee90-2f32-4997-af50-74377d13688f.json', 'status': 'Completed'} - \"/results/results_65c7ee90-2f32-4997-af50-74377d13688f.json\"\n","stream":"stdout","time":"2023-03-06T07:49:26.18447949Z"}
{"log":"{'file': '/results/results_43ee9e54-1288-42dc-9fa5-b533b0c74747.json', 'status': 'Completed'} - \"/results/results_43ee9e54-1288-42dc-9fa5-b533b0c74747.json\"\n","stream":"stdout","time":"2023-03-06T07:50:01.419994232Z"}
{"log":"{'file': '/results/results_f2afd59d-3b6a-4948-b6e0-1c242f455e24.json', 'status': 'Completed'} - \"/results/results_f2afd59d-3b6a-4948-b6e0-1c242f455e24.json\"\n","stream":"stdout","time":"2023-03-06T07:50:36.675389462Z"}
{"log":"{'file': '/results/results_e68020a9-30d0-42d9-8bb7-0c468a1104ac.json', 'status': 'Completed'} - \"/results/results_e68020a9-30d0-42d9-8bb7-0c468a1104ac.json\"\n","stream":"stdout","time":"2023-03-06T07:51:11.442474915Z"}
{"log":"{'file': '/results/results_d14b7724-446f-4798-b011-319a3f71a115.json', 'status': 'Completed'} - \"/results/results_d14b7724-446f-4798-b011-319a3f71a115.json\"\n","stream":"stdout","time":"2023-03-06T07:51:46.429937169Z"}
{"log":"{'file': '/results/results_f1fc6052-efbe-4c8d-a98a-6f5c09b84e95.json', 'status': 'Completed'} - \"/results/results_f1fc6052-efbe-4c8d-a98a-6f5c09b84e95.json\"\n","stream":"stdout","time":"2023-03-06T07:52:21.474724248Z"}
{"log":"{'file': '/results/results_9948d2e3-3983-4d8d-b6bf-63c8438ad308.json', 'status': 'Completed'} - \"/results/results_9948d2e3-3983-4d8d-b6bf-63c8438ad308.json\"\n","stream":"stdout","time":"2023-03-06T07:52:56.737946212Z"}
{"log":"{'file': '/results/results_5c920d9a-66d9-4dc6-87b1-c46976c1d75f.json', 'status': 'Completed'} - \"/results/results_5c920d9a-66d9-4dc6-87b1-c46976c1d75f.json\"\n","stream":"stdout","time":"2023-03-06T07:53:32.15491353Z"}
{"log":"{'file': '/results/results_62b44b91-548c-4a4b-af03-f5796a8dfe5e.json', 'status': 'Completed'} - \"/results/results_62b44b91-548c-4a4b-af03-f5796a8dfe5e.json\"\n","stream":"stdout","time":"2023-03-06T07:54:08.101122173Z"}
{"log":"{'file': '/results/results_cbf2a095-fd5d-4222-ae55-1490b46ed84b.json', 'status': 'Completed'} - \"/results/results_cbf2a095-fd5d-4222-ae55-1490b46ed84b.json\"\n","stream":"stdout","time":"2023-03-06T07:54:44.918661478Z"}
{"log":"{'file': '/results/results_eeea57e7-4d85-48e4-b620-a9b4910b3c6e.json', 'status': 'Completed'} - \"/results/results_eeea57e7-4d85-48e4-b620-a9b4910b3c6e.json\"\n","stream":"stdout","time":"2023-03-06T07:55:19.8751838Z"}
{"log":"{'file': '/results/results_0e333e32-e983-4816-a300-7d3aaeb9e7ae.json', 'status': 'Completed'} - \"/results/results_0e333e32-e983-4816-a300-7d3aaeb9e7ae.json\"\n","stream":"stdout","time":"2023-03-06T07:55:55.034586687Z"}
{"log":"{'file': '/results/results_7ee13eca-9f5b-4e6b-b8d6-54126322d08f.json', 'status': 'Completed'} - \"/results/results_7ee13eca-9f5b-4e6b-b8d6-54126322d08f.json\"\n","stream":"stdout","time":"2023-03-06T07:56:29.775574612Z"}
{"log":"{'file': '/results/results_313a3f43-74b8-4d11-bf13-ee30d1609a6b.json', 'status': 'Completed'} - \"/results/results_313a3f43-74b8-4d11-bf13-ee30d1609a6b.json\"\n","stream":"stdout","time":"2023-03-06T07:57:04.542895611Z"}
{"log":"{'file': '/results/results_14021e00-8813-48d4-9eb1-cc801dec95e2.json', 'status': 'Completed'} - \"/results/results_14021e00-8813-48d4-9eb1-cc801dec95e2.json\"\n","stream":"stdout","time":"2023-03-06T07:57:40.098337107Z"}
{"log":"{'file': '/results/results_25ababb9-895e-4c10-abcb-fefa449f7677.json', 'status': 'Completed'} - \"/results/results_25ababb9-895e-4c10-abcb-fefa449f7677.json\"\n","stream":"stdout","time":"2023-03-06T07:58:16.809561203Z"}
{"log":"{'file': '/results/results_566242e6-b174-45b7-bcec-adf8e35322d8.json', 'status': 'Completed'} - \"/results/results_566242e6-b174-45b7-bcec-adf8e35322d8.json\"\n","stream":"stdout","time":"2023-03-06T07:58:52.498972918Z"}
{"log":"{'file': '/results/results_edc1b45c-fe43-4eca-9685-346edebefa1a.json', 'status': 'Completed'} - \"/results/results_edc1b45c-fe43-4eca-9685-346edebefa1a.json\"\n","stream":"stdout","time":"2023-03-06T07:59:27.903704713Z"}
{"log":"{'file': '/results/results_418223c9-5d55-4aa9-9848-12c1cd3eeb4d.json', 'status': 'Completed'} - \"/results/results_418223c9-5d55-4aa9-9848-12c1cd3eeb4d.json\"\n","stream":"stdout","time":"2023-03-06T08:00:03.785965277Z"}
{"log":"{'file': '/results/results_ababbd3e-4ac4-46d6-b34e-52be189e52a1.json', 'status': 'Completed'} - \"/results/results_ababbd3e-4ac4-46d6-b34e-52be189e52a1.json\"\n","stream":"stdout","time":"2023-03-06T08:00:39.074386943Z"}
{"log":"{'file': '/results/results_4574581a-a370-41ad-bcb9-3c6b7259d1cc.json', 'status': 'Completed'} - \"/results/results_4574581a-a370-41ad-bcb9-3c6b7259d1cc.json\"\n","stream":"stdout","time":"2023-03-06T08:01:13.539648842Z"}
{"log":"{'file': '/results/results_429576c8-8813-473e-875c-ef270f958a68.json', 'status': 'Completed'} - \"/results/results_429576c8-8813-473e-875c-ef270f958a68.json\"\n","stream":"stdout","time":"2023-03-06T08:01:48.910334485Z"}
{"log":"{'file': '/results/results_29352065-3947-4f07-a0e4-a59137005dac.json', 'status': 'Completed'} - \"/results/results_29352065-3947-4f07-a0e4-a59137005dac.json\"\n","stream":"stdout","time":"2023-03-06T08:02:25.567506521Z"}
{"log":"{'file': '/results/results_db4f9f2e-32cf-40f9-b42e-db730ec472bc.json', 'status': 'Completed'} - \"/results/results_db4f9f2e-32cf-40f9-b42e-db730ec472bc.json\"\n","stream":"stdout","time":"2023-03-06T08:03:03.973810923Z"}
{"log":"{'file': '/results/results_f8c2261d-fd31-4457-ba2b-a1bb60503959.json', 'status': 'Completed'} - \"/results/results_f8c2261d-fd31-4457-ba2b-a1bb60503959.json\"\n","stream":"stdout","time":"2023-03-06T08:03:39.018249231Z"}
{"log":"{'file': '/results/results_9d5673c2-b1af-4c5f-a48d-33be6a76db75.json', 'status': 'Completed'} - \"/results/results_9d5673c2-b1af-4c5f-a48d-33be6a76db75.json\"\n","stream":"stdout","time":"2023-03-06T08:04:13.047473238Z"}
{"log":"{'file': '/results/results_0534c980-213e-4f39-9deb-682163dacf0d.json', 'status': 'Completed'} - \"/results/results_0534c980-213e-4f39-9deb-682163dacf0d.json\"\n","stream":"stdout","time":"2023-03-06T08:04:48.382666967Z"}
{"log":"{'file': '/results/results_c833c4df-8fc4-4e57-b039-b0bab9e4512d.json', 'status': 'Completed'} - \"/results/results_c833c4df-8fc4-4e57-b039-b0bab9e4512d.json\"\n","stream":"stdout","time":"2023-03-06T08:05:24.430183771Z"}
{"log":"{'file': '/results/results_e714f948-77f2-4ed9-93a5-092a0711132a.json', 'status': 'Completed'} - \"/results/results_e714f948-77f2-4ed9-93a5-092a0711132a.json\"\n","stream":"stdout","time":"2023-03-06T08:05:59.484725114Z"}
{"log":"{'file': '/results/results_16613211-4899-4a0d-86fc-0c2ac711989c.json', 'status': 'Completed'} - \"/results/results_16613211-4899-4a0d-86fc-0c2ac711989c.json\"\n","stream":"stdout","time":"2023-03-06T08:06:34.865050347Z"}
{"log":"{'file': '/results/results_255aaed3-6cae-483d-bda7-6071a1b6dcbc.json', 'status': 'Completed'} - \"/results/results_255aaed3-6cae-483d-bda7-6071a1b6dcbc.json\"\n","stream":"stdout","time":"2023-03-06T08:07:08.568862181Z"}
{"log":"{'file': '/results/results_6346808e-4568-4eda-99c0-4f7781173404.json', 'status': 'Completed'} - \"/results/results_6346808e-4568-4eda-99c0-4f7781173404.json\"\n","stream":"stdout","time":"2023-03-06T08:07:43.640118755Z"}
{"log":"{'file': '/results/results_3514dcef-81ce-45a1-a89f-3e12785d0293.json', 'status': 'Completed'} - \"/results/results_3514dcef-81ce-45a1-a89f-3e12785d0293.json\"\n","stream":"stdout","time":"2023-03-06T08:08:19.500076839Z"}
{"log":"{'file': '/results/results_eda032f0-8433-4628-9b68-a4ec2aad5aa0.json', 'status': 'Completed'} - \"/results/results_eda032f0-8433-4628-9b68-a4ec2aad5aa0.json\"\n","stream":"stdout","time":"2023-03-06T08:08:54.890800655Z"}
{"log":"{'file': '/results/results_0e1d62d6-b27a-4dbc-a25e-aaa4bbaa1c66.json', 'status': 'Completed'} - \"/results/results_0e1d62d6-b27a-4dbc-a25e-aaa4bbaa1c66.json\"\n","stream":"stdout","time":"2023-03-06T08:09:32.206018221Z"}
{"log":"{'file': '/results/results_a0999f2b-8dc9-40ee-92f7-75464e48af1f.json', 'status': 'Completed'} - \"/results/results_a0999f2b-8dc9-40ee-92f7-75464e48af1f.json\"\n","stream":"stdout","time":"2023-03-06T08:10:07.312096966Z"}
{"log":"{'file': '/results/results_82cf19cf-7eab-4c51-bdc5-a0ed098f1fbb.json', 'status': 'Completed'} - \"/results/results_82cf19cf-7eab-4c51-bdc5-a0ed098f1fbb.json\"\n","stream":"stdout","time":"2023-03-06T08:10:42.262543531Z"}
{"log":"{'file': '/results/results_d57edb97-f853-4314-af67-09e8de2eabdb.json', 'status': 'Completed'} - \"/results/results_d57edb97-f853-4314-af67-09e8de2eabdb.json\"\n","stream":"stdout","time":"2023-03-06T08:11:17.065647134Z"}
{"log":"{'file': '/results/results_aae3314e-2aed-4e5e-a7b4-f92219021b4e.json', 'status': 'Completed'} - \"/results/results_aae3314e-2aed-4e5e-a7b4-f92219021b4e.json\"\n","stream":"stdout","time":"2023-03-06T08:11:52.520054824Z"}
{"log":"{'file': '/results/results_3103657c-ea35-44ba-9164-300becad71a0.json', 'status': 'Completed'} - \"/results/results_3103657c-ea35-44ba-9164-300becad71a0.json\"\n","stream":"stdout","time":"2023-03-06T08:12:29.192163602Z"}
{"log":"{'file': '/results/results_822243c4-6716-4bfa-aaef-ba10abad3813.json', 'status': 'Completed'} - \"/results/results_822243c4-6716-4bfa-aaef-ba10abad3813.json\"\n","stream":"stdout","time":"2023-03-06T08:13:05.128262366Z"}
{"log":"{'file': '/results/results_b759292c-59cd-47e4-a0e5-a69145b44de4.json', 'status': 'Completed'} - \"/results/results_b759292c-59cd-47e4-a0e5-a69145b44de4.json\"\n","stream":"stdout","time":"2023-03-06T08:13:41.985051361Z"}
{"log":"{'file': '/results/results_14df9df7-99ea-4849-99f6-b7e15546e2c5.json', 'status': 'Completed'} - \"/results/results_14df9df7-99ea-4849-99f6-b7e15546e2c5.json\"\n","stream":"stdout","time":"2023-03-06T08:14:17.832912196Z"}
{"log":"{'file': '/results/results_9a467fe4-0227-45f0-9771-274c5115ed3d.json', 'status': 'Completed'} - \"/results/results_9a467fe4-0227-45f0-9771-274c5115ed3d.json\"\n","stream":"stdout","time":"2023-03-06T08:14:55.304548324Z"}
{"log":"{'file': '/results/results_c0f0fb51-a8c3-4f49-b931-88c4f66311a3.json', 'status': 'Completed'} - \"/results/results_c0f0fb51-a8c3-4f49-b931-88c4f66311a3.json\"\n","stream":"stdout","time":"2023-03-06T08:15:30.018156559Z"}
{"log":"{'file': '/results/results_b05c972d-ff92-4e15-b2a5-d3b3907ca5f8.json', 'status': 'Completed'} - \"/results/results_b05c972d-ff92-4e15-b2a5-d3b3907ca5f8.json\"\n","stream":"stdout","time":"2023-03-06T08:16:05.279676121Z"}
{"log":"{'file': '/results/results_7385e48c-ad9a-403b-bdf5-fc457e98a1b4.json', 'status': 'Completed'} - \"/results/results_7385e48c-ad9a-403b-bdf5-fc457e98a1b4.json\"\n","stream":"stdout","time":"2023-03-06T08:16:42.411946872Z"}
{"log":"{'file': '/results/results_f2597086-7e87-4708-ada8-62fcf0c75051.json', 'status': 'Completed'} - \"/results/results_f2597086-7e87-4708-ada8-62fcf0c75051.json\"\n","stream":"stdout","time":"2023-03-06T08:17:16.741039154Z"}
{"log":"{'file': '/results/results_d72db0a4-9933-4410-86c1-11e5af561b91.json', 'status': 'Completed'} - \"/results/results_d72db0a4-9933-4410-86c1-11e5af561b91.json\"\n","stream":"stdout","time":"2023-03-06T08:17:51.557538591Z"}
{"log":"{'file': '/results/results_42d865aa-f100-44ca-900f-e3633d53c8bf.json', 'status': 'Completed'} - \"/results/results_42d865aa-f100-44ca-900f-e3633d53c8bf.json\"\n","stream":"stdout","time":"2023-03-06T08:18:29.429279872Z"}
{"log":"{'file': '/results/results_91076b00-e43d-42a9-86ef-ca27af02679d.json', 'status': 'Completed'} - \"/results/results_91076b00-e43d-42a9-86ef-ca27af02679d.json\"\n","stream":"stdout","time":"2023-03-06T08:19:04.06353617Z"}
{"log":"{'file': '/results/results_add413e9-7ebb-4462-b3a3-45b160bf9ff6.json', 'status': 'Completed'} - \"/results/results_add413e9-7ebb-4462-b3a3-45b160bf9ff6.json\"\n","stream":"stdout","time":"2023-03-06T08:19:41.162927687Z"}
{"log":"{'file': '/results/results_22a2b38d-1380-4ffe-9b90-77dea0a744c4.json', 'status': 'Completed'} - \"/results/results_22a2b38d-1380-4ffe-9b90-77dea0a744c4.json\"\n","stream":"stdout","time":"2023-03-06T08:20:15.303778753Z"}
{"log":"{'file': '/results/results_c8adfae9-2565-4d1d-a8cb-19ab73e39526.json', 'status': 'Completed'} - \"/results/results_c8adfae9-2565-4d1d-a8cb-19ab73e39526.json\"\n","stream":"stdout","time":"2023-03-06T08:20:50.920902666Z"}
{"log":"{'file': '/results/results_8aa0d74f-caed-4e3b-b14b-2a5dd8d03893.json', 'status': 'Completed'} - \"/results/results_8aa0d74f-caed-4e3b-b14b-2a5dd8d03893.json\"\n","stream":"stdout","time":"2023-03-06T08:21:27.473581671Z"}
{"log":"{'file': '/results/results_ccf1cb00-a81e-4d90-a162-9cbc9eaf1659.json', 'status': 'Completed'} - \"/results/results_ccf1cb00-a81e-4d90-a162-9cbc9eaf1659.json\"\n","stream":"stdout","time":"2023-03-06T08:22:05.679670226Z"}
{"log":"{'file': '/results/results_57803423-4f59-4d0d-b52b-d797c34b4d7b.json', 'status': 'Completed'} - \"/results/results_57803423-4f59-4d0d-b52b-d797c34b4d7b.json\"\n","stream":"stdout","time":"2023-03-06T08:22:42.842393111Z"}
{"log":"{'file': '/results/results_f4d43fc0-a330-4947-b0e0-27899817eaa0.json', 'status': 'Completed'} - \"/results/results_f4d43fc0-a330-4947-b0e0-27899817eaa0.json\"\n","stream":"stdout","time":"2023-03-06T08:23:18.689414052Z"}
{"log":"{'file': '/results/results_f07094c6-b9a5-451f-8352-697e360f0863.json', 'status': 'Completed'} - \"/results/results_f07094c6-b9a5-451f-8352-697e360f0863.json\"\n","stream":"stdout","time":"2023-03-06T08:23:53.980951468Z"}
{"log":"{'file': '/results/results_2e0c602d-6eb3-4173-a124-1c0d80782153.json', 'status': 'Completed'} - \"/results/results_2e0c602d-6eb3-4173-a124-1c0d80782153.json\"\n","stream":"stdout","time":"2023-03-06T08:24:29.434263755Z"}
{"log":"{'file': '/results/results_d61b6ba6-1a7e-4814-8aab-408059230141.json', 'status': 'Completed'} - \"/results/results_d61b6ba6-1a7e-4814-8aab-408059230141.json\"\n","stream":"stdout","time":"2023-03-06T08:25:03.49083164Z"}
{"log":"{'file': '/results/results_462bae42-a7ec-4f63-b458-914fa3ba2812.json', 'status': 'Completed'} - \"/results/results_462bae42-a7ec-4f63-b458-914fa3ba2812.json\"\n","stream":"stdout","time":"2023-03-06T08:25:37.939214831Z"}
{"log":"{'file': '/results/results_acbf535c-e1f6-44c5-80cd-11d31c8f1873.json', 'status': 'Completed'} - \"/results/results_acbf535c-e1f6-44c5-80cd-11d31c8f1873.json\"\n","stream":"stdout","time":"2023-03-06T08:26:12.740637609Z"}
{"log":"{'file': '/results/results_2022d71d-2d8f-470c-8a3d-471b80ee2842.json', 'status': 'Completed'} - \"/results/results_2022d71d-2d8f-470c-8a3d-471b80ee2842.json\"\n","stream":"stdout","time":"2023-03-06T08:26:47.69194677Z"}
{"log":"{'file': '/results/results_0554acb5-fe57-406a-80d4-971b5809d502.json', 'status': 'Completed'} - \"/results/results_0554acb5-fe57-406a-80d4-971b5809d502.json\"\n","stream":"stdout","time":"2023-03-06T08:27:22.664236994Z"}
{"log":"{'file': '/results/results_6b50fb93-72c1-4983-afb9-c12ea4142f95.json', 'status': 'Completed'} - \"/results/results_6b50fb93-72c1-4983-afb9-c12ea4142f95.json\"\n","stream":"stdout","time":"2023-03-06T08:27:59.026565119Z"}
{"log":"{'file': '/results/results_6c93bbf2-3410-4f7e-8b01-55a535cf084a.json', 'status': 'Completed'} - \"/results/results_6c93bbf2-3410-4f7e-8b01-55a535cf084a.json\"\n","stream":"stdout","time":"2023-03-06T08:28:33.261645717Z"}
{"log":"{'file': '/results/results_7944b9b0-f5e8-4d3a-8efb-02ff08b12131.json', 'status': 'Completed'} - \"/results/results_7944b9b0-f5e8-4d3a-8efb-02ff08b12131.json\"\n","stream":"stdout","time":"2023-03-06T08:29:10.359991462Z"}
{"log":"{'file': '/results/results_738f2d11-6b9e-4c27-8db9-fc39e84f4256.json', 'status': 'Completed'} - \"/results/results_738f2d11-6b9e-4c27-8db9-fc39e84f4256.json\"\n","stream":"stdout","time":"2023-03-06T08:29:45.702206601Z"}
{"log":"{'file': '/results/results_f7bc50d2-4d22-4580-b2a7-b1c79563ed52.json', 'status': 'Completed'} - \"/results/results_f7bc50d2-4d22-4580-b2a7-b1c79563ed52.json\"\n","stream":"stdout","time":"2023-03-06T08:30:23.217522376Z"}
{"log":"{'file': '/results/results_802b3e56-d4bd-4c56-a5f6-c3d69a2560e7.json', 'status': 'Completed'} - \"/results/results_802b3e56-d4bd-4c56-a5f6-c3d69a2560e7.json\"\n","stream":"stdout","time":"2023-03-06T08:30:58.895769714Z"}
{"log":"{'file': '/results/results_6bf63939-40b7-4181-a743-faedee47160f.json', 'status': 'Completed'} - \"/results/results_6bf63939-40b7-4181-a743-faedee47160f.json\"\n","stream":"stdout","time":"2023-03-06T08:31:33.252624623Z"}
{"log":"{'file': '/results/results_8baf767b-64e9-45d7-a170-d885c800be4b.json', 'status': 'Completed'} - \"/results/results_8baf767b-64e9-45d7-a170-d885c800be4b.json\"\n","stream":"stdout","time":"2023-03-06T08:32:09.130140201Z"}
{"log":"{'file': '/results/results_1e64b694-9167-42cd-a00c-55bf8a2b0876.json', 'status': 'Completed'} - \"/results/results_1e64b694-9167-42cd-a00c-55bf8a2b0876.json\"\n","stream":"stdout","time":"2023-03-06T08:32:43.405340095Z"}
{"log":"{'file': '/results/results_cf58ddbe-3c2b-401d-895c-a22296b734c7.json', 'status': 'Completed'} - \"/results/results_cf58ddbe-3c2b-401d-895c-a22296b734c7.json\"\n","stream":"stdout","time":"2023-03-06T08:33:17.583349478Z"}
{"log":"{'file': '/results/results_3c30fad1-733d-41c1-9285-b4bac670cbbf.json', 'status': 'Completed'} - \"/results/results_3c30fad1-733d-41c1-9285-b4bac670cbbf.json\"\n","stream":"stdout","time":"2023-03-06T08:33:52.279163024Z"}
{"log":"{'file': '/results/results_9b30aec5-954b-4c25-b153-e6b98aa7f099.json', 'status': 'Completed'} - \"/results/results_9b30aec5-954b-4c25-b153-e6b98aa7f099.json\"\n","stream":"stdout","time":"2023-03-06T08:34:29.905013297Z"}
{"log":"{'file': '/results/results_e14a6ab6-d057-4111-8f37-834393a9737c.json', 'status': 'Completed'} - \"/results/results_e14a6ab6-d057-4111-8f37-834393a9737c.json\"\n","stream":"stdout","time":"2023-03-06T08:35:05.721081787Z"}
{"log":"{'file': '/results/results_d3da85e8-1c9c-41d5-a137-6d73353110b6.json', 'status': 'Completed'} - \"/results/results_d3da85e8-1c9c-41d5-a137-6d73353110b6.json\"\n","stream":"stdout","time":"2023-03-06T08:35:41.940720889Z"}
{"log":"{'file': '/results/results_51db022b-b298-4385-9be3-e4f19f997c98.json', 'status': 'Completed'} - \"/results/results_51db022b-b298-4385-9be3-e4f19f997c98.json\"\n","stream":"stdout","time":"2023-03-06T08:35:52.058236786Z"}
{"log":"TIME_LOG: RESPONSE TIME 1678088150348 1678091752058 3601710\n","stream":"stdout","time":"2023-03-06T08:35:52.058282134Z"}
