{"log":"[INFO] Scanning for projects...\n","stream":"stdout","time":"2023-03-07T05:29:39.295092903Z"}
{"log":"Downloading from central: https://repo.maven.apache.org/maven2/org/apache/maven/plugins/maven-deploy-plugin/3.0.0/maven-deploy-plugin-3.0.0.pom\n","stream":"stdout","time":"2023-03-07T05:29:39.713797001Z"}
{"log":"Progress (1): 1.4/8.5 kB\rProgress (1): 2.7/8.5 kB\rProgress (1): 4.1/8.5 kB\rProgress (1): 5.5/8.5 kB\rProgress (1): 6.9/8.5 kB\rProgress (1): 8.2/8.5 kB\rProgress (1): 8.5 kB    \r                    \rDownloaded from central: https://repo.maven.apache.org/maven2/org/apache/maven/plugins/maven-deploy-plugin/3.0.0/maven-deploy-plugin-3.0.0.pom (8.5 kB at 17 kB/s)\n","stream":"stdout","time":"2023-03-07T05:29:40.203967507Z"}
{"log":"Downloading from central: https://repo.maven.apache.org/maven2/org/apache/maven/plugins/maven-deploy-plugin/3.0.0/maven-deploy-plugin-3.0.0.jar\n","stream":"stdout","time":"2023-03-07T05:29:40.220227393Z"}
{"log":"Progress (1): 1.4/37 kB\rProgress (1): 2.7/37 kB\rProgress (1): 4.1/37 kB\rProgress (1): 5.5/37 kB\rProgress (1): 6.9/37 kB\rProgress (1): 8.2/37 kB\rProgress (1): 9.6/37 kB\rProgress (1): 11/37 kB \rProgress (1): 12/37 kB\rProgress (1): 14/37 kB\rProgress (1): 15/37 kB\rProgress (1): 16/37 kB\rProgress (1): 18/37 kB\rProgress (1): 19/37 kB\rProgress (1): 21/37 kB\rProgress (1): 22/37 kB\rProgress (1): 23/37 kB\rProgress (1): 25/37 kB\rProgress (1): 26/37 kB\rProgress (1): 27/37 kB\rProgress (1): 29/37 kB\rProgress (1): 30/37 kB\rProgress (1): 32/37 kB\rProgress (1): 33/37 kB\rProgress (1): 34/37 kB\rProgress (1): 36/37 kB\rProgress (1): 37/37 kB\rProgress (1): 37 kB   \r                   \rDownloaded from central: https://repo.maven.apache.org/maven2/org/apache/maven/plugins/maven-deploy-plugin/3.0.0/maven-deploy-plugin-3.0.0.jar (37 kB at 382 kB/s)\n","stream":"stdout","time":"2023-03-07T05:29:40.317224782Z"}
{"log":"Downloading from central: https://repo.maven.apache.org/maven2/org/apache/maven/plugins/maven-site-plugin/3.12.1/maven-site-plugin-3.12.1.pom\n","stream":"stdout","time":"2023-03-07T05:29:40.321377728Z"}
{"log":"Progress (1): 16/20 kB\rProgress (1): 20 kB   \r                   \rDownloaded from central: https://repo.maven.apache.org/maven2/org/apache/maven/plugins/maven-site-plugin/3.12.1/maven-site-plugin-3.12.1.pom (20 kB at 292 kB/s)\n","stream":"stdout","time":"2023-03-07T05:29:40.389996891Z"}
{"log":"Downloading from central: https://repo.maven.apache.org/maven2/org/apache/maven/plugins/maven-site-plugin/3.12.1/maven-site-plugin-3.12.1.jar\n","stream":"stdout","time":"2023-03-07T05:29:40.397020722Z"}
{"log":"Progress (1): 16/119 kB\rProgress (1): 32/119 kB\rProgress (1): 49/119 kB\rProgress (1): 65/119 kB\rProgress (1): 81/119 kB\rProgress (1): 98/119 kB\rProgress (1): 114/119 kB\rProgress (1): 119 kB    \r                    \rDownloaded from central: https://repo.maven.apache.org/maven2/org/apache/maven/plugins/maven-site-plugin/3.12.1/maven-site-plugin-3.12.1.jar (119 kB at 907 kB/s)\n","stream":"stdout","time":"2023-03-07T05:29:40.527301852Z"}
{"log":"Downloading from central: https://repo.maven.apache.org/maven2/org/apache/maven/plugins/maven-antrun-plugin/1.3/maven-antrun-plugin-1.3.pom\n","stream":"stdout","time":"2023-03-07T05:29:40.53428399Z"}
{"log":"Progress (1): 4.7 kB\r                    \rDownloaded from central: https://repo.maven.apache.org/maven2/org/apache/maven/plugins/maven-antrun-plugin/1.3/maven-antrun-plugin-1.3.pom (4.7 kB at 78 kB/s)\n","stream":"stdout","time":"2023-03-07T05:29:40.595731244Z"}
{"log":"Downloading from central: https://repo.maven.apache.org/maven2/org/apache/maven/plugins/maven-plugins/12/maven-plugins-12.pom\n","stream":"stdout","time":"2023-03-07T05:29:40.598814133Z"}
{"log":"Progress (1): 12 kB\r                   \rDownloaded from central: https://repo.maven.apache.org/maven2/org/apache/maven/plugins/maven-plugins/12/maven-plugins-12.pom (12 kB at 186 kB/s)\n","stream":"stdout","time":"2023-03-07T05:29:40.661609256Z"}
{"log":"Downloading from central: https://repo.maven.apache.org/maven2/org/apache/maven/maven-parent/9/maven-parent-9.pom\n","stream":"stdout","time":"2023-03-07T05:29:40.664566637Z"}
{"log":"Progress (1): 16/33 kB\rProgress (1): 32/33 kB\rProgress (1): 33 kB   \r                   \rDownloaded from central: https://repo.maven.apache.org/maven2/org/apache/maven/maven-parent/9/maven-parent-9.pom (33 kB at 505 kB/s)\n","stream":"stdout","time":"2023-03-07T05:29:40.729586362Z"}
{"log":"Downloading from central: https://repo.maven.apache.org/maven2/org/apache/maven/plugins/maven-antrun-plugin/1.3/maven-antrun-plugin-1.3.jar\n","stream":"stdout","time":"2023-03-07T05:29:40.735506501Z"}
{"log":"Progress (1): 16/24 kB\rProgress (1): 24 kB   \r                   \rDownloaded from central: https://repo.maven.apache.org/maven2/org/apache/maven/plugins/maven-antrun-plugin/1.3/maven-antrun-plugin-1.3.jar (24 kB at 368 kB/s)\n","stream":"stdout","time":"2023-03-07T05:29:40.799238164Z"}
{"log":"Downloading from central: https://repo.maven.apache.org/maven2/org/apache/maven/plugins/maven-assembly-plugin/2.2-beta-5/maven-assembly-plugin-2.2-beta-5.pom\n","stream":"stdout","time":"2023-03-07T05:29:40.802452589Z"}
{"log":"Progress (1): 15 kB\r                   \rDownloaded from central: https://repo.maven.apache.org/maven2/org/apache/maven/plugins/maven-assembly-plugin/2.2-beta-5/maven-assembly-plugin-2.2-beta-5.pom (15 kB at 244 kB/s)\n","stream":"stdout","time":"2023-03-07T05:29:40.864919447Z"}
{"log":"Downloading from central: https://repo.maven.apache.org/maven2/org/apache/maven/plugins/maven-plugins/16/maven-plugins-16.pom\n","stream":"stdout","time":"2023-03-07T05:29:40.868621868Z"}
{"log":"Progress (1): 13 kB\r                   \rDownloaded from central: https://repo.maven.apache.org/maven2/org/apache/maven/plugins/maven-plugins/16/maven-plugins-16.pom (13 kB at 209 kB/s)\n","stream":"stdout","time":"2023-03-07T05:29:40.930616952Z"}
{"log":"Downloading from central: https://repo.maven.apache.org/maven2/org/apache/maven/plugins/maven-assembly-plugin/2.2-beta-5/maven-assembly-plugin-2.2-beta-5.jar\n","stream":"stdout","time":"2023-03-07T05:29:40.938123273Z"}
{"log":"Progress (1): 16/209 kB\rProgress (1): 32/209 kB\rProgress (1): 49/209 kB\rProgress (1): 65/209 kB\rProgress (1): 81/209 kB\rProgress (1): 98/209 kB\rProgress (1): 114/209 kB\rProgress (1): 131/209 kB\rProgress (1): 147/209 kB\rProgress (1): 163/209 kB\rProgress (1): 180/209 kB\rProgress (1): 196/209 kB\rProgress (1): 209 kB    \r                    \rDownloaded from central: https://repo.maven.apache.org/maven2/org/apache/maven/plugins/maven-assembly-plugin/2.2-beta-5/maven-assembly-plugin-2.2-beta-5.jar (209 kB at 1.7 MB/s)\n","stream":"stdout","time":"2023-03-07T05:29:41.061606528Z"}
{"log":"Downloading from central: https://repo.maven.apache.org/maven2/org/apache/maven/plugins/maven-dependency-plugin/2.8/maven-dependency-plugin-2.8.pom\n","stream":"stdout","time":"2023-03-07T05:29:41.068618418Z"}
{"log":"Progress (1): 11 kB\r                   \rDownloaded from central: https://repo.maven.apache.org/maven2/org/apache/maven/plugins/maven-dependency-plugin/2.8/maven-dependency-plugin-2.8.pom (11 kB at 185 kB/s)\n","stream":"stdout","time":"2023-03-07T05:29:41.130191866Z"}
{"log":"Downloading from central: https://repo.maven.apache.org/maven2/org/apache/maven/plugins/maven-dependency-plugin/2.8/maven-dependency-plugin-2.8.jar\n","stream":"stdout","time":"2023-03-07T05:29:41.139413782Z"}
{"log":"Progress (1): 16/153 kB\rProgress (1): 32/153 kB\rProgress (1): 49/153 kB\rProgress (1): 65/153 kB\rProgress (1): 81/153 kB\rProgress (1): 98/153 kB\rProgress (1): 114/153 kB\rProgress (1): 131/153 kB\rProgress (1): 147/153 kB\rProgress (1): 153 kB    \r                    \rDownloaded from central: https://repo.maven.apache.org/maven2/org/apache/maven/plugins/maven-dependency-plugin/2.8/maven-dependency-plugin-2.8.jar (153 kB at 2.1 MB/s)\n","stream":"stdout","time":"2023-03-07T05:29:41.212240611Z"}
{"log":"Downloading from central: https://repo.maven.apache.org/maven2/org/apache/maven/plugins/maven-release-plugin/2.5.3/maven-release-plugin-2.5.3.pom\n","stream":"stdout","time":"2023-03-07T05:29:41.222488602Z"}
{"log":"Progress (1): 11 kB\r                   \rDownloaded from central: https://repo.maven.apache.org/maven2/org/apache/maven/plugins/maven-release-plugin/2.5.3/maven-release-plugin-2.5.3.pom (11 kB at 182 kB/s)\n","stream":"stdout","time":"2023-03-07T05:29:41.283517316Z"}
{"log":"Downloading from central: https://repo.maven.apache.org/maven2/org/apache/maven/release/maven-release/2.5.3/maven-release-2.5.3.pom\n","stream":"stdout","time":"2023-03-07T05:29:41.286433375Z"}
{"log":"Progress (1): 5.0 kB\r                    \rDownloaded from central: https://repo.maven.apache.org/maven2/org/apache/maven/release/maven-release/2.5.3/maven-release-2.5.3.pom (5.0 kB at 82 kB/s)\n","stream":"stdout","time":"2023-03-07T05:29:41.347286633Z"}
{"log":"Downloading from central: https://repo.maven.apache.org/maven2/org/apache/maven/maven-parent/27/maven-parent-27.pom\n","stream":"stdout","time":"2023-03-07T05:29:41.349915696Z"}
{"log":"Progress (1): 16/41 kB\rProgress (1): 33/41 kB\rProgress (1): 41 kB   \r                   \rDownloaded from central: https://repo.maven.apache.org/maven2/org/apache/maven/maven-parent/27/maven-parent-27.pom (41 kB at 646 kB/s)\n","stream":"stdout","time":"2023-03-07T05:29:41.412799369Z"}
{"log":"Downloading from central: https://repo.maven.apache.org/maven2/org/apache/maven/plugins/maven-release-plugin/2.5.3/maven-release-plugin-2.5.3.jar\n","stream":"stdout","time":"2023-03-07T05:29:41.41987814Z"}
{"log":"Progress (1): 16/53 kB\rProgress (1): 33/53 kB\rProgress (1): 49/53 kB\rProgress (1): 53 kB   \r                   \rDownloaded from central: https://repo.maven.apache.org/maven2/org/apache/maven/plugins/maven-release-plugin/2.5.3/maven-release-plugin-2.5.3.jar (53 kB at 828 kB/s)\n","stream":"stdout","time":"2023-03-07T05:29:41.483641686Z"}
{"log":"Downloading from central: https://repo.maven.apache.org/maven2/org/apache/maven/plugins/maven-metadata.xml\n","stream":"stdout","time":"2023-03-07T05:29:41.495590388Z"}
{"log":"Downloading from central: https://repo.maven.apache.org/maven2/org/codehaus/mojo/maven-metadata.xml\n","stream":"stdout","time":"2023-03-07T05:29:41.495619994Z"}
{"log":"Progress (1): 16/21 kB\rProgress (1): 21 kB   \r                   \rDownloaded from central: https://repo.maven.apache.org/maven2/org/codehaus/mojo/maven-metadata.xml (21 kB at 287 kB/s)\n","stream":"stdout","time":"2023-03-07T05:29:41.567348167Z"}
{"log":"Progress (1): 1.4/14 kB\rProgress (1): 2.7/14 kB\rProgress (1): 4.1/14 kB\rProgress (1): 5.5/14 kB\rProgress (1): 6.9/14 kB\rProgress (1): 8.2/14 kB\rProgress (1): 9.6/14 kB\rProgress (1): 11/14 kB \rProgress (1): 12/14 kB\rProgress (1): 14/14 kB\rProgress (1): 14 kB   \r                   \rDownloaded from central: https://repo.maven.apache.org/maven2/org/apache/maven/plugins/maven-metadata.xml (14 kB at 77 kB/s)\n","stream":"stdout","time":"2023-03-07T05:29:41.679428018Z"}
{"log":"Downloading from central: https://repo.maven.apache.org/maven2/org/codehaus/mojo/exec-maven-plugin/maven-metadata.xml\n","stream":"stdout","time":"2023-03-07T05:29:41.686745599Z"}
{"log":"Progress (1): 803 B\r                   \rDownloaded from central: https://repo.maven.apache.org/maven2/org/codehaus/mojo/exec-maven-plugin/maven-metadata.xml (803 B at 14 kB/s)\n","stream":"stdout","time":"2023-03-07T05:29:41.74588431Z"}
{"log":"Downloading from central: https://repo.maven.apache.org/maven2/org/codehaus/mojo/exec-maven-plugin/3.1.0/exec-maven-plugin-3.1.0.pom\n","stream":"stdout","time":"2023-03-07T05:29:41.748094939Z"}
{"log":"Progress (1): 1.4/14 kB\rProgress (1): 2.7/14 kB\rProgress (1): 4.1/14 kB\rProgress (1): 5.5/14 kB\rProgress (1): 6.9/14 kB\rProgress (1): 8.2/14 kB\rProgress (1): 9.6/14 kB\rProgress (1): 11/14 kB \rProgress (1): 12/14 kB\rProgress (1): 14 kB   \r                   \rDownloaded from central: https://repo.maven.apache.org/maven2/org/codehaus/mojo/exec-maven-plugin/3.1.0/exec-maven-plugin-3.1.0.pom (14 kB at 197 kB/s)\n","stream":"stdout","time":"2023-03-07T05:29:41.816446271Z"}
{"log":"Downloading from central: https://repo.maven.apache.org/maven2/org/codehaus/mojo/mojo-parent/69/mojo-parent-69.pom\n","stream":"stdout","time":"2023-03-07T05:29:41.819729726Z"}
{"log":"Progress (1): 1.4/35 kB\rProgress (1): 2.7/35 kB\rProgress (1): 4.1/35 kB\rProgress (1): 5.5/35 kB\rProgress (1): 6.9/35 kB\rProgress (1): 8.2/35 kB\rProgress (1): 9.6/35 kB\rProgress (1): 11/35 kB \rProgress (1): 12/35 kB\rProgress (1): 14/35 kB\rProgress (1): 15/35 kB\rProgress (1): 16/35 kB\rProgress (1): 18/35 kB\rProgress (1): 19/35 kB\rProgress (1): 21/35 kB\rProgress (1): 22/35 kB\rProgress (1): 23/35 kB\rProgress (1): 25/35 kB\rProgress (1): 26/35 kB\rProgress (1): 27/35 kB\rProgress (1): 29/35 kB\rProgress (1): 30/35 kB\rProgress (1): 32/35 kB\rProgress (1): 33/35 kB\rProgress (1): 34/35 kB\rProgress (1): 35 kB   \r                   \rDownloaded from central: https://repo.maven.apache.org/maven2/org/codehaus/mojo/mojo-parent/69/mojo-parent-69.pom (35 kB at 413 kB/s)\n","stream":"stdout","time":"2023-03-07T05:29:41.90347396Z"}
{"log":"Downloading from central: https://repo.maven.apache.org/maven2/org/codehaus/mojo/exec-maven-plugin/3.1.0/exec-maven-plugin-3.1.0.jar\n","stream":"stdout","time":"2023-03-07T05:29:41.910420764Z"}
{"log":"Progress (1): 16/73 kB\rProgress (1): 33/73 kB\rProgress (1): 49/73 kB\rProgress (1): 66/73 kB\rProgress (1): 73 kB   \r                   \rDownloaded from central: https://repo.maven.apache.org/maven2/org/codehaus/mojo/exec-maven-plugin/3.1.0/exec-maven-plugin-3.1.0.jar (73 kB at 616 kB/s)\n","stream":"stdout","time":"2023-03-07T05:29:42.028369675Z"}
{"log":"[INFO] \n","stream":"stdout","time":"2023-03-07T05:29:42.039603232Z"}
{"log":"[INFO] ----------------------\u003c org.manager:Coordinator \u003e-----------------------\n","stream":"stdout","time":"2023-03-07T05:29:42.039622057Z"}
{"log":"[INFO] Building Coordinator 1.0-SNAPSHOT\n","stream":"stdout","time":"2023-03-07T05:29:42.039635675Z"}
{"log":"[INFO]   from pom.xml\n","stream":"stdout","time":"2023-03-07T05:29:42.039734465Z"}
{"log":"[INFO] --------------------------------[ jar ]---------------------------------\n","stream":"stdout","time":"2023-03-07T05:29:42.039749981Z"}
{"log":"[INFO] \n","stream":"stdout","time":"2023-03-07T05:29:42.919202149Z"}
{"log":"[INFO] --- exec:3.1.0:java (default-cli) @ Coordinator ---\n","stream":"stdout","time":"2023-03-07T05:29:42.919361288Z"}
{"log":"Downloading from central: https://repo.maven.apache.org/maven2/org/apache/commons/commons-exec/1.3/commons-exec-1.3.pom\n","stream":"stdout","time":"2023-03-07T05:29:42.933706594Z"}
{"log":"Progress (1): 11 kB\r                   \rDownloaded from central: https://repo.maven.apache.org/maven2/org/apache/commons/commons-exec/1.3/commons-exec-1.3.pom (11 kB at 177 kB/s)\n","stream":"stdout","time":"2023-03-07T05:29:42.996038122Z"}
{"log":"Downloading from central: https://repo.maven.apache.org/maven2/org/apache/commons/commons-parent/35/commons-parent-35.pom\n","stream":"stdout","time":"2023-03-07T05:29:42.999499809Z"}
{"log":"Progress (1): 16/58 kB\rProgress (1): 33/58 kB\rProgress (1): 49/58 kB\rProgress (1): 58 kB   \r                   \rDownloaded from central: https://repo.maven.apache.org/maven2/org/apache/commons/commons-parent/35/commons-parent-35.pom (58 kB at 814 kB/s)\n","stream":"stdout","time":"2023-03-07T05:29:43.070465891Z"}
{"log":"Downloading from central: https://repo.maven.apache.org/maven2/org/codehaus/plexus/plexus-component-annotations/2.1.1/plexus-component-annotations-2.1.1.jar\n","stream":"stdout","time":"2023-03-07T05:29:43.078896347Z"}
{"log":"Downloading from central: https://repo.maven.apache.org/maven2/org/apache/commons/commons-exec/1.3/commons-exec-1.3.jar\n","stream":"stdout","time":"2023-03-07T05:29:43.079107642Z"}
{"log":"Progress (1): 16/54 kB\rProgress (2): 16/54 kB | 4.1 kB\r                               \rDownloaded from central: https://repo.maven.apache.org/maven2/org/codehaus/plexus/plexus-component-annotations/2.1.1/plexus-component-annotations-2.1.1.jar (4.1 kB at 65 kB/s)\n","stream":"stdout","time":"2023-03-07T05:29:43.141724046Z"}
{"log":"Progress (1): 33/54 kB\rProgress (1): 49/54 kB\rProgress (1): 54 kB   \r                   \rDownloaded from central: https://repo.maven.apache.org/maven2/org/apache/commons/commons-exec/1.3/commons-exec-1.3.jar (54 kB at 767 kB/s)\n","stream":"stdout","time":"2023-03-07T05:29:43.149338108Z"}
{"log":"REST-API Opened for business!\n","stream":"stdout","time":"2023-03-07T05:29:43.335939167Z"}
{"log":"log4j:WARN No appenders could be found for logger (spark.route.Routes).\n","stream":"stderr","time":"2023-03-07T05:29:43.341493271Z"}
{"log":"log4j:WARN Please initialize the log4j system properly.\n","stream":"stderr","time":"2023-03-07T05:29:43.341514487Z"}
{"log":"log4j:WARN See http://logging.apache.org/log4j/1.2/faq.html#noconfig for more info.\n","stream":"stderr","time":"2023-03-07T05:29:43.34151784Z"}
{"log":"org.apache.calcite.sql.dialect.PostgresqlSqlDialect\n","stream":"stdout","time":"2023-03-07T05:37:04.813453117Z"}
{"log":"SELECT IMAGECLASSIFIER(`images`.`gender`)\n","stream":"stdout","time":"2023-03-07T05:37:05.17572768Z"}
{"log":"FROM `SCHEMA`.`SCHEMA`.`images` AS `images`\n","stream":"stdout","time":"2023-03-07T05:37:05.175761394Z"}
{"log":"WHERE `images`.`gender` = 0\n","stream":"stdout","time":"2023-03-07T05:37:05.175976431Z"}
{"log":"LogicalProject(EXPR$0=[imageClassifier($3)])\n","stream":"stdout","time":"2023-03-07T05:37:05.792965505Z"}
{"log":"  LogicalFilter(condition=[=($3, 0)])\n","stream":"stdout","time":"2023-03-07T05:37:05.792994046Z"}
{"log":"    JdbcTableScan(table=[[SCHEMA, SCHEMA, images]])\n","stream":"stdout","time":"2023-03-07T05:37:05.792997814Z"}
{"log":"\n","stream":"stdout","time":"2023-03-07T05:37:05.793000653Z"}
{"log":"EnumerableProject(EXPR$0=[imageClassifier($3)])\n","stream":"stdout","time":"2023-03-07T05:37:05.951108872Z"}
{"log":"  JdbcToEnumerableConverter\n","stream":"stdout","time":"2023-03-07T05:37:05.951144688Z"}
{"log":"    JdbcFilter(condition=[=($3, 0)])\n","stream":"stdout","time":"2023-03-07T05:37:05.95114893Z"}
{"log":"      JdbcTableScan(table=[[SCHEMA, SCHEMA, images]])\n","stream":"stdout","time":"2023-03-07T05:37:05.951152292Z"}
{"log":"\n","stream":"stdout","time":"2023-03-07T05:37:05.951155202Z"}
{"log":"test 1\n","stream":"stdout","time":"2023-03-07T05:37:05.951424125Z"}
{"log":"/image/\n","stream":"stdout","time":"2023-03-07T05:37:06.240063571Z"}
{"log":"alluxio://136.145.77.107:19998/image/metadata.json\n","stream":"stdout","time":"2023-03-07T05:37:06.24010532Z"}
{"log":"{'file': '/results/results_c6780132-37a1-4086-8ed4-2de671c0f96f.json', 'status': 'Completed'} - \"/results/results_c6780132-37a1-4086-8ed4-2de671c0f96f.json\"\n","stream":"stdout","time":"2023-03-07T05:38:36.953278238Z"}
{"log":"{'file': '/results/results_2b9fa41c-4293-450d-b17b-7f1d24b7f9eb.json', 'status': 'Completed'} - \"/results/results_2b9fa41c-4293-450d-b17b-7f1d24b7f9eb.json\"\n","stream":"stdout","time":"2023-03-07T05:40:05.428745121Z"}
{"log":"{'file': '/results/results_467e56aa-e9ff-4442-8348-741660bb705e.json', 'status': 'Completed'} - \"/results/results_467e56aa-e9ff-4442-8348-741660bb705e.json\"\n","stream":"stdout","time":"2023-03-07T05:41:34.432844043Z"}
{"log":"{'file': '/results/results_b4ae9a73-3aaa-4a70-88dc-dbe23b3ab09b.json', 'status': 'Completed'} - \"/results/results_b4ae9a73-3aaa-4a70-88dc-dbe23b3ab09b.json\"\n","stream":"stdout","time":"2023-03-07T05:43:03.26365714Z"}
{"log":"{'file': '/results/results_155b51ce-54ff-4ab3-a2f9-5e33ce737878.json', 'status': 'Completed'} - \"/results/results_155b51ce-54ff-4ab3-a2f9-5e33ce737878.json\"\n","stream":"stdout","time":"2023-03-07T05:44:32.006398802Z"}
{"log":"{'file': '/results/results_a88dc9da-cb70-4f91-a2a9-fca26e83d39a.json', 'status': 'Completed'} - \"/results/results_a88dc9da-cb70-4f91-a2a9-fca26e83d39a.json\"\n","stream":"stdout","time":"2023-03-07T05:46:00.869271867Z"}
{"log":"{'file': '/results/results_aa6d2a25-4bbd-45e8-8cba-513f2a9e224f.json', 'status': 'Completed'} - \"/results/results_aa6d2a25-4bbd-45e8-8cba-513f2a9e224f.json\"\n","stream":"stdout","time":"2023-03-07T05:47:30.144728224Z"}
{"log":"{'file': '/results/results_ad225ff7-d61c-473e-a5ac-56b449be07ef.json', 'status': 'Completed'} - \"/results/results_ad225ff7-d61c-473e-a5ac-56b449be07ef.json\"\n","stream":"stdout","time":"2023-03-07T05:48:59.044553744Z"}
{"log":"{'file': '/results/results_934c234a-561b-42e6-8791-ac01f2069850.json', 'status': 'Completed'} - \"/results/results_934c234a-561b-42e6-8791-ac01f2069850.json\"\n","stream":"stdout","time":"2023-03-07T05:50:28.142207126Z"}
{"log":"{'file': '/results/results_6d4575f8-a516-47a7-a903-c81e5078e706.json', 'status': 'Completed'} - \"/results/results_6d4575f8-a516-47a7-a903-c81e5078e706.json\"\n","stream":"stdout","time":"2023-03-07T05:51:57.077160122Z"}
{"log":"{'file': '/results/results_b7ad98a7-2d6d-4e1b-a323-ed5e38aa84f2.json', 'status': 'Completed'} - \"/results/results_b7ad98a7-2d6d-4e1b-a323-ed5e38aa84f2.json\"\n","stream":"stdout","time":"2023-03-07T05:53:26.077290902Z"}
{"log":"{'file': '/results/results_bce88eba-8eb5-4253-b981-f1bbea125469.json', 'status': 'Completed'} - \"/results/results_bce88eba-8eb5-4253-b981-f1bbea125469.json\"\n","stream":"stdout","time":"2023-03-07T05:54:55.303351337Z"}
{"log":"{'file': '/results/results_20c45f38-f489-4321-9492-6a0b082acd3d.json', 'status': 'Completed'} - \"/results/results_20c45f38-f489-4321-9492-6a0b082acd3d.json\"\n","stream":"stdout","time":"2023-03-07T05:56:24.738969588Z"}
{"log":"{'file': '/results/results_e7e92255-22d4-4d1f-9c82-8e97b4671914.json', 'status': 'Completed'} - \"/results/results_e7e92255-22d4-4d1f-9c82-8e97b4671914.json\"\n","stream":"stdout","time":"2023-03-07T05:57:53.951455427Z"}
{"log":"{'file': '/results/results_1a67ecd9-164c-4469-b02d-e675b00c11e8.json', 'status': 'Completed'} - \"/results/results_1a67ecd9-164c-4469-b02d-e675b00c11e8.json\"\n","stream":"stdout","time":"2023-03-07T05:59:23.176857936Z"}
{"log":"{'file': '/results/results_7c7ee2a7-919f-4aaa-b9ee-a1f2e60c6332.json', 'status': 'Completed'} - \"/results/results_7c7ee2a7-919f-4aaa-b9ee-a1f2e60c6332.json\"\n","stream":"stdout","time":"2023-03-07T06:00:52.119472469Z"}
{"log":"{'file': '/results/results_0b0f0b09-5cf8-42ad-b6ce-4d34c8680172.json', 'status': 'Completed'} - \"/results/results_0b0f0b09-5cf8-42ad-b6ce-4d34c8680172.json\"\n","stream":"stdout","time":"2023-03-07T06:02:21.118079001Z"}
{"log":"{'file': '/results/results_3664fb6c-43a6-4c4b-97ed-612326413c13.json', 'status': 'Completed'} - \"/results/results_3664fb6c-43a6-4c4b-97ed-612326413c13.json\"\n","stream":"stdout","time":"2023-03-07T06:04:06.470417336Z"}
{"log":"{'file': '/results/results_b2510651-476a-4413-848e-5a245823695d.json', 'status': 'Completed'} - \"/results/results_b2510651-476a-4413-848e-5a245823695d.json\"\n","stream":"stdout","time":"2023-03-07T06:05:35.654522525Z"}
{"log":"{'file': '/results/results_7cbe94e1-896e-4064-873a-feb9c8e8abd2.json', 'status': 'Completed'} - \"/results/results_7cbe94e1-896e-4064-873a-feb9c8e8abd2.json\"\n","stream":"stdout","time":"2023-03-07T06:07:08.595193979Z"}
{"log":"{'file': '/results/results_9d16be88-974c-4c09-81e1-f60f5723de95.json', 'status': 'Completed'} - \"/results/results_9d16be88-974c-4c09-81e1-f60f5723de95.json\"\n","stream":"stdout","time":"2023-03-07T06:08:38.034107759Z"}
{"log":"{'file': '/results/results_d58a2792-861d-49e5-ae2e-c684eb802223.json', 'status': 'Completed'} - \"/results/results_d58a2792-861d-49e5-ae2e-c684eb802223.json\"\n","stream":"stdout","time":"2023-03-07T06:10:07.306718348Z"}
{"log":"{'file': '/results/results_104fb260-df03-4696-ac9f-1ba62e135578.json', 'status': 'Completed'} - \"/results/results_104fb260-df03-4696-ac9f-1ba62e135578.json\"\n","stream":"stdout","time":"2023-03-07T06:11:36.861064078Z"}
{"log":"{'file': '/results/results_3ea6c1e0-44e0-41f5-b857-d473b8f3b66d.json', 'status': 'Completed'} - \"/results/results_3ea6c1e0-44e0-41f5-b857-d473b8f3b66d.json\"\n","stream":"stdout","time":"2023-03-07T06:13:05.960940471Z"}
{"log":"{'file': '/results/results_1cf32990-ccb5-4827-81e2-d10d8939d39e.json', 'status': 'Completed'} - \"/results/results_1cf32990-ccb5-4827-81e2-d10d8939d39e.json\"\n","stream":"stdout","time":"2023-03-07T06:14:35.710098703Z"}
{"log":"{'file': '/results/results_4e4290d1-66ac-4ae4-93e4-7040eaec2079.json', 'status': 'Completed'} - \"/results/results_4e4290d1-66ac-4ae4-93e4-7040eaec2079.json\"\n","stream":"stdout","time":"2023-03-07T06:16:04.675477039Z"}
{"log":"{'file': '/results/results_3c3dab38-306b-4e9a-bdff-70083e66dee6.json', 'status': 'Completed'} - \"/results/results_3c3dab38-306b-4e9a-bdff-70083e66dee6.json\"\n","stream":"stdout","time":"2023-03-07T06:17:34.040348959Z"}
{"log":"{'file': '/results/results_6c0c35a6-2104-43de-9030-11e354eaba17.json', 'status': 'Completed'} - \"/results/results_6c0c35a6-2104-43de-9030-11e354eaba17.json\"\n","stream":"stdout","time":"2023-03-07T06:19:03.096732606Z"}
{"log":"{'file': '/results/results_24794f28-7293-4af1-844e-e528bf182c4e.json', 'status': 'Completed'} - \"/results/results_24794f28-7293-4af1-844e-e528bf182c4e.json\"\n","stream":"stdout","time":"2023-03-07T06:20:32.253648397Z"}
{"log":"{'file': '/results/results_67e69f66-4518-4995-b96b-9dbbcdcd2cd3.json', 'status': 'Completed'} - \"/results/results_67e69f66-4518-4995-b96b-9dbbcdcd2cd3.json\"\n","stream":"stdout","time":"2023-03-07T06:22:01.660188464Z"}
{"log":"{'file': '/results/results_0d6dfda7-9625-4b79-9d92-bb107dbf872d.json', 'status': 'Completed'} - \"/results/results_0d6dfda7-9625-4b79-9d92-bb107dbf872d.json\"\n","stream":"stdout","time":"2023-03-07T06:23:30.772420359Z"}
{"log":"{'file': '/results/results_40e9a128-d0f0-46ad-bcaf-41eb8dd54f15.json', 'status': 'Completed'} - \"/results/results_40e9a128-d0f0-46ad-bcaf-41eb8dd54f15.json\"\n","stream":"stdout","time":"2023-03-07T06:25:02.104230336Z"}
{"log":"{'file': '/results/results_2aa54496-77bb-4752-b83a-c681513edc16.json', 'status': 'Completed'} - \"/results/results_2aa54496-77bb-4752-b83a-c681513edc16.json\"\n","stream":"stdout","time":"2023-03-07T06:26:33.59558715Z"}
{"log":"{'file': '/results/results_97cdd833-71ed-4cb2-9066-87782bf8738f.json', 'status': 'Completed'} - \"/results/results_97cdd833-71ed-4cb2-9066-87782bf8738f.json\"\n","stream":"stdout","time":"2023-03-07T06:28:04.580192991Z"}
{"log":"{'file': '/results/results_170a3bd1-fd87-496a-a8dc-8564d8306494.json', 'status': 'Completed'} - \"/results/results_170a3bd1-fd87-496a-a8dc-8564d8306494.json\"\n","stream":"stdout","time":"2023-03-07T06:29:36.106318852Z"}
{"log":"{'file': '/results/results_e4d95f55-bb16-45d1-b009-1a7d1ee45d43.json', 'status': 'Completed'} - \"/results/results_e4d95f55-bb16-45d1-b009-1a7d1ee45d43.json\"\n","stream":"stdout","time":"2023-03-07T06:31:05.577197988Z"}
{"log":"{'file': '/results/results_352a9f3d-9194-4053-96da-b890497eaeb0.json', 'status': 'Completed'} - \"/results/results_352a9f3d-9194-4053-96da-b890497eaeb0.json\"\n","stream":"stdout","time":"2023-03-07T06:32:35.162408388Z"}
{"log":"{'file': '/results/results_e87b6149-ea82-49c9-9c56-a8e35f186f1f.json', 'status': 'Completed'} - \"/results/results_e87b6149-ea82-49c9-9c56-a8e35f186f1f.json\"\n","stream":"stdout","time":"2023-03-07T06:34:05.098505966Z"}
{"log":"{'file': '/results/results_2a1811d0-79f3-42cb-b4bf-a65968e7758f.json', 'status': 'Completed'} - \"/results/results_2a1811d0-79f3-42cb-b4bf-a65968e7758f.json\"\n","stream":"stdout","time":"2023-03-07T06:35:36.080702704Z"}
{"log":"{'file': '/results/results_b28c4957-c01a-429f-b917-0857b5e23695.json', 'status': 'Completed'} - \"/results/results_b28c4957-c01a-429f-b917-0857b5e23695.json\"\n","stream":"stdout","time":"2023-03-07T06:37:05.538203665Z"}
{"log":"{'file': '/results/results_fe1d41e5-5bcf-4c55-b216-ea44ec037464.json', 'status': 'Completed'} - \"/results/results_fe1d41e5-5bcf-4c55-b216-ea44ec037464.json\"\n","stream":"stdout","time":"2023-03-07T06:38:35.198730158Z"}
{"log":"{'file': '/results/results_99aee0c9-71c3-4cb7-9a4a-c9e96cda400f.json', 'status': 'Completed'} - \"/results/results_99aee0c9-71c3-4cb7-9a4a-c9e96cda400f.json\"\n","stream":"stdout","time":"2023-03-07T06:40:04.721096498Z"}
{"log":"{'file': '/results/results_9ab3af60-c885-450c-b62b-7d9f7308d096.json', 'status': 'Completed'} - \"/results/results_9ab3af60-c885-450c-b62b-7d9f7308d096.json\"\n","stream":"stdout","time":"2023-03-07T06:41:34.708089315Z"}
{"log":"{'file': '/results/results_47f01a12-0048-4bed-8e4b-ba5dfaa51b69.json', 'status': 'Completed'} - \"/results/results_47f01a12-0048-4bed-8e4b-ba5dfaa51b69.json\"\n","stream":"stdout","time":"2023-03-07T06:43:04.438821944Z"}
{"log":"{'file': '/results/results_a760b39a-41b6-4150-9b71-cf354574dded.json', 'status': 'Completed'} - \"/results/results_a760b39a-41b6-4150-9b71-cf354574dded.json\"\n","stream":"stdout","time":"2023-03-07T06:44:33.72676156Z"}
{"log":"{'file': '/results/results_5fc1d6e1-962f-4593-9134-9365b08062a7.json', 'status': 'Completed'} - \"/results/results_5fc1d6e1-962f-4593-9134-9365b08062a7.json\"\n","stream":"stdout","time":"2023-03-07T06:46:03.080109993Z"}
{"log":"{'file': '/results/results_9c22e38e-d54a-4439-8ae9-16bee3491c93.json', 'status': 'Completed'} - \"/results/results_9c22e38e-d54a-4439-8ae9-16bee3491c93.json\"\n","stream":"stdout","time":"2023-03-07T06:47:32.579400559Z"}
{"log":"{'file': '/results/results_8dfbb660-f5f7-4abf-98ff-b32a4581a6ec.json', 'status': 'Completed'} - \"/results/results_8dfbb660-f5f7-4abf-98ff-b32a4581a6ec.json\"\n","stream":"stdout","time":"2023-03-07T06:49:01.771119063Z"}
{"log":"{'file': '/results/results_97aef5b6-0e5b-4f6d-a09d-4f68ef6b1cd9.json', 'status': 'Completed'} - \"/results/results_97aef5b6-0e5b-4f6d-a09d-4f68ef6b1cd9.json\"\n","stream":"stdout","time":"2023-03-07T06:50:30.923781768Z"}
{"log":"{'file': '/results/results_779645a1-7e5b-4f6b-92e4-1898286d3ed0.json', 'status': 'Completed'} - \"/results/results_779645a1-7e5b-4f6b-92e4-1898286d3ed0.json\"\n","stream":"stdout","time":"2023-03-07T06:52:00.091022924Z"}
{"log":"{'file': '/results/results_f93544e5-cfe8-4861-b9a3-35b7cf6ea051.json', 'status': 'Completed'} - \"/results/results_f93544e5-cfe8-4861-b9a3-35b7cf6ea051.json\"\n","stream":"stdout","time":"2023-03-07T06:53:29.736826435Z"}
{"log":"{'file': '/results/results_687676d4-f67e-4e7a-b1bb-2c9f364cae62.json', 'status': 'Completed'} - \"/results/results_687676d4-f67e-4e7a-b1bb-2c9f364cae62.json\"\n","stream":"stdout","time":"2023-03-07T06:54:59.32748856Z"}
{"log":"{'file': '/results/results_ac0736a8-de29-4282-b3ee-67be7a3b3df8.json', 'status': 'Completed'} - \"/results/results_ac0736a8-de29-4282-b3ee-67be7a3b3df8.json\"\n","stream":"stdout","time":"2023-03-07T06:56:28.602791655Z"}
{"log":"{'file': '/results/results_12c7db92-9e2d-4a82-b88c-2dd52255ff6f.json', 'status': 'Completed'} - \"/results/results_12c7db92-9e2d-4a82-b88c-2dd52255ff6f.json\"\n","stream":"stdout","time":"2023-03-07T06:57:58.11835793Z"}
{"log":"{'file': '/results/results_db3e7459-642b-481a-a955-77aa3e9a9d9c.json', 'status': 'Completed'} - \"/results/results_db3e7459-642b-481a-a955-77aa3e9a9d9c.json\"\n","stream":"stdout","time":"2023-03-07T06:59:26.795597386Z"}
{"log":"{'file': '/results/results_a414288f-96cf-4e39-983a-df1bebbd90e9.json', 'status': 'Completed'} - \"/results/results_a414288f-96cf-4e39-983a-df1bebbd90e9.json\"\n","stream":"stdout","time":"2023-03-07T07:00:55.82361994Z"}
{"log":"{'file': '/results/results_2e7c39c0-2815-418b-9af6-b99d389052a0.json', 'status': 'Completed'} - \"/results/results_2e7c39c0-2815-418b-9af6-b99d389052a0.json\"\n","stream":"stdout","time":"2023-03-07T07:02:25.364239566Z"}
{"log":"{'file': '/results/results_06656e36-99fa-4cc9-b886-85a86755765f.json', 'status': 'Completed'} - \"/results/results_06656e36-99fa-4cc9-b886-85a86755765f.json\"\n","stream":"stdout","time":"2023-03-07T07:03:54.485244718Z"}
{"log":"{'file': '/results/results_c4a819d5-7882-4899-adc3-e0a248b99d6e.json', 'status': 'Completed'} - \"/results/results_c4a819d5-7882-4899-adc3-e0a248b99d6e.json\"\n","stream":"stdout","time":"2023-03-07T07:05:23.857393151Z"}
{"log":"{'file': '/results/results_6dcf78cd-ab5a-4dc5-9d0c-c66720fbdc5d.json', 'status': 'Completed'} - \"/results/results_6dcf78cd-ab5a-4dc5-9d0c-c66720fbdc5d.json\"\n","stream":"stdout","time":"2023-03-07T07:06:52.724322487Z"}
{"log":"{'file': '/results/results_1477fb66-e4a1-409a-8ac6-55f0c4bc45ae.json', 'status': 'Completed'} - \"/results/results_1477fb66-e4a1-409a-8ac6-55f0c4bc45ae.json\"\n","stream":"stdout","time":"2023-03-07T07:08:21.889458442Z"}
{"log":"{'file': '/results/results_799f4cf9-fc01-44de-9c27-a510d8236242.json', 'status': 'Completed'} - \"/results/results_799f4cf9-fc01-44de-9c27-a510d8236242.json\"\n","stream":"stdout","time":"2023-03-07T07:09:50.824009798Z"}
{"log":"{'file': '/results/results_e8dab3a3-a04a-4dbd-b929-5a1d356786f6.json', 'status': 'Completed'} - \"/results/results_e8dab3a3-a04a-4dbd-b929-5a1d356786f6.json\"\n","stream":"stdout","time":"2023-03-07T07:11:20.476182279Z"}
{"log":"{'file': '/results/results_685e273c-cc3a-4007-b9bb-73a71dc1c690.json', 'status': 'Completed'} - \"/results/results_685e273c-cc3a-4007-b9bb-73a71dc1c690.json\"\n","stream":"stdout","time":"2023-03-07T07:12:49.357821128Z"}
{"log":"{'file': '/results/results_7a14deb0-e336-41cf-bfaf-e8ce07a6ea5c.json', 'status': 'Completed'} - \"/results/results_7a14deb0-e336-41cf-bfaf-e8ce07a6ea5c.json\"\n","stream":"stdout","time":"2023-03-07T07:14:18.091300484Z"}
{"log":"{'file': '/results/results_8d1fdc85-d3ce-44b7-8d86-c12552e7320a.json', 'status': 'Completed'} - \"/results/results_8d1fdc85-d3ce-44b7-8d86-c12552e7320a.json\"\n","stream":"stdout","time":"2023-03-07T07:15:46.848125872Z"}
{"log":"{'file': '/results/results_97824878-f0a5-4514-8302-4d826593556b.json', 'status': 'Completed'} - \"/results/results_97824878-f0a5-4514-8302-4d826593556b.json\"\n","stream":"stdout","time":"2023-03-07T07:17:15.67274274Z"}
{"log":"{'file': '/results/results_4bab5a26-08b3-4cf3-a5c5-e81cf293385b.json', 'status': 'Completed'} - \"/results/results_4bab5a26-08b3-4cf3-a5c5-e81cf293385b.json\"\n","stream":"stdout","time":"2023-03-07T07:18:44.773191213Z"}
{"log":"{'file': '/results/results_c294f4bc-d258-4776-9fe9-feecbd7a5bb0.json', 'status': 'Completed'} - \"/results/results_c294f4bc-d258-4776-9fe9-feecbd7a5bb0.json\"\n","stream":"stdout","time":"2023-03-07T07:20:13.705343972Z"}
{"log":"{'file': '/results/results_6e6aa779-d4fa-4221-96de-49ad1024904b.json', 'status': 'Completed'} - \"/results/results_6e6aa779-d4fa-4221-96de-49ad1024904b.json\"\n","stream":"stdout","time":"2023-03-07T07:21:42.835011483Z"}
{"log":"{'file': '/results/results_1f65656e-7901-4be9-bb96-0262f3db74dd.json', 'status': 'Completed'} - \"/results/results_1f65656e-7901-4be9-bb96-0262f3db74dd.json\"\n","stream":"stdout","time":"2023-03-07T07:23:11.690697787Z"}
{"log":"{'file': '/results/results_2b32d30b-0c7a-41a9-9cd9-4cb6c90fbdeb.json', 'status': 'Completed'} - \"/results/results_2b32d30b-0c7a-41a9-9cd9-4cb6c90fbdeb.json\"\n","stream":"stdout","time":"2023-03-07T07:24:40.403163741Z"}
{"log":"{'file': '/results/results_08b55d4e-05c7-4c9d-becf-e7020b729c72.json', 'status': 'Completed'} - \"/results/results_08b55d4e-05c7-4c9d-becf-e7020b729c72.json\"\n","stream":"stdout","time":"2023-03-07T07:26:09.318930873Z"}
{"log":"{'file': '/results/results_6be3de41-1e8e-4e41-a451-48aa4bfeb1ba.json', 'status': 'Completed'} - \"/results/results_6be3de41-1e8e-4e41-a451-48aa4bfeb1ba.json\"\n","stream":"stdout","time":"2023-03-07T07:27:38.363733692Z"}
{"log":"{'file': '/results/results_ee0d6209-b2f4-488d-adca-3bc3858fb1ea.json', 'status': 'Completed'} - \"/results/results_ee0d6209-b2f4-488d-adca-3bc3858fb1ea.json\"\n","stream":"stdout","time":"2023-03-07T07:29:07.123248606Z"}
{"log":"{'file': '/results/results_3a1e0898-d76f-4772-9a6d-60284f76c9f3.json', 'status': 'Completed'} - \"/results/results_3a1e0898-d76f-4772-9a6d-60284f76c9f3.json\"\n","stream":"stdout","time":"2023-03-07T07:30:36.022346914Z"}
{"log":"{'file': '/results/results_ec280a53-ef33-4052-b401-1e50bcbc0a67.json', 'status': 'Completed'} - \"/results/results_ec280a53-ef33-4052-b401-1e50bcbc0a67.json\"\n","stream":"stdout","time":"2023-03-07T07:32:04.824477844Z"}
{"log":"{'file': '/results/results_bc564065-ddf4-4e87-8c4b-187861f3845a.json', 'status': 'Completed'} - \"/results/results_bc564065-ddf4-4e87-8c4b-187861f3845a.json\"\n","stream":"stdout","time":"2023-03-07T07:33:33.623234078Z"}
{"log":"{'file': '/results/results_a60730bb-f157-45ca-95da-f4b3eaef1016.json', 'status': 'Completed'} - \"/results/results_a60730bb-f157-45ca-95da-f4b3eaef1016.json\"\n","stream":"stdout","time":"2023-03-07T07:35:02.355598317Z"}
{"log":"{'file': '/results/results_b9cc2b66-f493-48a9-91d2-b25e98d8fc13.json', 'status': 'Completed'} - \"/results/results_b9cc2b66-f493-48a9-91d2-b25e98d8fc13.json\"\n","stream":"stdout","time":"2023-03-07T07:36:31.202364552Z"}
{"log":"{'file': '/results/results_0e53a6d0-8a60-4122-b022-ee1545e8d0bf.json', 'status': 'Completed'} - \"/results/results_0e53a6d0-8a60-4122-b022-ee1545e8d0bf.json\"\n","stream":"stdout","time":"2023-03-07T07:38:00.248047078Z"}
{"log":"{'file': '/results/results_48be0db5-2a55-42dd-9724-45737e89f2d8.json', 'status': 'Completed'} - \"/results/results_48be0db5-2a55-42dd-9724-45737e89f2d8.json\"\n","stream":"stdout","time":"2023-03-07T07:39:29.292725312Z"}
{"log":"{'file': '/results/results_4fa01263-181a-441a-a2ca-7f1535209a56.json', 'status': 'Completed'} - \"/results/results_4fa01263-181a-441a-a2ca-7f1535209a56.json\"\n","stream":"stdout","time":"2023-03-07T07:40:58.378170982Z"}
{"log":"{'file': '/results/results_c5bd4b83-5f82-48d4-aef3-2509463abfc1.json', 'status': 'Completed'} - \"/results/results_c5bd4b83-5f82-48d4-aef3-2509463abfc1.json\"\n","stream":"stdout","time":"2023-03-07T07:42:27.281454146Z"}
{"log":"{'file': '/results/results_85711b9c-92ad-4502-91be-f82555424bb1.json', 'status': 'Completed'} - \"/results/results_85711b9c-92ad-4502-91be-f82555424bb1.json\"\n","stream":"stdout","time":"2023-03-07T07:43:56.058080281Z"}
{"log":"{'file': '/results/results_974c61b4-075a-45a5-b560-0cc00177d64a.json', 'status': 'Completed'} - \"/results/results_974c61b4-075a-45a5-b560-0cc00177d64a.json\"\n","stream":"stdout","time":"2023-03-07T07:45:24.895214355Z"}
{"log":"{'file': '/results/results_ee53b7d7-ea74-4baf-9af1-eaaf498e69fe.json', 'status': 'Completed'} - \"/results/results_ee53b7d7-ea74-4baf-9af1-eaaf498e69fe.json\"\n","stream":"stdout","time":"2023-03-07T07:46:53.675134916Z"}
{"log":"{'file': '/results/results_ae0532b3-bc0d-4f37-8786-4b3ccef57a2f.json', 'status': 'Completed'} - \"/results/results_ae0532b3-bc0d-4f37-8786-4b3ccef57a2f.json\"\n","stream":"stdout","time":"2023-03-07T07:48:22.26226779Z"}
{"log":"{'file': '/results/results_44ec3d06-1d16-41db-bf11-6da23a7d99bf.json', 'status': 'Completed'} - \"/results/results_44ec3d06-1d16-41db-bf11-6da23a7d99bf.json\"\n","stream":"stdout","time":"2023-03-07T07:49:51.286436065Z"}
{"log":"{'file': '/results/results_4cc7f24e-9eb7-4b91-a4bb-9743e9ef7ecb.json', 'status': 'Completed'} - \"/results/results_4cc7f24e-9eb7-4b91-a4bb-9743e9ef7ecb.json\"\n","stream":"stdout","time":"2023-03-07T07:51:20.265668604Z"}
{"log":"{'file': '/results/results_616bc538-f4d9-4721-bf5a-d3f62188187a.json', 'status': 'Completed'} - \"/results/results_616bc538-f4d9-4721-bf5a-d3f62188187a.json\"\n","stream":"stdout","time":"2023-03-07T07:52:49.129349939Z"}
{"log":"{'file': '/results/results_7b8ac99f-75d1-4228-9c9c-ec22ff71b6e1.json', 'status': 'Completed'} - \"/results/results_7b8ac99f-75d1-4228-9c9c-ec22ff71b6e1.json\"\n","stream":"stdout","time":"2023-03-07T07:54:18.185525103Z"}
{"log":"{'file': '/results/results_702226d7-5400-4032-8ac0-c7fd70bb5d7e.json', 'status': 'Completed'} - \"/results/results_702226d7-5400-4032-8ac0-c7fd70bb5d7e.json\"\n","stream":"stdout","time":"2023-03-07T07:55:46.919995925Z"}
{"log":"{'file': '/results/results_f52f6b45-d741-4f4a-bcfe-7433fa7e3905.json', 'status': 'Completed'} - \"/results/results_f52f6b45-d741-4f4a-bcfe-7433fa7e3905.json\"\n","stream":"stdout","time":"2023-03-07T07:57:16.205645799Z"}
{"log":"{'file': '/results/results_e339fe66-4633-4369-8ffb-9b15a775e800.json', 'status': 'Completed'} - \"/results/results_e339fe66-4633-4369-8ffb-9b15a775e800.json\"\n","stream":"stdout","time":"2023-03-07T07:58:45.103076082Z"}
{"log":"{'file': '/results/results_020ac016-fda2-4285-bb8a-15b18f2669a3.json', 'status': 'Completed'} - \"/results/results_020ac016-fda2-4285-bb8a-15b18f2669a3.json\"\n","stream":"stdout","time":"2023-03-07T08:00:13.78382704Z"}
{"log":"{'file': '/results/results_fb8b9da9-5ede-47b3-8706-1f79883099c8.json', 'status': 'Completed'} - \"/results/results_fb8b9da9-5ede-47b3-8706-1f79883099c8.json\"\n","stream":"stdout","time":"2023-03-07T08:01:42.791647501Z"}
{"log":"{'file': '/results/results_54556a44-2301-463e-bc29-304108ce6a69.json', 'status': 'Completed'} - \"/results/results_54556a44-2301-463e-bc29-304108ce6a69.json\"\n","stream":"stdout","time":"2023-03-07T08:03:11.498232075Z"}
{"log":"{'file': '/results/results_1eccf21c-77ca-41f1-84b6-c6dea3331897.json', 'status': 'Completed'} - \"/results/results_1eccf21c-77ca-41f1-84b6-c6dea3331897.json\"\n","stream":"stdout","time":"2023-03-07T08:04:40.205653583Z"}
{"log":"{'file': '/results/results_a81cc51b-1a1f-4342-ac52-b6a30abde126.json', 'status': 'Completed'} - \"/results/results_a81cc51b-1a1f-4342-ac52-b6a30abde126.json\"\n","stream":"stdout","time":"2023-03-07T08:06:08.689633983Z"}
{"log":"{'file': '/results/results_792035a3-3c67-427a-a741-57fa0e3741f9.json', 'status': 'Completed'} - \"/results/results_792035a3-3c67-427a-a741-57fa0e3741f9.json\"\n","stream":"stdout","time":"2023-03-07T08:07:37.234994726Z"}
{"log":"{'file': '/results/results_f4e6f05b-5383-4b5c-8371-b727ba1614f3.json', 'status': 'Completed'} - \"/results/results_f4e6f05b-5383-4b5c-8371-b727ba1614f3.json\"\n","stream":"stdout","time":"2023-03-07T08:08:03.799049486Z"}
{"log":"TIME_LOG: RESPONSE TIME 1678167424291 1678176483798 9059507\n","stream":"stdout","time":"2023-03-07T08:08:03.806054841Z"}
{"log":"org.apache.calcite.sql.dialect.PostgresqlSqlDialect\n","stream":"stdout","time":"2023-03-07T08:27:49.052427641Z"}
{"log":"SELECT IMAGECLASSIFIER(`images`.`gender`)\n","stream":"stdout","time":"2023-03-07T08:27:49.068273364Z"}
{"log":"FROM `SCHEMA`.`SCHEMA`.`images` AS `images`\n","stream":"stdout","time":"2023-03-07T08:27:49.068310125Z"}
{"log":"WHERE `images`.`gender` = 0\n","stream":"stdout","time":"2023-03-07T08:27:49.068314606Z"}
{"log":"LogicalProject(EXPR$0=[imageClassifier($3)])\n","stream":"stdout","time":"2023-03-07T08:27:49.070447273Z"}
{"log":"  LogicalFilter(condition=[=($3, 0)])\n","stream":"stdout","time":"2023-03-07T08:27:49.070461536Z"}
{"log":"    JdbcTableScan(table=[[SCHEMA, SCHEMA, images]])\n","stream":"stdout","time":"2023-03-07T08:27:49.070465065Z"}
{"log":"\n","stream":"stdout","time":"2023-03-07T08:27:49.07046786Z"}
{"log":"EnumerableProject(EXPR$0=[imageClassifier($3)])\n","stream":"stdout","time":"2023-03-07T08:27:49.075886459Z"}
{"log":"  JdbcToEnumerableConverter\n","stream":"stdout","time":"2023-03-07T08:27:49.075923914Z"}
{"log":"    JdbcFilter(condition=[=($3, 0)])\n","stream":"stdout","time":"2023-03-07T08:27:49.075930036Z"}
{"log":"      JdbcTableScan(table=[[SCHEMA, SCHEMA, images]])\n","stream":"stdout","time":"2023-03-07T08:27:49.075934488Z"}
{"log":"\n","stream":"stdout","time":"2023-03-07T08:27:49.075938672Z"}
{"log":"test 1\n","stream":"stdout","time":"2023-03-07T08:27:49.075942845Z"}
{"log":"/image/\n","stream":"stdout","time":"2023-03-07T08:27:49.078581847Z"}
{"log":"alluxio://136.145.77.107:19998/image/metadata.json\n","stream":"stdout","time":"2023-03-07T08:27:49.078600588Z"}
{"log":"{'file': '/results/results_ddf509fb-c91f-47b8-9f9c-2a0d3dc6e8fb.json', 'status': 'Completed'} - \"/results/results_ddf509fb-c91f-47b8-9f9c-2a0d3dc6e8fb.json\"\n","stream":"stdout","time":"2023-03-07T08:29:18.136348103Z"}
{"log":"{'file': '/results/results_a2c0275e-9f9b-4639-ab93-9012afd12c72.json', 'status': 'Completed'} - \"/results/results_a2c0275e-9f9b-4639-ab93-9012afd12c72.json\"\n","stream":"stdout","time":"2023-03-07T08:30:46.835362364Z"}
{"log":"{'file': '/results/results_ee711168-4a4f-42c2-8319-8fc2ddfac1fc.json', 'status': 'Completed'} - \"/results/results_ee711168-4a4f-42c2-8319-8fc2ddfac1fc.json\"\n","stream":"stdout","time":"2023-03-07T08:32:15.654904971Z"}
{"log":"{'file': '/results/results_b470d43a-15bc-4907-8b9e-8597c3ef07db.json', 'status': 'Completed'} - \"/results/results_b470d43a-15bc-4907-8b9e-8597c3ef07db.json\"\n","stream":"stdout","time":"2023-03-07T08:33:44.180311327Z"}
{"log":"{'file': '/results/results_74f9d593-6fbd-40d5-b81d-c6fef602e0bf.json', 'status': 'Completed'} - \"/results/results_74f9d593-6fbd-40d5-b81d-c6fef602e0bf.json\"\n","stream":"stdout","time":"2023-03-07T08:35:12.754992867Z"}
{"log":"{'file': '/results/results_f9a62aaa-5148-4ac8-b1a4-edf50113a999.json', 'status': 'Completed'} - \"/results/results_f9a62aaa-5148-4ac8-b1a4-edf50113a999.json\"\n","stream":"stdout","time":"2023-03-07T08:36:41.681632172Z"}
{"log":"{'file': '/results/results_0896f316-8884-4bbc-95a4-41224ebfc41e.json', 'status': 'Completed'} - \"/results/results_0896f316-8884-4bbc-95a4-41224ebfc41e.json\"\n","stream":"stdout","time":"2023-03-07T08:38:10.098861053Z"}
{"log":"{'file': '/results/results_6a8d5188-bf30-44a8-83a4-dfe52d0e17d1.json', 'status': 'Completed'} - \"/results/results_6a8d5188-bf30-44a8-83a4-dfe52d0e17d1.json\"\n","stream":"stdout","time":"2023-03-07T08:39:38.906755743Z"}
{"log":"{'file': '/results/results_aff2b991-7b8e-4ca4-b972-f194e288066c.json', 'status': 'Completed'} - \"/results/results_aff2b991-7b8e-4ca4-b972-f194e288066c.json\"\n","stream":"stdout","time":"2023-03-07T08:41:07.317281101Z"}
{"log":"{'file': '/results/results_a24969c2-d345-41f3-87c4-de389e207c38.json', 'status': 'Completed'} - \"/results/results_a24969c2-d345-41f3-87c4-de389e207c38.json\"\n","stream":"stdout","time":"2023-03-07T08:42:35.877210081Z"}
{"log":"{'file': '/results/results_e168181b-b736-4f34-b9c8-eec26910df9b.json', 'status': 'Completed'} - \"/results/results_e168181b-b736-4f34-b9c8-eec26910df9b.json\"\n","stream":"stdout","time":"2023-03-07T08:44:04.529034737Z"}
{"log":"{'file': '/results/results_7acb75f1-df12-4fe9-bc6c-7972d13e1b24.json', 'status': 'Completed'} - \"/results/results_7acb75f1-df12-4fe9-bc6c-7972d13e1b24.json\"\n","stream":"stdout","time":"2023-03-07T08:45:33.098272673Z"}
{"log":"{'file': '/results/results_3464fd8f-6461-49df-a335-e2221e98b9c0.json', 'status': 'Completed'} - \"/results/results_3464fd8f-6461-49df-a335-e2221e98b9c0.json\"\n","stream":"stdout","time":"2023-03-07T08:47:01.402134322Z"}
{"log":"{'file': '/results/results_3fe359ff-f501-4c42-b8f2-3e3694cde4de.json', 'status': 'Completed'} - \"/results/results_3fe359ff-f501-4c42-b8f2-3e3694cde4de.json\"\n","stream":"stdout","time":"2023-03-07T08:48:29.991380559Z"}
{"log":"{'file': '/results/results_a20e08cb-6416-40d9-afff-b369d236c141.json', 'status': 'Completed'} - \"/results/results_a20e08cb-6416-40d9-afff-b369d236c141.json\"\n","stream":"stdout","time":"2023-03-07T08:49:58.649203482Z"}
{"log":"{'file': '/results/results_b1b73ed1-710a-417d-939b-3f9899e4887e.json', 'status': 'Completed'} - \"/results/results_b1b73ed1-710a-417d-939b-3f9899e4887e.json\"\n","stream":"stdout","time":"2023-03-07T08:51:27.727637328Z"}
{"log":"{'file': '/results/results_27f6592b-00f4-4a97-b4a0-8e2a627e1b2e.json', 'status': 'Completed'} - \"/results/results_27f6592b-00f4-4a97-b4a0-8e2a627e1b2e.json\"\n","stream":"stdout","time":"2023-03-07T08:52:56.242738832Z"}
{"log":"{'file': '/results/results_cec6cb7e-d6f8-41f6-a16e-0c6a6ae58f0e.json', 'status': 'Completed'} - \"/results/results_cec6cb7e-d6f8-41f6-a16e-0c6a6ae58f0e.json\"\n","stream":"stdout","time":"2023-03-07T08:54:25.139746776Z"}
{"log":"{'file': '/results/results_af4b6b01-62c9-4568-96f3-ed005ac7e083.json', 'status': 'Completed'} - \"/results/results_af4b6b01-62c9-4568-96f3-ed005ac7e083.json\"\n","stream":"stdout","time":"2023-03-07T08:55:54.285139281Z"}
{"log":"{'file': '/results/results_d36133e9-bd20-4374-a46f-7b79915f8c2e.json', 'status': 'Completed'} - \"/results/results_d36133e9-bd20-4374-a46f-7b79915f8c2e.json\"\n","stream":"stdout","time":"2023-03-07T08:57:23.6376308Z"}
{"log":"{'file': '/results/results_71218471-1b77-461d-b49b-2e0729510f9f.json', 'status': 'Completed'} - \"/results/results_71218471-1b77-461d-b49b-2e0729510f9f.json\"\n","stream":"stdout","time":"2023-03-07T08:58:52.680988354Z"}
{"log":"{'file': '/results/results_46a80380-37fe-4d84-a895-021b0694aa6f.json', 'status': 'Completed'} - \"/results/results_46a80380-37fe-4d84-a895-021b0694aa6f.json\"\n","stream":"stdout","time":"2023-03-07T09:00:21.429783341Z"}
{"log":"{'file': '/results/results_a45b44cc-e686-4eae-9270-3f2775629c50.json', 'status': 'Completed'} - \"/results/results_a45b44cc-e686-4eae-9270-3f2775629c50.json\"\n","stream":"stdout","time":"2023-03-07T09:01:50.444910482Z"}
{"log":"{'file': '/results/results_8ea58c4b-fc33-4b58-b9e8-ed12c3b83781.json', 'status': 'Completed'} - \"/results/results_8ea58c4b-fc33-4b58-b9e8-ed12c3b83781.json\"\n","stream":"stdout","time":"2023-03-07T09:03:19.726448314Z"}
{"log":"{'file': '/results/results_ae5922e0-dada-45b7-a960-a6776d4397b4.json', 'status': 'Completed'} - \"/results/results_ae5922e0-dada-45b7-a960-a6776d4397b4.json\"\n","stream":"stdout","time":"2023-03-07T09:04:48.812441597Z"}
{"log":"{'file': '/results/results_02035bca-529b-4e82-956b-c3845deca8d7.json', 'status': 'Completed'} - \"/results/results_02035bca-529b-4e82-956b-c3845deca8d7.json\"\n","stream":"stdout","time":"2023-03-07T09:06:17.576509277Z"}
{"log":"{'file': '/results/results_53262d2e-2969-4f5b-9029-a46e5836c393.json', 'status': 'Completed'} - \"/results/results_53262d2e-2969-4f5b-9029-a46e5836c393.json\"\n","stream":"stdout","time":"2023-03-07T09:07:46.340932053Z"}
{"log":"{'file': '/results/results_e62fd2bd-6f03-403d-b601-58c1240f7ee3.json', 'status': 'Completed'} - \"/results/results_e62fd2bd-6f03-403d-b601-58c1240f7ee3.json\"\n","stream":"stdout","time":"2023-03-07T09:09:14.850246133Z"}
{"log":"{'file': '/results/results_0868beba-5ab2-4880-ba6f-113295a17a88.json', 'status': 'Completed'} - \"/results/results_0868beba-5ab2-4880-ba6f-113295a17a88.json\"\n","stream":"stdout","time":"2023-03-07T09:10:44.107672469Z"}
{"log":"{'file': '/results/results_3ac72714-d730-4165-b28d-635d9fe973e1.json', 'status': 'Completed'} - \"/results/results_3ac72714-d730-4165-b28d-635d9fe973e1.json\"\n","stream":"stdout","time":"2023-03-07T09:12:12.796562305Z"}
{"log":"{'file': '/results/results_bc51a258-7f85-44fe-8cf4-c2b58b275aba.json', 'status': 'Completed'} - \"/results/results_bc51a258-7f85-44fe-8cf4-c2b58b275aba.json\"\n","stream":"stdout","time":"2023-03-07T09:13:41.800354195Z"}
{"log":"{'file': '/results/results_069cd6ec-2c92-4778-89df-624c37c67c12.json', 'status': 'Completed'} - \"/results/results_069cd6ec-2c92-4778-89df-624c37c67c12.json\"\n","stream":"stdout","time":"2023-03-07T09:15:10.283766828Z"}
{"log":"{'file': '/results/results_a4e21f89-37ee-441c-8669-f3d57a5d6776.json', 'status': 'Completed'} - \"/results/results_a4e21f89-37ee-441c-8669-f3d57a5d6776.json\"\n","stream":"stdout","time":"2023-03-07T09:16:39.203035286Z"}
{"log":"{'file': '/results/results_2a0c4df4-3198-4492-b495-d700b44fb890.json', 'status': 'Completed'} - \"/results/results_2a0c4df4-3198-4492-b495-d700b44fb890.json\"\n","stream":"stdout","time":"2023-03-07T09:18:07.639069119Z"}
{"log":"{'file': '/results/results_4f30046c-29ef-461b-994c-dfd9bba64fef.json', 'status': 'Completed'} - \"/results/results_4f30046c-29ef-461b-994c-dfd9bba64fef.json\"\n","stream":"stdout","time":"2023-03-07T09:19:36.557965905Z"}
{"log":"{'file': '/results/results_da97cdcc-37d8-4062-9905-55ed4dabf1a8.json', 'status': 'Completed'} - \"/results/results_da97cdcc-37d8-4062-9905-55ed4dabf1a8.json\"\n","stream":"stdout","time":"2023-03-07T09:21:05.712532753Z"}
{"log":"{'file': '/results/results_984ad3a3-d7ea-4adb-af91-ec3c25b50742.json', 'status': 'Completed'} - \"/results/results_984ad3a3-d7ea-4adb-af91-ec3c25b50742.json\"\n","stream":"stdout","time":"2023-03-07T09:22:34.723930359Z"}
{"log":"{'file': '/results/results_1b10ba8e-d49c-42e8-8bf5-e33697572752.json', 'status': 'Completed'} - \"/results/results_1b10ba8e-d49c-42e8-8bf5-e33697572752.json\"\n","stream":"stdout","time":"2023-03-07T09:24:03.651245349Z"}
{"log":"{'file': '/results/results_05941381-3c80-41b7-a802-156245012c1c.json', 'status': 'Completed'} - \"/results/results_05941381-3c80-41b7-a802-156245012c1c.json\"\n","stream":"stdout","time":"2023-03-07T09:25:32.773803678Z"}
{"log":"{'file': '/results/results_23673492-a55a-439b-ab53-e31fe5b3b7c2.json', 'status': 'Completed'} - \"/results/results_23673492-a55a-439b-ab53-e31fe5b3b7c2.json\"\n","stream":"stdout","time":"2023-03-07T09:27:02.019740893Z"}
{"log":"{'file': '/results/results_0dfb9784-34d6-4c00-b87d-4097c38d69ef.json', 'status': 'Completed'} - \"/results/results_0dfb9784-34d6-4c00-b87d-4097c38d69ef.json\"\n","stream":"stdout","time":"2023-03-07T09:28:31.050006893Z"}
{"log":"{'file': '/results/results_88eadb90-3d95-455a-b454-26e7f4c372ce.json', 'status': 'Completed'} - \"/results/results_88eadb90-3d95-455a-b454-26e7f4c372ce.json\"\n","stream":"stdout","time":"2023-03-07T09:29:59.881803989Z"}
{"log":"{'file': '/results/results_ae2e02a7-446e-410d-99af-bc755763cb5b.json', 'status': 'Completed'} - \"/results/results_ae2e02a7-446e-410d-99af-bc755763cb5b.json\"\n","stream":"stdout","time":"2023-03-07T09:31:28.625702155Z"}
{"log":"{'file': '/results/results_cbb0a7c0-71c7-4705-84c0-26f564b25f26.json', 'status': 'Completed'} - \"/results/results_cbb0a7c0-71c7-4705-84c0-26f564b25f26.json\"\n","stream":"stdout","time":"2023-03-07T09:32:57.155048557Z"}
{"log":"{'file': '/results/results_5e481b3c-19df-41cd-85f9-1346b82ba472.json', 'status': 'Completed'} - \"/results/results_5e481b3c-19df-41cd-85f9-1346b82ba472.json\"\n","stream":"stdout","time":"2023-03-07T09:34:26.020171484Z"}
{"log":"{'file': '/results/results_b6f00dfd-8006-4049-81e1-aba26c626b5a.json', 'status': 'Completed'} - \"/results/results_b6f00dfd-8006-4049-81e1-aba26c626b5a.json\"\n","stream":"stdout","time":"2023-03-07T09:35:54.542660502Z"}
{"log":"{'file': '/results/results_b7c12377-bd2a-4a03-bbfa-a3300ad650c3.json', 'status': 'Completed'} - \"/results/results_b7c12377-bd2a-4a03-bbfa-a3300ad650c3.json\"\n","stream":"stdout","time":"2023-03-07T09:37:23.692148929Z"}
{"log":"{'file': '/results/results_6a6361b5-ee77-464a-9d28-3acaed6c0703.json', 'status': 'Completed'} - \"/results/results_6a6361b5-ee77-464a-9d28-3acaed6c0703.json\"\n","stream":"stdout","time":"2023-03-07T09:38:52.421750425Z"}
{"log":"{'file': '/results/results_cbf4348c-92b2-488c-ba26-84043f58f2e3.json', 'status': 'Completed'} - \"/results/results_cbf4348c-92b2-488c-ba26-84043f58f2e3.json\"\n","stream":"stdout","time":"2023-03-07T09:40:21.318871549Z"}
{"log":"{'file': '/results/results_ebc1dcd7-dec8-4b3c-88df-ef6b1b1f68d3.json', 'status': 'Completed'} - \"/results/results_ebc1dcd7-dec8-4b3c-88df-ef6b1b1f68d3.json\"\n","stream":"stdout","time":"2023-03-07T09:41:49.882934923Z"}
{"log":"{'file': '/results/results_c6caf5b7-fe2d-4052-be4c-f10d9fcd76de.json', 'status': 'Completed'} - \"/results/results_c6caf5b7-fe2d-4052-be4c-f10d9fcd76de.json\"\n","stream":"stdout","time":"2023-03-07T09:43:18.91200947Z"}
{"log":"{'file': '/results/results_002954ac-8eab-4c0b-ac1f-51a9062377a9.json', 'status': 'Completed'} - \"/results/results_002954ac-8eab-4c0b-ac1f-51a9062377a9.json\"\n","stream":"stdout","time":"2023-03-07T09:44:47.594578566Z"}
{"log":"{'file': '/results/results_552e8e1c-d60f-4469-a3a7-eee3dda14b58.json', 'status': 'Completed'} - \"/results/results_552e8e1c-d60f-4469-a3a7-eee3dda14b58.json\"\n","stream":"stdout","time":"2023-03-07T09:46:16.192097769Z"}
{"log":"{'file': '/results/results_c65ce793-0ffc-4808-a01a-698dad2a1a0e.json', 'status': 'Completed'} - \"/results/results_c65ce793-0ffc-4808-a01a-698dad2a1a0e.json\"\n","stream":"stdout","time":"2023-03-07T09:47:45.740455334Z"}
{"log":"{'file': '/results/results_dd7535ae-2313-4dea-800d-e7c7a65ebec8.json', 'status': 'Completed'} - \"/results/results_dd7535ae-2313-4dea-800d-e7c7a65ebec8.json\"\n","stream":"stdout","time":"2023-03-07T09:49:14.616214553Z"}
{"log":"{'file': '/results/results_5b256669-bbc0-4e1b-8e69-421d83cedd79.json', 'status': 'Completed'} - \"/results/results_5b256669-bbc0-4e1b-8e69-421d83cedd79.json\"\n","stream":"stdout","time":"2023-03-07T09:50:43.392356527Z"}
{"log":"{'file': '/results/results_2093b0e9-3465-4ceb-94b0-bc806c05466c.json', 'status': 'Completed'} - \"/results/results_2093b0e9-3465-4ceb-94b0-bc806c05466c.json\"\n","stream":"stdout","time":"2023-03-07T09:52:12.088622688Z"}
{"log":"{'file': '/results/results_dc322528-85c5-4624-b65a-a85665587aec.json', 'status': 'Completed'} - \"/results/results_dc322528-85c5-4624-b65a-a85665587aec.json\"\n","stream":"stdout","time":"2023-03-07T09:53:41.050266006Z"}
{"log":"{'file': '/results/results_18aed8cc-2376-4001-8436-060128acab72.json', 'status': 'Completed'} - \"/results/results_18aed8cc-2376-4001-8436-060128acab72.json\"\n","stream":"stdout","time":"2023-03-07T09:55:09.732843794Z"}
{"log":"{'file': '/results/results_88faf911-26fb-44fd-ba2d-443d29c1bc8e.json', 'status': 'Completed'} - \"/results/results_88faf911-26fb-44fd-ba2d-443d29c1bc8e.json\"\n","stream":"stdout","time":"2023-03-07T09:56:38.541227288Z"}
{"log":"{'file': '/results/results_eeb6ab2d-0e7d-468f-9019-592a2e746e97.json', 'status': 'Completed'} - \"/results/results_eeb6ab2d-0e7d-468f-9019-592a2e746e97.json\"\n","stream":"stdout","time":"2023-03-07T09:58:07.217565037Z"}
{"log":"{'file': '/results/results_0a419cda-489d-4ad4-9ad4-7f873d57319b.json', 'status': 'Completed'} - \"/results/results_0a419cda-489d-4ad4-9ad4-7f873d57319b.json\"\n","stream":"stdout","time":"2023-03-07T09:59:36.17123797Z"}
{"log":"{'file': '/results/results_69a0db7e-a60b-4c5f-815e-bc94b07d69a5.json', 'status': 'Completed'} - \"/results/results_69a0db7e-a60b-4c5f-815e-bc94b07d69a5.json\"\n","stream":"stdout","time":"2023-03-07T10:01:04.858861839Z"}
{"log":"{'file': '/results/results_2c3943be-a3a0-442a-9eaf-e20f9305d619.json', 'status': 'Completed'} - \"/results/results_2c3943be-a3a0-442a-9eaf-e20f9305d619.json\"\n","stream":"stdout","time":"2023-03-07T10:02:33.63395003Z"}
{"log":"{'file': '/results/results_a59f2ae6-4018-4461-8e36-73391a199dbb.json', 'status': 'Completed'} - \"/results/results_a59f2ae6-4018-4461-8e36-73391a199dbb.json\"\n","stream":"stdout","time":"2023-03-07T10:04:02.09854052Z"}
{"log":"{'file': '/results/results_95beeef8-0efe-496d-b7a4-52f632132d76.json', 'status': 'Completed'} - \"/results/results_95beeef8-0efe-496d-b7a4-52f632132d76.json\"\n","stream":"stdout","time":"2023-03-07T10:05:30.536364278Z"}
{"log":"{'file': '/results/results_77d3e511-bf4f-4b6f-aa10-a647ed7bd203.json', 'status': 'Completed'} - \"/results/results_77d3e511-bf4f-4b6f-aa10-a647ed7bd203.json\"\n","stream":"stdout","time":"2023-03-07T10:06:58.789906368Z"}
{"log":"{'file': '/results/results_2050a8b9-9516-40cd-a0b9-50e175185e1f.json', 'status': 'Completed'} - \"/results/results_2050a8b9-9516-40cd-a0b9-50e175185e1f.json\"\n","stream":"stdout","time":"2023-03-07T10:08:27.070035643Z"}
{"log":"{'file': '/results/results_6937632b-c360-41c6-ad08-006801bd9345.json', 'status': 'Completed'} - \"/results/results_6937632b-c360-41c6-ad08-006801bd9345.json\"\n","stream":"stdout","time":"2023-03-07T10:09:55.472915579Z"}
{"log":"{'file': '/results/results_efb4cc85-fdf1-41b6-a2d5-797a0dd65dee.json', 'status': 'Completed'} - \"/results/results_efb4cc85-fdf1-41b6-a2d5-797a0dd65dee.json\"\n","stream":"stdout","time":"2023-03-07T10:11:23.916938521Z"}
{"log":"{'file': '/results/results_8b0a861a-2106-4211-88f5-2a327bb5fb03.json', 'status': 'Completed'} - \"/results/results_8b0a861a-2106-4211-88f5-2a327bb5fb03.json\"\n","stream":"stdout","time":"2023-03-07T10:12:52.469950271Z"}
{"log":"{'file': '/results/results_d6abd42a-3f60-4fe1-ab1f-73f24dd509d9.json', 'status': 'Completed'} - \"/results/results_d6abd42a-3f60-4fe1-ab1f-73f24dd509d9.json\"\n","stream":"stdout","time":"2023-03-07T10:14:21.076274511Z"}
{"log":"{'file': '/results/results_c4fedecf-d9e7-4cd0-bbd7-8d3e2a36f402.json', 'status': 'Completed'} - \"/results/results_c4fedecf-d9e7-4cd0-bbd7-8d3e2a36f402.json\"\n","stream":"stdout","time":"2023-03-07T10:15:49.332878498Z"}
{"log":"{'file': '/results/results_d508d3b1-cd9d-448b-9427-615e3237483c.json', 'status': 'Completed'} - \"/results/results_d508d3b1-cd9d-448b-9427-615e3237483c.json\"\n","stream":"stdout","time":"2023-03-07T10:17:17.628519958Z"}
{"log":"{'file': '/results/results_9a21cafe-30c5-49c2-ac85-3b5ac2198b09.json', 'status': 'Completed'} - \"/results/results_9a21cafe-30c5-49c2-ac85-3b5ac2198b09.json\"\n","stream":"stdout","time":"2023-03-07T10:18:45.906369604Z"}
{"log":"{'file': '/results/results_3b5e1180-6448-42d2-9dd8-f9db99d9b6e1.json', 'status': 'Completed'} - \"/results/results_3b5e1180-6448-42d2-9dd8-f9db99d9b6e1.json\"\n","stream":"stdout","time":"2023-03-07T10:20:14.391326744Z"}
{"log":"{'file': '/results/results_0c503eba-2f1c-40af-b9a0-3c2fce2c1867.json', 'status': 'Completed'} - \"/results/results_0c503eba-2f1c-40af-b9a0-3c2fce2c1867.json\"\n","stream":"stdout","time":"2023-03-07T10:21:42.933010694Z"}
{"log":"{'file': '/results/results_8afb1c64-cdd4-48a3-80c2-3f9954db6190.json', 'status': 'Completed'} - \"/results/results_8afb1c64-cdd4-48a3-80c2-3f9954db6190.json\"\n","stream":"stdout","time":"2023-03-07T10:23:11.254737734Z"}
{"log":"{'file': '/results/results_7e7bc747-8767-4b84-b9f5-d1009a5d11a4.json', 'status': 'Completed'} - \"/results/results_7e7bc747-8767-4b84-b9f5-d1009a5d11a4.json\"\n","stream":"stdout","time":"2023-03-07T10:24:39.752135728Z"}
{"log":"{'file': '/results/results_418e456f-e91f-4d9b-8e60-b4337fb1f816.json', 'status': 'Completed'} - \"/results/results_418e456f-e91f-4d9b-8e60-b4337fb1f816.json\"\n","stream":"stdout","time":"2023-03-07T10:26:07.928623159Z"}
{"log":"{'file': '/results/results_68e62f7d-3cca-4ed5-9d73-92b8b38aaeff.json', 'status': 'Completed'} - \"/results/results_68e62f7d-3cca-4ed5-9d73-92b8b38aaeff.json\"\n","stream":"stdout","time":"2023-03-07T10:27:36.074694386Z"}
{"log":"{'file': '/results/results_a0ba8496-6ae2-4ab5-aeb9-ee9be3cd640d.json', 'status': 'Completed'} - \"/results/results_a0ba8496-6ae2-4ab5-aeb9-ee9be3cd640d.json\"\n","stream":"stdout","time":"2023-03-07T10:29:04.470604761Z"}
{"log":"{'file': '/results/results_3a062a93-5ac4-478d-8fe5-133d3318c2c8.json', 'status': 'Completed'} - \"/results/results_3a062a93-5ac4-478d-8fe5-133d3318c2c8.json\"\n","stream":"stdout","time":"2023-03-07T10:30:33.197749571Z"}
{"log":"{'file': '/results/results_25cb103c-b739-4aa6-bafb-37d4bb60a83f.json', 'status': 'Completed'} - \"/results/results_25cb103c-b739-4aa6-bafb-37d4bb60a83f.json\"\n","stream":"stdout","time":"2023-03-07T10:32:01.504858767Z"}
{"log":"{'file': '/results/results_f166d4fd-f8f9-4703-8427-e706c8e3c90f.json', 'status': 'Completed'} - \"/results/results_f166d4fd-f8f9-4703-8427-e706c8e3c90f.json\"\n","stream":"stdout","time":"2023-03-07T10:33:29.839158089Z"}
{"log":"{'file': '/results/results_f1de22ca-6623-4e82-b276-d84202a65cc4.json', 'status': 'Completed'} - \"/results/results_f1de22ca-6623-4e82-b276-d84202a65cc4.json\"\n","stream":"stdout","time":"2023-03-07T10:34:58.107309386Z"}
{"log":"{'file': '/results/results_55fc0d05-2dd3-4980-bea4-ae811ebace8a.json', 'status': 'Completed'} - \"/results/results_55fc0d05-2dd3-4980-bea4-ae811ebace8a.json\"\n","stream":"stdout","time":"2023-03-07T10:36:26.572216362Z"}
{"log":"{'file': '/results/results_ea6769d2-cd5e-42a8-8521-da3203a78747.json', 'status': 'Completed'} - \"/results/results_ea6769d2-cd5e-42a8-8521-da3203a78747.json\"\n","stream":"stdout","time":"2023-03-07T10:37:55.017549284Z"}
{"log":"{'file': '/results/results_88f8027d-4e8c-4263-9ea0-c59c1e0324f2.json', 'status': 'Completed'} - \"/results/results_88f8027d-4e8c-4263-9ea0-c59c1e0324f2.json\"\n","stream":"stdout","time":"2023-03-07T10:39:23.661246233Z"}
{"log":"{'file': '/results/results_e7c3f927-c972-4b03-9d8c-769ccdd7471f.json', 'status': 'Completed'} - \"/results/results_e7c3f927-c972-4b03-9d8c-769ccdd7471f.json\"\n","stream":"stdout","time":"2023-03-07T10:40:51.909246805Z"}
{"log":"{'file': '/results/results_d5a005a9-d483-4ada-9ff7-979d543a6612.json', 'status': 'Completed'} - \"/results/results_d5a005a9-d483-4ada-9ff7-979d543a6612.json\"\n","stream":"stdout","time":"2023-03-07T10:42:20.517826714Z"}
{"log":"{'file': '/results/results_553777ab-365e-4693-8c69-b4453367fed4.json', 'status': 'Completed'} - \"/results/results_553777ab-365e-4693-8c69-b4453367fed4.json\"\n","stream":"stdout","time":"2023-03-07T10:43:49.058406975Z"}
{"log":"{'file': '/results/results_5bef2be5-30f7-49f6-9fee-6248e5272f57.json', 'status': 'Completed'} - \"/results/results_5bef2be5-30f7-49f6-9fee-6248e5272f57.json\"\n","stream":"stdout","time":"2023-03-07T10:45:17.519130403Z"}
{"log":"{'file': '/results/results_fdf3a3bf-fe97-4fc0-8b96-d50e39e94bdf.json', 'status': 'Completed'} - \"/results/results_fdf3a3bf-fe97-4fc0-8b96-d50e39e94bdf.json\"\n","stream":"stdout","time":"2023-03-07T10:46:45.925524826Z"}
{"log":"{'file': '/results/results_b220f076-5467-462b-99e6-f0bfd953976b.json', 'status': 'Completed'} - \"/results/results_b220f076-5467-462b-99e6-f0bfd953976b.json\"\n","stream":"stdout","time":"2023-03-07T10:48:14.32957761Z"}
{"log":"{'file': '/results/results_9d448981-f856-4bf7-bbd7-8d3fd8fd2036.json', 'status': 'Completed'} - \"/results/results_9d448981-f856-4bf7-bbd7-8d3fd8fd2036.json\"\n","stream":"stdout","time":"2023-03-07T10:49:42.865140066Z"}
{"log":"{'file': '/results/results_171d57d7-6657-4527-bfaa-8854e0a6fbe5.json', 'status': 'Completed'} - \"/results/results_171d57d7-6657-4527-bfaa-8854e0a6fbe5.json\"\n","stream":"stdout","time":"2023-03-07T10:51:11.148051918Z"}
{"log":"{'file': '/results/results_6bf4b6c8-6d39-4037-a36b-388359c1db26.json', 'status': 'Completed'} - \"/results/results_6bf4b6c8-6d39-4037-a36b-388359c1db26.json\"\n","stream":"stdout","time":"2023-03-07T10:52:39.736513346Z"}
{"log":"{'file': '/results/results_e71bcb7d-b279-4e88-a5a4-8eb4ce522278.json', 'status': 'Completed'} - \"/results/results_e71bcb7d-b279-4e88-a5a4-8eb4ce522278.json\"\n","stream":"stdout","time":"2023-03-07T10:54:08.255933638Z"}
{"log":"{'file': '/results/results_48912f4a-5c61-4fc3-a8a3-64148a112138.json', 'status': 'Completed'} - \"/results/results_48912f4a-5c61-4fc3-a8a3-64148a112138.json\"\n","stream":"stdout","time":"2023-03-07T10:55:36.881621248Z"}
{"log":"{'file': '/results/results_9f68bd0c-d055-49da-a040-4a9786df4934.json', 'status': 'Completed'} - \"/results/results_9f68bd0c-d055-49da-a040-4a9786df4934.json\"\n","stream":"stdout","time":"2023-03-07T10:57:05.548087008Z"}
{"log":"{'file': '/results/results_26ba59ad-e6c9-44e1-a40a-fa0aef377c8b.json', 'status': 'Completed'} - \"/results/results_26ba59ad-e6c9-44e1-a40a-fa0aef377c8b.json\"\n","stream":"stdout","time":"2023-03-07T10:57:32.362196409Z"}
{"log":"TIME_LOG: RESPONSE TIME 1678177669050 1678186652362 8983312\n","stream":"stdout","time":"2023-03-07T10:57:32.362229326Z"}
{"log":"org.apache.calcite.sql.dialect.PostgresqlSqlDialect\n","stream":"stdout","time":"2023-03-07T14:49:45.512961399Z"}
{"log":"SELECT IMAGECLASSIFIER(`images`.`gender`)\n","stream":"stdout","time":"2023-03-07T14:49:45.523920544Z"}
{"log":"FROM `SCHEMA`.`SCHEMA`.`images` AS `images`\n","stream":"stdout","time":"2023-03-07T14:49:45.523937947Z"}
{"log":"WHERE `images`.`gender` = 0\n","stream":"stdout","time":"2023-03-07T14:49:45.523941311Z"}
{"log":"LogicalProject(EXPR$0=[imageClassifier($3)])\n","stream":"stdout","time":"2023-03-07T14:49:45.526066342Z"}
{"log":"  LogicalFilter(condition=[=($3, 0)])\n","stream":"stdout","time":"2023-03-07T14:49:45.526089212Z"}
{"log":"    JdbcTableScan(table=[[SCHEMA, SCHEMA, images]])\n","stream":"stdout","time":"2023-03-07T14:49:45.526093401Z"}
{"log":"\n","stream":"stdout","time":"2023-03-07T14:49:45.526096211Z"}
{"log":"EnumerableProject(EXPR$0=[imageClassifier($3)])\n","stream":"stdout","time":"2023-03-07T14:49:45.531548019Z"}
{"log":"  JdbcToEnumerableConverter\n","stream":"stdout","time":"2023-03-07T14:49:45.531567312Z"}
{"log":"    JdbcFilter(condition=[=($3, 0)])\n","stream":"stdout","time":"2023-03-07T14:49:45.531572955Z"}
{"log":"      JdbcTableScan(table=[[SCHEMA, SCHEMA, images]])\n","stream":"stdout","time":"2023-03-07T14:49:45.531584037Z"}
{"log":"\n","stream":"stdout","time":"2023-03-07T14:49:45.531589594Z"}
{"log":"test 1\n","stream":"stdout","time":"2023-03-07T14:49:45.531594078Z"}
{"log":"/image/\n","stream":"stdout","time":"2023-03-07T14:49:45.534287863Z"}
{"log":"alluxio://136.145.77.107:19998/image/metadata.json\n","stream":"stdout","time":"2023-03-07T14:49:45.534305559Z"}
{"log":"{'file': '/results/results_efde04f3-9ec0-4651-8e7f-c983263a1a8a.json', 'status': 'Completed'} - \"/results/results_efde04f3-9ec0-4651-8e7f-c983263a1a8a.json\"\n","stream":"stdout","time":"2023-03-07T14:51:14.62763155Z"}
{"log":"{'file': '/results/results_d8007440-f08a-487c-bd48-03014cde3257.json', 'status': 'Completed'} - \"/results/results_d8007440-f08a-487c-bd48-03014cde3257.json\"\n","stream":"stdout","time":"2023-03-07T14:52:43.589014176Z"}
{"log":"{'file': '/results/results_e96ab82c-01ef-4a14-90b9-79cfdbf94696.json', 'status': 'Completed'} - \"/results/results_e96ab82c-01ef-4a14-90b9-79cfdbf94696.json\"\n","stream":"stdout","time":"2023-03-07T14:54:12.053942331Z"}
{"log":"{'file': '/results/results_5f7c3c73-601a-4082-a930-ffa7ff350621.json', 'status': 'Completed'} - \"/results/results_5f7c3c73-601a-4082-a930-ffa7ff350621.json\"\n","stream":"stdout","time":"2023-03-07T14:55:40.553461617Z"}
{"log":"{'file': '/results/results_733209e6-9198-47dd-8fb4-a887b7372b44.json', 'status': 'Completed'} - \"/results/results_733209e6-9198-47dd-8fb4-a887b7372b44.json\"\n","stream":"stdout","time":"2023-03-07T14:57:08.790250442Z"}
{"log":"{'file': '/results/results_0191d6bd-deca-46aa-82e2-a744da294151.json', 'status': 'Completed'} - \"/results/results_0191d6bd-deca-46aa-82e2-a744da294151.json\"\n","stream":"stdout","time":"2023-03-07T14:58:37.464337218Z"}
{"log":"{'file': '/results/results_0cf97be3-46fa-4aa7-a16f-d355f6b74e2e.json', 'status': 'Completed'} - \"/results/results_0cf97be3-46fa-4aa7-a16f-d355f6b74e2e.json\"\n","stream":"stdout","time":"2023-03-07T15:00:05.918142615Z"}
{"log":"{'file': '/results/results_f47230c9-d556-463c-ae9f-4b1a7ac5e7af.json', 'status': 'Completed'} - \"/results/results_f47230c9-d556-463c-ae9f-4b1a7ac5e7af.json\"\n","stream":"stdout","time":"2023-03-07T15:01:34.800015387Z"}
{"log":"{'file': '/results/results_8e5c820d-3429-4b5f-8de9-794085bbf8b6.json', 'status': 'Completed'} - \"/results/results_8e5c820d-3429-4b5f-8de9-794085bbf8b6.json\"\n","stream":"stdout","time":"2023-03-07T15:03:03.10671861Z"}
{"log":"{'file': '/results/results_38f41aca-dadf-40cb-8c7e-e01762b434d9.json', 'status': 'Completed'} - \"/results/results_38f41aca-dadf-40cb-8c7e-e01762b434d9.json\"\n","stream":"stdout","time":"2023-03-07T15:04:31.690638257Z"}
{"log":"{'file': '/results/results_68e08bfd-d75b-463a-b8e8-89be970ae954.json', 'status': 'Completed'} - \"/results/results_68e08bfd-d75b-463a-b8e8-89be970ae954.json\"\n","stream":"stdout","time":"2023-03-07T15:06:00.527328834Z"}
{"log":"{'file': '/results/results_d79054a4-bded-402f-bc0b-778b558c6ec4.json', 'status': 'Completed'} - \"/results/results_d79054a4-bded-402f-bc0b-778b558c6ec4.json\"\n","stream":"stdout","time":"2023-03-07T15:07:29.13542985Z"}
{"log":"{'file': '/results/results_b1889fb1-f10e-472e-9647-b00325b4aee3.json', 'status': 'Completed'} - \"/results/results_b1889fb1-f10e-472e-9647-b00325b4aee3.json\"\n","stream":"stdout","time":"2023-03-07T15:08:57.92703766Z"}
{"log":"{'file': '/results/results_c8844e7e-baf7-4a0a-96c8-1c336395e013.json', 'status': 'Completed'} - \"/results/results_c8844e7e-baf7-4a0a-96c8-1c336395e013.json\"\n","stream":"stdout","time":"2023-03-07T15:10:26.567444326Z"}
{"log":"{'file': '/results/results_003c6c3b-40b8-4f3a-87ba-06b5a533160e.json', 'status': 'Completed'} - \"/results/results_003c6c3b-40b8-4f3a-87ba-06b5a533160e.json\"\n","stream":"stdout","time":"2023-03-07T15:11:54.842263937Z"}
{"log":"{'file': '/results/results_eb8426b3-ddc0-4404-b7a6-463c608fcf7c.json', 'status': 'Completed'} - \"/results/results_eb8426b3-ddc0-4404-b7a6-463c608fcf7c.json\"\n","stream":"stdout","time":"2023-03-07T15:13:23.34847308Z"}
{"log":"{'file': '/results/results_75b4217c-de0d-4a70-a0eb-6fecd047a287.json', 'status': 'Completed'} - \"/results/results_75b4217c-de0d-4a70-a0eb-6fecd047a287.json\"\n","stream":"stdout","time":"2023-03-07T15:14:51.810773842Z"}
{"log":"{'file': '/results/results_f1495a7b-9afd-4367-825a-e9a96e6cc675.json', 'status': 'Completed'} - \"/results/results_f1495a7b-9afd-4367-825a-e9a96e6cc675.json\"\n","stream":"stdout","time":"2023-03-07T15:16:20.041801433Z"}
{"log":"{'file': '/results/results_5fcec101-b8ce-4cb3-afb3-1555eefb9cec.json', 'status': 'Completed'} - \"/results/results_5fcec101-b8ce-4cb3-afb3-1555eefb9cec.json\"\n","stream":"stdout","time":"2023-03-07T15:17:48.518090998Z"}
{"log":"{'file': '/results/results_a3a6e2dc-a5b8-406d-8386-0707c26e4891.json', 'status': 'Completed'} - \"/results/results_a3a6e2dc-a5b8-406d-8386-0707c26e4891.json\"\n","stream":"stdout","time":"2023-03-07T15:19:17.032034454Z"}
{"log":"{'file': '/results/results_85da5f3e-cd75-40d0-a27a-1a7204fa67b3.json', 'status': 'Completed'} - \"/results/results_85da5f3e-cd75-40d0-a27a-1a7204fa67b3.json\"\n","stream":"stdout","time":"2023-03-07T15:20:45.56143595Z"}
{"log":"{'file': '/results/results_5badb588-b6aa-41d1-997a-5fb16ca8eaee.json', 'status': 'Completed'} - \"/results/results_5badb588-b6aa-41d1-997a-5fb16ca8eaee.json\"\n","stream":"stdout","time":"2023-03-07T15:22:13.78216376Z"}
{"log":"{'file': '/results/results_354ded97-8bbf-449e-a47c-cfcf021688a6.json', 'status': 'Completed'} - \"/results/results_354ded97-8bbf-449e-a47c-cfcf021688a6.json\"\n","stream":"stdout","time":"2023-03-07T15:23:42.144494149Z"}
{"log":"{'file': '/results/results_a13b097d-bf44-4a74-8cd1-414aca6c8f72.json', 'status': 'Completed'} - \"/results/results_a13b097d-bf44-4a74-8cd1-414aca6c8f72.json\"\n","stream":"stdout","time":"2023-03-07T15:25:10.460273878Z"}
{"log":"{'file': '/results/results_709c81fb-7458-4798-9625-9f0637a12b91.json', 'status': 'Completed'} - \"/results/results_709c81fb-7458-4798-9625-9f0637a12b91.json\"\n","stream":"stdout","time":"2023-03-07T15:26:40.000839561Z"}
{"log":"{'file': '/results/results_2f0cb393-11b6-4489-b1a3-4b557fd343d3.json', 'status': 'Completed'} - \"/results/results_2f0cb393-11b6-4489-b1a3-4b557fd343d3.json\"\n","stream":"stdout","time":"2023-03-07T15:28:08.752288668Z"}
{"log":"{'file': '/results/results_eb48bbaf-16c0-4f45-9e72-38acc2a90e2c.json', 'status': 'Completed'} - \"/results/results_eb48bbaf-16c0-4f45-9e72-38acc2a90e2c.json\"\n","stream":"stdout","time":"2023-03-07T15:29:37.401020164Z"}
{"log":"{'file': '/results/results_8835ffd7-0903-4b21-8837-9404b21a5c47.json', 'status': 'Completed'} - \"/results/results_8835ffd7-0903-4b21-8837-9404b21a5c47.json\"\n","stream":"stdout","time":"2023-03-07T15:31:05.980345079Z"}
{"log":"{'file': '/results/results_3dda0655-b728-4f98-aa98-8432caa1071c.json', 'status': 'Completed'} - \"/results/results_3dda0655-b728-4f98-aa98-8432caa1071c.json\"\n","stream":"stdout","time":"2023-03-07T15:32:34.44927431Z"}
{"log":"{'file': '/results/results_88355cff-0deb-40ac-b488-d840f6aa5d10.json', 'status': 'Completed'} - \"/results/results_88355cff-0deb-40ac-b488-d840f6aa5d10.json\"\n","stream":"stdout","time":"2023-03-07T15:34:02.729348121Z"}
{"log":"{'file': '/results/results_c8bc41cb-033d-40e3-b3a8-415748cc1bd8.json', 'status': 'Completed'} - \"/results/results_c8bc41cb-033d-40e3-b3a8-415748cc1bd8.json\"\n","stream":"stdout","time":"2023-03-07T15:35:31.374211Z"}
{"log":"{'file': '/results/results_49b4e05a-26b6-410a-b3a6-810b4ca3b2ab.json', 'status': 'Completed'} - \"/results/results_49b4e05a-26b6-410a-b3a6-810b4ca3b2ab.json\"\n","stream":"stdout","time":"2023-03-07T15:36:59.841931016Z"}
{"log":"{'file': '/results/results_3aefcbcc-1597-4d9a-997e-c351c9b909cd.json', 'status': 'Completed'} - \"/results/results_3aefcbcc-1597-4d9a-997e-c351c9b909cd.json\"\n","stream":"stdout","time":"2023-03-07T15:38:28.212329013Z"}
{"log":"{'file': '/results/results_a418a2bf-0012-4a33-a7fb-ffd0ddfe8c59.json', 'status': 'Completed'} - \"/results/results_a418a2bf-0012-4a33-a7fb-ffd0ddfe8c59.json\"\n","stream":"stdout","time":"2023-03-07T15:39:56.620368262Z"}
{"log":"{'file': '/results/results_8d7ef572-2fbb-4499-b61b-c24159475f15.json', 'status': 'Completed'} - \"/results/results_8d7ef572-2fbb-4499-b61b-c24159475f15.json\"\n","stream":"stdout","time":"2023-03-07T15:41:25.424167316Z"}
{"log":"{'file': '/results/results_279ef7bd-6078-4beb-94c1-33667a511846.json', 'status': 'Completed'} - \"/results/results_279ef7bd-6078-4beb-94c1-33667a511846.json\"\n","stream":"stdout","time":"2023-03-07T15:42:54.117724742Z"}
{"log":"{'file': '/results/results_077e180b-edd1-4291-9f1c-bec583faf776.json', 'status': 'Completed'} - \"/results/results_077e180b-edd1-4291-9f1c-bec583faf776.json\"\n","stream":"stdout","time":"2023-03-07T15:44:22.786590372Z"}
{"log":"{'file': '/results/results_9a3782ab-1567-4c97-8eda-62ac83bc589f.json', 'status': 'Completed'} - \"/results/results_9a3782ab-1567-4c97-8eda-62ac83bc589f.json\"\n","stream":"stdout","time":"2023-03-07T15:45:51.356843334Z"}
{"log":"{'file': '/results/results_88f31003-9f92-45fb-8e47-8c01be281443.json', 'status': 'Completed'} - \"/results/results_88f31003-9f92-45fb-8e47-8c01be281443.json\"\n","stream":"stdout","time":"2023-03-07T15:47:19.94909572Z"}
{"log":"{'file': '/results/results_39df38e6-1f66-49d0-ae8c-301b6c4e78f2.json', 'status': 'Completed'} - \"/results/results_39df38e6-1f66-49d0-ae8c-301b6c4e78f2.json\"\n","stream":"stdout","time":"2023-03-07T15:48:48.861278004Z"}
{"log":"{'file': '/results/results_b176e97c-5360-4a40-ba41-8c7e8f20fd65.json', 'status': 'Completed'} - \"/results/results_b176e97c-5360-4a40-ba41-8c7e8f20fd65.json\"\n","stream":"stdout","time":"2023-03-07T15:50:17.77242934Z"}
{"log":"{'file': '/results/results_f73a0f63-7323-4c6e-87a6-39dac119bd95.json', 'status': 'Completed'} - \"/results/results_f73a0f63-7323-4c6e-87a6-39dac119bd95.json\"\n","stream":"stdout","time":"2023-03-07T15:51:46.724605479Z"}
{"log":"{'file': '/results/results_9d7a7cd3-c4bd-416c-9394-aca892f469f4.json', 'status': 'Completed'} - \"/results/results_9d7a7cd3-c4bd-416c-9394-aca892f469f4.json\"\n","stream":"stdout","time":"2023-03-07T15:53:15.789620009Z"}
{"log":"{'file': '/results/results_a392b165-1c24-4f74-ac56-8e6755bd2a27.json', 'status': 'Completed'} - \"/results/results_a392b165-1c24-4f74-ac56-8e6755bd2a27.json\"\n","stream":"stdout","time":"2023-03-07T15:54:44.946850644Z"}
{"log":"{'file': '/results/results_616d6463-c5a5-4f71-a0bf-c7122d5db4af.json', 'status': 'Completed'} - \"/results/results_616d6463-c5a5-4f71-a0bf-c7122d5db4af.json\"\n","stream":"stdout","time":"2023-03-07T15:56:13.505667575Z"}
{"log":"{'file': '/results/results_c710ed8e-e3e6-49da-95a3-71cf1f7b56ea.json', 'status': 'Completed'} - \"/results/results_c710ed8e-e3e6-49da-95a3-71cf1f7b56ea.json\"\n","stream":"stdout","time":"2023-03-07T15:57:42.343305724Z"}
{"log":"{'file': '/results/results_8d7aac74-bd91-49b6-a44c-030a1a6b8471.json', 'status': 'Completed'} - \"/results/results_8d7aac74-bd91-49b6-a44c-030a1a6b8471.json\"\n","stream":"stdout","time":"2023-03-07T15:59:11.272533202Z"}
{"log":"{'file': '/results/results_9d3d2c01-6b03-4875-acd2-495b85d63f4f.json', 'status': 'Completed'} - \"/results/results_9d3d2c01-6b03-4875-acd2-495b85d63f4f.json\"\n","stream":"stdout","time":"2023-03-07T16:00:40.195485732Z"}
{"log":"{'file': '/results/results_93f0750c-96ad-45bb-8fce-97708d708d36.json', 'status': 'Completed'} - \"/results/results_93f0750c-96ad-45bb-8fce-97708d708d36.json\"\n","stream":"stdout","time":"2023-03-07T16:02:08.889130419Z"}
{"log":"{'file': '/results/results_acb9c8fb-8114-448c-8e46-e03b870eed8d.json', 'status': 'Completed'} - \"/results/results_acb9c8fb-8114-448c-8e46-e03b870eed8d.json\"\n","stream":"stdout","time":"2023-03-07T16:03:38.005383195Z"}
{"log":"{'file': '/results/results_8621fbac-0635-4811-87b7-e9eac177301c.json', 'status': 'Completed'} - \"/results/results_8621fbac-0635-4811-87b7-e9eac177301c.json\"\n","stream":"stdout","time":"2023-03-07T16:05:07.007713063Z"}
{"log":"{'file': '/results/results_fc6d3abb-8d33-4b43-8191-3fe7090163d8.json', 'status': 'Completed'} - \"/results/results_fc6d3abb-8d33-4b43-8191-3fe7090163d8.json\"\n","stream":"stdout","time":"2023-03-07T16:06:36.040513604Z"}
{"log":"{'file': '/results/results_eb9d94c1-6276-4a8c-88d3-0ac24c946486.json', 'status': 'Completed'} - \"/results/results_eb9d94c1-6276-4a8c-88d3-0ac24c946486.json\"\n","stream":"stdout","time":"2023-03-07T16:08:04.765182073Z"}
{"log":"{'file': '/results/results_5d153c9c-9da3-4e37-b904-20eee2a1b1bd.json', 'status': 'Completed'} - \"/results/results_5d153c9c-9da3-4e37-b904-20eee2a1b1bd.json\"\n","stream":"stdout","time":"2023-03-07T16:09:33.78694068Z"}
{"log":"{'file': '/results/results_dc4260fb-f883-4601-b3e6-69b09b7a17a0.json', 'status': 'Completed'} - \"/results/results_dc4260fb-f883-4601-b3e6-69b09b7a17a0.json\"\n","stream":"stdout","time":"2023-03-07T16:11:02.539276746Z"}
{"log":"{'file': '/results/results_75375646-6711-4c84-b8f0-59f25cd72dab.json', 'status': 'Completed'} - \"/results/results_75375646-6711-4c84-b8f0-59f25cd72dab.json\"\n","stream":"stdout","time":"2023-03-07T16:12:31.176385619Z"}
{"log":"{'file': '/results/results_97f42a52-6046-4194-98a6-04be0aac9ee3.json', 'status': 'Completed'} - \"/results/results_97f42a52-6046-4194-98a6-04be0aac9ee3.json\"\n","stream":"stdout","time":"2023-03-07T16:13:59.826528918Z"}
{"log":"{'file': '/results/results_87e16b71-3f15-48a9-8d3b-1a11306d4482.json', 'status': 'Completed'} - \"/results/results_87e16b71-3f15-48a9-8d3b-1a11306d4482.json\"\n","stream":"stdout","time":"2023-03-07T16:15:28.598710127Z"}
{"log":"{'file': '/results/results_daee0b93-e17e-4171-83b5-5436a1705da6.json', 'status': 'Completed'} - \"/results/results_daee0b93-e17e-4171-83b5-5436a1705da6.json\"\n","stream":"stdout","time":"2023-03-07T16:16:57.171963005Z"}
{"log":"{'file': '/results/results_43e0f496-7c43-44c1-ba3f-fc881262e368.json', 'status': 'Completed'} - \"/results/results_43e0f496-7c43-44c1-ba3f-fc881262e368.json\"\n","stream":"stdout","time":"2023-03-07T16:18:25.81582907Z"}
{"log":"{'file': '/results/results_73dc8f01-ffa8-4fa1-8663-f39d5823d8da.json', 'status': 'Completed'} - \"/results/results_73dc8f01-ffa8-4fa1-8663-f39d5823d8da.json\"\n","stream":"stdout","time":"2023-03-07T16:19:54.507972019Z"}
{"log":"{'file': '/results/results_74aa17b4-4dc8-4129-b1d5-6dd56168e1d1.json', 'status': 'Completed'} - \"/results/results_74aa17b4-4dc8-4129-b1d5-6dd56168e1d1.json\"\n","stream":"stdout","time":"2023-03-07T16:21:23.464766659Z"}
{"log":"{'file': '/results/results_4a4dfe37-83d5-47b3-974e-b1caedf2c1b3.json', 'status': 'Completed'} - \"/results/results_4a4dfe37-83d5-47b3-974e-b1caedf2c1b3.json\"\n","stream":"stdout","time":"2023-03-07T16:22:52.118381663Z"}
{"log":"{'file': '/results/results_dec423a6-27b1-46ca-8f2a-6e65b09800d2.json', 'status': 'Completed'} - \"/results/results_dec423a6-27b1-46ca-8f2a-6e65b09800d2.json\"\n","stream":"stdout","time":"2023-03-07T16:24:20.552493189Z"}
{"log":"{'file': '/results/results_5a13cd87-240e-43f1-9075-5fd85a5171b1.json', 'status': 'Completed'} - \"/results/results_5a13cd87-240e-43f1-9075-5fd85a5171b1.json\"\n","stream":"stdout","time":"2023-03-07T16:25:48.683088461Z"}
{"log":"{'file': '/results/results_d79bb5c8-73ef-4e5f-8b90-7bbe0734016c.json', 'status': 'Completed'} - \"/results/results_d79bb5c8-73ef-4e5f-8b90-7bbe0734016c.json\"\n","stream":"stdout","time":"2023-03-07T16:27:17.307399444Z"}
{"log":"{'file': '/results/results_1a2371c8-9042-464f-9c52-177c92046e9a.json', 'status': 'Completed'} - \"/results/results_1a2371c8-9042-464f-9c52-177c92046e9a.json\"\n","stream":"stdout","time":"2023-03-07T16:28:45.867551826Z"}
{"log":"{'file': '/results/results_95c7bab8-d48a-4214-9e7c-7c5911e0b4c5.json', 'status': 'Completed'} - \"/results/results_95c7bab8-d48a-4214-9e7c-7c5911e0b4c5.json\"\n","stream":"stdout","time":"2023-03-07T16:30:14.452683573Z"}
{"log":"{'file': '/results/results_fc2e60ef-5dcb-4f5e-88be-218128ca3d70.json', 'status': 'Completed'} - \"/results/results_fc2e60ef-5dcb-4f5e-88be-218128ca3d70.json\"\n","stream":"stdout","time":"2023-03-07T16:31:43.098234254Z"}
{"log":"{'file': '/results/results_3df10078-e737-4a0d-952a-bee24c8f87a9.json', 'status': 'Completed'} - \"/results/results_3df10078-e737-4a0d-952a-bee24c8f87a9.json\"\n","stream":"stdout","time":"2023-03-07T16:33:11.335961963Z"}
{"log":"{'file': '/results/results_053d29e0-01f3-4090-bf97-68098b8f4e16.json', 'status': 'Completed'} - \"/results/results_053d29e0-01f3-4090-bf97-68098b8f4e16.json\"\n","stream":"stdout","time":"2023-03-07T16:34:39.768544619Z"}
{"log":"{'file': '/results/results_48d1ad9b-9dc9-4cf1-8a2f-5258e5bfe9a6.json', 'status': 'Completed'} - \"/results/results_48d1ad9b-9dc9-4cf1-8a2f-5258e5bfe9a6.json\"\n","stream":"stdout","time":"2023-03-07T16:36:07.906399725Z"}
{"log":"{'file': '/results/results_7a00290d-c620-4753-8f90-70bb28ccbf0d.json', 'status': 'Completed'} - \"/results/results_7a00290d-c620-4753-8f90-70bb28ccbf0d.json\"\n","stream":"stdout","time":"2023-03-07T16:37:36.532171456Z"}
{"log":"{'file': '/results/results_d8698ce1-4f99-41bc-bc91-fd6e01f22657.json', 'status': 'Completed'} - \"/results/results_d8698ce1-4f99-41bc-bc91-fd6e01f22657.json\"\n","stream":"stdout","time":"2023-03-07T16:39:04.93432271Z"}
{"log":"{'file': '/results/results_fc7953fe-9706-4726-a349-c901112ed255.json', 'status': 'Completed'} - \"/results/results_fc7953fe-9706-4726-a349-c901112ed255.json\"\n","stream":"stdout","time":"2023-03-07T16:40:33.756566903Z"}
{"log":"{'file': '/results/results_f971415a-6e1e-43dd-bafc-077665357c84.json', 'status': 'Completed'} - \"/results/results_f971415a-6e1e-43dd-bafc-077665357c84.json\"\n","stream":"stdout","time":"2023-03-07T16:42:02.322371346Z"}
{"log":"{'file': '/results/results_76dab62e-3638-4018-92d2-3571af207a8a.json', 'status': 'Completed'} - \"/results/results_76dab62e-3638-4018-92d2-3571af207a8a.json\"\n","stream":"stdout","time":"2023-03-07T16:43:31.167975428Z"}
{"log":"{'file': '/results/results_54d88365-25a2-48e9-be6b-3a59d80b7eca.json', 'status': 'Completed'} - \"/results/results_54d88365-25a2-48e9-be6b-3a59d80b7eca.json\"\n","stream":"stdout","time":"2023-03-07T16:44:59.519127689Z"}
{"log":"{'file': '/results/results_a839ab64-6adf-427d-bca0-81aaccd67826.json', 'status': 'Completed'} - \"/results/results_a839ab64-6adf-427d-bca0-81aaccd67826.json\"\n","stream":"stdout","time":"2023-03-07T16:46:28.004224324Z"}
{"log":"{'file': '/results/results_4d3be372-5e21-4a80-8ba0-e1f249ffabaf.json', 'status': 'Completed'} - \"/results/results_4d3be372-5e21-4a80-8ba0-e1f249ffabaf.json\"\n","stream":"stdout","time":"2023-03-07T16:47:56.442035606Z"}
{"log":"{'file': '/results/results_1cbaddbd-fa7f-410b-804e-145022a07de2.json', 'status': 'Completed'} - \"/results/results_1cbaddbd-fa7f-410b-804e-145022a07de2.json\"\n","stream":"stdout","time":"2023-03-07T16:49:25.082203747Z"}
{"log":"{'file': '/results/results_d18e5f0e-cdba-4020-8cf0-af9b4f39f60f.json', 'status': 'Completed'} - \"/results/results_d18e5f0e-cdba-4020-8cf0-af9b4f39f60f.json\"\n","stream":"stdout","time":"2023-03-07T16:50:54.236934338Z"}
{"log":"{'file': '/results/results_b0d8be6a-9f7e-4798-80fa-306967c3fec4.json', 'status': 'Completed'} - \"/results/results_b0d8be6a-9f7e-4798-80fa-306967c3fec4.json\"\n","stream":"stdout","time":"2023-03-07T16:52:23.021760171Z"}
{"log":"{'file': '/results/results_6e2803dc-e7e3-4f85-a5f6-d90fcc3a9599.json', 'status': 'Completed'} - \"/results/results_6e2803dc-e7e3-4f85-a5f6-d90fcc3a9599.json\"\n","stream":"stdout","time":"2023-03-07T16:53:51.812850043Z"}
{"log":"{'file': '/results/results_4f06d4e6-b7a2-4484-8b28-acfeccaf2349.json', 'status': 'Completed'} - \"/results/results_4f06d4e6-b7a2-4484-8b28-acfeccaf2349.json\"\n","stream":"stdout","time":"2023-03-07T16:55:20.276144571Z"}
{"log":"{'file': '/results/results_21ea1a95-579b-474b-862d-3237e8234b45.json', 'status': 'Completed'} - \"/results/results_21ea1a95-579b-474b-862d-3237e8234b45.json\"\n","stream":"stdout","time":"2023-03-07T16:56:48.639769141Z"}
{"log":"{'file': '/results/results_3cc4f555-2117-40ba-9c13-e1f712a19686.json', 'status': 'Completed'} - \"/results/results_3cc4f555-2117-40ba-9c13-e1f712a19686.json\"\n","stream":"stdout","time":"2023-03-07T16:58:17.211585206Z"}
{"log":"{'file': '/results/results_ed8c03e8-8384-4104-ac2a-c8a3ae62966c.json', 'status': 'Completed'} - \"/results/results_ed8c03e8-8384-4104-ac2a-c8a3ae62966c.json\"\n","stream":"stdout","time":"2023-03-07T16:59:45.17978999Z"}
{"log":"{'file': '/results/results_9d6f649f-cfe3-408b-a274-dcff4695f6c3.json', 'status': 'Completed'} - \"/results/results_9d6f649f-cfe3-408b-a274-dcff4695f6c3.json\"\n","stream":"stdout","time":"2023-03-07T17:01:13.805826473Z"}
{"log":"{'file': '/results/results_6420b404-574e-4974-b31a-e3fc5fb86b1c.json', 'status': 'Completed'} - \"/results/results_6420b404-574e-4974-b31a-e3fc5fb86b1c.json\"\n","stream":"stdout","time":"2023-03-07T17:02:42.636785038Z"}
{"log":"{'file': '/results/results_97463e90-c977-43f5-adbb-08b92a604774.json', 'status': 'Completed'} - \"/results/results_97463e90-c977-43f5-adbb-08b92a604774.json\"\n","stream":"stdout","time":"2023-03-07T17:04:11.096604022Z"}
{"log":"{'file': '/results/results_0cb37278-5027-41b3-b7ac-a6c9d2cdae49.json', 'status': 'Completed'} - \"/results/results_0cb37278-5027-41b3-b7ac-a6c9d2cdae49.json\"\n","stream":"stdout","time":"2023-03-07T17:05:39.811827108Z"}
{"log":"{'file': '/results/results_631995d5-09fc-4427-b684-15ecbf80a4d3.json', 'status': 'Completed'} - \"/results/results_631995d5-09fc-4427-b684-15ecbf80a4d3.json\"\n","stream":"stdout","time":"2023-03-07T17:07:08.596602193Z"}
{"log":"{'file': '/results/results_ba390559-8229-4b07-aea4-e723614c8ff9.json', 'status': 'Completed'} - \"/results/results_ba390559-8229-4b07-aea4-e723614c8ff9.json\"\n","stream":"stdout","time":"2023-03-07T17:08:37.670722097Z"}
{"log":"{'file': '/results/results_86d49a71-be3d-4b66-8f22-cce1bf31eef3.json', 'status': 'Completed'} - \"/results/results_86d49a71-be3d-4b66-8f22-cce1bf31eef3.json\"\n","stream":"stdout","time":"2023-03-07T17:10:06.311745193Z"}
{"log":"{'file': '/results/results_609fe6dd-cf95-44ac-8cca-6de3bed334f0.json', 'status': 'Completed'} - \"/results/results_609fe6dd-cf95-44ac-8cca-6de3bed334f0.json\"\n","stream":"stdout","time":"2023-03-07T17:11:35.053179009Z"}
{"log":"{'file': '/results/results_d6d4536a-339f-4359-b268-a4c8e379f628.json', 'status': 'Completed'} - \"/results/results_d6d4536a-339f-4359-b268-a4c8e379f628.json\"\n","stream":"stdout","time":"2023-03-07T17:13:03.666079211Z"}
{"log":"{'file': '/results/results_b53bad5b-01c9-46e1-87ab-ab3ab500b8fb.json', 'status': 'Completed'} - \"/results/results_b53bad5b-01c9-46e1-87ab-ab3ab500b8fb.json\"\n","stream":"stdout","time":"2023-03-07T17:14:32.479613758Z"}
{"log":"{'file': '/results/results_3a3bef6d-c6e2-402d-be1d-59db46614d91.json', 'status': 'Completed'} - \"/results/results_3a3bef6d-c6e2-402d-be1d-59db46614d91.json\"\n","stream":"stdout","time":"2023-03-07T17:16:00.92513477Z"}
{"log":"{'file': '/results/results_49d399ab-b8de-4b5c-ae62-4757f8c223fa.json', 'status': 'Completed'} - \"/results/results_49d399ab-b8de-4b5c-ae62-4757f8c223fa.json\"\n","stream":"stdout","time":"2023-03-07T17:17:29.635467592Z"}
{"log":"{'file': '/results/results_491722a4-33be-423b-bde4-590c0f41aa13.json', 'status': 'Completed'} - \"/results/results_491722a4-33be-423b-bde4-590c0f41aa13.json\"\n","stream":"stdout","time":"2023-03-07T17:18:58.067458359Z"}
{"log":"{'file': '/results/results_4536eb24-3a3d-4c58-9881-cc21c053ec9d.json', 'status': 'Completed'} - \"/results/results_4536eb24-3a3d-4c58-9881-cc21c053ec9d.json\"\n","stream":"stdout","time":"2023-03-07T17:19:24.789978176Z"}
{"log":"TIME_LOG: RESPONSE TIME 1678200585503 1678209564789 8979286\n","stream":"stdout","time":"2023-03-07T17:19:24.790022875Z"}
